#
# There is insufficient memory for the Java Runtime Environment to continue.
# Native memory allocation (malloc) failed to allocate 1140176 bytes for Chunk::new
# Possible reasons:
#   The system is out of physical RAM or swap space
#   The process is running with CompressedOops enabled, and the Java Heap may be blocking the growth of the native heap
# Possible solutions:
#   Reduce memory load on the system
#   Increase physical memory or swap space
#   Check if swap backing store is full
#   Decrease Java heap size (-Xmx/-Xms)
#   Decrease number of Java threads
#   Decrease Java thread stack sizes (-Xss)
#   Set larger code cache with -XX:ReservedCodeCacheSize=
#   JVM is running with Unscaled Compressed Oops mode in which the Java heap is
#     placed in the first 4GB address space. The Java Heap base address is the
#     maximum limit for the native heap growth. Please use -XX:HeapBaseMinAddress
#     to set the Java Heap base and to place the Java Heap above 4GB virtual address.
# This output file may be truncated or incomplete.
#
#  Out of Memory Error (arena.cpp:191), pid=20196, tid=14436
#
# JRE version: OpenJDK Runtime Environment Temurin-17.0.10+7 (17.0.10+7) (build 17.0.10+7)
# Java VM: OpenJDK 64-Bit Server VM Temurin-17.0.10+7 (17.0.10+7, mixed mode, sharing, tiered, compressed oops, compressed class ptrs, g1 gc, windows-amd64)
# No core dump will be written. Minidumps are not enabled by default on client versions of Windows
#

---------------  S U M M A R Y ------------

Command Line: --add-opens=java.base/java.lang=ALL-UNNAMED --add-opens=java.base/java.lang.invoke=ALL-UNNAMED --add-opens=java.base/java.util=ALL-UNNAMED --add-opens=java.prefs/java.util.prefs=ALL-UNNAMED --add-exports=jdk.compiler/com.sun.tools.javac.api=ALL-UNNAMED --add-exports=jdk.compiler/com.sun.tools.javac.util=ALL-UNNAMED --add-opens=java.base/java.util=ALL-UNNAMED --add-opens=java.prefs/java.util.prefs=ALL-UNNAMED --add-opens=java.base/java.nio.charset=ALL-UNNAMED --add-opens=java.base/java.net=ALL-UNNAMED --add-opens=java.base/java.util.concurrent.atomic=ALL-UNNAMED --add-opens=java.xml/javax.xml.namespace=ALL-UNNAMED -Xmx2048m -Dfile.encoding=UTF-8 -Duser.country=IN -Duser.language=en -Duser.variant -javaagent:C:\Users\asish\.gradle\wrapper\dists\gradle-8.11.1-bin\bpt9gzteqjrbo1mjrsomdt32c\gradle-8.11.1\lib\agents\gradle-instrumentation-agent-8.11.1.jar org.gradle.launcher.daemon.bootstrap.GradleDaemon 8.11.1

Host: 11th Gen Intel(R) Core(TM) i5-11260H @ 2.60GHz, 12 cores, 15G,  Windows 11 , 64 bit Build 26100 (10.0.26100.4768)
Time: Mon Aug  4 19:38:15 2025 India Standard Time elapsed time: 5.957317 seconds (0d 0h 0m 5s)

---------------  T H R E A D  ---------------

Current thread (0x0000019fe5ed4d20):  JavaThread "C2 CompilerThread0" daemon [_thread_in_native, id=14436, stack(0x0000005077300000,0x0000005077400000)]


Current CompileTask:
C2:   5957 2297       4       jdk.internal.org.objectweb.asm.Frame::execute (2305 bytes)

Stack: [0x0000005077300000,0x0000005077400000]
Native frames: (J=compiled Java code, j=interpreted, Vv=VM code, C=native code)
V  [jvm.dll+0x67d2c9]
V  [jvm.dll+0x834afa]
V  [jvm.dll+0x8365be]
V  [jvm.dll+0x836c23]
V  [jvm.dll+0x2477ff]
V  [jvm.dll+0xac514]
V  [jvm.dll+0xacb5c]
V  [jvm.dll+0x366782]
V  [jvm.dll+0x1bcd86]
V  [jvm.dll+0x21a049]
V  [jvm.dll+0x219311]
V  [jvm.dll+0x1a502d]
V  [jvm.dll+0x2290de]
V  [jvm.dll+0x2272ac]
V  [jvm.dll+0x7e9bb7]
V  [jvm.dll+0x7e3fba]
V  [jvm.dll+0x67c1b5]
C  [ucrtbase.dll+0x37b0]
C  [KERNEL32.DLL+0x2e8d7]
C  [ntdll.dll+0x3c34c]


---------------  P R O C E S S  ---------------

Threads class SMR info:
_java_thread_list=0x0000019fecfa7400, length=24, elements={
0x0000019fc5e932d0, 0x0000019fe5eb79b0, 0x0000019fe5eb8480, 0x0000019fe5ecd690,
0x0000019fe5ecdf60, 0x0000019fe5ece830, 0x0000019fe5ed0110, 0x0000019fe5ed4d20,
0x0000019fe5ed8700, 0x0000019fe5ed9010, 0x0000019fe68e9ba0, 0x0000019fe69f91c0,
0x0000019fec9f0510, 0x0000019feb3feb20, 0x0000019fecbb4950, 0x0000019fecbf0630,
0x0000019feca92140, 0x0000019fecd9b630, 0x0000019fecd9ac10, 0x0000019fecd99ce0,
0x0000019fecd988a0, 0x0000019fecd9a1f0, 0x0000019fecd9a700, 0x0000019fecd9b120
}

Java Threads: ( => current thread )
  0x0000019fc5e932d0 JavaThread "main" [_thread_blocked, id=20448, stack(0x0000005076600000,0x0000005076700000)]
  0x0000019fe5eb79b0 JavaThread "Reference Handler" daemon [_thread_blocked, id=3868, stack(0x0000005076d00000,0x0000005076e00000)]
  0x0000019fe5eb8480 JavaThread "Finalizer" daemon [_thread_blocked, id=7020, stack(0x0000005076e00000,0x0000005076f00000)]
  0x0000019fe5ecd690 JavaThread "Signal Dispatcher" daemon [_thread_blocked, id=17080, stack(0x0000005076f00000,0x0000005077000000)]
  0x0000019fe5ecdf60 JavaThread "Attach Listener" daemon [_thread_blocked, id=9228, stack(0x0000005077000000,0x0000005077100000)]
  0x0000019fe5ece830 JavaThread "Service Thread" daemon [_thread_blocked, id=2848, stack(0x0000005077100000,0x0000005077200000)]
  0x0000019fe5ed0110 JavaThread "Monitor Deflation Thread" daemon [_thread_blocked, id=21880, stack(0x0000005077200000,0x0000005077300000)]
=>0x0000019fe5ed4d20 JavaThread "C2 CompilerThread0" daemon [_thread_in_native, id=14436, stack(0x0000005077300000,0x0000005077400000)]
  0x0000019fe5ed8700 JavaThread "C1 CompilerThread0" daemon [_thread_in_native, id=20976, stack(0x0000005077400000,0x0000005077500000)]
  0x0000019fe5ed9010 JavaThread "Sweeper thread" daemon [_thread_blocked, id=18088, stack(0x0000005077500000,0x0000005077600000)]
  0x0000019fe68e9ba0 JavaThread "Common-Cleaner" daemon [_thread_blocked, id=13452, stack(0x0000005077600000,0x0000005077700000)]
  0x0000019fe69f91c0 JavaThread "Notification Thread" daemon [_thread_blocked, id=12464, stack(0x0000005077700000,0x0000005077800000)]
  0x0000019fec9f0510 JavaThread "Daemon health stats" [_thread_blocked, id=9932, stack(0x0000005077a00000,0x0000005077b00000)]
  0x0000019feb3feb20 JavaThread "Incoming local TCP Connector on port 59492" [_thread_in_native, id=20392, stack(0x0000005077900000,0x0000005077a00000)]
  0x0000019fecbb4950 JavaThread "Daemon periodic checks" [_thread_blocked, id=18496, stack(0x0000005078000000,0x0000005078100000)]
  0x0000019fecbf0630 JavaThread "Daemon" [_thread_blocked, id=15968, stack(0x0000005078200000,0x0000005078300000)]
  0x0000019feca92140 JavaThread "Handler for socket connection from /127.0.0.1:59492 to /127.0.0.1:59493" [_thread_in_native, id=21244, stack(0x0000005078300000,0x0000005078400000)]
  0x0000019fecd9b630 JavaThread "Cancel handler" [_thread_blocked, id=16304, stack(0x0000005078400000,0x0000005078500000)]
  0x0000019fecd9ac10 JavaThread "Daemon worker" [_thread_in_vm, id=16996, stack(0x0000005078500000,0x0000005078600000)]
  0x0000019fecd99ce0 JavaThread "Asynchronous log dispatcher for DefaultDaemonConnection: socket connection from /127.0.0.1:59492 to /127.0.0.1:59493" [_thread_blocked, id=6668, stack(0x0000005078600000,0x0000005078700000)]
  0x0000019fecd988a0 JavaThread "Stdin handler" [_thread_blocked, id=20996, stack(0x0000005078700000,0x0000005078800000)]
  0x0000019fecd9a1f0 JavaThread "Daemon client event forwarder" [_thread_blocked, id=6416, stack(0x0000005078800000,0x0000005078900000)]
  0x0000019fecd9a700 JavaThread "Cache worker for journal cache (C:\Users\asish\.gradle\caches\journal-1)" [_thread_blocked, id=18744, stack(0x0000005078900000,0x0000005078a00000)]
  0x0000019fecd9b120 JavaThread "File lock request listener" [_thread_in_native, id=3208, stack(0x0000005078a00000,0x0000005078b00000)]

Other Threads:
  0x0000019fe5eb2ba0 VMThread "VM Thread" [stack: 0x0000005076c00000,0x0000005076d00000] [id=3032]
  0x0000019fe69f96a0 WatcherThread [stack: 0x0000005077800000,0x0000005077900000] [id=5428]
  0x0000019fc5cde820 GCTaskThread "GC Thread#0" [stack: 0x0000005076700000,0x0000005076800000] [id=18464]
  0x0000019feb680c10 GCTaskThread "GC Thread#1" [stack: 0x0000005077b00000,0x0000005077c00000] [id=7804]
  0x0000019fe6b71980 GCTaskThread "GC Thread#2" [stack: 0x0000005077c00000,0x0000005077d00000] [id=18676]
  0x0000019feb7e9ae0 GCTaskThread "GC Thread#3" [stack: 0x0000005077d00000,0x0000005077e00000] [id=16784]
  0x0000019fe6b76b80 GCTaskThread "GC Thread#4" [stack: 0x0000005077e00000,0x0000005077f00000] [id=15540]
  0x0000019fe6b76e40 GCTaskThread "GC Thread#5" [stack: 0x0000005077f00000,0x0000005078000000] [id=10064]
  0x0000019fc5efddc0 ConcurrentGCThread "G1 Main Marker" [stack: 0x0000005076800000,0x0000005076900000] [id=11376]
  0x0000019fc5efe5f0 ConcurrentGCThread "G1 Conc#0" [stack: 0x0000005076900000,0x0000005076a00000] [id=16096]
  0x0000019fc5f2da50 ConcurrentGCThread "G1 Refine#0" [stack: 0x0000005076a00000,0x0000005076b00000] [id=19116]
  0x0000019fc5f2e230 ConcurrentGCThread "G1 Service" [stack: 0x0000005076b00000,0x0000005076c00000] [id=16492]

Threads with active compile tasks:
C2 CompilerThread0     5970 2297       4       jdk.internal.org.objectweb.asm.Frame::execute (2305 bytes)
C1 CompilerThread0     5970 2377   !   3       java.util.jar.Attributes::read (494 bytes)

VM state: not at safepoint (normal execution)

VM Mutex/Monitor currently owned by a thread: None

Heap address: 0x0000000080000000, size: 2048 MB, Compressed Oops mode: 32-bit

CDS archive(s) mapped at: [0x0000019f80000000-0x0000019f80bb0000-0x0000019f80bb0000), size 12255232, SharedBaseAddress: 0x0000019f80000000, ArchiveRelocationMode: 1.
Compressed class space mapped at: 0x0000019f81000000-0x0000019fc1000000, reserved size: 1073741824
Narrow klass base: 0x0000019f80000000, Narrow klass shift: 0, Narrow klass range: 0x100000000

GC Precious Log:
 CPUs: 12 total, 12 available
 Memory: 16085M
 Large Page Support: Disabled
 NUMA Support: Disabled
 Compressed Oops: Enabled (32-bit)
 Heap Region Size: 1M
 Heap Min Capacity: 8M
 Heap Initial Capacity: 252M
 Heap Max Capacity: 2G
 Pre-touch: Disabled
 Parallel Workers: 10
 Concurrent Workers: 3
 Concurrent Refinement Workers: 10
 Periodic GC: Disabled

Heap:
 garbage-first heap   total 258048K, used 63981K [0x0000000080000000, 0x0000000100000000)
  region size 1024K, 52 young (53248K), 5 survivors (5120K)
 Metaspace       used 14655K, committed 14912K, reserved 1114112K
  class space    used 2008K, committed 2112K, reserved 1048576K

Heap Regions: E=young(eden), S=young(survivor), O=old, HS=humongous(starts), HC=humongous(continues), CS=collection set, F=free, OA=open archive, CA=closed archive, TAMS=top-at-mark-start (previous, next)
|   0|0x0000000080000000, 0x0000000080100000, 0x0000000080100000|100%| O|  |TAMS 0x0000000080000000, 0x0000000080000000| Untracked 
|   1|0x0000000080100000, 0x0000000080200000, 0x0000000080200000|100%|HS|  |TAMS 0x0000000080100000, 0x0000000080100000| Complete 
|   2|0x0000000080200000, 0x0000000080300000, 0x0000000080300000|100%|HC|  |TAMS 0x0000000080200000, 0x0000000080200000| Complete 
|   3|0x0000000080300000, 0x0000000080400000, 0x0000000080400000|100%|HC|  |TAMS 0x0000000080300000, 0x0000000080300000| Complete 
|   4|0x0000000080400000, 0x0000000080500000, 0x0000000080500000|100%| O|  |TAMS 0x0000000080400000, 0x0000000080400000| Untracked 
|   5|0x0000000080500000, 0x0000000080600000, 0x0000000080600000|100%| O|  |TAMS 0x0000000080500000, 0x0000000080500000| Untracked 
|   6|0x0000000080600000, 0x0000000080700000, 0x0000000080700000|100%| O|  |TAMS 0x0000000080600000, 0x0000000080600000| Untracked 
|   7|0x0000000080700000, 0x0000000080800000, 0x0000000080800000|100%|HS|  |TAMS 0x0000000080700000, 0x0000000080700000| Complete 
|   8|0x0000000080800000, 0x0000000080800000, 0x0000000080900000|  0%| F|  |TAMS 0x0000000080800000, 0x0000000080800000| Untracked 
|   9|0x0000000080900000, 0x0000000080a00000, 0x0000000080a00000|100%| O|  |TAMS 0x0000000080900000, 0x0000000080900000| Untracked 
|  10|0x0000000080a00000, 0x0000000080b00000, 0x0000000080b00000|100%| O|  |TAMS 0x0000000080a00000, 0x0000000080a00000| Untracked 
|  11|0x0000000080b00000, 0x0000000080c00000, 0x0000000080c00000|100%| O|  |TAMS 0x0000000080b00000, 0x0000000080b00000| Untracked 
|  12|0x0000000080c00000, 0x0000000080ce3800, 0x0000000080d00000| 88%| O|  |TAMS 0x0000000080c00000, 0x0000000080c00000| Untracked 
|  13|0x0000000080d00000, 0x0000000080d00000, 0x0000000080e00000|  0%| F|  |TAMS 0x0000000080d00000, 0x0000000080d00000| Untracked 
|  14|0x0000000080e00000, 0x0000000080e00000, 0x0000000080f00000|  0%| F|  |TAMS 0x0000000080e00000, 0x0000000080e00000| Untracked 
|  15|0x0000000080f00000, 0x0000000080f00000, 0x0000000081000000|  0%| F|  |TAMS 0x0000000080f00000, 0x0000000080f00000| Untracked 
|  16|0x0000000081000000, 0x0000000081000000, 0x0000000081100000|  0%| F|  |TAMS 0x0000000081000000, 0x0000000081000000| Untracked 
|  17|0x0000000081100000, 0x0000000081100000, 0x0000000081200000|  0%| F|  |TAMS 0x0000000081100000, 0x0000000081100000| Untracked 
|  18|0x0000000081200000, 0x0000000081200000, 0x0000000081300000|  0%| F|  |TAMS 0x0000000081200000, 0x0000000081200000| Untracked 
|  19|0x0000000081300000, 0x0000000081300000, 0x0000000081400000|  0%| F|  |TAMS 0x0000000081300000, 0x0000000081300000| Untracked 
|  20|0x0000000081400000, 0x0000000081400000, 0x0000000081500000|  0%| F|  |TAMS 0x0000000081400000, 0x0000000081400000| Untracked 
|  21|0x0000000081500000, 0x0000000081500000, 0x0000000081600000|  0%| F|  |TAMS 0x0000000081500000, 0x0000000081500000| Untracked 
|  22|0x0000000081600000, 0x0000000081600000, 0x0000000081700000|  0%| F|  |TAMS 0x0000000081600000, 0x0000000081600000| Untracked 
|  23|0x0000000081700000, 0x0000000081700000, 0x0000000081800000|  0%| F|  |TAMS 0x0000000081700000, 0x0000000081700000| Untracked 
|  24|0x0000000081800000, 0x0000000081800000, 0x0000000081900000|  0%| F|  |TAMS 0x0000000081800000, 0x0000000081800000| Untracked 
|  25|0x0000000081900000, 0x0000000081900000, 0x0000000081a00000|  0%| F|  |TAMS 0x0000000081900000, 0x0000000081900000| Untracked 
|  26|0x0000000081a00000, 0x0000000081a00000, 0x0000000081b00000|  0%| F|  |TAMS 0x0000000081a00000, 0x0000000081a00000| Untracked 
|  27|0x0000000081b00000, 0x0000000081b00000, 0x0000000081c00000|  0%| F|  |TAMS 0x0000000081b00000, 0x0000000081b00000| Untracked 
|  28|0x0000000081c00000, 0x0000000081c00000, 0x0000000081d00000|  0%| F|  |TAMS 0x0000000081c00000, 0x0000000081c00000| Untracked 
|  29|0x0000000081d00000, 0x0000000081d00000, 0x0000000081e00000|  0%| F|  |TAMS 0x0000000081d00000, 0x0000000081d00000| Untracked 
|  30|0x0000000081e00000, 0x0000000081e00000, 0x0000000081f00000|  0%| F|  |TAMS 0x0000000081e00000, 0x0000000081e00000| Untracked 
|  31|0x0000000081f00000, 0x0000000081f00000, 0x0000000082000000|  0%| F|  |TAMS 0x0000000081f00000, 0x0000000081f00000| Untracked 
|  32|0x0000000082000000, 0x0000000082000000, 0x0000000082100000|  0%| F|  |TAMS 0x0000000082000000, 0x0000000082000000| Untracked 
|  33|0x0000000082100000, 0x0000000082100000, 0x0000000082200000|  0%| F|  |TAMS 0x0000000082100000, 0x0000000082100000| Untracked 
|  34|0x0000000082200000, 0x0000000082200000, 0x0000000082300000|  0%| F|  |TAMS 0x0000000082200000, 0x0000000082200000| Untracked 
|  35|0x0000000082300000, 0x0000000082300000, 0x0000000082400000|  0%| F|  |TAMS 0x0000000082300000, 0x0000000082300000| Untracked 
|  36|0x0000000082400000, 0x0000000082400000, 0x0000000082500000|  0%| F|  |TAMS 0x0000000082400000, 0x0000000082400000| Untracked 
|  37|0x0000000082500000, 0x0000000082500000, 0x0000000082600000|  0%| F|  |TAMS 0x0000000082500000, 0x0000000082500000| Untracked 
|  38|0x0000000082600000, 0x0000000082600000, 0x0000000082700000|  0%| F|  |TAMS 0x0000000082600000, 0x0000000082600000| Untracked 
|  39|0x0000000082700000, 0x0000000082700000, 0x0000000082800000|  0%| F|  |TAMS 0x0000000082700000, 0x0000000082700000| Untracked 
|  40|0x0000000082800000, 0x0000000082800000, 0x0000000082900000|  0%| F|  |TAMS 0x0000000082800000, 0x0000000082800000| Untracked 
|  41|0x0000000082900000, 0x0000000082900000, 0x0000000082a00000|  0%| F|  |TAMS 0x0000000082900000, 0x0000000082900000| Untracked 
|  42|0x0000000082a00000, 0x0000000082a00000, 0x0000000082b00000|  0%| F|  |TAMS 0x0000000082a00000, 0x0000000082a00000| Untracked 
|  43|0x0000000082b00000, 0x0000000082b00000, 0x0000000082c00000|  0%| F|  |TAMS 0x0000000082b00000, 0x0000000082b00000| Untracked 
|  44|0x0000000082c00000, 0x0000000082c00000, 0x0000000082d00000|  0%| F|  |TAMS 0x0000000082c00000, 0x0000000082c00000| Untracked 
|  45|0x0000000082d00000, 0x0000000082d00000, 0x0000000082e00000|  0%| F|  |TAMS 0x0000000082d00000, 0x0000000082d00000| Untracked 
|  46|0x0000000082e00000, 0x0000000082e00000, 0x0000000082f00000|  0%| F|  |TAMS 0x0000000082e00000, 0x0000000082e00000| Untracked 
|  47|0x0000000082f00000, 0x0000000082f00000, 0x0000000083000000|  0%| F|  |TAMS 0x0000000082f00000, 0x0000000082f00000| Untracked 
|  48|0x0000000083000000, 0x0000000083000000, 0x0000000083100000|  0%| F|  |TAMS 0x0000000083000000, 0x0000000083000000| Untracked 
|  49|0x0000000083100000, 0x0000000083100000, 0x0000000083200000|  0%| F|  |TAMS 0x0000000083100000, 0x0000000083100000| Untracked 
|  50|0x0000000083200000, 0x0000000083200000, 0x0000000083300000|  0%| F|  |TAMS 0x0000000083200000, 0x0000000083200000| Untracked 
|  51|0x0000000083300000, 0x0000000083300000, 0x0000000083400000|  0%| F|  |TAMS 0x0000000083300000, 0x0000000083300000| Untracked 
|  52|0x0000000083400000, 0x0000000083400000, 0x0000000083500000|  0%| F|  |TAMS 0x0000000083400000, 0x0000000083400000| Untracked 
|  53|0x0000000083500000, 0x0000000083500000, 0x0000000083600000|  0%| F|  |TAMS 0x0000000083500000, 0x0000000083500000| Untracked 
|  54|0x0000000083600000, 0x0000000083600000, 0x0000000083700000|  0%| F|  |TAMS 0x0000000083600000, 0x0000000083600000| Untracked 
|  55|0x0000000083700000, 0x0000000083700000, 0x0000000083800000|  0%| F|  |TAMS 0x0000000083700000, 0x0000000083700000| Untracked 
|  56|0x0000000083800000, 0x0000000083800000, 0x0000000083900000|  0%| F|  |TAMS 0x0000000083800000, 0x0000000083800000| Untracked 
|  57|0x0000000083900000, 0x0000000083900000, 0x0000000083a00000|  0%| F|  |TAMS 0x0000000083900000, 0x0000000083900000| Untracked 
|  58|0x0000000083a00000, 0x0000000083a00000, 0x0000000083b00000|  0%| F|  |TAMS 0x0000000083a00000, 0x0000000083a00000| Untracked 
|  59|0x0000000083b00000, 0x0000000083b00000, 0x0000000083c00000|  0%| F|  |TAMS 0x0000000083b00000, 0x0000000083b00000| Untracked 
|  60|0x0000000083c00000, 0x0000000083c00000, 0x0000000083d00000|  0%| F|  |TAMS 0x0000000083c00000, 0x0000000083c00000| Untracked 
|  61|0x0000000083d00000, 0x0000000083d00000, 0x0000000083e00000|  0%| F|  |TAMS 0x0000000083d00000, 0x0000000083d00000| Untracked 
|  62|0x0000000083e00000, 0x0000000083e00000, 0x0000000083f00000|  0%| F|  |TAMS 0x0000000083e00000, 0x0000000083e00000| Untracked 
|  63|0x0000000083f00000, 0x0000000083f00000, 0x0000000084000000|  0%| F|  |TAMS 0x0000000083f00000, 0x0000000083f00000| Untracked 
|  64|0x0000000084000000, 0x0000000084000000, 0x0000000084100000|  0%| F|  |TAMS 0x0000000084000000, 0x0000000084000000| Untracked 
|  65|0x0000000084100000, 0x0000000084100000, 0x0000000084200000|  0%| F|  |TAMS 0x0000000084100000, 0x0000000084100000| Untracked 
|  66|0x0000000084200000, 0x0000000084200000, 0x0000000084300000|  0%| F|  |TAMS 0x0000000084200000, 0x0000000084200000| Untracked 
|  67|0x0000000084300000, 0x0000000084300000, 0x0000000084400000|  0%| F|  |TAMS 0x0000000084300000, 0x0000000084300000| Untracked 
|  68|0x0000000084400000, 0x0000000084400000, 0x0000000084500000|  0%| F|  |TAMS 0x0000000084400000, 0x0000000084400000| Untracked 
|  69|0x0000000084500000, 0x0000000084500000, 0x0000000084600000|  0%| F|  |TAMS 0x0000000084500000, 0x0000000084500000| Untracked 
|  70|0x0000000084600000, 0x0000000084600000, 0x0000000084700000|  0%| F|  |TAMS 0x0000000084600000, 0x0000000084600000| Untracked 
|  71|0x0000000084700000, 0x0000000084700000, 0x0000000084800000|  0%| F|  |TAMS 0x0000000084700000, 0x0000000084700000| Untracked 
|  72|0x0000000084800000, 0x0000000084800000, 0x0000000084900000|  0%| F|  |TAMS 0x0000000084800000, 0x0000000084800000| Untracked 
|  73|0x0000000084900000, 0x0000000084900000, 0x0000000084a00000|  0%| F|  |TAMS 0x0000000084900000, 0x0000000084900000| Untracked 
|  74|0x0000000084a00000, 0x0000000084a00000, 0x0000000084b00000|  0%| F|  |TAMS 0x0000000084a00000, 0x0000000084a00000| Untracked 
|  75|0x0000000084b00000, 0x0000000084b00000, 0x0000000084c00000|  0%| F|  |TAMS 0x0000000084b00000, 0x0000000084b00000| Untracked 
|  76|0x0000000084c00000, 0x0000000084c00000, 0x0000000084d00000|  0%| F|  |TAMS 0x0000000084c00000, 0x0000000084c00000| Untracked 
|  77|0x0000000084d00000, 0x0000000084d00000, 0x0000000084e00000|  0%| F|  |TAMS 0x0000000084d00000, 0x0000000084d00000| Untracked 
|  78|0x0000000084e00000, 0x0000000084e00000, 0x0000000084f00000|  0%| F|  |TAMS 0x0000000084e00000, 0x0000000084e00000| Untracked 
|  79|0x0000000084f00000, 0x0000000084f00000, 0x0000000085000000|  0%| F|  |TAMS 0x0000000084f00000, 0x0000000084f00000| Untracked 
|  80|0x0000000085000000, 0x0000000085000000, 0x0000000085100000|  0%| F|  |TAMS 0x0000000085000000, 0x0000000085000000| Untracked 
|  81|0x0000000085100000, 0x0000000085100000, 0x0000000085200000|  0%| F|  |TAMS 0x0000000085100000, 0x0000000085100000| Untracked 
|  82|0x0000000085200000, 0x0000000085200000, 0x0000000085300000|  0%| F|  |TAMS 0x0000000085200000, 0x0000000085200000| Untracked 
|  83|0x0000000085300000, 0x0000000085300000, 0x0000000085400000|  0%| F|  |TAMS 0x0000000085300000, 0x0000000085300000| Untracked 
|  84|0x0000000085400000, 0x0000000085400000, 0x0000000085500000|  0%| F|  |TAMS 0x0000000085400000, 0x0000000085400000| Untracked 
|  85|0x0000000085500000, 0x0000000085500000, 0x0000000085600000|  0%| F|  |TAMS 0x0000000085500000, 0x0000000085500000| Untracked 
|  86|0x0000000085600000, 0x0000000085600000, 0x0000000085700000|  0%| F|  |TAMS 0x0000000085600000, 0x0000000085600000| Untracked 
|  87|0x0000000085700000, 0x0000000085700000, 0x0000000085800000|  0%| F|  |TAMS 0x0000000085700000, 0x0000000085700000| Untracked 
|  88|0x0000000085800000, 0x0000000085800000, 0x0000000085900000|  0%| F|  |TAMS 0x0000000085800000, 0x0000000085800000| Untracked 
|  89|0x0000000085900000, 0x0000000085900000, 0x0000000085a00000|  0%| F|  |TAMS 0x0000000085900000, 0x0000000085900000| Untracked 
|  90|0x0000000085a00000, 0x0000000085a00000, 0x0000000085b00000|  0%| F|  |TAMS 0x0000000085a00000, 0x0000000085a00000| Untracked 
|  91|0x0000000085b00000, 0x0000000085b00000, 0x0000000085c00000|  0%| F|  |TAMS 0x0000000085b00000, 0x0000000085b00000| Untracked 
|  92|0x0000000085c00000, 0x0000000085c00000, 0x0000000085d00000|  0%| F|  |TAMS 0x0000000085c00000, 0x0000000085c00000| Untracked 
|  93|0x0000000085d00000, 0x0000000085d00000, 0x0000000085e00000|  0%| F|  |TAMS 0x0000000085d00000, 0x0000000085d00000| Untracked 
|  94|0x0000000085e00000, 0x0000000085e00000, 0x0000000085f00000|  0%| F|  |TAMS 0x0000000085e00000, 0x0000000085e00000| Untracked 
|  95|0x0000000085f00000, 0x0000000085f00000, 0x0000000086000000|  0%| F|  |TAMS 0x0000000085f00000, 0x0000000085f00000| Untracked 
|  96|0x0000000086000000, 0x0000000086000000, 0x0000000086100000|  0%| F|  |TAMS 0x0000000086000000, 0x0000000086000000| Untracked 
|  97|0x0000000086100000, 0x0000000086100000, 0x0000000086200000|  0%| F|  |TAMS 0x0000000086100000, 0x0000000086100000| Untracked 
|  98|0x0000000086200000, 0x0000000086200000, 0x0000000086300000|  0%| F|  |TAMS 0x0000000086200000, 0x0000000086200000| Untracked 
|  99|0x0000000086300000, 0x0000000086300000, 0x0000000086400000|  0%| F|  |TAMS 0x0000000086300000, 0x0000000086300000| Untracked 
| 100|0x0000000086400000, 0x0000000086400000, 0x0000000086500000|  0%| F|  |TAMS 0x0000000086400000, 0x0000000086400000| Untracked 
| 101|0x0000000086500000, 0x0000000086500000, 0x0000000086600000|  0%| F|  |TAMS 0x0000000086500000, 0x0000000086500000| Untracked 
| 102|0x0000000086600000, 0x0000000086600000, 0x0000000086700000|  0%| F|  |TAMS 0x0000000086600000, 0x0000000086600000| Untracked 
| 103|0x0000000086700000, 0x0000000086700000, 0x0000000086800000|  0%| F|  |TAMS 0x0000000086700000, 0x0000000086700000| Untracked 
| 104|0x0000000086800000, 0x0000000086800000, 0x0000000086900000|  0%| F|  |TAMS 0x0000000086800000, 0x0000000086800000| Untracked 
| 105|0x0000000086900000, 0x0000000086900000, 0x0000000086a00000|  0%| F|  |TAMS 0x0000000086900000, 0x0000000086900000| Untracked 
| 106|0x0000000086a00000, 0x0000000086a00000, 0x0000000086b00000|  0%| F|  |TAMS 0x0000000086a00000, 0x0000000086a00000| Untracked 
| 107|0x0000000086b00000, 0x0000000086b00000, 0x0000000086c00000|  0%| F|  |TAMS 0x0000000086b00000, 0x0000000086b00000| Untracked 
| 108|0x0000000086c00000, 0x0000000086c00000, 0x0000000086d00000|  0%| F|  |TAMS 0x0000000086c00000, 0x0000000086c00000| Untracked 
| 109|0x0000000086d00000, 0x0000000086d00000, 0x0000000086e00000|  0%| F|  |TAMS 0x0000000086d00000, 0x0000000086d00000| Untracked 
| 110|0x0000000086e00000, 0x0000000086e00000, 0x0000000086f00000|  0%| F|  |TAMS 0x0000000086e00000, 0x0000000086e00000| Untracked 
| 111|0x0000000086f00000, 0x0000000086f00000, 0x0000000087000000|  0%| F|  |TAMS 0x0000000086f00000, 0x0000000086f00000| Untracked 
| 112|0x0000000087000000, 0x0000000087000000, 0x0000000087100000|  0%| F|  |TAMS 0x0000000087000000, 0x0000000087000000| Untracked 
| 113|0x0000000087100000, 0x0000000087100000, 0x0000000087200000|  0%| F|  |TAMS 0x0000000087100000, 0x0000000087100000| Untracked 
| 114|0x0000000087200000, 0x0000000087200000, 0x0000000087300000|  0%| F|  |TAMS 0x0000000087200000, 0x0000000087200000| Untracked 
| 115|0x0000000087300000, 0x0000000087300000, 0x0000000087400000|  0%| F|  |TAMS 0x0000000087300000, 0x0000000087300000| Untracked 
| 116|0x0000000087400000, 0x0000000087400000, 0x0000000087500000|  0%| F|  |TAMS 0x0000000087400000, 0x0000000087400000| Untracked 
| 117|0x0000000087500000, 0x0000000087500000, 0x0000000087600000|  0%| F|  |TAMS 0x0000000087500000, 0x0000000087500000| Untracked 
| 118|0x0000000087600000, 0x0000000087600000, 0x0000000087700000|  0%| F|  |TAMS 0x0000000087600000, 0x0000000087600000| Untracked 
| 119|0x0000000087700000, 0x0000000087700000, 0x0000000087800000|  0%| F|  |TAMS 0x0000000087700000, 0x0000000087700000| Untracked 
| 120|0x0000000087800000, 0x0000000087800000, 0x0000000087900000|  0%| F|  |TAMS 0x0000000087800000, 0x0000000087800000| Untracked 
| 121|0x0000000087900000, 0x0000000087900000, 0x0000000087a00000|  0%| F|  |TAMS 0x0000000087900000, 0x0000000087900000| Untracked 
| 122|0x0000000087a00000, 0x0000000087a00000, 0x0000000087b00000|  0%| F|  |TAMS 0x0000000087a00000, 0x0000000087a00000| Untracked 
| 123|0x0000000087b00000, 0x0000000087b00000, 0x0000000087c00000|  0%| F|  |TAMS 0x0000000087b00000, 0x0000000087b00000| Untracked 
| 124|0x0000000087c00000, 0x0000000087c00000, 0x0000000087d00000|  0%| F|  |TAMS 0x0000000087c00000, 0x0000000087c00000| Untracked 
| 125|0x0000000087d00000, 0x0000000087d00000, 0x0000000087e00000|  0%| F|  |TAMS 0x0000000087d00000, 0x0000000087d00000| Untracked 
| 126|0x0000000087e00000, 0x0000000087e00000, 0x0000000087f00000|  0%| F|  |TAMS 0x0000000087e00000, 0x0000000087e00000| Untracked 
| 127|0x0000000087f00000, 0x0000000087f00000, 0x0000000088000000|  0%| F|  |TAMS 0x0000000087f00000, 0x0000000087f00000| Untracked 
| 128|0x0000000088000000, 0x0000000088000000, 0x0000000088100000|  0%| F|  |TAMS 0x0000000088000000, 0x0000000088000000| Untracked 
| 129|0x0000000088100000, 0x0000000088100000, 0x0000000088200000|  0%| F|  |TAMS 0x0000000088100000, 0x0000000088100000| Untracked 
| 130|0x0000000088200000, 0x0000000088200000, 0x0000000088300000|  0%| F|  |TAMS 0x0000000088200000, 0x0000000088200000| Untracked 
| 131|0x0000000088300000, 0x0000000088300000, 0x0000000088400000|  0%| F|  |TAMS 0x0000000088300000, 0x0000000088300000| Untracked 
| 132|0x0000000088400000, 0x0000000088400000, 0x0000000088500000|  0%| F|  |TAMS 0x0000000088400000, 0x0000000088400000| Untracked 
| 133|0x0000000088500000, 0x0000000088500000, 0x0000000088600000|  0%| F|  |TAMS 0x0000000088500000, 0x0000000088500000| Untracked 
| 134|0x0000000088600000, 0x0000000088600000, 0x0000000088700000|  0%| F|  |TAMS 0x0000000088600000, 0x0000000088600000| Untracked 
| 135|0x0000000088700000, 0x0000000088700000, 0x0000000088800000|  0%| F|  |TAMS 0x0000000088700000, 0x0000000088700000| Untracked 
| 136|0x0000000088800000, 0x0000000088800000, 0x0000000088900000|  0%| F|  |TAMS 0x0000000088800000, 0x0000000088800000| Untracked 
| 137|0x0000000088900000, 0x0000000088900000, 0x0000000088a00000|  0%| F|  |TAMS 0x0000000088900000, 0x0000000088900000| Untracked 
| 138|0x0000000088a00000, 0x0000000088a00000, 0x0000000088b00000|  0%| F|  |TAMS 0x0000000088a00000, 0x0000000088a00000| Untracked 
| 139|0x0000000088b00000, 0x0000000088b00000, 0x0000000088c00000|  0%| F|  |TAMS 0x0000000088b00000, 0x0000000088b00000| Untracked 
| 140|0x0000000088c00000, 0x0000000088c00000, 0x0000000088d00000|  0%| F|  |TAMS 0x0000000088c00000, 0x0000000088c00000| Untracked 
| 141|0x0000000088d00000, 0x0000000088d00000, 0x0000000088e00000|  0%| F|  |TAMS 0x0000000088d00000, 0x0000000088d00000| Untracked 
| 142|0x0000000088e00000, 0x0000000088e00000, 0x0000000088f00000|  0%| F|  |TAMS 0x0000000088e00000, 0x0000000088e00000| Untracked 
| 143|0x0000000088f00000, 0x0000000088f00000, 0x0000000089000000|  0%| F|  |TAMS 0x0000000088f00000, 0x0000000088f00000| Untracked 
| 144|0x0000000089000000, 0x0000000089000000, 0x0000000089100000|  0%| F|  |TAMS 0x0000000089000000, 0x0000000089000000| Untracked 
| 145|0x0000000089100000, 0x0000000089100000, 0x0000000089200000|  0%| F|  |TAMS 0x0000000089100000, 0x0000000089100000| Untracked 
| 146|0x0000000089200000, 0x0000000089200000, 0x0000000089300000|  0%| F|  |TAMS 0x0000000089200000, 0x0000000089200000| Untracked 
| 147|0x0000000089300000, 0x0000000089300000, 0x0000000089400000|  0%| F|  |TAMS 0x0000000089300000, 0x0000000089300000| Untracked 
| 148|0x0000000089400000, 0x0000000089400000, 0x0000000089500000|  0%| F|  |TAMS 0x0000000089400000, 0x0000000089400000| Untracked 
| 149|0x0000000089500000, 0x0000000089500000, 0x0000000089600000|  0%| F|  |TAMS 0x0000000089500000, 0x0000000089500000| Untracked 
| 150|0x0000000089600000, 0x0000000089600000, 0x0000000089700000|  0%| F|  |TAMS 0x0000000089600000, 0x0000000089600000| Untracked 
| 151|0x0000000089700000, 0x0000000089700000, 0x0000000089800000|  0%| F|  |TAMS 0x0000000089700000, 0x0000000089700000| Untracked 
| 152|0x0000000089800000, 0x0000000089800000, 0x0000000089900000|  0%| F|  |TAMS 0x0000000089800000, 0x0000000089800000| Untracked 
| 153|0x0000000089900000, 0x0000000089900000, 0x0000000089a00000|  0%| F|  |TAMS 0x0000000089900000, 0x0000000089900000| Untracked 
| 154|0x0000000089a00000, 0x0000000089a00000, 0x0000000089b00000|  0%| F|  |TAMS 0x0000000089a00000, 0x0000000089a00000| Untracked 
| 155|0x0000000089b00000, 0x0000000089b00000, 0x0000000089c00000|  0%| F|  |TAMS 0x0000000089b00000, 0x0000000089b00000| Untracked 
| 156|0x0000000089c00000, 0x0000000089c00000, 0x0000000089d00000|  0%| F|  |TAMS 0x0000000089c00000, 0x0000000089c00000| Untracked 
| 157|0x0000000089d00000, 0x0000000089d00000, 0x0000000089e00000|  0%| F|  |TAMS 0x0000000089d00000, 0x0000000089d00000| Untracked 
| 158|0x0000000089e00000, 0x0000000089e00000, 0x0000000089f00000|  0%| F|  |TAMS 0x0000000089e00000, 0x0000000089e00000| Untracked 
| 159|0x0000000089f00000, 0x0000000089f00000, 0x000000008a000000|  0%| F|  |TAMS 0x0000000089f00000, 0x0000000089f00000| Untracked 
| 160|0x000000008a000000, 0x000000008a000000, 0x000000008a100000|  0%| F|  |TAMS 0x000000008a000000, 0x000000008a000000| Untracked 
| 161|0x000000008a100000, 0x000000008a100000, 0x000000008a200000|  0%| F|  |TAMS 0x000000008a100000, 0x000000008a100000| Untracked 
| 162|0x000000008a200000, 0x000000008a200000, 0x000000008a300000|  0%| F|  |TAMS 0x000000008a200000, 0x000000008a200000| Untracked 
| 163|0x000000008a300000, 0x000000008a300000, 0x000000008a400000|  0%| F|  |TAMS 0x000000008a300000, 0x000000008a300000| Untracked 
| 164|0x000000008a400000, 0x000000008a400000, 0x000000008a500000|  0%| F|  |TAMS 0x000000008a400000, 0x000000008a400000| Untracked 
| 165|0x000000008a500000, 0x000000008a500000, 0x000000008a600000|  0%| F|  |TAMS 0x000000008a500000, 0x000000008a500000| Untracked 
| 166|0x000000008a600000, 0x000000008a600000, 0x000000008a700000|  0%| F|  |TAMS 0x000000008a600000, 0x000000008a600000| Untracked 
| 167|0x000000008a700000, 0x000000008a700000, 0x000000008a800000|  0%| F|  |TAMS 0x000000008a700000, 0x000000008a700000| Untracked 
| 168|0x000000008a800000, 0x000000008a800000, 0x000000008a900000|  0%| F|  |TAMS 0x000000008a800000, 0x000000008a800000| Untracked 
| 169|0x000000008a900000, 0x000000008a900000, 0x000000008aa00000|  0%| F|  |TAMS 0x000000008a900000, 0x000000008a900000| Untracked 
| 170|0x000000008aa00000, 0x000000008aa00000, 0x000000008ab00000|  0%| F|  |TAMS 0x000000008aa00000, 0x000000008aa00000| Untracked 
| 171|0x000000008ab00000, 0x000000008ab00000, 0x000000008ac00000|  0%| F|  |TAMS 0x000000008ab00000, 0x000000008ab00000| Untracked 
| 172|0x000000008ac00000, 0x000000008ac00000, 0x000000008ad00000|  0%| F|  |TAMS 0x000000008ac00000, 0x000000008ac00000| Untracked 
| 173|0x000000008ad00000, 0x000000008ad00000, 0x000000008ae00000|  0%| F|  |TAMS 0x000000008ad00000, 0x000000008ad00000| Untracked 
| 174|0x000000008ae00000, 0x000000008ae00000, 0x000000008af00000|  0%| F|  |TAMS 0x000000008ae00000, 0x000000008ae00000| Untracked 
| 175|0x000000008af00000, 0x000000008af00000, 0x000000008b000000|  0%| F|  |TAMS 0x000000008af00000, 0x000000008af00000| Untracked 
| 176|0x000000008b000000, 0x000000008b000000, 0x000000008b100000|  0%| F|  |TAMS 0x000000008b000000, 0x000000008b000000| Untracked 
| 177|0x000000008b100000, 0x000000008b100000, 0x000000008b200000|  0%| F|  |TAMS 0x000000008b100000, 0x000000008b100000| Untracked 
| 178|0x000000008b200000, 0x000000008b200000, 0x000000008b300000|  0%| F|  |TAMS 0x000000008b200000, 0x000000008b200000| Untracked 
| 179|0x000000008b300000, 0x000000008b300000, 0x000000008b400000|  0%| F|  |TAMS 0x000000008b300000, 0x000000008b300000| Untracked 
| 180|0x000000008b400000, 0x000000008b400000, 0x000000008b500000|  0%| F|  |TAMS 0x000000008b400000, 0x000000008b400000| Untracked 
| 181|0x000000008b500000, 0x000000008b500000, 0x000000008b600000|  0%| F|  |TAMS 0x000000008b500000, 0x000000008b500000| Untracked 
| 182|0x000000008b600000, 0x000000008b600000, 0x000000008b700000|  0%| F|  |TAMS 0x000000008b600000, 0x000000008b600000| Untracked 
| 183|0x000000008b700000, 0x000000008b700000, 0x000000008b800000|  0%| F|  |TAMS 0x000000008b700000, 0x000000008b700000| Untracked 
| 184|0x000000008b800000, 0x000000008b800000, 0x000000008b900000|  0%| F|  |TAMS 0x000000008b800000, 0x000000008b800000| Untracked 
| 185|0x000000008b900000, 0x000000008b900000, 0x000000008ba00000|  0%| F|  |TAMS 0x000000008b900000, 0x000000008b900000| Untracked 
| 186|0x000000008ba00000, 0x000000008ba00000, 0x000000008bb00000|  0%| F|  |TAMS 0x000000008ba00000, 0x000000008ba00000| Untracked 
| 187|0x000000008bb00000, 0x000000008bb00000, 0x000000008bc00000|  0%| F|  |TAMS 0x000000008bb00000, 0x000000008bb00000| Untracked 
| 188|0x000000008bc00000, 0x000000008bc00000, 0x000000008bd00000|  0%| F|  |TAMS 0x000000008bc00000, 0x000000008bc00000| Untracked 
| 189|0x000000008bd00000, 0x000000008bd00000, 0x000000008be00000|  0%| F|  |TAMS 0x000000008bd00000, 0x000000008bd00000| Untracked 
| 190|0x000000008be00000, 0x000000008be00000, 0x000000008bf00000|  0%| F|  |TAMS 0x000000008be00000, 0x000000008be00000| Untracked 
| 191|0x000000008bf00000, 0x000000008bf00000, 0x000000008c000000|  0%| F|  |TAMS 0x000000008bf00000, 0x000000008bf00000| Untracked 
| 192|0x000000008c000000, 0x000000008c000000, 0x000000008c100000|  0%| F|  |TAMS 0x000000008c000000, 0x000000008c000000| Untracked 
| 193|0x000000008c100000, 0x000000008c100000, 0x000000008c200000|  0%| F|  |TAMS 0x000000008c100000, 0x000000008c100000| Untracked 
| 194|0x000000008c200000, 0x000000008c200000, 0x000000008c300000|  0%| F|  |TAMS 0x000000008c200000, 0x000000008c200000| Untracked 
| 195|0x000000008c300000, 0x000000008c397e50, 0x000000008c400000| 59%| S|CS|TAMS 0x000000008c300000, 0x000000008c300000| Complete 
| 196|0x000000008c400000, 0x000000008c500000, 0x000000008c500000|100%| S|CS|TAMS 0x000000008c400000, 0x000000008c400000| Complete 
| 197|0x000000008c500000, 0x000000008c600000, 0x000000008c600000|100%| S|CS|TAMS 0x000000008c500000, 0x000000008c500000| Complete 
| 198|0x000000008c600000, 0x000000008c700000, 0x000000008c700000|100%| S|CS|TAMS 0x000000008c600000, 0x000000008c600000| Complete 
| 199|0x000000008c700000, 0x000000008c800000, 0x000000008c800000|100%| S|CS|TAMS 0x000000008c700000, 0x000000008c700000| Complete 
| 200|0x000000008c800000, 0x000000008c800000, 0x000000008c900000|  0%| F|  |TAMS 0x000000008c800000, 0x000000008c800000| Untracked 
| 201|0x000000008c900000, 0x000000008c900000, 0x000000008ca00000|  0%| F|  |TAMS 0x000000008c900000, 0x000000008c900000| Untracked 
| 202|0x000000008ca00000, 0x000000008ca00000, 0x000000008cb00000|  0%| F|  |TAMS 0x000000008ca00000, 0x000000008ca00000| Untracked 
| 203|0x000000008cb00000, 0x000000008cb00000, 0x000000008cc00000|  0%| F|  |TAMS 0x000000008cb00000, 0x000000008cb00000| Untracked 
| 204|0x000000008cc00000, 0x000000008cc80800, 0x000000008cd00000| 50%| E|  |TAMS 0x000000008cc00000, 0x000000008cc00000| Complete 
| 205|0x000000008cd00000, 0x000000008ce00000, 0x000000008ce00000|100%| E|CS|TAMS 0x000000008cd00000, 0x000000008cd00000| Complete 
| 206|0x000000008ce00000, 0x000000008cf00000, 0x000000008cf00000|100%| E|CS|TAMS 0x000000008ce00000, 0x000000008ce00000| Complete 
| 207|0x000000008cf00000, 0x000000008d000000, 0x000000008d000000|100%| E|CS|TAMS 0x000000008cf00000, 0x000000008cf00000| Complete 
| 208|0x000000008d000000, 0x000000008d100000, 0x000000008d100000|100%| E|CS|TAMS 0x000000008d000000, 0x000000008d000000| Complete 
| 209|0x000000008d100000, 0x000000008d200000, 0x000000008d200000|100%| E|CS|TAMS 0x000000008d100000, 0x000000008d100000| Complete 
| 210|0x000000008d200000, 0x000000008d300000, 0x000000008d300000|100%| E|CS|TAMS 0x000000008d200000, 0x000000008d200000| Complete 
| 211|0x000000008d300000, 0x000000008d400000, 0x000000008d400000|100%| E|CS|TAMS 0x000000008d300000, 0x000000008d300000| Complete 
| 212|0x000000008d400000, 0x000000008d500000, 0x000000008d500000|100%| E|CS|TAMS 0x000000008d400000, 0x000000008d400000| Complete 
| 213|0x000000008d500000, 0x000000008d600000, 0x000000008d600000|100%| E|CS|TAMS 0x000000008d500000, 0x000000008d500000| Complete 
| 214|0x000000008d600000, 0x000000008d700000, 0x000000008d700000|100%| E|CS|TAMS 0x000000008d600000, 0x000000008d600000| Complete 
| 215|0x000000008d700000, 0x000000008d800000, 0x000000008d800000|100%| E|CS|TAMS 0x000000008d700000, 0x000000008d700000| Complete 
| 216|0x000000008d800000, 0x000000008d900000, 0x000000008d900000|100%| E|CS|TAMS 0x000000008d800000, 0x000000008d800000| Complete 
| 217|0x000000008d900000, 0x000000008da00000, 0x000000008da00000|100%| E|CS|TAMS 0x000000008d900000, 0x000000008d900000| Complete 
| 218|0x000000008da00000, 0x000000008db00000, 0x000000008db00000|100%| E|CS|TAMS 0x000000008da00000, 0x000000008da00000| Complete 
| 219|0x000000008db00000, 0x000000008dc00000, 0x000000008dc00000|100%| E|CS|TAMS 0x000000008db00000, 0x000000008db00000| Complete 
| 220|0x000000008dc00000, 0x000000008dd00000, 0x000000008dd00000|100%| E|CS|TAMS 0x000000008dc00000, 0x000000008dc00000| Complete 
| 221|0x000000008dd00000, 0x000000008de00000, 0x000000008de00000|100%| E|CS|TAMS 0x000000008dd00000, 0x000000008dd00000| Complete 
| 222|0x000000008de00000, 0x000000008df00000, 0x000000008df00000|100%| E|CS|TAMS 0x000000008de00000, 0x000000008de00000| Complete 
| 223|0x000000008df00000, 0x000000008e000000, 0x000000008e000000|100%| E|CS|TAMS 0x000000008df00000, 0x000000008df00000| Complete 
| 224|0x000000008e000000, 0x000000008e100000, 0x000000008e100000|100%| E|CS|TAMS 0x000000008e000000, 0x000000008e000000| Complete 
| 225|0x000000008e100000, 0x000000008e200000, 0x000000008e200000|100%| E|CS|TAMS 0x000000008e100000, 0x000000008e100000| Complete 
| 226|0x000000008e200000, 0x000000008e300000, 0x000000008e300000|100%| E|CS|TAMS 0x000000008e200000, 0x000000008e200000| Complete 
| 227|0x000000008e300000, 0x000000008e400000, 0x000000008e400000|100%| E|CS|TAMS 0x000000008e300000, 0x000000008e300000| Complete 
| 228|0x000000008e400000, 0x000000008e500000, 0x000000008e500000|100%| E|CS|TAMS 0x000000008e400000, 0x000000008e400000| Complete 
| 229|0x000000008e500000, 0x000000008e600000, 0x000000008e600000|100%| E|CS|TAMS 0x000000008e500000, 0x000000008e500000| Complete 
| 230|0x000000008e600000, 0x000000008e700000, 0x000000008e700000|100%| E|CS|TAMS 0x000000008e600000, 0x000000008e600000| Complete 
| 231|0x000000008e700000, 0x000000008e800000, 0x000000008e800000|100%| E|CS|TAMS 0x000000008e700000, 0x000000008e700000| Complete 
| 232|0x000000008e800000, 0x000000008e900000, 0x000000008e900000|100%| E|CS|TAMS 0x000000008e800000, 0x000000008e800000| Complete 
| 233|0x000000008e900000, 0x000000008ea00000, 0x000000008ea00000|100%| E|CS|TAMS 0x000000008e900000, 0x000000008e900000| Complete 
| 234|0x000000008ea00000, 0x000000008eb00000, 0x000000008eb00000|100%| E|CS|TAMS 0x000000008ea00000, 0x000000008ea00000| Complete 
| 235|0x000000008eb00000, 0x000000008ec00000, 0x000000008ec00000|100%| E|CS|TAMS 0x000000008eb00000, 0x000000008eb00000| Complete 
| 236|0x000000008ec00000, 0x000000008ed00000, 0x000000008ed00000|100%| E|CS|TAMS 0x000000008ec00000, 0x000000008ec00000| Complete 
| 237|0x000000008ed00000, 0x000000008ee00000, 0x000000008ee00000|100%| E|CS|TAMS 0x000000008ed00000, 0x000000008ed00000| Complete 
| 238|0x000000008ee00000, 0x000000008ef00000, 0x000000008ef00000|100%| E|CS|TAMS 0x000000008ee00000, 0x000000008ee00000| Complete 
| 239|0x000000008ef00000, 0x000000008f000000, 0x000000008f000000|100%| E|CS|TAMS 0x000000008ef00000, 0x000000008ef00000| Complete 
| 240|0x000000008f000000, 0x000000008f100000, 0x000000008f100000|100%| E|CS|TAMS 0x000000008f000000, 0x000000008f000000| Complete 
| 241|0x000000008f100000, 0x000000008f200000, 0x000000008f200000|100%| E|CS|TAMS 0x000000008f100000, 0x000000008f100000| Complete 
| 242|0x000000008f200000, 0x000000008f300000, 0x000000008f300000|100%| E|CS|TAMS 0x000000008f200000, 0x000000008f200000| Complete 
| 243|0x000000008f300000, 0x000000008f400000, 0x000000008f400000|100%| E|CS|TAMS 0x000000008f300000, 0x000000008f300000| Complete 
| 244|0x000000008f400000, 0x000000008f500000, 0x000000008f500000|100%| E|CS|TAMS 0x000000008f400000, 0x000000008f400000| Complete 
| 245|0x000000008f500000, 0x000000008f600000, 0x000000008f600000|100%| E|CS|TAMS 0x000000008f500000, 0x000000008f500000| Complete 
| 246|0x000000008f600000, 0x000000008f700000, 0x000000008f700000|100%| E|CS|TAMS 0x000000008f600000, 0x000000008f600000| Complete 
| 247|0x000000008f700000, 0x000000008f800000, 0x000000008f800000|100%| E|CS|TAMS 0x000000008f700000, 0x000000008f700000| Complete 
| 248|0x000000008f800000, 0x000000008f900000, 0x000000008f900000|100%| E|CS|TAMS 0x000000008f800000, 0x000000008f800000| Complete 
| 249|0x000000008f900000, 0x000000008fa00000, 0x000000008fa00000|100%| E|CS|TAMS 0x000000008f900000, 0x000000008f900000| Complete 
| 250|0x000000008fa00000, 0x000000008fb00000, 0x000000008fb00000|100%| E|CS|TAMS 0x000000008fa00000, 0x000000008fa00000| Complete 
| 251|0x000000008fb00000, 0x000000008fc00000, 0x000000008fc00000|100%| E|CS|TAMS 0x000000008fb00000, 0x000000008fb00000| Complete 

Card table byte_map: [0x0000019fdf260000,0x0000019fdf660000] _byte_map_base: 0x0000019fdee60000

Marking Bits (Prev, Next): (CMBitMap*) 0x0000019fc5eec180, (CMBitMap*) 0x0000019fc5eec1c0
 Prev Bits: [0x0000019fdfa60000, 0x0000019fe1a60000)
 Next Bits: [0x0000019fe1a60000, 0x0000019fe3a60000)

Polling page: 0x0000019fc5bc0000

Metaspace:

Usage:
  Non-class:     12.38 MB used.
      Class:      1.97 MB used.
       Both:     14.34 MB used.

Virtual space:
  Non-class space:       64.00 MB reserved,      12.50 MB ( 20%) committed,  1 nodes.
      Class space:        1.00 GB reserved,       2.06 MB ( <1%) committed,  1 nodes.
             Both:        1.06 GB reserved,      14.56 MB (  1%) committed. 

Chunk freelists:
   Non-Class:  3.45 MB
       Class:  13.94 MB
        Both:  17.40 MB

MaxMetaspaceSize: unlimited
CompressedClassSpaceSize: 1.00 GB
Initial GC threshold: 21.00 MB
Current GC threshold: 21.00 MB
CDS: on
MetaspaceReclaimPolicy: balanced
 - commit_granule_bytes: 65536.
 - commit_granule_words: 8192.
 - virtual_space_node_default_size: 8388608.
 - enlarge_chunks_in_place: 1.
 - new_chunks_are_fully_committed: 0.
 - uncommit_free_chunks: 1.
 - use_allocation_guard: 0.
 - handle_deallocations: 1.


Internal statistics:

num_allocs_failed_limit: 0.
num_arena_births: 196.
num_arena_deaths: 0.
num_vsnodes_births: 2.
num_vsnodes_deaths: 0.
num_space_committed: 233.
num_space_uncommitted: 0.
num_chunks_returned_to_freelist: 0.
num_chunks_taken_from_freelist: 647.
num_chunk_merges: 0.
num_chunk_splits: 435.
num_chunks_enlarged: 321.
num_inconsistent_stats: 0.

CodeHeap 'non-profiled nmethods': size=120000Kb used=1189Kb max_used=1189Kb free=118810Kb
 bounds [0x0000019fd6c90000, 0x0000019fd6f00000, 0x0000019fde1c0000]
CodeHeap 'profiled nmethods': size=120000Kb used=4813Kb max_used=4813Kb free=115186Kb
 bounds [0x0000019fcf1c0000, 0x0000019fcf680000, 0x0000019fd66f0000]
CodeHeap 'non-nmethods': size=5760Kb used=1234Kb max_used=1247Kb free=4525Kb
 bounds [0x0000019fd66f0000, 0x0000019fd6960000, 0x0000019fd6c90000]
 total_blobs=2916 nmethods=2389 adapters=439
 compilation: enabled
              stopped_count=0, restarted_count=0
 full_count=0

Compilation events (20 events):
Event: 4.909 Thread 0x0000019fe5ed8700 nmethod 2361 0x0000019fcf657f90 code [0x0000019fcf6581c0, 0x0000019fcf658a98]
Event: 4.909 Thread 0x0000019fe5ed8700 2362       1       org.gradle.internal.service.DefaultServiceRegistry::access$2400 (5 bytes)
Event: 4.910 Thread 0x0000019fe5ed8700 nmethod 2362 0x0000019fd6db8910 code [0x0000019fd6db8aa0, 0x0000019fd6db8b58]
Event: 4.910 Thread 0x0000019fe5ed8700 2364       3       java.lang.invoke.InnerClassLambdaMetafactory::getLoadOpcode (26 bytes)
Event: 4.911 Thread 0x0000019fe5ed8700 nmethod 2364 0x0000019fcf658d10 code [0x0000019fcf658ec0, 0x0000019fcf6590f8]
Event: 4.911 Thread 0x0000019fe5ed8700 2365       3       jdk.internal.org.objectweb.asm.MethodVisitor::visitVarInsn (17 bytes)
Event: 4.911 Thread 0x0000019fe5ed8700 nmethod 2365 0x0000019fcf659210 code [0x0000019fcf6593c0, 0x0000019fcf6595c8]
Event: 4.911 Thread 0x0000019fe5ed8700 2366       3       org.gradle.internal.service.DefaultServiceRegistry$OwnServices::getProviders (26 bytes)
Event: 4.911 Thread 0x0000019fe5ed8700 nmethod 2366 0x0000019fcf659690 code [0x0000019fcf659840, 0x0000019fcf659bc8]
Event: 4.911 Thread 0x0000019fe5ed8700 2368       3       org.gradle.internal.service.DefaultServiceRegistry$CompositeServiceProvider::getService (52 bytes)
Event: 4.911 Thread 0x0000019fe5ed8700 nmethod 2368 0x0000019fcf659d10 code [0x0000019fcf659ec0, 0x0000019fcf65a1e8]
Event: 4.911 Thread 0x0000019fe5ed8700 2367       3       org.gradle.internal.service.DefaultServiceRegistry$OwnServices::getService (317 bytes)
Event: 4.913 Thread 0x0000019fe5ed8700 nmethod 2367 0x0000019fcf65a390 code [0x0000019fcf65a8c0, 0x0000019fcf65d7a8]
Event: 4.913 Thread 0x0000019fe5ed8700 2369       3       java.lang.invoke.VarHandleGuards::guard_LLL_Z (86 bytes)
Event: 4.914 Thread 0x0000019fe5ed8700 nmethod 2369 0x0000019fcf65e510 code [0x0000019fcf65e860, 0x0000019fcf6606e8]
Event: 4.939 Thread 0x0000019fe5ed8700 2372       3       java.lang.invoke.MemberName::changeReferenceKind (60 bytes)
Event: 4.939 Thread 0x0000019fe5ed8700 nmethod 2372 0x0000019fcf660f90 code [0x0000019fcf661120, 0x0000019fcf661258]
Event: 5.090 Thread 0x0000019fe5ed8700 2373       1       java.util.concurrent.atomic.AtomicInteger::get (5 bytes)
Event: 5.090 Thread 0x0000019fe5ed8700 nmethod 2373 0x0000019fd6db9210 code [0x0000019fd6db93a0, 0x0000019fd6db9478]
Event: 5.404 Thread 0x0000019fe5ed8700 2374       3       java.util.concurrent.locks.AbstractQueuedSynchronizer::compareAndSetState (13 bytes)

GC Heap History (6 events):
Event: 0.444 GC heap before
{Heap before GC invocations=0 (full 0):
 garbage-first heap   total 258048K, used 22528K [0x0000000080000000, 0x0000000100000000)
  region size 1024K, 23 young (23552K), 0 survivors (0K)
 Metaspace       used 1074K, committed 1216K, reserved 1114112K
  class space    used 73K, committed 128K, reserved 1048576K
}
Event: 0.446 GC heap after
{Heap after GC invocations=1 (full 0):
 garbage-first heap   total 258048K, used 3658K [0x0000000080000000, 0x0000000100000000)
  region size 1024K, 3 young (3072K), 3 survivors (3072K)
 Metaspace       used 1074K, committed 1216K, reserved 1114112K
  class space    used 73K, committed 128K, reserved 1048576K
}
Event: 1.979 GC heap before
{Heap before GC invocations=1 (full 0):
 garbage-first heap   total 258048K, used 40522K [0x0000000080000000, 0x0000000100000000)
  region size 1024K, 36 young (36864K), 3 survivors (3072K)
 Metaspace       used 4326K, committed 4480K, reserved 1114112K
  class space    used 542K, committed 640K, reserved 1048576K
}
Event: 1.982 GC heap after
{Heap after GC invocations=2 (full 0):
 garbage-first heap   total 258048K, used 11155K [0x0000000080000000, 0x0000000100000000)
  region size 1024K, 5 young (5120K), 5 survivors (5120K)
 Metaspace       used 4326K, committed 4480K, reserved 1114112K
  class space    used 542K, committed 640K, reserved 1048576K
}
Event: 2.529 GC heap before
{Heap before GC invocations=2 (full 0):
 garbage-first heap   total 258048K, used 61331K [0x0000000080000000, 0x0000000100000000)
  region size 1024K, 52 young (53248K), 5 survivors (5120K)
 Metaspace       used 5012K, committed 5248K, reserved 1114112K
  class space    used 653K, committed 768K, reserved 1048576K
}
Event: 2.532 GC heap after
{Heap after GC invocations=3 (full 0):
 garbage-first heap   total 258048K, used 16877K [0x0000000080000000, 0x0000000100000000)
  region size 1024K, 5 young (5120K), 5 survivors (5120K)
 Metaspace       used 5012K, committed 5248K, reserved 1114112K
  class space    used 653K, committed 768K, reserved 1048576K
}

Dll operation events (15 events):
Event: 0.031 Loaded shared library C:\Users\asish\AppData\Local\Programs\Eclipse Adoptium\jdk-17.0.10.7-hotspot\bin\java.dll
Event: 0.082 Loaded shared library C:\Users\asish\AppData\Local\Programs\Eclipse Adoptium\jdk-17.0.10.7-hotspot\bin\jsvml.dll
Event: 0.135 Loaded shared library C:\Users\asish\AppData\Local\Programs\Eclipse Adoptium\jdk-17.0.10.7-hotspot\bin\zip.dll
Event: 0.139 Loaded shared library C:\Users\asish\AppData\Local\Programs\Eclipse Adoptium\jdk-17.0.10.7-hotspot\bin\instrument.dll
Event: 0.146 Loaded shared library C:\Users\asish\AppData\Local\Programs\Eclipse Adoptium\jdk-17.0.10.7-hotspot\bin\net.dll
Event: 0.149 Loaded shared library C:\Users\asish\AppData\Local\Programs\Eclipse Adoptium\jdk-17.0.10.7-hotspot\bin\nio.dll
Event: 0.151 Loaded shared library C:\Users\asish\AppData\Local\Programs\Eclipse Adoptium\jdk-17.0.10.7-hotspot\bin\zip.dll
Event: 0.360 Loaded shared library C:\Users\asish\AppData\Local\Programs\Eclipse Adoptium\jdk-17.0.10.7-hotspot\bin\jimage.dll
Event: 0.496 Loaded shared library C:\Users\asish\AppData\Local\Programs\Eclipse Adoptium\jdk-17.0.10.7-hotspot\bin\verify.dll
Event: 0.673 Loaded shared library C:\Users\asish\.gradle\native\c067742578af261105cb4f569cf0c3c89f3d7b1fecec35dd04571415982c5e48\windows-amd64\native-platform.dll
Event: 0.689 Loaded shared library C:\Users\asish\.gradle\native\100fb08df4bc3b14c8652ba06237920a3bd2aa13389f12d3474272988ae205f9\windows-amd64\native-platform-file-events.dll
Event: 3.716 Loaded shared library C:\Users\asish\AppData\Local\Programs\Eclipse Adoptium\jdk-17.0.10.7-hotspot\bin\management.dll
Event: 3.723 Loaded shared library C:\Users\asish\AppData\Local\Programs\Eclipse Adoptium\jdk-17.0.10.7-hotspot\bin\management_ext.dll
Event: 4.018 Loaded shared library C:\Users\asish\AppData\Local\Programs\Eclipse Adoptium\jdk-17.0.10.7-hotspot\bin\extnet.dll
Event: 4.369 Loaded shared library C:\Users\asish\AppData\Local\Programs\Eclipse Adoptium\jdk-17.0.10.7-hotspot\bin\sunmscapi.dll

Deoptimization events (20 events):
Event: 4.509 Thread 0x0000019fecd9ac10 DEOPT PACKING pc=0x0000019fd6d557e4 sp=0x00000050785ff040
Event: 4.509 Thread 0x0000019fecd9ac10 DEOPT UNPACKING pc=0x0000019fd674a1a3 sp=0x00000050785fefa0 mode 2
Event: 4.659 Thread 0x0000019fecd9ac10 Uncommon trap: trap_request=0xffffff45 fr.pc=0x0000019fd6d82af0 relative=0x00000000000003f0
Event: 4.659 Thread 0x0000019fecd9ac10 Uncommon trap: reason=unstable_if action=reinterpret pc=0x0000019fd6d82af0 method=java.util.HashMap.getNode(Ljava/lang/Object;)Ljava/util/HashMap$Node; @ 66 c2
Event: 4.659 Thread 0x0000019fecd9ac10 DEOPT PACKING pc=0x0000019fd6d82af0 sp=0x00000050785fc3c0
Event: 4.659 Thread 0x0000019fecd9ac10 DEOPT UNPACKING pc=0x0000019fd674a1a3 sp=0x00000050785fc310 mode 2
Event: 4.659 Thread 0x0000019fecd9ac10 Uncommon trap: trap_request=0xffffff45 fr.pc=0x0000019fd6cd6574 relative=0x00000000000003b4
Event: 4.659 Thread 0x0000019fecd9ac10 Uncommon trap: reason=unstable_if action=reinterpret pc=0x0000019fd6cd6574 method=java.util.HashMap.getNode(Ljava/lang/Object;)Ljava/util/HashMap$Node; @ 66 c2
Event: 4.659 Thread 0x0000019fecd9ac10 DEOPT PACKING pc=0x0000019fd6cd6574 sp=0x00000050785fc380
Event: 4.659 Thread 0x0000019fecd9ac10 DEOPT UNPACKING pc=0x0000019fd674a1a3 sp=0x00000050785fc310 mode 2
Event: 4.669 Thread 0x0000019fecd9ac10 Uncommon trap: trap_request=0xffffff45 fr.pc=0x0000019fd6d39070 relative=0x00000000000003b0
Event: 4.669 Thread 0x0000019fecd9ac10 Uncommon trap: reason=unstable_if action=reinterpret pc=0x0000019fd6d39070 method=java.util.concurrent.ConcurrentHashMap.get(Ljava/lang/Object;)Ljava/lang/Object; @ 76 c2
Event: 4.669 Thread 0x0000019fecd9ac10 DEOPT PACKING pc=0x0000019fd6d39070 sp=0x00000050785fb850
Event: 4.669 Thread 0x0000019fecd9ac10 DEOPT UNPACKING pc=0x0000019fd674a1a3 sp=0x00000050785fb7c8 mode 2
Event: 4.847 Thread 0x0000019fecd9ac10 DEOPT PACKING pc=0x0000019fcf5a8fc9 sp=0x00000050785fd2d0
Event: 4.847 Thread 0x0000019fecd9ac10 DEOPT UNPACKING pc=0x0000019fd674ace3 sp=0x00000050785fc7e0 mode 0
Event: 4.944 Thread 0x0000019fecd9ac10 Uncommon trap: trap_request=0xffffff45 fr.pc=0x0000019fd6cad238 relative=0x0000000000000198
Event: 4.944 Thread 0x0000019fecd9ac10 Uncommon trap: reason=unstable_if action=reinterpret pc=0x0000019fd6cad238 method=java.util.regex.Matcher.reset()Ljava/util/regex/Matcher; @ 47 c2
Event: 4.944 Thread 0x0000019fecd9ac10 DEOPT PACKING pc=0x0000019fd6cad238 sp=0x00000050785faa20
Event: 4.944 Thread 0x0000019fecd9ac10 DEOPT UNPACKING pc=0x0000019fd674a1a3 sp=0x00000050785fa9a8 mode 2

Classes unloaded (0 events):
No events

Classes redefined (0 events):
No events

Internal exceptions (20 events):
Event: 3.921 Thread 0x0000019fc5e932d0 Exception <a 'java/lang/NoSuchMethodError'{0x000000008ef47c78}: 'java.lang.Object java.lang.invoke.DirectMethodHandle$Holder.invokeStaticInit(java.lang.Object, int, int, int, int)'> (0x000000008ef47c78) 
thrown [s\src\hotspot\share\interpreter\linkResolver.cpp, line 759]
Event: 3.994 Thread 0x0000019fc5e932d0 Exception <a 'java/lang/NoSuchMethodError'{0x000000008ee1dc80}: 'java.lang.Object java.lang.invoke.DirectMethodHandle$Holder.invokeStaticInit(java.lang.Object, java.lang.Object, int, int, int, int)'> (0x000000008ee1dc80) 
thrown [s\src\hotspot\share\interpreter\linkResolver.cpp, line 759]
Event: 4.292 Thread 0x0000019fc5e932d0 Exception <a 'java/lang/NoSuchMethodError'{0x000000008ec31848}: 'void java.lang.invoke.DirectMethodHandle$Holder.invokeStatic(java.lang.Object, java.lang.Object, java.lang.Object)'> (0x000000008ec31848) 
thrown [s\src\hotspot\share\interpreter\linkResolver.cpp, line 759]
Event: 4.325 Thread 0x0000019fc5e932d0 Exception <a 'java/io/IOException'{0x000000008eb51d40}> (0x000000008eb51d40) 
thrown [s\src\hotspot\share\prims\jni.cpp, line 516]
Event: 4.329 Thread 0x0000019fc5e932d0 Implicit null exception at 0x0000019fd6cdcd72 to 0x0000019fd6cdd3b0
Event: 4.333 Thread 0x0000019fc5e932d0 Exception <a 'java/lang/NoSuchMethodError'{0x000000008ebb25b8}: 'java.lang.Object java.lang.invoke.DirectMethodHandle$Holder.newInvokeSpecial(java.lang.Object, java.lang.Object, java.lang.Object, java.lang.Object, java.lang.Object)'> (0x000000008ebb25b8) 
thrown [s\src\hotspot\share\interpreter\linkResolver.cpp, line 759]
Event: 4.481 Thread 0x0000019feca92140 Exception <a 'java/lang/NoSuchMethodError'{0x000000008e650b80}: static Lorg/gradle/tooling/internal/provider/serialization/ClassLoaderDetails;.<clinit>()V> (0x000000008e650b80) 
thrown [s\src\hotspot\share\prims\jni.cpp, line 1107]
Event: 4.484 Thread 0x0000019feca92140 Exception <a 'java/lang/NoSuchMethodError'{0x000000008e66ad08}: static Lorg/gradle/internal/classloader/ClassLoaderSpec;.<clinit>()V> (0x000000008e66ad08) 
thrown [s\src\hotspot\share\prims\jni.cpp, line 1107]
Event: 4.485 Thread 0x0000019feca92140 Exception <a 'java/lang/NoSuchMethodError'{0x000000008e674508}: static Lorg/gradle/tooling/internal/provider/serialization/WellKnownClassLoaderRegistry$KnownClassLoaderSpec;.<clinit>()V> (0x000000008e674508) 
thrown [s\src\hotspot\share\prims\jni.cpp, line 1107]
Event: 4.488 Thread 0x0000019feca92140 Exception <a 'java/lang/NoSuchMethodError'{0x000000008e68b790}: static Lorg/gradle/tooling/internal/provider/serialization/ClientOwnedClassLoaderSpec;.<clinit>()V> (0x000000008e68b790) 
thrown [s\src\hotspot\share\prims\jni.cpp, line 1107]
Event: 4.505 Thread 0x0000019fecbf0630 Exception <a 'java/lang/NoSuchMethodError'{0x000000008e875958}: 'void java.lang.invoke.DirectMethodHandle$Holder.invokeSpecial(java.lang.Object, java.lang.Object, java.lang.Object)'> (0x000000008e875958) 
thrown [s\src\hotspot\share\interpreter\linkResolver.cpp, line 759]
Event: 4.564 Thread 0x0000019fecd9ac10 Exception <a 'java/lang/NoSuchMethodError'{0x000000008e3e2b70}: 'long java.lang.invoke.DirectMethodHandle$Holder.invokeInterface(java.lang.Object, java.lang.Object)'> (0x000000008e3e2b70) 
thrown [s\src\hotspot\share\interpreter\linkResolver.cpp, line 759]
Event: 4.635 Thread 0x0000019fecd9ac10 Exception <a 'java/lang/NoSuchMethodError'{0x000000008de51550}: 'void java.lang.invoke.DirectMethodHandle$Holder.invokeStatic(java.lang.Object, java.lang.Object)'> (0x000000008de51550) 
thrown [s\src\hotspot\share\interpreter\linkResolver.cpp, line 759]
Event: 4.675 Thread 0x0000019fecd9ac10 Exception <a 'java/lang/NoSuchMethodError'{0x000000008dc671e0}: 'int java.lang.invoke.DirectMethodHandle$Holder.invokeVirtual(java.lang.Object, java.lang.Object, java.lang.Object)'> (0x000000008dc671e0) 
thrown [s\src\hotspot\share\interpreter\linkResolver.cpp, line 759]
Event: 4.714 Thread 0x0000019fecd9ac10 Exception <a 'java/lang/NoSuchMethodError'{0x000000008daf4b88}: 'java.lang.Object java.lang.invoke.DirectMethodHandle$Holder.newInvokeSpecial(java.lang.Object, java.lang.Object, java.lang.Object, java.lang.Object, java.lang.Object, java.lang.Object)'> (0x000000008daf4b88) 
thrown [s\src\hotspot\share\interpreter\linkResolver.cpp, line 759]
Event: 4.772 Thread 0x0000019fecd9ac10 Exception <a 'java/lang/NoSuchMethodError'{0x000000008d7ee230}: 'void java.lang.invoke.DelegatingMethodHandle$Holder.reinvoke_L(java.lang.Object, java.lang.Object, java.lang.Object, java.lang.Object, java.lang.Object, java.lang.Object, java.lang.Object, java.lang.Object, java.lang.Object, java.lang.Object)'> (0x000000008d7ee230) 
thrown [s\src\hotspot\share\interpreter\linkResolver.cpp, line 759]
Event: 4.772 Thread 0x0000019fecd9ac10 Exception <a 'java/lang/NoSuchMethodError'{0x000000008d7f66a0}: 'java.lang.Object java.lang.invoke.DirectMethodHandle$Holder.invokeSpecial(java.lang.Object, java.lang.Object, java.lang.Object, java.lang.Object, java.lang.Object, java.lang.Object, java.lang.Object, java.lang.Object, java.lang.Object, java.lang.Object)'> (0x000000008d7f66a0) 
thrown [s\src\hotspot\share\interpreter\linkResolver.cpp, line 759]
Event: 4.773 Thread 0x0000019fecd9ac10 Exception <a 'java/lang/NoSuchMethodError'{0x000000008d7faf70}: 'java.lang.Object java.lang.invoke.Invokers$Holder.invoker(java.lang.Object, java.lang.Object, java.lang.Object, java.lang.Object, java.lang.Object, java.lang.Object, java.lang.Object, java.lang.Object, java.lang.Object, java.lang.Object)'> (0x000000008d7faf70) 
thrown [s\src\hotspot\share\interpreter\linkResolver.cpp, line 759]
Event: 4.773 Thread 0x0000019fecd9ac10 Exception <a 'java/lang/NoSuchMethodError'{0x000000008d601038}: 'java.lang.Object java.lang.invoke.DirectMethodHandle$Holder.invokeSpecial(java.lang.Object, java.lang.Object, java.lang.Object, java.lang.Object, java.lang.Object, java.lang.Object, java.lang.Object, java.lang.Object, java.lang.Object, java.lang.Object, java.lang.Object)'> (0x000000008d601038) 
thrown [s\src\hotspot\share\interpreter\linkResolver.cpp, line 759]
Event: 4.929 Thread 0x0000019fecd9ac10 Exception <a 'java/lang/NoSuchMethodError'{0x000000008cf79cf0}: 'java.lang.Object java.lang.invoke.DirectMethodHandle$Holder.newInvokeSpecial(java.lang.Object, java.lang.Object, int)'> (0x000000008cf79cf0) 
thrown [s\src\hotspot\share\interpreter\linkResolver.cpp, line 759]

VM Operations (20 events):
Event: 3.663 Executing VM operation: Cleanup done
Event: 3.681 Executing VM operation: HandshakeAllThreads
Event: 3.681 Executing VM operation: HandshakeAllThreads done
Event: 3.683 Executing VM operation: HandshakeAllThreads
Event: 3.683 Executing VM operation: HandshakeAllThreads done
Event: 3.746 Executing VM operation: HandshakeAllThreads
Event: 3.746 Executing VM operation: HandshakeAllThreads done
Event: 3.797 Executing VM operation: HandshakeAllThreads
Event: 3.798 Executing VM operation: HandshakeAllThreads done
Event: 3.880 Executing VM operation: HandshakeAllThreads
Event: 3.880 Executing VM operation: HandshakeAllThreads done
Event: 3.985 Executing VM operation: HandshakeAllThreads
Event: 3.985 Executing VM operation: HandshakeAllThreads done
Event: 4.290 Executing VM operation: HandshakeAllThreads
Event: 4.290 Executing VM operation: HandshakeAllThreads done
Event: 4.382 Executing VM operation: HandshakeAllThreads
Event: 4.382 Executing VM operation: HandshakeAllThreads done
Event: 4.681 Executing VM operation: ICBufferFull
Event: 4.681 Executing VM operation: ICBufferFull done
Event: 5.686 Executing VM operation: Cleanup

Events (20 events):
Event: 4.906 loading class java/nio/file/FileSystemException done
Event: 4.906 loading class java/nio/file/NoSuchFileException done
Event: 4.906 loading class java/nio/file/attribute/PosixFilePermissions
Event: 4.907 loading class java/nio/file/attribute/PosixFilePermissions done
Event: 4.907 loading class java/nio/file/attribute/PosixFilePermissions$1
Event: 4.907 loading class java/nio/file/attribute/PosixFilePermissions$1 done
Event: 4.910 loading class sun/invoke/util/VerifyAccess$1
Event: 4.910 loading class sun/invoke/util/VerifyAccess$1 done
Event: 4.926 loading class java/util/concurrent/ArrayBlockingQueue
Event: 4.927 loading class java/util/concurrent/ArrayBlockingQueue done
Event: 4.927 loading class java/util/concurrent/locks/ReentrantLock$FairSync
Event: 4.927 loading class java/util/concurrent/locks/ReentrantLock$FairSync done
Event: 4.927 Thread 0x0000019fecd9a700 Thread added: 0x0000019fecd9a700
Event: 4.931 loading class sun/misc/Unsafe
Event: 4.931 loading class sun/misc/Unsafe done
Event: 4.937 Thread 0x0000019fecd9b120 Thread added: 0x0000019fecd9b120
Event: 4.937 loading class java/net/DatagramPacket
Event: 4.937 loading class java/net/DatagramPacket done
Event: 4.938 loading class sun/nio/ch/DatagramSocketAdaptor$DatagramPackets
Event: 4.938 loading class sun/nio/ch/DatagramSocketAdaptor$DatagramPackets done


Dynamic libraries:
0x00007ff6ec600000 - 0x00007ff6ec60e000 	C:\Users\asish\AppData\Local\Programs\Eclipse Adoptium\jdk-17.0.10.7-hotspot\bin\java.exe
0x00007ffa95960000 - 0x00007ffa95bc7000 	C:\WINDOWS\SYSTEM32\ntdll.dll
0x00007ffa93f70000 - 0x00007ffa94039000 	C:\WINDOWS\System32\KERNEL32.DLL
0x00007ffa92e10000 - 0x00007ffa93200000 	C:\WINDOWS\System32\KERNELBASE.dll
0x00007ffa8f460000 - 0x00007ffa8f4fe000 	C:\WINDOWS\SYSTEM32\apphelp.dll
0x00007ffa92a90000 - 0x00007ffa92bdb000 	C:\WINDOWS\System32\ucrtbase.dll
0x00007ffa56810000 - 0x00007ffa56827000 	C:\Users\asish\AppData\Local\Programs\Eclipse Adoptium\jdk-17.0.10.7-hotspot\bin\jli.dll
0x00007ffa34040000 - 0x00007ffa3405b000 	C:\Users\asish\AppData\Local\Programs\Eclipse Adoptium\jdk-17.0.10.7-hotspot\bin\VCRUNTIME140.dll
0x00007ffa93880000 - 0x00007ffa93a45000 	C:\WINDOWS\System32\USER32.dll
0x00007ffa93540000 - 0x00007ffa93567000 	C:\WINDOWS\System32\win32u.dll
0x00007ffa777c0000 - 0x00007ffa77a5a000 	C:\WINDOWS\WinSxS\amd64_microsoft.windows.common-controls_6595b64144ccf1df_6.0.26100.4768_none_3e0c112ce331287c\COMCTL32.dll
0x00007ffa93b80000 - 0x00007ffa93bab000 	C:\WINDOWS\System32\GDI32.dll
0x00007ffa94880000 - 0x00007ffa94929000 	C:\WINDOWS\System32\msvcrt.dll
0x00007ffa93340000 - 0x00007ffa93478000 	C:\WINDOWS\System32\gdi32full.dll
0x00007ffa92be0000 - 0x00007ffa92c83000 	C:\WINDOWS\System32\msvcp_win.dll
0x00007ffa94220000 - 0x00007ffa9424f000 	C:\WINDOWS\System32\IMM32.DLL
0x00007ffa3e030000 - 0x00007ffa3e03c000 	C:\Users\asish\AppData\Local\Programs\Eclipse Adoptium\jdk-17.0.10.7-hotspot\bin\vcruntime140_1.dll
0x00007ff9fa130000 - 0x00007ff9fa1bd000 	C:\Users\asish\AppData\Local\Programs\Eclipse Adoptium\jdk-17.0.10.7-hotspot\bin\msvcp140.dll
0x00007ff9d68a0000 - 0x00007ff9d7502000 	C:\Users\asish\AppData\Local\Programs\Eclipse Adoptium\jdk-17.0.10.7-hotspot\bin\server\jvm.dll
0x00007ffa94160000 - 0x00007ffa94214000 	C:\WINDOWS\System32\ADVAPI32.dll
0x00007ffa94270000 - 0x00007ffa94316000 	C:\WINDOWS\System32\sechost.dll
0x00007ffa94040000 - 0x00007ffa94158000 	C:\WINDOWS\System32\RPCRT4.dll
0x00007ffa928f0000 - 0x00007ffa9294e000 	C:\WINDOWS\SYSTEM32\POWRPROF.dll
0x00007ffa84a30000 - 0x00007ffa84a65000 	C:\WINDOWS\SYSTEM32\WINMM.dll
0x00007ffa72440000 - 0x00007ffa7244a000 	C:\WINDOWS\SYSTEM32\WSOCK32.dll
0x00007ffa8bd20000 - 0x00007ffa8bd2b000 	C:\WINDOWS\SYSTEM32\VERSION.dll
0x00007ffa936f0000 - 0x00007ffa93764000 	C:\WINDOWS\System32\WS2_32.dll
0x00007ffa928d0000 - 0x00007ffa928e4000 	C:\WINDOWS\SYSTEM32\UMPDC.dll
0x00007ffa917f0000 - 0x00007ffa9180b000 	C:\WINDOWS\SYSTEM32\kernel.appcore.dll
0x00007ffa39dd0000 - 0x00007ffa39dda000 	C:\Users\asish\AppData\Local\Programs\Eclipse Adoptium\jdk-17.0.10.7-hotspot\bin\jimage.dll
0x00007ffa90320000 - 0x00007ffa90561000 	C:\WINDOWS\SYSTEM32\DBGHELP.DLL
0x00007ffa94dc0000 - 0x00007ffa95145000 	C:\WINDOWS\System32\combase.dll
0x00007ffa94930000 - 0x00007ffa94a10000 	C:\WINDOWS\System32\OLEAUT32.dll
0x00007ffa5d440000 - 0x00007ffa5d483000 	C:\WINDOWS\SYSTEM32\dbgcore.DLL
0x00007ffa932a0000 - 0x00007ffa93339000 	C:\WINDOWS\System32\bcryptPrimitives.dll
0x00007ffa34030000 - 0x00007ffa3403e000 	C:\Users\asish\AppData\Local\Programs\Eclipse Adoptium\jdk-17.0.10.7-hotspot\bin\instrument.dll
0x00007ff9fbe10000 - 0x00007ff9fbe35000 	C:\Users\asish\AppData\Local\Programs\Eclipse Adoptium\jdk-17.0.10.7-hotspot\bin\java.dll
0x00007ff9f2bf0000 - 0x00007ff9f2cc7000 	C:\Users\asish\AppData\Local\Programs\Eclipse Adoptium\jdk-17.0.10.7-hotspot\bin\jsvml.dll
0x00007ffa951d0000 - 0x00007ffa9591d000 	C:\WINDOWS\System32\SHELL32.dll
0x00007ffa92c90000 - 0x00007ffa92e03000 	C:\WINDOWS\System32\wintypes.dll
0x00007ffa90650000 - 0x00007ffa90eaf000 	C:\WINDOWS\SYSTEM32\windows.storage.dll
0x00007ffa93770000 - 0x00007ffa93865000 	C:\WINDOWS\System32\SHCORE.dll
0x00007ffa94810000 - 0x00007ffa9487a000 	C:\WINDOWS\System32\shlwapi.dll
0x00007ffa929b0000 - 0x00007ffa929d9000 	C:\WINDOWS\SYSTEM32\profapi.dll
0x00007ff9fb960000 - 0x00007ff9fb978000 	C:\Users\asish\AppData\Local\Programs\Eclipse Adoptium\jdk-17.0.10.7-hotspot\bin\zip.dll
0x00007ff9fb940000 - 0x00007ff9fb959000 	C:\Users\asish\AppData\Local\Programs\Eclipse Adoptium\jdk-17.0.10.7-hotspot\bin\net.dll
0x00007ffa8b040000 - 0x00007ffa8b15e000 	C:\WINDOWS\SYSTEM32\WINHTTP.dll
0x00007ffa91da0000 - 0x00007ffa91e0b000 	C:\WINDOWS\system32\mswsock.dll
0x00007ff9fb880000 - 0x00007ff9fb896000 	C:\Users\asish\AppData\Local\Programs\Eclipse Adoptium\jdk-17.0.10.7-hotspot\bin\nio.dll
0x00007ffa34020000 - 0x00007ffa34030000 	C:\Users\asish\AppData\Local\Programs\Eclipse Adoptium\jdk-17.0.10.7-hotspot\bin\verify.dll
0x00007ff9eb330000 - 0x00007ff9eb357000 	C:\Users\asish\.gradle\native\c067742578af261105cb4f569cf0c3c89f3d7b1fecec35dd04571415982c5e48\windows-amd64\native-platform.dll
0x00007ff9d6750000 - 0x00007ff9d6894000 	C:\Users\asish\.gradle\native\100fb08df4bc3b14c8652ba06237920a3bd2aa13389f12d3474272988ae205f9\windows-amd64\native-platform-file-events.dll
0x00007ffa563a0000 - 0x00007ffa563a9000 	C:\Users\asish\AppData\Local\Programs\Eclipse Adoptium\jdk-17.0.10.7-hotspot\bin\management.dll
0x00007ffa33ee0000 - 0x00007ffa33eeb000 	C:\Users\asish\AppData\Local\Programs\Eclipse Adoptium\jdk-17.0.10.7-hotspot\bin\management_ext.dll
0x00007ffa94c10000 - 0x00007ffa94c18000 	C:\WINDOWS\System32\PSAPI.DLL
0x00007ffa92060000 - 0x00007ffa9207b000 	C:\WINDOWS\SYSTEM32\CRYPTSP.dll
0x00007ffa91750000 - 0x00007ffa9178b000 	C:\WINDOWS\system32\rsaenh.dll
0x00007ffa91e40000 - 0x00007ffa91e6b000 	C:\WINDOWS\SYSTEM32\USERENV.dll
0x00007ffa92980000 - 0x00007ffa929a6000 	C:\WINDOWS\SYSTEM32\bcrypt.dll
0x00007ffa92080000 - 0x00007ffa9208c000 	C:\WINDOWS\SYSTEM32\CRYPTBASE.dll
0x00007ffa911d0000 - 0x00007ffa91203000 	C:\WINDOWS\SYSTEM32\IPHLPAPI.DLL
0x00007ffa94260000 - 0x00007ffa9426a000 	C:\WINDOWS\System32\NSI.dll
0x00007ffa8af80000 - 0x00007ffa8af9f000 	C:\WINDOWS\SYSTEM32\dhcpcsvc6.DLL
0x00007ffa8aea0000 - 0x00007ffa8aec5000 	C:\WINDOWS\SYSTEM32\dhcpcsvc.DLL
0x00007ffa91260000 - 0x00007ffa91386000 	C:\WINDOWS\SYSTEM32\DNSAPI.dll
0x00007ff9fc2a0000 - 0x00007ff9fc2a9000 	C:\Users\asish\AppData\Local\Programs\Eclipse Adoptium\jdk-17.0.10.7-hotspot\bin\extnet.dll
0x00007ff9fbf50000 - 0x00007ff9fbf5e000 	C:\Users\asish\AppData\Local\Programs\Eclipse Adoptium\jdk-17.0.10.7-hotspot\bin\sunmscapi.dll
0x00007ffa93570000 - 0x00007ffa936e7000 	C:\WINDOWS\System32\CRYPT32.dll
0x00007ffa92280000 - 0x00007ffa922b0000 	C:\WINDOWS\SYSTEM32\ncrypt.dll
0x00007ffa92230000 - 0x00007ffa9226f000 	C:\WINDOWS\SYSTEM32\NTASN1.dll
0x00007ff9f9440000 - 0x00007ff9f9448000 	C:\WINDOWS\system32\wshunix.dll

dbghelp: loaded successfully - version: 4.0.5 - missing functions: none
symbol engine: initialized successfully - sym options: 0x614 - pdb path: .;C:\Users\asish\AppData\Local\Programs\Eclipse Adoptium\jdk-17.0.10.7-hotspot\bin;C:\WINDOWS\SYSTEM32;C:\WINDOWS\WinSxS\amd64_microsoft.windows.common-controls_6595b64144ccf1df_6.0.26100.4768_none_3e0c112ce331287c;C:\Users\asish\AppData\Local\Programs\Eclipse Adoptium\jdk-17.0.10.7-hotspot\bin\server;C:\Users\asish\.gradle\native\c067742578af261105cb4f569cf0c3c89f3d7b1fecec35dd04571415982c5e48\windows-amd64;C:\Users\asish\.gradle\native\100fb08df4bc3b14c8652ba06237920a3bd2aa13389f12d3474272988ae205f9\windows-amd64

VM Arguments:
jvm_args: --add-opens=java.base/java.lang=ALL-UNNAMED --add-opens=java.base/java.lang.invoke=ALL-UNNAMED --add-opens=java.base/java.util=ALL-UNNAMED --add-opens=java.prefs/java.util.prefs=ALL-UNNAMED --add-exports=jdk.compiler/com.sun.tools.javac.api=ALL-UNNAMED --add-exports=jdk.compiler/com.sun.tools.javac.util=ALL-UNNAMED --add-opens=java.base/java.util=ALL-UNNAMED --add-opens=java.prefs/java.util.prefs=ALL-UNNAMED --add-opens=java.base/java.nio.charset=ALL-UNNAMED --add-opens=java.base/java.net=ALL-UNNAMED --add-opens=java.base/java.util.concurrent.atomic=ALL-UNNAMED --add-opens=java.xml/javax.xml.namespace=ALL-UNNAMED -Xmx2048m -Dfile.encoding=UTF-8 -Duser.country=IN -Duser.language=en -Duser.variant -javaagent:C:\Users\asish\.gradle\wrapper\dists\gradle-8.11.1-bin\bpt9gzteqjrbo1mjrsomdt32c\gradle-8.11.1\lib\agents\gradle-instrumentation-agent-8.11.1.jar 
java_command: org.gradle.launcher.daemon.bootstrap.GradleDaemon 8.11.1
java_class_path (initial): C:\Users\asish\.gradle\wrapper\dists\gradle-8.11.1-bin\bpt9gzteqjrbo1mjrsomdt32c\gradle-8.11.1\lib\gradle-daemon-main-8.11.1.jar
Launcher Type: SUN_STANDARD

[Global flags]
     intx CICompilerCount                          = 4                                         {product} {ergonomic}
     uint ConcGCThreads                            = 3                                         {product} {ergonomic}
     uint G1ConcRefinementThreads                  = 10                                        {product} {ergonomic}
   size_t G1HeapRegionSize                         = 1048576                                   {product} {ergonomic}
    uintx GCDrainStackTargetSize                   = 64                                        {product} {ergonomic}
   size_t InitialHeapSize                          = 264241152                                 {product} {ergonomic}
   size_t MarkStackSize                            = 4194304                                   {product} {ergonomic}
   size_t MaxHeapSize                              = 2147483648                                {product} {command line}
   size_t MaxNewSize                               = 1287651328                                {product} {ergonomic}
   size_t MinHeapDeltaBytes                        = 1048576                                   {product} {ergonomic}
   size_t MinHeapSize                              = 8388608                                   {product} {ergonomic}
    uintx NonNMethodCodeHeapSize                   = 5839372                                {pd product} {ergonomic}
    uintx NonProfiledCodeHeapSize                  = 122909434                              {pd product} {ergonomic}
    uintx ProfiledCodeHeapSize                     = 122909434                              {pd product} {ergonomic}
    uintx ReservedCodeCacheSize                    = 251658240                              {pd product} {ergonomic}
     bool SegmentedCodeCache                       = true                                      {product} {ergonomic}
   size_t SoftMaxHeapSize                          = 2147483648                             {manageable} {ergonomic}
     bool UseCompressedClassPointers               = true                           {product lp64_product} {ergonomic}
     bool UseCompressedOops                        = true                           {product lp64_product} {ergonomic}
     bool UseG1GC                                  = true                                      {product} {ergonomic}
     bool UseLargePagesIndividualAllocation        = false                                  {pd product} {ergonomic}

Logging:
Log output configuration:
 #0: stdout all=warning uptime,level,tags
 #1: stderr all=off uptime,level,tags

Environment Variables:
JAVA_HOME=C:\Users\asish\AppData\Local\Programs\Eclipse Adoptium\jdk-17.0.10.7-hotspot\
PATH=C:\Program Files\Python312\Scripts\;C:\Program Files\Python312\;C:\Windows\system32;C:\Windows;C:\Windows\System32\Wbem;C:\Windows\System32\WindowsPowerShell\v1.0\;C:\Windows\System32\OpenSSH\;C:\Program Files (x86)\NVIDIA Corporation\PhysX\Common;C:\WINDOWS\system32;C:\WINDOWS;C:\WINDOWS\System32\Wbem;C:\WINDOWS\System32\WindowsPowerShell\v1.0\;C:\WINDOWS\System32\OpenSSH\;C:\Program Files\dotnet\;C:\Program Files\Git\cmd;C:\Program Files\php-8.4.1;;C:\Program Files\NVIDIA Corporation\NVIDIA app\NvDLISR;c:\Users\asish\AppData\Local\Programs\cursor\resources\app\bin;C:\Users\asish\AppData\Local\Programs\Eclipse Adoptium\jdk-17.0.10.7-hotspot\bin;C:\Users\asish\AppData\Local\Microsoft\WindowsApps;C:\Users\asish\AppData\Local\Programs\Microsoft VS Code\bin;C:\Users\asish\AppData\Local\GitHubDesktop\bin;C:\FlutterDev\sdk\flutter\bin;C:\Users\asish\AppData\Local\Programs\cursor\resources\app\bin
USERNAME=asish
OS=Windows_NT
PROCESSOR_IDENTIFIER=Intel64 Family 6 Model 141 Stepping 1, GenuineIntel
TMP=C:\Users\asish\AppData\Local\Temp
TEMP=C:\Users\asish\AppData\Local\Temp



Periodic native trim disabled


---------------  S Y S T E M  ---------------

OS:
 Windows 11 , 64 bit Build 26100 (10.0.26100.4768)
OS uptime: 0 days 8:10 hours
Hyper-V role detected

CPU: total 12 (initial active 12) (6 cores per cpu, 2 threads per core) family 6 model 141 stepping 1 microcode 0x34, cx8, cmov, fxsr, ht, mmx, 3dnowpref, sse, sse2, sse3, ssse3, sse4.1, sse4.2, popcnt, lzcnt, tsc, tscinvbit, avx, avx2, aes, erms, clmul, bmi1, bmi2, adx, avx512f, avx512dq, avx512cd, avx512bw, avx512vl, sha, fma, vzeroupper, avx512_vpopcntdq, avx512_vpclmulqdq, avx512_vaes, avx512_vnni, clflush, clflushopt, clwb, avx512_vbmi2, avx512_vbmi, hv
Processor Information for all 12 processors :
  Max Mhz: 2611, Current Mhz: 2611, Mhz Limit: 2611

Memory: 4k page, system-wide physical 16085M (1383M free)
TotalPageFile size 24277M (AvailPageFile size 10M)
current process WorkingSet (physical memory assigned to process): 164M, peak: 172M
current process commit charge ("private bytes"): 397M, peak: 405M

vm_info: OpenJDK 64-Bit Server VM (17.0.10+7) for windows-amd64 JRE (17.0.10+7), built on Jan 16 2024 23:25:11 by "admin" with MS VC++ 16.10 / 16.11 (VS2019)

END.
