#
# There is insufficient memory for the Java Runtime Environment to continue.
# Native memory allocation (mmap) failed to map 36700160 bytes. Error detail: G1 virtual space
# Possible reasons:
#   The system is out of physical RAM or swap space
#   This process is running with CompressedOops enabled, and the Java Heap may be blocking the growth of the native heap
# Possible solutions:
#   Reduce memory load on the system
#   Increase physical memory or swap space
#   Check if swap backing store is full
#   Decrease Java heap size (-Xmx/-Xms)
#   Decrease number of Java threads
#   Decrease Java thread stack sizes (-Xss)
#   Set larger code cache with -XX:ReservedCodeCacheSize=
#   JVM is running with Unscaled Compressed Oops mode in which the Java heap is
#     placed in the first 4GB address space. The Java Heap base address is the
#     maximum limit for the native heap growth. Please use -XX:HeapBaseMinAddress
#     to set the Java Heap base and to place the Java Heap above 4GB virtual address.
# This output file may be truncated or incomplete.
#
#  Out of Memory Error (os_windows.cpp:3898), pid=12632, tid=8888
#
# JRE version: OpenJDK Runtime Environment (21.0.6) (build 21.0.6+-13355223-b631.42)
# Java VM: OpenJDK 64-Bit Server VM (21.0.6+-13355223-b631.42, mixed mode, tiered, compressed oops, compressed class ptrs, g1 gc, windows-amd64)
# No core dump will be written. Minidumps are not enabled by default on client versions of Windows
#

---------------  S U M M A R Y ------------

Command Line: --add-opens=java.base/java.lang=ALL-UNNAMED --add-opens=java.base/java.lang.invoke=ALL-UNNAMED --add-opens=java.base/java.util=ALL-UNNAMED --add-opens=java.prefs/java.util.prefs=ALL-UNNAMED --add-exports=jdk.compiler/com.sun.tools.javac.api=ALL-UNNAMED --add-exports=jdk.compiler/com.sun.tools.javac.util=ALL-UNNAMED --add-opens=java.base/java.util=ALL-UNNAMED --add-opens=java.prefs/java.util.prefs=ALL-UNNAMED --add-opens=java.base/java.nio.charset=ALL-UNNAMED --add-opens=java.base/java.net=ALL-UNNAMED --add-opens=java.base/java.util.concurrent.atomic=ALL-UNNAMED --add-opens=java.xml/javax.xml.namespace=ALL-UNNAMED -Xmx2048m -Dfile.encoding=UTF-8 -Duser.country=IN -Duser.language=en -Duser.variant -javaagent:C:\Users\asish\.gradle\wrapper\dists\gradle-8.11.1-bin\bpt9gzteqjrbo1mjrsomdt32c\gradle-8.11.1\lib\agents\gradle-instrumentation-agent-8.11.1.jar org.gradle.launcher.daemon.bootstrap.GradleDaemon 8.11.1

Host: 11th Gen Intel(R) Core(TM) i5-11260H @ 2.60GHz, 12 cores, 15G,  Windows 11 , 64 bit Build 26100 (10.0.26100.4768)
Time: Sun Aug  3 08:44:32 2025 India Standard Time elapsed time: 7.808409 seconds (0d 0h 0m 7s)

---------------  T H R E A D  ---------------

Current thread (0x000001a243419910):  VMThread "VM Thread"          [id=8888, stack(0x0000002ebc700000,0x0000002ebc800000) (1024K)]

Stack: [0x0000002ebc700000,0x0000002ebc800000]
Native frames: (J=compiled Java code, j=interpreted, Vv=VM code, C=native code)
V  [jvm.dll+0x6d05a9]
V  [jvm.dll+0x85ea73]
V  [jvm.dll+0x860fce]
V  [jvm.dll+0x8616b3]
V  [jvm.dll+0x27e6e6]
V  [jvm.dll+0x6ccf45]
V  [jvm.dll+0x6c09fa]
V  [jvm.dll+0x35535b]
V  [jvm.dll+0x35cfb6]
V  [jvm.dll+0x3aef46]
V  [jvm.dll+0x3af218]
V  [jvm.dll+0x327a2c]
V  [jvm.dll+0x327ab7]
V  [jvm.dll+0x36d90c]
V  [jvm.dll+0x36c0be]
V  [jvm.dll+0x327181]
V  [jvm.dll+0x36b7d0]
V  [jvm.dll+0x867438]
V  [jvm.dll+0x8687b4]
V  [jvm.dll+0x868cf0]
V  [jvm.dll+0x868f83]
V  [jvm.dll+0x806e48]
V  [jvm.dll+0x6cee7d]
C  [ucrtbase.dll+0x37b0]
C  [KERNEL32.DLL+0x2e8d7]
C  [ntdll.dll+0x3c34c]

VM_Operation (0x0000002ebe0f21a0): G1CollectForAllocation, mode: safepoint, requested by thread 0x000001a249bdbff0


---------------  P R O C E S S  ---------------

Threads class SMR info:
_java_thread_list=0x000001a24deb5f30, length=64, elements={
0x000001a22b8ca910, 0x000001a2435335a0, 0x000001a243534c60, 0x000001a24354aad0,
0x000001a24354b820, 0x000001a24354c9f0, 0x000001a243570bc0, 0x000001a243573020,
0x000001a243574620, 0x000001a243602160, 0x000001a248049690, 0x000001a24993dca0,
0x000001a24986b330, 0x000001a249cfa910, 0x000001a249d96bf0, 0x000001a249fb8b10,
0x000001a249da4020, 0x000001a249bdbff0, 0x000001a249bd8670, 0x000001a249bf6be0,
0x000001a249bfc140, 0x000001a249bfd4f0, 0x000001a249bfe8a0, 0x000001a249bfce60,
0x000001a249bfe210, 0x000001a249bfdb80, 0x000001a249bfc7d0, 0x000001a249bfef30,
0x000001a249bfbab0, 0x000001a24ad1fc30, 0x000001a24ad202c0, 0x000001a24ad21670,
0x000001a24ad20950, 0x000001a24ad21d00, 0x000001a24ad22390, 0x000001a24ad20fe0,
0x000001a24ad1ef10, 0x000001a24ad1f5a0, 0x000001a24ad230b0, 0x000001a24ad23dd0,
0x000001a24ad22a20, 0x000001a24ad24460, 0x000001a24ad25180, 0x000001a24ad24af0,
0x000001a24ad26530, 0x000001a24b06a5b0, 0x000001a24b069f20, 0x000001a24b06ac40,
0x000001a24b06b2d0, 0x000001a24b0684e0, 0x000001a24b069200, 0x000001a24b068b70,
0x000001a24b069890, 0x000001a24ad23740, 0x000001a24cc50140, 0x000001a24cc4e700,
0x000001a24cc4e070, 0x000001a24cc51b80, 0x000001a24cc507d0, 0x000001a24cc514f0,
0x000001a24cc4f420, 0x000001a24cc52210, 0x000001a24cc50e60, 0x000001a24d089310
}

Java Threads: ( => current thread )
  0x000001a22b8ca910 JavaThread "main"                              [_thread_blocked, id=4780, stack(0x0000002ebc000000,0x0000002ebc100000) (1024K)]
  0x000001a2435335a0 JavaThread "Reference Handler"          daemon [_thread_blocked, id=12268, stack(0x0000002ebc800000,0x0000002ebc900000) (1024K)]
  0x000001a243534c60 JavaThread "Finalizer"                  daemon [_thread_blocked, id=21520, stack(0x0000002ebc900000,0x0000002ebca00000) (1024K)]
  0x000001a24354aad0 JavaThread "Signal Dispatcher"          daemon [_thread_blocked, id=18956, stack(0x0000002ebca00000,0x0000002ebcb00000) (1024K)]
  0x000001a24354b820 JavaThread "Attach Listener"            daemon [_thread_blocked, id=4852, stack(0x0000002ebcb00000,0x0000002ebcc00000) (1024K)]
  0x000001a24354c9f0 JavaThread "Service Thread"             daemon [_thread_blocked, id=1672, stack(0x0000002ebcc00000,0x0000002ebcd00000) (1024K)]
  0x000001a243570bc0 JavaThread "Monitor Deflation Thread"   daemon [_thread_blocked, id=17164, stack(0x0000002ebcd00000,0x0000002ebce00000) (1024K)]
  0x000001a243573020 JavaThread "C2 CompilerThread0"         daemon [_thread_blocked, id=23656, stack(0x0000002ebce00000,0x0000002ebcf00000) (1024K)]
  0x000001a243574620 JavaThread "C1 CompilerThread0"         daemon [_thread_blocked, id=21616, stack(0x0000002ebcf00000,0x0000002ebd000000) (1024K)]
  0x000001a243602160 JavaThread "Common-Cleaner"             daemon [_thread_blocked, id=5088, stack(0x0000002ebd000000,0x0000002ebd100000) (1024K)]
  0x000001a248049690 JavaThread "Notification Thread"        daemon [_thread_blocked, id=5556, stack(0x0000002ebd100000,0x0000002ebd200000) (1024K)]
  0x000001a24993dca0 JavaThread "Daemon health stats"               [_thread_blocked, id=20056, stack(0x0000002ebda00000,0x0000002ebdb00000) (1024K)]
  0x000001a24986b330 JavaThread "Incoming local TCP Connector on port 49352"        [_thread_in_native, id=20940, stack(0x0000002ebdb00000,0x0000002ebdc00000) (1024K)]
  0x000001a249cfa910 JavaThread "Daemon periodic checks"            [_thread_blocked, id=24188, stack(0x0000002ebdc00000,0x0000002ebdd00000) (1024K)]
  0x000001a249d96bf0 JavaThread "Daemon"                            [_thread_blocked, id=14340, stack(0x0000002ebdd00000,0x0000002ebde00000) (1024K)]
  0x000001a249fb8b10 JavaThread "Handler for socket connection from /127.0.0.1:49352 to /127.0.0.1:49353"        [_thread_in_native, id=22440, stack(0x0000002ebde00000,0x0000002ebdf00000) (1024K)]
  0x000001a249da4020 JavaThread "Cancel handler"                    [_thread_blocked, id=3248, stack(0x0000002ebdf00000,0x0000002ebe000000) (1024K)]
  0x000001a249bdbff0 JavaThread "Daemon worker"                     [_thread_blocked, id=20060, stack(0x0000002ebe000000,0x0000002ebe100000) (1024K)]
  0x000001a249bd8670 JavaThread "Asynchronous log dispatcher for DefaultDaemonConnection: socket connection from /127.0.0.1:49352 to /127.0.0.1:49353"        [_thread_blocked, id=26532, stack(0x0000002ebe100000,0x0000002ebe200000) (1024K)]
  0x000001a249bf6be0 JavaThread "Stdin handler"                     [_thread_blocked, id=20732, stack(0x0000002ebe200000,0x0000002ebe300000) (1024K)]
  0x000001a249bfc140 JavaThread "Daemon client event forwarder"        [_thread_blocked, id=11396, stack(0x0000002ebe300000,0x0000002ebe400000) (1024K)]
  0x000001a249bfd4f0 JavaThread "Cache worker for journal cache (C:\Users\asish\.gradle\caches\journal-1)"        [_thread_blocked, id=22968, stack(0x0000002ebe900000,0x0000002ebea00000) (1024K)]
  0x000001a249bfe8a0 JavaThread "File lock request listener"        [_thread_in_native, id=4880, stack(0x0000002ebea00000,0x0000002ebeb00000) (1024K)]
  0x000001a249bfce60 JavaThread "Cache worker for file hash cache (C:\Users\asish\.gradle\caches\8.11.1\fileHashes)"        [_thread_blocked, id=14396, stack(0x0000002ebeb00000,0x0000002ebec00000) (1024K)]
  0x000001a249bfe210 JavaThread "Cache worker for file content cache (C:\Users\asish\.gradle\caches\8.11.1\fileContent)"        [_thread_blocked, id=22612, stack(0x0000002ebec00000,0x0000002ebed00000) (1024K)]
  0x000001a249bfdb80 JavaThread "Cache worker for file hash cache (D:\VehicleInventoryManagement\.gradle\8.11.1\fileHashes)"        [_thread_blocked, id=1416, stack(0x0000002ebed00000,0x0000002ebee00000) (1024K)]
  0x000001a249bfc7d0 JavaThread "Cache worker for Build Output Cleanup Cache (D:\VehicleInventoryManagement\.gradle\buildOutputCleanup)"        [_thread_blocked, id=17780, stack(0x0000002ebee00000,0x0000002ebef00000) (1024K)]
  0x000001a249bfef30 JavaThread "File watcher server"        daemon [_thread_in_native, id=22944, stack(0x0000002ebef00000,0x0000002ebf000000) (1024K)]
  0x000001a249bfbab0 JavaThread "File watcher consumer"      daemon [_thread_blocked, id=15724, stack(0x0000002ebf000000,0x0000002ebf100000) (1024K)]
  0x000001a24ad1fc30 JavaThread "jar transforms"                    [_thread_blocked, id=6632, stack(0x0000002ebf100000,0x0000002ebf200000) (1024K)]
  0x000001a24ad202c0 JavaThread "jar transforms Thread 2"           [_thread_blocked, id=15736, stack(0x0000002ebf200000,0x0000002ebf300000) (1024K)]
  0x000001a24ad21670 JavaThread "jar transforms Thread 3"           [_thread_blocked, id=7212, stack(0x0000002ebf300000,0x0000002ebf400000) (1024K)]
  0x000001a24ad20950 JavaThread "jar transforms Thread 4"           [_thread_blocked, id=17360, stack(0x0000002ebf400000,0x0000002ebf500000) (1024K)]
  0x000001a24ad21d00 JavaThread "jar transforms Thread 5"           [_thread_blocked, id=1948, stack(0x0000002ebf500000,0x0000002ebf600000) (1024K)]
  0x000001a24ad22390 JavaThread "jar transforms Thread 6"           [_thread_blocked, id=1656, stack(0x0000002ebf600000,0x0000002ebf700000) (1024K)]
  0x000001a24ad20fe0 JavaThread "jar transforms Thread 7"           [_thread_blocked, id=18804, stack(0x0000002ebf700000,0x0000002ebf800000) (1024K)]
  0x000001a24ad1ef10 JavaThread "jar transforms Thread 8"           [_thread_blocked, id=17504, stack(0x0000002ebf800000,0x0000002ebf900000) (1024K)]
  0x000001a24ad1f5a0 JavaThread "jar transforms Thread 9"           [_thread_blocked, id=24524, stack(0x0000002ebf900000,0x0000002ebfa00000) (1024K)]
  0x000001a24ad230b0 JavaThread "jar transforms Thread 10"          [_thread_blocked, id=22336, stack(0x0000002ebfa00000,0x0000002ebfb00000) (1024K)]
  0x000001a24ad23dd0 JavaThread "jar transforms Thread 11"          [_thread_blocked, id=6604, stack(0x0000002ebfb00000,0x0000002ebfc00000) (1024K)]
  0x000001a24ad22a20 JavaThread "jar transforms Thread 12"          [_thread_blocked, id=6360, stack(0x0000002ebfc00000,0x0000002ebfd00000) (1024K)]
  0x000001a24ad24460 JavaThread "Cache worker for checksums cache (D:\VehicleInventoryManagement\.gradle\8.11.1\checksums)"        [_thread_blocked, id=20532, stack(0x0000002ebfd00000,0x0000002ebfe00000) (1024K)]
  0x000001a24ad25180 JavaThread "Cache worker for cache directory md-rule (C:\Users\asish\.gradle\caches\8.11.1\md-rule)"        [_thread_blocked, id=24536, stack(0x0000002ebfe00000,0x0000002ebff00000) (1024K)]
  0x000001a24ad24af0 JavaThread "Cache worker for cache directory md-supplier (C:\Users\asish\.gradle\caches\8.11.1\md-supplier)"        [_thread_blocked, id=17000, stack(0x0000002ebff00000,0x0000002ec0000000) (1024K)]
  0x000001a24ad26530 JavaThread "Unconstrained build operations"        [_thread_blocked, id=24264, stack(0x0000002ec0000000,0x0000002ec0100000) (1024K)]
  0x000001a24b06a5b0 JavaThread "Unconstrained build operations Thread 2"        [_thread_blocked, id=24376, stack(0x0000002ec0100000,0x0000002ec0200000) (1024K)]
  0x000001a24b069f20 JavaThread "Unconstrained build operations Thread 3"        [_thread_blocked, id=20160, stack(0x0000002ec0200000,0x0000002ec0300000) (1024K)]
  0x000001a24b06ac40 JavaThread "Unconstrained build operations Thread 4"        [_thread_blocked, id=15428, stack(0x0000002ec0300000,0x0000002ec0400000) (1024K)]
  0x000001a24b06b2d0 JavaThread "Unconstrained build operations Thread 5"        [_thread_blocked, id=19620, stack(0x0000002ec0400000,0x0000002ec0500000) (1024K)]
  0x000001a24b0684e0 JavaThread "Unconstrained build operations Thread 6"        [_thread_blocked, id=9740, stack(0x0000002ec0500000,0x0000002ec0600000) (1024K)]
  0x000001a24b069200 JavaThread "Unconstrained build operations Thread 7"        [_thread_blocked, id=5568, stack(0x0000002ec0600000,0x0000002ec0700000) (1024K)]
  0x000001a24b068b70 JavaThread "Unconstrained build operations Thread 8"        [_thread_blocked, id=26232, stack(0x0000002ec0700000,0x0000002ec0800000) (1024K)]
  0x000001a24b069890 JavaThread "Unconstrained build operations Thread 9"        [_thread_blocked, id=12740, stack(0x0000002ec0800000,0x0000002ec0900000) (1024K)]
  0x000001a24ad23740 JavaThread "Unconstrained build operations Thread 10"        [_thread_blocked, id=12036, stack(0x0000002ec0900000,0x0000002ec0a00000) (1024K)]
  0x000001a24cc50140 JavaThread "Unconstrained build operations Thread 11"        [_thread_blocked, id=11532, stack(0x0000002ec0a00000,0x0000002ec0b00000) (1024K)]
  0x000001a24cc4e700 JavaThread "Unconstrained build operations Thread 12"        [_thread_blocked, id=25592, stack(0x0000002ec0b00000,0x0000002ec0c00000) (1024K)]
  0x000001a24cc4e070 JavaThread "Unconstrained build operations Thread 13"        [_thread_blocked, id=21916, stack(0x0000002ec0c00000,0x0000002ec0d00000) (1024K)]
  0x000001a24cc51b80 JavaThread "Unconstrained build operations Thread 14"        [_thread_blocked, id=18456, stack(0x0000002ec0d00000,0x0000002ec0e00000) (1024K)]
  0x000001a24cc507d0 JavaThread "Unconstrained build operations Thread 15"        [_thread_blocked, id=5744, stack(0x0000002ec0e00000,0x0000002ec0f00000) (1024K)]
  0x000001a24cc514f0 JavaThread "Unconstrained build operations Thread 16"        [_thread_blocked, id=6356, stack(0x0000002ec0f00000,0x0000002ec1000000) (1024K)]
  0x000001a24cc4f420 JavaThread "Unconstrained build operations Thread 17"        [_thread_blocked, id=26388, stack(0x0000002ec1000000,0x0000002ec1100000) (1024K)]
  0x000001a24cc52210 JavaThread "Unconstrained build operations Thread 18"        [_thread_blocked, id=22160, stack(0x0000002ec1100000,0x0000002ec1200000) (1024K)]
  0x000001a24cc50e60 JavaThread "Unconstrained build operations Thread 19"        [_thread_blocked, id=25472, stack(0x0000002ec1200000,0x0000002ec1300000) (1024K)]
  0x000001a24d089310 JavaThread "C2 CompilerThread1"         daemon [_thread_blocked, id=25480, stack(0x0000002ebd200000,0x0000002ebd300000) (1024K)]
Total: 64

Other Threads:
=>0x000001a243419910 VMThread "VM Thread"                           [id=8888, stack(0x0000002ebc700000,0x0000002ebc800000) (1024K)]
  0x000001a2433c4e90 WatcherThread "VM Periodic Task Thread"        [id=21128, stack(0x0000002ebc600000,0x0000002ebc700000) (1024K)]
  0x000001a22b923420 WorkerThread "GC Thread#0"                     [id=16892, stack(0x0000002ebc100000,0x0000002ebc200000) (1024K)]
  0x000001a2483031e0 WorkerThread "GC Thread#1"                     [id=5052, stack(0x0000002ebd400000,0x0000002ebd500000) (1024K)]
  0x000001a2482b82e0 WorkerThread "GC Thread#2"                     [id=25520, stack(0x0000002ebd500000,0x0000002ebd600000) (1024K)]
  0x000001a2482d6800 WorkerThread "GC Thread#3"                     [id=396, stack(0x0000002ebd600000,0x0000002ebd700000) (1024K)]
  0x000001a2482d6ba0 WorkerThread "GC Thread#4"                     [id=25432, stack(0x0000002ebd700000,0x0000002ebd800000) (1024K)]
  0x000001a248361680 WorkerThread "GC Thread#5"                     [id=23864, stack(0x0000002ebd800000,0x0000002ebd900000) (1024K)]
  0x000001a248dd8ea0 WorkerThread "GC Thread#6"                     [id=11688, stack(0x0000002ebd900000,0x0000002ebda00000) (1024K)]
  0x000001a248dd9240 WorkerThread "GC Thread#7"                     [id=6080, stack(0x0000002ebe400000,0x0000002ebe500000) (1024K)]
  0x000001a248dd83c0 WorkerThread "GC Thread#8"                     [id=19196, stack(0x0000002ebe500000,0x0000002ebe600000) (1024K)]
  0x000001a248dd78e0 WorkerThread "GC Thread#9"                     [id=15912, stack(0x0000002ebe600000,0x0000002ebe700000) (1024K)]
  0x000001a22b934310 ConcurrentGCThread "G1 Main Marker"            [id=14528, stack(0x0000002ebc200000,0x0000002ebc300000) (1024K)]
  0x000001a22b935b60 WorkerThread "G1 Conc#0"                       [id=21216, stack(0x0000002ebc300000,0x0000002ebc400000) (1024K)]
  0x000001a248dd8020 WorkerThread "G1 Conc#1"                       [id=12556, stack(0x0000002ebe700000,0x0000002ebe800000) (1024K)]
  0x000001a249d14b50 WorkerThread "G1 Conc#2"                       [id=19516, stack(0x0000002ebe800000,0x0000002ebe900000) (1024K)]
  0x000001a243316240 ConcurrentGCThread "G1 Refine#0"               [id=5540, stack(0x0000002ebc400000,0x0000002ebc500000) (1024K)]
  0x000001a243316bc0 ConcurrentGCThread "G1 Service"                [id=2604, stack(0x0000002ebc500000,0x0000002ebc600000) (1024K)]
Total: 18

Threads with active compile tasks:
Total: 0

VM state: at safepoint (normal execution)

VM Mutex/Monitor currently owned by a thread:  ([mutex/lock_event])
[0x00007ffe7defe3a0] Threads_lock - owner thread: 0x000001a243419910
[0x00007ffe7defe4a0] Heap_lock - owner thread: 0x000001a249bdbff0

Heap address: 0x0000000080000000, size: 2048 MB, Compressed Oops mode: 32-bit

CDS archive(s) not mapped
Compressed class space mapped at: 0x0000000100000000-0x0000000140000000, reserved size: 1073741824
Narrow klass base: 0x0000000000000000, Narrow klass shift: 3, Narrow klass range: 0x140000000

GC Precious Log:
 CardTable entry size: 512
 Card Set container configuration: InlinePtr #cards 5 size 8 Array Of Cards #cards 12 size 40 Howl #buckets 4 coarsen threshold 1843 Howl Bitmap #cards 512 size 80 coarsen threshold 460 Card regions per heap region 1 cards per card region 2048
 CPUs: 12 total, 12 available
 Memory: 16085M
 Large Page Support: Disabled
 NUMA Support: Disabled
 Compressed Oops: Enabled (32-bit)
 Heap Region Size: 1M
 Heap Min Capacity: 8M
 Heap Initial Capacity: 252M
 Heap Max Capacity: 2G
 Pre-touch: Disabled
 Parallel Workers: 10
 Concurrent Workers: 3
 Concurrent Refinement Workers: 10
 Periodic GC: Disabled

Heap:
 garbage-first heap   total 176128K, used 107590K [0x0000000080000000, 0x0000000100000000)
  region size 1024K, 5 young (5120K), 5 survivors (5120K)
 Metaspace       used 88158K, committed 89856K, reserved 1179648K
  class space    used 11782K, committed 12608K, reserved 1048576K

Heap Regions: E=young(eden), S=young(survivor), O=old, HS=humongous(starts), HC=humongous(continues), CS=collection set, F=free, TAMS=top-at-mark-start, PB=parsable bottom
|   0|0x0000000080000000, 0x0000000080100000, 0x0000000080100000|100%| O|  |TAMS 0x0000000080000000| PB 0x0000000080000000| Untracked 
|   1|0x0000000080100000, 0x0000000080200000, 0x0000000080200000|100%|HS|  |TAMS 0x0000000080100000| PB 0x0000000080100000| Complete 
|   2|0x0000000080200000, 0x0000000080300000, 0x0000000080300000|100%|HC|  |TAMS 0x0000000080200000| PB 0x0000000080200000| Complete 
|   3|0x0000000080300000, 0x0000000080400000, 0x0000000080400000|100%|HC|  |TAMS 0x0000000080300000| PB 0x0000000080300000| Complete 
|   4|0x0000000080400000, 0x0000000080500000, 0x0000000080500000|100%| O|  |TAMS 0x0000000080400000| PB 0x0000000080400000| Untracked 
|   5|0x0000000080500000, 0x0000000080600000, 0x0000000080600000|100%| O|  |TAMS 0x0000000080500000| PB 0x0000000080500000| Untracked 
|   6|0x0000000080600000, 0x0000000080700000, 0x0000000080700000|100%| O|  |TAMS 0x0000000080600000| PB 0x0000000080600000| Untracked 
|   7|0x0000000080700000, 0x0000000080800000, 0x0000000080800000|100%|HS|  |TAMS 0x0000000080700000| PB 0x0000000080700000| Complete 
|   8|0x0000000080800000, 0x0000000080900000, 0x0000000080900000|100%| O|  |TAMS 0x0000000080800000| PB 0x0000000080800000| Untracked 
|   9|0x0000000080900000, 0x0000000080a00000, 0x0000000080a00000|100%| O|  |TAMS 0x0000000080900000| PB 0x0000000080900000| Untracked 
|  10|0x0000000080a00000, 0x0000000080b00000, 0x0000000080b00000|100%| O|  |TAMS 0x0000000080a00000| PB 0x0000000080a00000| Untracked 
|  11|0x0000000080b00000, 0x0000000080c00000, 0x0000000080c00000|100%| O|  |TAMS 0x0000000080b00000| PB 0x0000000080b00000| Untracked 
|  12|0x0000000080c00000, 0x0000000080d00000, 0x0000000080d00000|100%| O|  |TAMS 0x0000000080c00000| PB 0x0000000080c00000| Untracked 
|  13|0x0000000080d00000, 0x0000000080e00000, 0x0000000080e00000|100%| O|  |TAMS 0x0000000080d00000| PB 0x0000000080d00000| Untracked 
|  14|0x0000000080e00000, 0x0000000080f00000, 0x0000000080f00000|100%|HS|  |TAMS 0x0000000080e00000| PB 0x0000000080e00000| Complete 
|  15|0x0000000080f00000, 0x0000000081000000, 0x0000000081000000|100%|HC|  |TAMS 0x0000000080f00000| PB 0x0000000080f00000| Complete 
|  16|0x0000000081000000, 0x0000000081100000, 0x0000000081100000|100%|HC|  |TAMS 0x0000000081000000| PB 0x0000000081000000| Complete 
|  17|0x0000000081100000, 0x0000000081200000, 0x0000000081200000|100%|HC|  |TAMS 0x0000000081100000| PB 0x0000000081100000| Complete 
|  18|0x0000000081200000, 0x0000000081300000, 0x0000000081300000|100%|HC|  |TAMS 0x0000000081200000| PB 0x0000000081200000| Complete 
|  19|0x0000000081300000, 0x0000000081400000, 0x0000000081400000|100%|HC|  |TAMS 0x0000000081300000| PB 0x0000000081300000| Complete 
|  20|0x0000000081400000, 0x0000000081500000, 0x0000000081500000|100%| O|  |TAMS 0x0000000081400000| PB 0x0000000081400000| Untracked 
|  21|0x0000000081500000, 0x0000000081600000, 0x0000000081600000|100%| O|  |TAMS 0x0000000081500000| PB 0x0000000081500000| Untracked 
|  22|0x0000000081600000, 0x0000000081700000, 0x0000000081700000|100%| O|  |TAMS 0x0000000081600000| PB 0x0000000081600000| Untracked 
|  23|0x0000000081700000, 0x0000000081800000, 0x0000000081800000|100%| O|  |TAMS 0x0000000081700000| PB 0x0000000081700000| Untracked 
|  24|0x0000000081800000, 0x0000000081900000, 0x0000000081900000|100%| O|  |TAMS 0x0000000081800000| PB 0x0000000081800000| Untracked 
|  25|0x0000000081900000, 0x0000000081a00000, 0x0000000081a00000|100%| O|  |TAMS 0x0000000081900000| PB 0x0000000081900000| Untracked 
|  26|0x0000000081a00000, 0x0000000081b00000, 0x0000000081b00000|100%| O|  |TAMS 0x0000000081a00000| PB 0x0000000081a00000| Untracked 
|  27|0x0000000081b00000, 0x0000000081c00000, 0x0000000081c00000|100%| O|  |TAMS 0x0000000081b00000| PB 0x0000000081b00000| Untracked 
|  28|0x0000000081c00000, 0x0000000081d00000, 0x0000000081d00000|100%|HS|  |TAMS 0x0000000081c00000| PB 0x0000000081c00000| Complete 
|  29|0x0000000081d00000, 0x0000000081e00000, 0x0000000081e00000|100%| O|  |TAMS 0x0000000081d00000| PB 0x0000000081d00000| Untracked 
|  30|0x0000000081e00000, 0x0000000081f00000, 0x0000000081f00000|100%| O|  |TAMS 0x0000000081e00000| PB 0x0000000081e00000| Untracked 
|  31|0x0000000081f00000, 0x0000000082000000, 0x0000000082000000|100%| O|  |TAMS 0x0000000081f00000| PB 0x0000000081f00000| Untracked 
|  32|0x0000000082000000, 0x0000000082100000, 0x0000000082100000|100%| O|  |TAMS 0x0000000082000000| PB 0x0000000082000000| Untracked 
|  33|0x0000000082100000, 0x0000000082200000, 0x0000000082200000|100%| O|  |TAMS 0x0000000082100000| PB 0x0000000082100000| Untracked 
|  34|0x0000000082200000, 0x0000000082300000, 0x0000000082300000|100%| O|  |TAMS 0x0000000082200000| PB 0x0000000082200000| Untracked 
|  35|0x0000000082300000, 0x0000000082400000, 0x0000000082400000|100%|HS|  |TAMS 0x0000000082300000| PB 0x0000000082300000| Complete 
|  36|0x0000000082400000, 0x0000000082500000, 0x0000000082500000|100%|HC|  |TAMS 0x0000000082400000| PB 0x0000000082400000| Complete 
|  37|0x0000000082500000, 0x0000000082600000, 0x0000000082600000|100%|HC|  |TAMS 0x0000000082500000| PB 0x0000000082500000| Complete 
|  38|0x0000000082600000, 0x0000000082700000, 0x0000000082700000|100%|HC|  |TAMS 0x0000000082600000| PB 0x0000000082600000| Complete 
|  39|0x0000000082700000, 0x0000000082800000, 0x0000000082800000|100%|HS|  |TAMS 0x0000000082700000| PB 0x0000000082700000| Complete 
|  40|0x0000000082800000, 0x0000000082900000, 0x0000000082900000|100%|HC|  |TAMS 0x0000000082800000| PB 0x0000000082800000| Complete 
|  41|0x0000000082900000, 0x0000000082a00000, 0x0000000082a00000|100%| O|  |TAMS 0x0000000082900000| PB 0x0000000082900000| Untracked 
|  42|0x0000000082a00000, 0x0000000082b00000, 0x0000000082b00000|100%| O|  |TAMS 0x0000000082a00000| PB 0x0000000082a00000| Untracked 
|  43|0x0000000082b00000, 0x0000000082c00000, 0x0000000082c00000|100%| O|  |TAMS 0x0000000082b00000| PB 0x0000000082b00000| Untracked 
|  44|0x0000000082c00000, 0x0000000082d00000, 0x0000000082d00000|100%| O|  |TAMS 0x0000000082c00000| PB 0x0000000082c00000| Untracked 
|  45|0x0000000082d00000, 0x0000000082e00000, 0x0000000082e00000|100%| O|  |TAMS 0x0000000082d00000| PB 0x0000000082d00000| Untracked 
|  46|0x0000000082e00000, 0x0000000082f00000, 0x0000000082f00000|100%| O|  |TAMS 0x0000000082e00000| PB 0x0000000082e00000| Untracked 
|  47|0x0000000082f00000, 0x0000000083000000, 0x0000000083000000|100%| O|  |TAMS 0x0000000082f00000| PB 0x0000000082f00000| Untracked 
|  48|0x0000000083000000, 0x0000000083100000, 0x0000000083100000|100%| O|  |TAMS 0x0000000083000000| PB 0x0000000083000000| Untracked 
|  49|0x0000000083100000, 0x0000000083200000, 0x0000000083200000|100%| O|  |TAMS 0x0000000083100000| PB 0x0000000083100000| Untracked 
|  50|0x0000000083200000, 0x0000000083200000, 0x0000000083300000|  0%| F|  |TAMS 0x0000000083200000| PB 0x0000000083200000| Untracked 
|  51|0x0000000083300000, 0x0000000083400000, 0x0000000083400000|100%| O|  |TAMS 0x0000000083300000| PB 0x0000000083300000| Untracked 
|  52|0x0000000083400000, 0x0000000083500000, 0x0000000083500000|100%| O|  |TAMS 0x0000000083400000| PB 0x0000000083400000| Untracked 
|  53|0x0000000083500000, 0x0000000083600000, 0x0000000083600000|100%| O|  |TAMS 0x0000000083500000| PB 0x0000000083500000| Untracked 
|  54|0x0000000083600000, 0x0000000083700000, 0x0000000083700000|100%| O|  |TAMS 0x0000000083600000| PB 0x0000000083600000| Untracked 
|  55|0x0000000083700000, 0x0000000083800000, 0x0000000083800000|100%| O|  |TAMS 0x0000000083700000| PB 0x0000000083700000| Untracked 
|  56|0x0000000083800000, 0x0000000083900000, 0x0000000083900000|100%| O|  |TAMS 0x0000000083800000| PB 0x0000000083800000| Untracked 
|  57|0x0000000083900000, 0x0000000083a00000, 0x0000000083a00000|100%|HS|  |TAMS 0x0000000083900000| PB 0x0000000083900000| Complete 
|  58|0x0000000083a00000, 0x0000000083b00000, 0x0000000083b00000|100%|HC|  |TAMS 0x0000000083a00000| PB 0x0000000083a00000| Complete 
|  59|0x0000000083b00000, 0x0000000083c00000, 0x0000000083c00000|100%|HS|  |TAMS 0x0000000083b00000| PB 0x0000000083b00000| Complete 
|  60|0x0000000083c00000, 0x0000000083d00000, 0x0000000083d00000|100%|HC|  |TAMS 0x0000000083c00000| PB 0x0000000083c00000| Complete 
|  61|0x0000000083d00000, 0x0000000083e00000, 0x0000000083e00000|100%|HC|  |TAMS 0x0000000083d00000| PB 0x0000000083d00000| Complete 
|  62|0x0000000083e00000, 0x0000000083f00000, 0x0000000083f00000|100%|HC|  |TAMS 0x0000000083e00000| PB 0x0000000083e00000| Complete 
|  63|0x0000000083f00000, 0x0000000084000000, 0x0000000084000000|100%|HC|  |TAMS 0x0000000083f00000| PB 0x0000000083f00000| Complete 
|  64|0x0000000084000000, 0x0000000084100000, 0x0000000084100000|100%|HC|  |TAMS 0x0000000084000000| PB 0x0000000084000000| Complete 
|  65|0x0000000084100000, 0x0000000084200000, 0x0000000084200000|100%|HS|  |TAMS 0x0000000084100000| PB 0x0000000084100000| Complete 
|  66|0x0000000084200000, 0x0000000084300000, 0x0000000084300000|100%|HC|  |TAMS 0x0000000084200000| PB 0x0000000084200000| Complete 
|  67|0x0000000084300000, 0x0000000084400000, 0x0000000084400000|100%|HC|  |TAMS 0x0000000084300000| PB 0x0000000084300000| Complete 
|  68|0x0000000084400000, 0x0000000084500000, 0x0000000084500000|100%|HC|  |TAMS 0x0000000084400000| PB 0x0000000084400000| Complete 
|  69|0x0000000084500000, 0x0000000084600000, 0x0000000084600000|100%|HC|  |TAMS 0x0000000084500000| PB 0x0000000084500000| Complete 
|  70|0x0000000084600000, 0x0000000084700000, 0x0000000084700000|100%|HC|  |TAMS 0x0000000084600000| PB 0x0000000084600000| Complete 
|  71|0x0000000084700000, 0x0000000084800000, 0x0000000084800000|100%| O|  |TAMS 0x0000000084700000| PB 0x0000000084700000| Untracked 
|  72|0x0000000084800000, 0x0000000084900000, 0x0000000084900000|100%| O|  |TAMS 0x0000000084800000| PB 0x0000000084800000| Untracked 
|  73|0x0000000084900000, 0x0000000084a00000, 0x0000000084a00000|100%| O|  |TAMS 0x0000000084900000| PB 0x0000000084900000| Untracked 
|  74|0x0000000084a00000, 0x0000000084b00000, 0x0000000084b00000|100%| O|  |TAMS 0x0000000084a00000| PB 0x0000000084a00000| Untracked 
|  75|0x0000000084b00000, 0x0000000084c00000, 0x0000000084c00000|100%| O|  |TAMS 0x0000000084b00000| PB 0x0000000084b00000| Untracked 
|  76|0x0000000084c00000, 0x0000000084c624e8, 0x0000000084d00000| 38%| O|  |TAMS 0x0000000084c00000| PB 0x0000000084c00000| Untracked 
|  77|0x0000000084d00000, 0x0000000084e00000, 0x0000000084e00000|100%|HS|  |TAMS 0x0000000084d00000| PB 0x0000000084d00000| Complete 
|  78|0x0000000084e00000, 0x0000000084e00000, 0x0000000084f00000|  0%| F|  |TAMS 0x0000000084e00000| PB 0x0000000084e00000| Untracked 
|  79|0x0000000084f00000, 0x0000000085000000, 0x0000000085000000|100%| O|  |TAMS 0x0000000084f00000| PB 0x0000000084f00000| Untracked 
|  80|0x0000000085000000, 0x0000000085100000, 0x0000000085100000|100%| O|  |TAMS 0x0000000085000000| PB 0x0000000085000000| Untracked 
|  81|0x0000000085100000, 0x0000000085200000, 0x0000000085200000|100%| O|  |TAMS 0x0000000085100000| PB 0x0000000085100000| Untracked 
|  82|0x0000000085200000, 0x0000000085300000, 0x0000000085300000|100%| O|  |TAMS 0x0000000085200000| PB 0x0000000085200000| Untracked 
|  83|0x0000000085300000, 0x0000000085400000, 0x0000000085400000|100%| O|  |TAMS 0x0000000085300000| PB 0x0000000085300000| Untracked 
|  84|0x0000000085400000, 0x0000000085500000, 0x0000000085500000|100%| O|  |TAMS 0x0000000085400000| PB 0x0000000085400000| Untracked 
|  85|0x0000000085500000, 0x0000000085600000, 0x0000000085600000|100%| O|  |TAMS 0x0000000085500000| PB 0x0000000085500000| Untracked 
|  86|0x0000000085600000, 0x0000000085700000, 0x0000000085700000|100%| O|  |TAMS 0x0000000085600000| PB 0x0000000085600000| Untracked 
|  87|0x0000000085700000, 0x0000000085800000, 0x0000000085800000|100%|HS|  |TAMS 0x0000000085700000| PB 0x0000000085700000| Complete 
|  88|0x0000000085800000, 0x0000000085900000, 0x0000000085900000|100%|HC|  |TAMS 0x0000000085800000| PB 0x0000000085800000| Complete 
|  89|0x0000000085900000, 0x0000000085a00000, 0x0000000085a00000|100%|HC|  |TAMS 0x0000000085900000| PB 0x0000000085900000| Complete 
|  90|0x0000000085a00000, 0x0000000085b00000, 0x0000000085b00000|100%|HC|  |TAMS 0x0000000085a00000| PB 0x0000000085a00000| Complete 
|  91|0x0000000085b00000, 0x0000000085c00000, 0x0000000085c00000|100%|HC|  |TAMS 0x0000000085b00000| PB 0x0000000085b00000| Complete 
|  92|0x0000000085c00000, 0x0000000085d00000, 0x0000000085d00000|100%|HC|  |TAMS 0x0000000085c00000| PB 0x0000000085c00000| Complete 
|  93|0x0000000085d00000, 0x0000000085d00000, 0x0000000085e00000|  0%| F|  |TAMS 0x0000000085d00000| PB 0x0000000085d00000| Untracked 
|  94|0x0000000085e00000, 0x0000000085e00000, 0x0000000085f00000|  0%| F|  |TAMS 0x0000000085e00000| PB 0x0000000085e00000| Untracked 
|  95|0x0000000085f00000, 0x0000000085f00000, 0x0000000086000000|  0%| F|  |TAMS 0x0000000085f00000| PB 0x0000000085f00000| Untracked 
|  96|0x0000000086000000, 0x0000000086000000, 0x0000000086100000|  0%| F|  |TAMS 0x0000000086000000| PB 0x0000000086000000| Untracked 
|  97|0x0000000086100000, 0x0000000086100000, 0x0000000086200000|  0%| F|  |TAMS 0x0000000086100000| PB 0x0000000086100000| Untracked 
|  98|0x0000000086200000, 0x0000000086200000, 0x0000000086300000|  0%| F|  |TAMS 0x0000000086200000| PB 0x0000000086200000| Untracked 
|  99|0x0000000086300000, 0x0000000086300000, 0x0000000086400000|  0%| F|  |TAMS 0x0000000086300000| PB 0x0000000086300000| Untracked 
| 100|0x0000000086400000, 0x0000000086400000, 0x0000000086500000|  0%| F|  |TAMS 0x0000000086400000| PB 0x0000000086400000| Untracked 
| 101|0x0000000086500000, 0x0000000086500000, 0x0000000086600000|  0%| F|  |TAMS 0x0000000086500000| PB 0x0000000086500000| Untracked 
| 102|0x0000000086600000, 0x0000000086600000, 0x0000000086700000|  0%| F|  |TAMS 0x0000000086600000| PB 0x0000000086600000| Untracked 
| 103|0x0000000086700000, 0x0000000086700000, 0x0000000086800000|  0%| F|  |TAMS 0x0000000086700000| PB 0x0000000086700000| Untracked 
| 104|0x0000000086800000, 0x0000000086800000, 0x0000000086900000|  0%| F|  |TAMS 0x0000000086800000| PB 0x0000000086800000| Untracked 
| 105|0x0000000086900000, 0x0000000086900000, 0x0000000086a00000|  0%| F|  |TAMS 0x0000000086900000| PB 0x0000000086900000| Untracked 
| 106|0x0000000086a00000, 0x0000000086a00000, 0x0000000086b00000|  0%| F|  |TAMS 0x0000000086a00000| PB 0x0000000086a00000| Untracked 
| 107|0x0000000086b00000, 0x0000000086b00000, 0x0000000086c00000|  0%| F|  |TAMS 0x0000000086b00000| PB 0x0000000086b00000| Untracked 
| 108|0x0000000086c00000, 0x0000000086c00000, 0x0000000086d00000|  0%| F|  |TAMS 0x0000000086c00000| PB 0x0000000086c00000| Untracked 
| 109|0x0000000086d00000, 0x0000000086d00000, 0x0000000086e00000|  0%| F|  |TAMS 0x0000000086d00000| PB 0x0000000086d00000| Untracked 
| 110|0x0000000086e00000, 0x0000000086e00000, 0x0000000086f00000|  0%| F|  |TAMS 0x0000000086e00000| PB 0x0000000086e00000| Untracked 
| 111|0x0000000086f00000, 0x0000000086f00000, 0x0000000087000000|  0%| F|  |TAMS 0x0000000086f00000| PB 0x0000000086f00000| Untracked 
| 112|0x0000000087000000, 0x00000000870af680, 0x0000000087100000| 68%| S|CS|TAMS 0x0000000087000000| PB 0x0000000087000000| Complete 
| 113|0x0000000087100000, 0x0000000087200000, 0x0000000087200000|100%| S|CS|TAMS 0x0000000087100000| PB 0x0000000087100000| Complete 
| 114|0x0000000087200000, 0x0000000087300000, 0x0000000087300000|100%| S|CS|TAMS 0x0000000087200000| PB 0x0000000087200000| Complete 
| 115|0x0000000087300000, 0x0000000087400000, 0x0000000087400000|100%| S|CS|TAMS 0x0000000087300000| PB 0x0000000087300000| Complete 
| 116|0x0000000087400000, 0x0000000087500000, 0x0000000087500000|100%| S|CS|TAMS 0x0000000087400000| PB 0x0000000087400000| Complete 
| 117|0x0000000087500000, 0x0000000087500000, 0x0000000087600000|  0%| F|  |TAMS 0x0000000087500000| PB 0x0000000087500000| Untracked 
| 118|0x0000000087600000, 0x0000000087600000, 0x0000000087700000|  0%| F|  |TAMS 0x0000000087600000| PB 0x0000000087600000| Untracked 
| 119|0x0000000087700000, 0x0000000087700000, 0x0000000087800000|  0%| F|  |TAMS 0x0000000087700000| PB 0x0000000087700000| Untracked 
| 120|0x0000000087800000, 0x0000000087800000, 0x0000000087900000|  0%| F|  |TAMS 0x0000000087800000| PB 0x0000000087800000| Untracked 
| 121|0x0000000087900000, 0x0000000087900000, 0x0000000087a00000|  0%| F|  |TAMS 0x0000000087900000| PB 0x0000000087900000| Untracked 
| 122|0x0000000087a00000, 0x0000000087a00000, 0x0000000087b00000|  0%| F|  |TAMS 0x0000000087a00000| PB 0x0000000087a00000| Untracked 
| 123|0x0000000087b00000, 0x0000000087b00000, 0x0000000087c00000|  0%| F|  |TAMS 0x0000000087b00000| PB 0x0000000087b00000| Untracked 
| 124|0x0000000087c00000, 0x0000000087c00000, 0x0000000087d00000|  0%| F|  |TAMS 0x0000000087c00000| PB 0x0000000087c00000| Untracked 
| 125|0x0000000087d00000, 0x0000000087d00000, 0x0000000087e00000|  0%| F|  |TAMS 0x0000000087d00000| PB 0x0000000087d00000| Untracked 
| 126|0x0000000087e00000, 0x0000000087e00000, 0x0000000087f00000|  0%| F|  |TAMS 0x0000000087e00000| PB 0x0000000087e00000| Untracked 
| 127|0x0000000087f00000, 0x0000000087f00000, 0x0000000088000000|  0%| F|  |TAMS 0x0000000087f00000| PB 0x0000000087f00000| Untracked 
| 128|0x0000000088000000, 0x0000000088000000, 0x0000000088100000|  0%| F|  |TAMS 0x0000000088000000| PB 0x0000000088000000| Untracked 
| 129|0x0000000088100000, 0x0000000088100000, 0x0000000088200000|  0%| F|  |TAMS 0x0000000088100000| PB 0x0000000088100000| Untracked 
| 130|0x0000000088200000, 0x0000000088200000, 0x0000000088300000|  0%| F|  |TAMS 0x0000000088200000| PB 0x0000000088200000| Untracked 
| 131|0x0000000088300000, 0x0000000088300000, 0x0000000088400000|  0%| F|  |TAMS 0x0000000088300000| PB 0x0000000088300000| Untracked 
| 132|0x0000000088400000, 0x0000000088400000, 0x0000000088500000|  0%| F|  |TAMS 0x0000000088400000| PB 0x0000000088400000| Untracked 
| 133|0x0000000088500000, 0x0000000088500000, 0x0000000088600000|  0%| F|  |TAMS 0x0000000088500000| PB 0x0000000088500000| Untracked 
| 134|0x0000000088600000, 0x0000000088600000, 0x0000000088700000|  0%| F|  |TAMS 0x0000000088600000| PB 0x0000000088600000| Untracked 
| 135|0x0000000088700000, 0x0000000088700000, 0x0000000088800000|  0%| F|  |TAMS 0x0000000088700000| PB 0x0000000088700000| Untracked 
| 136|0x0000000088800000, 0x0000000088800000, 0x0000000088900000|  0%| F|  |TAMS 0x0000000088800000| PB 0x0000000088800000| Untracked 
| 137|0x0000000088900000, 0x0000000088900000, 0x0000000088a00000|  0%| F|  |TAMS 0x0000000088900000| PB 0x0000000088900000| Untracked 
| 138|0x0000000088a00000, 0x0000000088a00000, 0x0000000088b00000|  0%| F|  |TAMS 0x0000000088a00000| PB 0x0000000088a00000| Untracked 
| 139|0x0000000088b00000, 0x0000000088b00000, 0x0000000088c00000|  0%| F|  |TAMS 0x0000000088b00000| PB 0x0000000088b00000| Untracked 
| 140|0x0000000088c00000, 0x0000000088c00000, 0x0000000088d00000|  0%| F|  |TAMS 0x0000000088c00000| PB 0x0000000088c00000| Untracked 
| 141|0x0000000088d00000, 0x0000000088d00000, 0x0000000088e00000|  0%| F|  |TAMS 0x0000000088d00000| PB 0x0000000088d00000| Untracked 
| 142|0x0000000088e00000, 0x0000000088e00000, 0x0000000088f00000|  0%| F|  |TAMS 0x0000000088e00000| PB 0x0000000088e00000| Untracked 
| 143|0x0000000088f00000, 0x0000000088f00000, 0x0000000089000000|  0%| F|  |TAMS 0x0000000088f00000| PB 0x0000000088f00000| Untracked 
| 144|0x0000000089000000, 0x0000000089000000, 0x0000000089100000|  0%| F|  |TAMS 0x0000000089000000| PB 0x0000000089000000| Untracked 
| 145|0x0000000089100000, 0x0000000089100000, 0x0000000089200000|  0%| F|  |TAMS 0x0000000089100000| PB 0x0000000089100000| Untracked 
| 146|0x0000000089200000, 0x0000000089200000, 0x0000000089300000|  0%| F|  |TAMS 0x0000000089200000| PB 0x0000000089200000| Untracked 
| 147|0x0000000089300000, 0x0000000089300000, 0x0000000089400000|  0%| F|  |TAMS 0x0000000089300000| PB 0x0000000089300000| Untracked 
| 148|0x0000000089400000, 0x0000000089400000, 0x0000000089500000|  0%| F|  |TAMS 0x0000000089400000| PB 0x0000000089400000| Untracked 
| 149|0x0000000089500000, 0x0000000089500000, 0x0000000089600000|  0%| F|  |TAMS 0x0000000089500000| PB 0x0000000089500000| Untracked 
| 150|0x0000000089600000, 0x0000000089600000, 0x0000000089700000|  0%| F|  |TAMS 0x0000000089600000| PB 0x0000000089600000| Untracked 
| 219|0x000000008db00000, 0x000000008db00000, 0x000000008dc00000|  0%| F|  |TAMS 0x000000008db00000| PB 0x000000008db00000| Untracked 
| 220|0x000000008dc00000, 0x000000008dc00000, 0x000000008dd00000|  0%| F|  |TAMS 0x000000008dc00000| PB 0x000000008dc00000| Untracked 
| 221|0x000000008dd00000, 0x000000008dd00000, 0x000000008de00000|  0%| F|  |TAMS 0x000000008dd00000| PB 0x000000008dd00000| Untracked 
| 222|0x000000008de00000, 0x000000008de00000, 0x000000008df00000|  0%| F|  |TAMS 0x000000008de00000| PB 0x000000008de00000| Untracked 
| 223|0x000000008df00000, 0x000000008df00000, 0x000000008e000000|  0%| F|  |TAMS 0x000000008df00000| PB 0x000000008df00000| Untracked 
| 224|0x000000008e000000, 0x000000008e000000, 0x000000008e100000|  0%| F|  |TAMS 0x000000008e000000| PB 0x000000008e000000| Untracked 
| 225|0x000000008e100000, 0x000000008e100000, 0x000000008e200000|  0%| F|  |TAMS 0x000000008e100000| PB 0x000000008e100000| Untracked 
| 226|0x000000008e200000, 0x000000008e200000, 0x000000008e300000|  0%| F|  |TAMS 0x000000008e200000| PB 0x000000008e200000| Untracked 
| 227|0x000000008e300000, 0x000000008e300000, 0x000000008e400000|  0%| F|  |TAMS 0x000000008e300000| PB 0x000000008e300000| Untracked 
| 250|0x000000008fa00000, 0x000000008fa00000, 0x000000008fb00000|  0%| F|  |TAMS 0x000000008fa00000| PB 0x000000008fa00000| Untracked 
| 251|0x000000008fb00000, 0x000000008fb00000, 0x000000008fc00000|  0%| F|  |TAMS 0x000000008fb00000| PB 0x000000008fb00000| Untracked 
|2038|0x00000000ff600000, 0x00000000ff700000, 0x00000000ff700000|100%| O|Cm|TAMS 0x00000000ff600000| PB 0x00000000ff600000| Complete 
|2039|0x00000000ff700000, 0x00000000ff800000, 0x00000000ff800000|100%| O|Cm|TAMS 0x00000000ff700000| PB 0x00000000ff700000| Complete 
|2040|0x00000000ff800000, 0x00000000ff900000, 0x00000000ff900000|100%| O|Cm|TAMS 0x00000000ff800000| PB 0x00000000ff800000| Complete 
|2041|0x00000000ff900000, 0x00000000ffa00000, 0x00000000ffa00000|100%| O|  |TAMS 0x00000000ff900000| PB 0x00000000ff900000| Untracked 
|2042|0x00000000ffa00000, 0x00000000ffb00000, 0x00000000ffb00000|100%| O|  |TAMS 0x00000000ffa00000| PB 0x00000000ffa00000| Untracked 
|2043|0x00000000ffb00000, 0x00000000ffc00000, 0x00000000ffc00000|100%| O|  |TAMS 0x00000000ffb00000| PB 0x00000000ffb00000| Untracked 
|2044|0x00000000ffc00000, 0x00000000ffd00000, 0x00000000ffd00000|100%| O|  |TAMS 0x00000000ffc00000| PB 0x00000000ffc00000| Untracked 
|2045|0x00000000ffd00000, 0x00000000ffe00000, 0x00000000ffe00000|100%| O|  |TAMS 0x00000000ffd00000| PB 0x00000000ffd00000| Untracked 
|2046|0x00000000ffe00000, 0x00000000fff00000, 0x00000000fff00000|100%| O|  |TAMS 0x00000000ffe00000| PB 0x00000000ffe00000| Untracked 
|2047|0x00000000fff00000, 0x0000000100000000, 0x0000000100000000|100%| O|  |TAMS 0x00000000fff00000| PB 0x00000000fff00000| Untracked 

Card table byte_map: [0x000001a23e380000,0x000001a23e780000] _byte_map_base: 0x000001a23df80000

Marking Bits: (CMBitMap*) 0x000001a22b923a30
 Bits: [0x000001a23e780000, 0x000001a240780000)

Polling page: 0x000001a229720000

Metaspace:

Usage:
  Non-class:     74.59 MB used.
      Class:     11.51 MB used.
       Both:     86.09 MB used.

Virtual space:
  Non-class space:      128.00 MB reserved,      75.44 MB ( 59%) committed,  2 nodes.
      Class space:        1.00 GB reserved,      12.31 MB (  1%) committed,  1 nodes.
             Both:        1.12 GB reserved,      87.75 MB (  8%) committed. 

Chunk freelists:
   Non-Class:  3.95 MB
       Class:  3.53 MB
        Both:  7.48 MB

MaxMetaspaceSize: unlimited
CompressedClassSpaceSize: 1.00 GB
Initial GC threshold: 21.00 MB
Current GC threshold: 138.69 MB
CDS: off
 - commit_granule_bytes: 65536.
 - commit_granule_words: 8192.
 - virtual_space_node_default_size: 8388608.
 - enlarge_chunks_in_place: 1.
 - use_allocation_guard: 0.


Internal statistics:

num_allocs_failed_limit: 6.
num_arena_births: 3010.
num_arena_deaths: 0.
num_vsnodes_births: 3.
num_vsnodes_deaths: 0.
num_space_committed: 1402.
num_space_uncommitted: 0.
num_chunks_returned_to_freelist: 6.
num_chunks_taken_from_freelist: 6367.
num_chunk_merges: 6.
num_chunk_splits: 4364.
num_chunks_enlarged: 2989.
num_inconsistent_stats: 0.

CodeHeap 'non-profiled nmethods': size=120000Kb used=3425Kb max_used=3570Kb free=116574Kb
 bounds [0x000001a2364f0000, 0x000001a236870000, 0x000001a23da20000]
CodeHeap 'profiled nmethods': size=120000Kb used=10353Kb max_used=10356Kb free=109646Kb
 bounds [0x000001a22ea20000, 0x000001a22f460000, 0x000001a235f50000]
CodeHeap 'non-nmethods': size=5760Kb used=3064Kb max_used=3086Kb free=2696Kb
 bounds [0x000001a235f50000, 0x000001a236260000, 0x000001a2364f0000]
 total_blobs=6633 nmethods=5695 adapters=841
 compilation: enabled
              stopped_count=0, restarted_count=0
 full_count=0

Compilation events (20 events):
Event: 6.653 Thread 0x000001a243574620 6779       3       kotlin.collections.CollectionsKt___CollectionsKt::single (76 bytes)
Event: 6.653 Thread 0x000001a243574620 nmethod 6779 0x000001a22f3a7910 code [0x000001a22f3a7be0, 0x000001a22f3a88f0]
Event: 6.654 Thread 0x000001a243574620 6780       3       org.jetbrains.kotlin.container.CacheKt::getInfo (14 bytes)
Event: 6.654 Thread 0x000001a243574620 nmethod 6780 0x000001a22f3a3790 code [0x000001a22f3a39c0, 0x000001a22f3a3f60]
Event: 6.654 Thread 0x000001a243574620 6781       3       org.jetbrains.kotlin.container.ClassTraversalCache::getClassInfo (43 bytes)
Event: 6.654 Thread 0x000001a243574620 nmethod 6781 0x000001a22f3a6a90 code [0x000001a22f3a6d00, 0x000001a22f3a75d8]
Event: 6.656 Thread 0x000001a243574620 6782       3       java.lang.reflect.Constructor::isSynthetic (5 bytes)
Event: 6.656 Thread 0x000001a243574620 nmethod 6782 0x000001a22f3a3210 code [0x000001a22f3a33c0, 0x000001a22f3a35f8]
Event: 6.672 Thread 0x000001a243574620 6783       3       org.jetbrains.kotlin.container.CacheKt::getConstructorInfo (250 bytes)
Event: 6.674 Thread 0x000001a243574620 nmethod 6783 0x000001a22f450010 code [0x000001a22f4507e0, 0x000001a22f454f88]
Event: 6.674 Thread 0x000001a243574620 6784       3       org.jetbrains.kotlin.container.CacheKt::getRegistrations (114 bytes)
Event: 6.674 Thread 0x000001a243574620 nmethod 6784 0x000001a22ebf8890 code [0x000001a22ebf8b60, 0x000001a22ebf9720]
Event: 6.674 Thread 0x000001a243574620 6785       3       kotlin.sequences.SequencesKt__SequencesKt::generateSequence (42 bytes)
Event: 6.675 Thread 0x000001a243574620 nmethod 6785 0x000001a22ebf6e90 code [0x000001a22ebf7180, 0x000001a22ebf8178]
Event: 6.706 Thread 0x000001a243574620 6786       3       java.util.HashSet::toArray (18 bytes)
Event: 6.706 Thread 0x000001a243574620 nmethod 6786 0x000001a22f3a6390 code [0x000001a22f3a6540, 0x000001a22f3a6830]
Event: 6.712 Thread 0x000001a24d089310 6787   !   4       kotlin.jvm.internal.ArrayIterator::next (48 bytes)
Event: 6.713 Thread 0x000001a24d089310 nmethod 6787 0x000001a2366f8f90 code [0x000001a2366f9120, 0x000001a2366f9200]
Event: 6.714 Thread 0x000001a243574620 6788       3       kotlin.LazyKt__LazyJVMKt::lazy (21 bytes)
Event: 6.714 Thread 0x000001a243574620 nmethod 6788 0x000001a22f2a7690 code [0x000001a22f2a78c0, 0x000001a22f2a7f48]

GC Heap History (20 events):
Event: 3.456 GC heap after
{Heap after GC invocations=12 (full 0):
 garbage-first heap   total 122880K, used 48895K [0x0000000080000000, 0x0000000100000000)
  region size 1024K, 4 young (4096K), 4 survivors (4096K)
 Metaspace       used 45924K, committed 47168K, reserved 1114112K
  class space    used 6313K, committed 6912K, reserved 1048576K
}
Event: 3.818 GC heap before
{Heap before GC invocations=13 (full 0):
 garbage-first heap   total 122880K, used 100095K [0x0000000080000000, 0x0000000100000000)
  region size 1024K, 50 young (51200K), 4 survivors (4096K)
 Metaspace       used 51043K, committed 52416K, reserved 1114112K
  class space    used 6782K, committed 7424K, reserved 1048576K
}
Event: 3.822 GC heap after
{Heap after GC invocations=14 (full 0):
 garbage-first heap   total 122880K, used 54012K [0x0000000080000000, 0x0000000100000000)
  region size 1024K, 7 young (7168K), 7 survivors (7168K)
 Metaspace       used 51043K, committed 52416K, reserved 1114112K
  class space    used 6782K, committed 7424K, reserved 1048576K
}
Event: 4.228 GC heap before
{Heap before GC invocations=14 (full 0):
 garbage-first heap   total 122880K, used 99068K [0x0000000080000000, 0x0000000100000000)
  region size 1024K, 51 young (52224K), 7 survivors (7168K)
 Metaspace       used 56124K, committed 57664K, reserved 1114112K
  class space    used 7637K, committed 8384K, reserved 1048576K
}
Event: 4.233 GC heap after
{Heap after GC invocations=15 (full 0):
 garbage-first heap   total 122880K, used 57808K [0x0000000080000000, 0x0000000100000000)
  region size 1024K, 4 young (4096K), 4 survivors (4096K)
 Metaspace       used 56124K, committed 57664K, reserved 1114112K
  class space    used 7637K, committed 8384K, reserved 1048576K
}
Event: 4.278 GC heap before
{Heap before GC invocations=15 (full 0):
 garbage-first heap   total 122880K, used 59856K [0x0000000080000000, 0x0000000100000000)
  region size 1024K, 7 young (7168K), 4 survivors (4096K)
 Metaspace       used 56245K, committed 57792K, reserved 1114112K
  class space    used 7658K, committed 8448K, reserved 1048576K
}
Event: 4.280 GC heap after
{Heap after GC invocations=16 (full 0):
 garbage-first heap   total 122880K, used 58895K [0x0000000080000000, 0x0000000100000000)
  region size 1024K, 2 young (2048K), 2 survivors (2048K)
 Metaspace       used 56245K, committed 57792K, reserved 1114112K
  class space    used 7658K, committed 8448K, reserved 1048576K
}
Event: 4.680 GC heap before
{Heap before GC invocations=17 (full 0):
 garbage-first heap   total 122880K, used 114191K [0x0000000080000000, 0x0000000100000000)
  region size 1024K, 41 young (41984K), 2 survivors (2048K)
 Metaspace       used 58961K, committed 60608K, reserved 1114112K
  class space    used 7888K, committed 8704K, reserved 1048576K
}
Event: 4.683 GC heap after
{Heap after GC invocations=18 (full 0):
 garbage-first heap   total 150528K, used 80690K [0x0000000080000000, 0x0000000100000000)
  region size 1024K, 6 young (6144K), 6 survivors (6144K)
 Metaspace       used 58961K, committed 60608K, reserved 1114112K
  class space    used 7888K, committed 8704K, reserved 1048576K
}
Event: 4.968 GC heap before
{Heap before GC invocations=18 (full 0):
 garbage-first heap   total 150528K, used 124722K [0x0000000080000000, 0x0000000100000000)
  region size 1024K, 49 young (50176K), 6 survivors (6144K)
 Metaspace       used 63851K, committed 65472K, reserved 1114112K
  class space    used 8950K, committed 9792K, reserved 1048576K
}
Event: 4.972 GC heap after
{Heap after GC invocations=19 (full 0):
 garbage-first heap   total 150528K, used 81110K [0x0000000080000000, 0x0000000100000000)
  region size 1024K, 2 young (2048K), 2 survivors (2048K)
 Metaspace       used 63851K, committed 65472K, reserved 1114112K
  class space    used 8950K, committed 9792K, reserved 1048576K
}
Event: 5.390 GC heap before
{Heap before GC invocations=19 (full 0):
 garbage-first heap   total 150528K, used 127190K [0x0000000080000000, 0x0000000100000000)
  region size 1024K, 47 young (48128K), 2 survivors (2048K)
 Metaspace       used 70315K, committed 71936K, reserved 1114112K
  class space    used 9770K, committed 10560K, reserved 1048576K
}
Event: 5.392 GC heap after
{Heap after GC invocations=20 (full 0):
 garbage-first heap   total 150528K, used 82343K [0x0000000080000000, 0x0000000100000000)
  region size 1024K, 3 young (3072K), 3 survivors (3072K)
 Metaspace       used 70315K, committed 71936K, reserved 1114112K
  class space    used 9770K, committed 10560K, reserved 1048576K
}
Event: 5.858 GC heap before
{Heap before GC invocations=21 (full 0):
 garbage-first heap   total 150528K, used 137639K [0x0000000080000000, 0x0000000100000000)
  region size 1024K, 50 young (51200K), 3 survivors (3072K)
 Metaspace       used 77787K, committed 79424K, reserved 1179648K
  class space    used 10709K, committed 11520K, reserved 1048576K
}
Event: 5.862 GC heap after
{Heap after GC invocations=22 (full 0):
 garbage-first heap   total 150528K, used 83408K [0x0000000080000000, 0x0000000100000000)
  region size 1024K, 4 young (4096K), 4 survivors (4096K)
 Metaspace       used 77787K, committed 79424K, reserved 1179648K
  class space    used 10709K, committed 11520K, reserved 1048576K
}
Event: 6.110 GC heap before
{Heap before GC invocations=22 (full 0):
 garbage-first heap   total 150528K, used 140752K [0x0000000080000000, 0x0000000100000000)
  region size 1024K, 53 young (54272K), 4 survivors (4096K)
 Metaspace       used 79657K, committed 81344K, reserved 1179648K
  class space    used 10927K, committed 11712K, reserved 1048576K
}
Event: 6.121 GC heap after
{Heap after GC invocations=23 (full 0):
 garbage-first heap   total 160768K, used 96256K [0x0000000080000000, 0x0000000100000000)
  region size 1024K, 7 young (7168K), 7 survivors (7168K)
 Metaspace       used 79657K, committed 81344K, reserved 1179648K
  class space    used 10927K, committed 11712K, reserved 1048576K
}
Event: 6.345 GC heap before
{Heap before GC invocations=23 (full 0):
 garbage-first heap   total 160768K, used 120832K [0x0000000080000000, 0x0000000100000000)
  region size 1024K, 32 young (32768K), 7 survivors (7168K)
 Metaspace       used 83329K, committed 85056K, reserved 1179648K
  class space    used 11344K, committed 12160K, reserved 1048576K
}
Event: 6.351 GC heap after
{Heap after GC invocations=24 (full 0):
 garbage-first heap   total 160768K, used 98621K [0x0000000080000000, 0x0000000100000000)
  region size 1024K, 2 young (2048K), 2 survivors (2048K)
 Metaspace       used 83329K, committed 85056K, reserved 1179648K
  class space    used 11344K, committed 12160K, reserved 1048576K
}
Event: 6.742 GC heap before
{Heap before GC invocations=25 (full 0):
 garbage-first heap   total 176128K, used 148797K [0x0000000080000000, 0x0000000100000000)
  region size 1024K, 45 young (46080K), 2 survivors (2048K)
 Metaspace       used 88158K, committed 89856K, reserved 1179648K
  class space    used 11782K, committed 12608K, reserved 1048576K
}

Dll operation events (3 events):
Event: 0.009 Loaded shared library C:\Program Files\Android\Android Studio\jbr\bin\java.dll
Event: 0.014 Loaded shared library C:\Program Files\Android\Android Studio\jbr\bin\zip.dll
Event: 0.358 Loaded shared library C:\Program Files\Android\Android Studio\jbr\bin\verify.dll

Deoptimization events (20 events):
Event: 6.361 Thread 0x000001a249bdbff0 Uncommon trap: trap_request=0xffffffde fr.pc=0x000001a236865a4c relative=0x00000000000004cc
Event: 6.361 Thread 0x000001a249bdbff0 Uncommon trap: reason=class_check action=maybe_recompile pc=0x000001a236865a4c method=org.jetbrains.kotlin.protobuf.CodedInputStream.tryRefillBuffer(I)Z @ 177 c2
Event: 6.361 Thread 0x000001a249bdbff0 DEOPT PACKING pc=0x000001a236865a4c sp=0x0000002ebe0f4840
Event: 6.361 Thread 0x000001a249bdbff0 DEOPT UNPACKING pc=0x000001a235fa7da2 sp=0x0000002ebe0f4728 mode 2
Event: 6.362 Thread 0x000001a249bdbff0 Uncommon trap: trap_request=0xffffffde fr.pc=0x000001a236865a4c relative=0x00000000000004cc
Event: 6.362 Thread 0x000001a249bdbff0 Uncommon trap: reason=class_check action=maybe_recompile pc=0x000001a236865a4c method=org.jetbrains.kotlin.protobuf.CodedInputStream.tryRefillBuffer(I)Z @ 177 c2
Event: 6.362 Thread 0x000001a249bdbff0 DEOPT PACKING pc=0x000001a236865a4c sp=0x0000002ebe0f4840
Event: 6.362 Thread 0x000001a249bdbff0 DEOPT UNPACKING pc=0x000001a235fa7da2 sp=0x0000002ebe0f4728 mode 2
Event: 6.365 Thread 0x000001a249bdbff0 Uncommon trap: trap_request=0xffffffde fr.pc=0x000001a236865a4c relative=0x00000000000004cc
Event: 6.365 Thread 0x000001a249bdbff0 Uncommon trap: reason=class_check action=maybe_recompile pc=0x000001a236865a4c method=org.jetbrains.kotlin.protobuf.CodedInputStream.tryRefillBuffer(I)Z @ 177 c2
Event: 6.365 Thread 0x000001a249bdbff0 DEOPT PACKING pc=0x000001a236865a4c sp=0x0000002ebe0f4840
Event: 6.365 Thread 0x000001a249bdbff0 DEOPT UNPACKING pc=0x000001a235fa7da2 sp=0x0000002ebe0f4728 mode 2
Event: 6.365 Thread 0x000001a249bdbff0 Uncommon trap: trap_request=0xffffffde fr.pc=0x000001a236865a4c relative=0x00000000000004cc
Event: 6.365 Thread 0x000001a249bdbff0 Uncommon trap: reason=class_check action=maybe_recompile pc=0x000001a236865a4c method=org.jetbrains.kotlin.protobuf.CodedInputStream.tryRefillBuffer(I)Z @ 177 c2
Event: 6.365 Thread 0x000001a249bdbff0 DEOPT PACKING pc=0x000001a236865a4c sp=0x0000002ebe0f4840
Event: 6.365 Thread 0x000001a249bdbff0 DEOPT UNPACKING pc=0x000001a235fa7da2 sp=0x0000002ebe0f4728 mode 2
Event: 6.453 Thread 0x000001a249bdbff0 Uncommon trap: trap_request=0xffffff76 fr.pc=0x000001a2367bebfc relative=0x00000000000001dc
Event: 6.453 Thread 0x000001a249bdbff0 Uncommon trap: reason=predicate action=maybe_recompile pc=0x000001a2367bebfc method=java.util.LinkedHashMap.keysToArray([Ljava/lang/Object;Z)[Ljava/lang/Object; @ 53 c2
Event: 6.453 Thread 0x000001a249bdbff0 DEOPT PACKING pc=0x000001a2367bebfc sp=0x0000002ebe0f0a40
Event: 6.453 Thread 0x000001a249bdbff0 DEOPT UNPACKING pc=0x000001a235fa7da2 sp=0x0000002ebe0f09f0 mode 2

Classes loaded (20 events):
Event: 5.895 Loading class jdk/internal/misc/ExtendedMapMode
Event: 5.895 Loading class jdk/internal/misc/ExtendedMapMode done
Event: 5.895 Loading class sun/nio/ch/FileChannelImpl$DefaultUnmapper
Event: 5.895 Loading class sun/nio/ch/FileChannelImpl$Unmapper
Event: 5.895 Loading class jdk/internal/access/foreign/UnmapperProxy
Event: 5.895 Loading class jdk/internal/access/foreign/UnmapperProxy done
Event: 5.895 Loading class sun/nio/ch/FileChannelImpl$Unmapper done
Event: 5.895 Loading class sun/nio/ch/FileChannelImpl$DefaultUnmapper done
Event: 5.895 Loading class sun/nio/ch/Util$4
Event: 5.895 Loading class sun/nio/ch/Util$4 done
Event: 5.895 Loading class java/lang/foreign/MemorySegment
Event: 5.895 Loading class java/lang/foreign/MemorySegment done
Event: 5.897 Loading class java/io/UTFDataFormatException
Event: 5.897 Loading class java/io/UTFDataFormatException done
Event: 5.913 Loading class java/util/zip/ZipFile$ZipEntryIterator
Event: 5.913 Loading class java/util/zip/ZipFile$ZipEntryIterator done
Event: 6.053 Loading class java/nio/channels/Channels$ReadableByteChannelImpl
Event: 6.053 Loading class java/nio/channels/Channels$ReadableByteChannelImpl done
Event: 6.053 Loading class java/nio/channels/NonWritableChannelException
Event: 6.053 Loading class java/nio/channels/NonWritableChannelException done

Classes unloaded (0 events):
No events

Classes redefined (0 events):
No events

Internal exceptions (20 events):
Event: 5.356 Thread 0x000001a249bdbff0 Exception <a 'java/lang/NoSuchMethodError'{0x00000000867a7e98}: 'long java.lang.invoke.DirectMethodHandle$Holder.invokeStaticInit(java.lang.Object)'> (0x00000000867a7e98) 
thrown [s\src\hotspot\share\interpreter\linkResolver.cpp, line 784]
Event: 5.399 Thread 0x000001a249bdbff0 Exception <a 'java/lang/NoSuchMethodError'{0x000000008fb9a980}: 'void java.lang.invoke.DirectMethodHandle$Holder.invokeStaticInit(java.lang.Object)'> (0x000000008fb9a980) 
thrown [s\src\hotspot\share\interpreter\linkResolver.cpp, line 784]
Event: 5.405 Thread 0x000001a249bdbff0 Exception <a 'java/lang/NoSuchMethodError'{0x000000008fa1cc58}: 'void java.lang.invoke.DelegatingMethodHandle$Holder.reinvoke_L(java.lang.Object, java.lang.Object, java.lang.Object, long, java.lang.Object)'> (0x000000008fa1cc58) 
thrown [s\src\hotspot\share\interpreter\linkResolver.cpp, line 784]
Event: 5.406 Thread 0x000001a249bdbff0 Exception <a 'java/lang/NoSuchMethodError'{0x000000008fa2bdf8}: 'void java.lang.invoke.DelegatingMethodHandle$Holder.reinvoke_L(java.lang.Object, java.lang.Object, java.lang.Object, long, long)'> (0x000000008fa2bdf8) 
thrown [s\src\hotspot\share\interpreter\linkResolver.cpp, line 784]
Event: 5.406 Thread 0x000001a249bdbff0 Exception <a 'java/lang/NoSuchMethodError'{0x000000008fa342c0}: 'java.lang.Object java.lang.invoke.DirectMethodHandle$Holder.invokeSpecial(java.lang.Object, java.lang.Object, java.lang.Object, java.lang.Object, long)'> (0x000000008fa342c0) 
thrown [s\src\hotspot\share\interpreter\linkResolver.cpp, line 784]
Event: 5.406 Thread 0x000001a249bdbff0 Exception <a 'java/lang/NoSuchMethodError'{0x000000008fa441d0}: 'int java.lang.invoke.DelegatingMethodHandle$Holder.reinvoke_L(java.lang.Object, java.lang.Object, java.lang.Object, long, java.lang.Object, java.lang.Object)'> (0x000000008fa441d0) 
thrown [s\src\hotspot\share\interpreter\linkResolver.cpp, line 784]
Event: 5.407 Thread 0x000001a249bdbff0 Exception <a 'java/lang/NoSuchMethodError'{0x000000008fa539f0}: 'int java.lang.invoke.DelegatingMethodHandle$Holder.reinvoke_L(java.lang.Object, java.lang.Object, java.lang.Object, long, int, int)'> (0x000000008fa539f0) 
thrown [s\src\hotspot\share\interpreter\linkResolver.cpp, line 784]
Event: 5.407 Thread 0x000001a249bdbff0 Exception <a 'java/lang/NoSuchMethodError'{0x000000008fa62fc0}: 'int java.lang.invoke.DelegatingMethodHandle$Holder.reinvoke_L(java.lang.Object, java.lang.Object, java.lang.Object, long, long, long)'> (0x000000008fa62fc0) 
thrown [s\src\hotspot\share\interpreter\linkResolver.cpp, line 784]
Event: 5.407 Thread 0x000001a249bdbff0 Exception <a 'java/lang/NoSuchMethodError'{0x000000008fa72238}: 'int java.lang.invoke.DelegatingMethodHandle$Holder.reinvoke_L(java.lang.Object, java.lang.Object, java.lang.Object, long, int)'> (0x000000008fa72238) 
thrown [s\src\hotspot\share\interpreter\linkResolver.cpp, line 784]
Event: 5.408 Thread 0x000001a249bdbff0 Exception <a 'java/lang/NoSuchMethodError'{0x000000008fa85090}: 'long java.lang.invoke.DelegatingMethodHandle$Holder.reinvoke_L(java.lang.Object, java.lang.Object, java.lang.Object, long)'> (0x000000008fa85090) 
thrown [s\src\hotspot\share\interpreter\linkResolver.cpp, line 784]
Event: 5.408 Thread 0x000001a249bdbff0 Exception <a 'java/lang/NoSuchMethodError'{0x000000008fa98338}: 'void java.lang.invoke.DelegatingMethodHandle$Holder.reinvoke_L(java.lang.Object, java.lang.Object, java.lang.Object, long, java.lang.Object, long, long)'> (0x000000008fa98338) 
thrown [s\src\hotspot\share\interpreter\linkResolver.cpp, line 784]
Event: 5.409 Thread 0x000001a249bdbff0 Exception <a 'java/lang/NoSuchMethodError'{0x000000008faa0470}: 'long java.lang.invoke.Invokers$Holder.invokeExact_MT(java.lang.Object, java.lang.Object, java.lang.Object)'> (0x000000008faa0470) 
thrown [s\src\hotspot\share\interpreter\linkResolver.cpp, line 784]
Event: 5.409 Thread 0x000001a249bdbff0 Exception <a 'java/lang/NoSuchMethodError'{0x000000008faa54b8}: 'int java.lang.invoke.Invokers$Holder.invokeExact_MT(java.lang.Object, java.lang.Object, java.lang.Object)'> (0x000000008faa54b8) 
thrown [s\src\hotspot\share\interpreter\linkResolver.cpp, line 784]
Event: 5.741 Thread 0x000001a249bdbff0 Exception <a 'java/lang/NoSuchMethodError'{0x0000000086e19700}: 'java.lang.Object java.lang.invoke.DirectMethodHandle$Holder.invokeStatic(java.lang.Object, java.lang.Object, java.lang.Object, java.lang.Object, int, java.lang.Object)'> (0x0000000086e19700) 
thrown [s\src\hotspot\share\interpreter\linkResolver.cpp, line 784]
Event: 5.872 Thread 0x000001a249bdbff0 Exception <a 'java/lang/NoSuchMethodError'{0x000000008fa06f88}: 'java.lang.Object java.lang.invoke.Invokers$Holder.invokeExact_MT(java.lang.Object, java.lang.Object, long, java.lang.Object)'> (0x000000008fa06f88) 
thrown [s\src\hotspot\share\interpreter\linkResolver.cpp, line 784]
Event: 5.896 Thread 0x000001a249bdbff0 Exception <a 'java/lang/NoSuchMethodError'{0x000000008e24c390}: 'long java.lang.invoke.DirectMethodHandle$Holder.invokeStatic(java.lang.Object, java.lang.Object, int)'> (0x000000008e24c390) 
thrown [s\src\hotspot\share\interpreter\linkResolver.cpp, line 784]
Event: 5.896 Thread 0x000001a249bdbff0 Exception <a 'java/lang/NoSuchMethodError'{0x000000008e258b08}: 'java.lang.Object java.lang.invoke.DelegatingMethodHandle$Holder.reinvoke_L(java.lang.Object, int, long, java.lang.Object, java.lang.Object, int, java.lang.Object)'> (0x000000008e258b08) 
thrown [s\src\hotspot\share\interpreter\linkResolver.cpp, line 784]
Event: 5.913 Thread 0x000001a249bdbff0 Implicit null exception at 0x000001a236710963 to 0x000001a2367114bc
Event: 6.033 Thread 0x000001a249bdbff0 Implicit null exception at 0x000001a236836f8c to 0x000001a236839010
Event: 6.033 Thread 0x000001a249bdbff0 Implicit null exception at 0x000001a236835227 to 0x000001a23683588c

ZGC Phase Switch (0 events):
No events

VM Operations (20 events):
Event: 5.412 Executing VM operation: G1PauseRemark done
Event: 5.423 Executing VM operation: G1PauseCleanup
Event: 5.423 Executing VM operation: G1PauseCleanup done
Event: 5.449 Executing VM operation: HandshakeAllThreads (Deoptimize)
Event: 5.449 Executing VM operation: HandshakeAllThreads (Deoptimize) done
Event: 5.450 Executing VM operation: HandshakeAllThreads (Deoptimize)
Event: 5.450 Executing VM operation: HandshakeAllThreads (Deoptimize) done
Event: 5.811 Executing VM operation: HandshakeAllThreads (Deoptimize)
Event: 5.811 Executing VM operation: HandshakeAllThreads (Deoptimize) done
Event: 5.858 Executing VM operation: G1CollectForAllocation (G1 Evacuation Pause)
Event: 5.862 Executing VM operation: G1CollectForAllocation (G1 Evacuation Pause) done
Event: 6.110 Executing VM operation: G1CollectForAllocation (G1 Evacuation Pause)
Event: 6.121 Executing VM operation: G1CollectForAllocation (G1 Evacuation Pause) done
Event: 6.345 Executing VM operation: G1TryInitiateConcMark (G1 Humongous Allocation)
Event: 6.351 Executing VM operation: G1TryInitiateConcMark (G1 Humongous Allocation) done
Event: 6.376 Executing VM operation: G1PauseRemark
Event: 6.378 Executing VM operation: G1PauseRemark done
Event: 6.392 Executing VM operation: G1PauseCleanup
Event: 6.393 Executing VM operation: G1PauseCleanup done
Event: 6.742 Executing VM operation: G1CollectForAllocation (G1 Evacuation Pause)

Memory protections (0 events):
No events

Nmethod flushes (20 events):
Event: 6.377 Thread 0x000001a243419910 flushing  nmethod 0x000001a22f0f2710
Event: 6.377 Thread 0x000001a243419910 flushing  nmethod 0x000001a22f0f4490
Event: 6.377 Thread 0x000001a243419910 flushing  nmethod 0x000001a22f0f4910
Event: 6.377 Thread 0x000001a243419910 flushing  nmethod 0x000001a22f1cf490
Event: 6.377 Thread 0x000001a243419910 flushing  nmethod 0x000001a22f30b410
Event: 6.377 Thread 0x000001a243419910 flushing  nmethod 0x000001a22ebcec10
Event: 6.377 Thread 0x000001a243419910 flushing  nmethod 0x000001a22ebcf210
Event: 6.377 Thread 0x000001a243419910 flushing  nmethod 0x000001a22ebcfc10
Event: 6.377 Thread 0x000001a243419910 flushing  nmethod 0x000001a22ebd8b90
Event: 6.377 Thread 0x000001a243419910 flushing  nmethod 0x000001a22ed0e510
Event: 6.377 Thread 0x000001a243419910 flushing  nmethod 0x000001a22edfba90
Event: 6.377 Thread 0x000001a243419910 flushing  nmethod 0x000001a22efa2d10
Event: 6.377 Thread 0x000001a243419910 flushing  nmethod 0x000001a22f078710
Event: 6.377 Thread 0x000001a243419910 flushing  nmethod 0x000001a22f07a310
Event: 6.377 Thread 0x000001a243419910 flushing  nmethod 0x000001a22f07ac10
Event: 6.377 Thread 0x000001a243419910 flushing  nmethod 0x000001a22f151b90
Event: 6.377 Thread 0x000001a243419910 flushing  nmethod 0x000001a22f1eec10
Event: 6.377 Thread 0x000001a243419910 flushing  nmethod 0x000001a22f2a0b10
Event: 6.377 Thread 0x000001a243419910 flushing  nmethod 0x000001a22f2a5110
Event: 6.377 Thread 0x000001a243419910 flushing  nmethod 0x000001a22f321590

Events (20 events):
Event: 4.340 Thread 0x000001a249bdbff0 Thread added: 0x000001a24b06b2d0
Event: 4.340 Thread 0x000001a249bdbff0 Thread added: 0x000001a24b0684e0
Event: 4.341 Thread 0x000001a249bdbff0 Thread added: 0x000001a24b069200
Event: 4.341 Thread 0x000001a249bdbff0 Thread added: 0x000001a24b068b70
Event: 4.341 Thread 0x000001a249bdbff0 Thread added: 0x000001a24b069890
Event: 4.342 Thread 0x000001a249bdbff0 Thread added: 0x000001a24ad23740
Event: 4.342 Thread 0x000001a249bdbff0 Thread added: 0x000001a24cc50140
Event: 4.362 Thread 0x000001a249bdbff0 Thread added: 0x000001a24cc4e700
Event: 4.363 Thread 0x000001a249bdbff0 Thread added: 0x000001a24cc4e070
Event: 4.363 Thread 0x000001a249bdbff0 Thread added: 0x000001a24cc51b80
Event: 4.364 Thread 0x000001a249bdbff0 Thread added: 0x000001a24cc507d0
Event: 4.364 Thread 0x000001a249bdbff0 Thread added: 0x000001a24cc514f0
Event: 4.364 Thread 0x000001a249bdbff0 Thread added: 0x000001a24cc4f420
Event: 4.365 Thread 0x000001a249bdbff0 Thread added: 0x000001a24cc52210
Event: 4.365 Thread 0x000001a249bdbff0 Thread added: 0x000001a24cc50e60
Event: 4.612 Thread 0x000001a248333f40 Thread exited: 0x000001a248333f40
Event: 5.637 Thread 0x000001a2481acc40 Thread exited: 0x000001a2481acc40
Event: 5.774 Thread 0x000001a243574620 Thread added: 0x000001a24d089310
Event: 5.932 Thread 0x000001a243574620 Thread added: 0x000001a24dc77430
Event: 6.224 Thread 0x000001a24dc77430 Thread exited: 0x000001a24dc77430


Dynamic libraries:
0x00007ff755270000 - 0x00007ff75527a000 	C:\Program Files\Android\Android Studio\jbr\bin\java.exe
0x00007fff1bda0000 - 0x00007fff1c007000 	C:\WINDOWS\SYSTEM32\ntdll.dll
0x00007fff1a6b0000 - 0x00007fff1a779000 	C:\WINDOWS\System32\KERNEL32.DLL
0x00007fff19390000 - 0x00007fff19780000 	C:\WINDOWS\System32\KERNELBASE.dll
0x00007fff190f0000 - 0x00007fff1923b000 	C:\WINDOWS\System32\ucrtbase.dll
0x00007fff00d30000 - 0x00007fff00d4b000 	C:\Program Files\Android\Android Studio\jbr\bin\VCRUNTIME140.dll
0x00007fff12360000 - 0x00007fff12378000 	C:\Program Files\Android\Android Studio\jbr\bin\jli.dll
0x00007fff1b780000 - 0x00007fff1b945000 	C:\WINDOWS\System32\USER32.dll
0x00007fff02070000 - 0x00007fff0230a000 	C:\WINDOWS\WinSxS\amd64_microsoft.windows.common-controls_6595b64144ccf1df_6.0.26100.4768_none_3e0c112ce331287c\COMCTL32.dll
0x00007fff18ed0000 - 0x00007fff18ef7000 	C:\WINDOWS\System32\win32u.dll
0x00007fff1a8f0000 - 0x00007fff1a999000 	C:\WINDOWS\System32\msvcrt.dll
0x00007fff1a9a0000 - 0x00007fff1a9cb000 	C:\WINDOWS\System32\GDI32.dll
0x00007fff18fb0000 - 0x00007fff190e8000 	C:\WINDOWS\System32\gdi32full.dll
0x00007fff18f00000 - 0x00007fff18fa3000 	C:\WINDOWS\System32\msvcp_win.dll
0x00007fff19bb0000 - 0x00007fff19bdf000 	C:\WINDOWS\System32\IMM32.DLL
0x00007fff15860000 - 0x00007fff1586c000 	C:\Program Files\Android\Android Studio\jbr\bin\vcruntime140_1.dll
0x00007ffedc4c0000 - 0x00007ffedc54d000 	C:\Program Files\Android\Android Studio\jbr\bin\msvcp140.dll
0x00007ffe7d350000 - 0x00007ffe7dfdb000 	C:\Program Files\Android\Android Studio\jbr\bin\server\jvm.dll
0x00007fff19c70000 - 0x00007fff19d24000 	C:\WINDOWS\System32\ADVAPI32.dll
0x00007fff1b660000 - 0x00007fff1b706000 	C:\WINDOWS\System32\sechost.dll
0x00007fff1b3b0000 - 0x00007fff1b4c8000 	C:\WINDOWS\System32\RPCRT4.dll
0x00007fff19bf0000 - 0x00007fff19c64000 	C:\WINDOWS\System32\WS2_32.dll
0x00007fff18d30000 - 0x00007fff18d8e000 	C:\WINDOWS\SYSTEM32\POWRPROF.dll
0x00007fff13210000 - 0x00007fff1321b000 	C:\WINDOWS\SYSTEM32\VERSION.dll
0x00007fff0cea0000 - 0x00007fff0ced5000 	C:\WINDOWS\SYSTEM32\WINMM.dll
0x00007fff18d10000 - 0x00007fff18d24000 	C:\WINDOWS\SYSTEM32\UMPDC.dll
0x00007fff17c50000 - 0x00007fff17c6b000 	C:\WINDOWS\SYSTEM32\kernel.appcore.dll
0x00007fff157f0000 - 0x00007fff157fa000 	C:\Program Files\Android\Android Studio\jbr\bin\jimage.dll
0x00007fff16440000 - 0x00007fff16681000 	C:\WINDOWS\SYSTEM32\DBGHELP.DLL
0x00007fff1b950000 - 0x00007fff1bcd5000 	C:\WINDOWS\System32\combase.dll
0x00007fff19d30000 - 0x00007fff19e10000 	C:\WINDOWS\System32\OLEAUT32.dll
0x00007ffee3a90000 - 0x00007ffee3ad3000 	C:\WINDOWS\SYSTEM32\dbgcore.DLL
0x00007fff19a90000 - 0x00007fff19b29000 	C:\WINDOWS\System32\bcryptPrimitives.dll
0x00007fff12290000 - 0x00007fff1229e000 	C:\Program Files\Android\Android Studio\jbr\bin\instrument.dll
0x00007ffeec790000 - 0x00007ffeec7b0000 	C:\Program Files\Android\Android Studio\jbr\bin\java.dll
0x00007ffeec750000 - 0x00007ffeec768000 	C:\Program Files\Android\Android Studio\jbr\bin\zip.dll
0x00007fff1a9d0000 - 0x00007fff1b11d000 	C:\WINDOWS\System32\SHELL32.dll
0x00007fff19910000 - 0x00007fff19a83000 	C:\WINDOWS\System32\wintypes.dll
0x00007fff16aa0000 - 0x00007fff172ff000 	C:\WINDOWS\SYSTEM32\windows.storage.dll
0x00007fff1b280000 - 0x00007fff1b375000 	C:\WINDOWS\System32\SHCORE.dll
0x00007fff1b710000 - 0x00007fff1b77a000 	C:\WINDOWS\System32\shlwapi.dll
0x00007fff18df0000 - 0x00007fff18e19000 	C:\WINDOWS\SYSTEM32\profapi.dll
0x00007fff122c0000 - 0x00007fff122d0000 	C:\Program Files\Android\Android Studio\jbr\bin\net.dll
0x00007fff12ca0000 - 0x00007fff12dbe000 	C:\WINDOWS\SYSTEM32\WINHTTP.dll
0x00007fff181e0000 - 0x00007fff1824b000 	C:\WINDOWS\system32\mswsock.dll
0x00007ffeec730000 - 0x00007ffeec746000 	C:\Program Files\Android\Android Studio\jbr\bin\nio.dll
0x00007ffeec780000 - 0x00007ffeec790000 	C:\Program Files\Android\Android Studio\jbr\bin\verify.dll
0x00007ffeec550000 - 0x00007ffeec577000 	C:\Users\asish\.gradle\native\c067742578af261105cb4f569cf0c3c89f3d7b1fecec35dd04571415982c5e48\windows-amd64\native-platform.dll
0x00007ffec7510000 - 0x00007ffec7654000 	C:\Users\asish\.gradle\native\100fb08df4bc3b14c8652ba06237920a3bd2aa13389f12d3474272988ae205f9\windows-amd64\native-platform-file-events.dll
0x00007ffefceb0000 - 0x00007ffefceb9000 	C:\Program Files\Android\Android Studio\jbr\bin\management.dll
0x00007ffeec8f0000 - 0x00007ffeec8fb000 	C:\Program Files\Android\Android Studio\jbr\bin\management_ext.dll
0x00007fff1b380000 - 0x00007fff1b388000 	C:\WINDOWS\System32\PSAPI.DLL
0x00007fff184a0000 - 0x00007fff184bb000 	C:\WINDOWS\SYSTEM32\CRYPTSP.dll
0x00007fff17bb0000 - 0x00007fff17beb000 	C:\WINDOWS\system32\rsaenh.dll
0x00007fff18280000 - 0x00007fff182ab000 	C:\WINDOWS\SYSTEM32\USERENV.dll
0x00007fff18dc0000 - 0x00007fff18de6000 	C:\WINDOWS\SYSTEM32\bcrypt.dll
0x00007fff184c0000 - 0x00007fff184cc000 	C:\WINDOWS\SYSTEM32\CRYPTBASE.dll
0x00007fff17660000 - 0x00007fff17693000 	C:\WINDOWS\SYSTEM32\IPHLPAPI.DLL
0x00007fff1b3a0000 - 0x00007fff1b3aa000 	C:\WINDOWS\System32\NSI.dll
0x00007fff12250000 - 0x00007fff12259000 	C:\Program Files\Android\Android Studio\jbr\bin\extnet.dll
0x00007ffe81db0000 - 0x00007ffe81db8000 	C:\WINDOWS\system32\wshunix.dll

dbghelp: loaded successfully - version: 4.0.5 - missing functions: none
symbol engine: initialized successfully - sym options: 0x614 - pdb path: .;C:\Program Files\Android\Android Studio\jbr\bin;C:\WINDOWS\SYSTEM32;C:\WINDOWS\WinSxS\amd64_microsoft.windows.common-controls_6595b64144ccf1df_6.0.26100.4768_none_3e0c112ce331287c;C:\Program Files\Android\Android Studio\jbr\bin\server;C:\Users\asish\.gradle\native\c067742578af261105cb4f569cf0c3c89f3d7b1fecec35dd04571415982c5e48\windows-amd64;C:\Users\asish\.gradle\native\100fb08df4bc3b14c8652ba06237920a3bd2aa13389f12d3474272988ae205f9\windows-amd64

VM Arguments:
jvm_args: --add-opens=java.base/java.lang=ALL-UNNAMED --add-opens=java.base/java.lang.invoke=ALL-UNNAMED --add-opens=java.base/java.util=ALL-UNNAMED --add-opens=java.prefs/java.util.prefs=ALL-UNNAMED --add-exports=jdk.compiler/com.sun.tools.javac.api=ALL-UNNAMED --add-exports=jdk.compiler/com.sun.tools.javac.util=ALL-UNNAMED --add-opens=java.base/java.util=ALL-UNNAMED --add-opens=java.prefs/java.util.prefs=ALL-UNNAMED --add-opens=java.base/java.nio.charset=ALL-UNNAMED --add-opens=java.base/java.net=ALL-UNNAMED --add-opens=java.base/java.util.concurrent.atomic=ALL-UNNAMED --add-opens=java.xml/javax.xml.namespace=ALL-UNNAMED -Xmx2048m -Dfile.encoding=UTF-8 -Duser.country=IN -Duser.language=en -Duser.variant -javaagent:C:\Users\asish\.gradle\wrapper\dists\gradle-8.11.1-bin\bpt9gzteqjrbo1mjrsomdt32c\gradle-8.11.1\lib\agents\gradle-instrumentation-agent-8.11.1.jar 
java_command: org.gradle.launcher.daemon.bootstrap.GradleDaemon 8.11.1
java_class_path (initial): C:\Users\asish\.gradle\wrapper\dists\gradle-8.11.1-bin\bpt9gzteqjrbo1mjrsomdt32c\gradle-8.11.1\lib\gradle-daemon-main-8.11.1.jar
Launcher Type: SUN_STANDARD

[Global flags]
     intx CICompilerCount                          = 4                                         {product} {ergonomic}
     uint ConcGCThreads                            = 3                                         {product} {ergonomic}
     uint G1ConcRefinementThreads                  = 10                                        {product} {ergonomic}
   size_t G1HeapRegionSize                         = 1048576                                   {product} {ergonomic}
    uintx GCDrainStackTargetSize                   = 64                                        {product} {ergonomic}
   size_t InitialHeapSize                          = 264241152                                 {product} {ergonomic}
   size_t MarkStackSize                            = 4194304                                   {product} {ergonomic}
   size_t MaxHeapSize                              = 2147483648                                {product} {command line}
   size_t MaxNewSize                               = 1287651328                                {product} {ergonomic}
   size_t MinHeapDeltaBytes                        = 1048576                                   {product} {ergonomic}
   size_t MinHeapSize                              = 8388608                                   {product} {ergonomic}
    uintx NonNMethodCodeHeapSize                   = 5839372                                {pd product} {ergonomic}
    uintx NonProfiledCodeHeapSize                  = 122909434                              {pd product} {ergonomic}
    uintx ProfiledCodeHeapSize                     = 122909434                              {pd product} {ergonomic}
    uintx ReservedCodeCacheSize                    = 251658240                              {pd product} {ergonomic}
     bool SegmentedCodeCache                       = true                                      {product} {ergonomic}
   size_t SoftMaxHeapSize                          = 2147483648                             {manageable} {ergonomic}
     bool UseCompressedOops                        = true                           {product lp64_product} {ergonomic}
     bool UseG1GC                                  = true                                      {product} {ergonomic}
     bool UseLargePagesIndividualAllocation        = false                                  {pd product} {ergonomic}

Logging:
Log output configuration:
 #0: stdout all=warning uptime,level,tags foldmultilines=false
 #1: stderr all=off uptime,level,tags foldmultilines=false

Environment Variables:
JAVA_HOME=C:\Users\asish\AppData\Local\Programs\Eclipse Adoptium\jdk-17.0.10.7-hotspot\
PATH=C:\Program Files\Python312\Scripts\;C:\Program Files\Python312\;C:\Windows\system32;C:\Windows;C:\Windows\System32\Wbem;C:\Windows\System32\WindowsPowerShell\v1.0\;C:\Windows\System32\OpenSSH\;C:\Program Files (x86)\NVIDIA Corporation\PhysX\Common;C:\WINDOWS\system32;C:\WINDOWS;C:\WINDOWS\System32\Wbem;C:\WINDOWS\System32\WindowsPowerShell\v1.0\;C:\WINDOWS\System32\OpenSSH\;C:\Program Files\dotnet\;C:\Program Files\Git\cmd;C:\Program Files\php-8.4.1;;C:\Program Files\NVIDIA Corporation\NVIDIA app\NvDLISR;c:\Users\asish\AppData\Local\Programs\cursor\resources\app\bin;C:\Users\asish\AppData\Local\Programs\Eclipse Adoptium\jdk-17.0.10.7-hotspot\bin;C:\Users\asish\AppData\Local\Microsoft\WindowsApps;C:\Users\asish\AppData\Local\Programs\Microsoft VS Code\bin;C:\Users\asish\AppData\Local\GitHubDesktop\bin;C:\FlutterDev\sdk\flutter\bin;C:\Users\asish\AppData\Local\Programs\cursor\resources\app\bin
USERNAME=asish
OS=Windows_NT
PROCESSOR_IDENTIFIER=Intel64 Family 6 Model 141 Stepping 1, GenuineIntel
TMP=C:\Users\asish\AppData\Local\Temp
TEMP=C:\Users\asish\AppData\Local\Temp




Periodic native trim disabled

JNI global refs:
JNI global refs: 26, weak refs: 0

JNI global refs memory usage: 835, weak refs: 833

Process memory usage:
Resident Set Size: 425856K (2% of 16471724K total physical memory with 1393348K free physical memory)

OOME stack traces (most recent first):
Classloader memory used:
Loader org.gradle.internal.classloader.VisitableURLClassLoader                         : 56352K
Loader bootstrap                                                                       : 22772K
Loader org.gradle.initialization.MixInLegacyTypesClassLoader                           : 6428K
Loader org.gradle.internal.classloader.VisitableURLClassLoader                         : 695K
Loader org.gradle.internal.classloader.VisitableURLClassLoader$InstrumentingVisitableURLClassLoader: 564K
Loader jdk.internal.loader.ClassLoaders$PlatformClassLoader                            : 515K
Loader jdk.internal.jrtfs.JrtFileSystemProvider$JrtFsLoader                            : 300K
Loader jdk.internal.loader.ClassLoaders$AppClassLoader                                 : 232K
Loader jdk.internal.reflect.DelegatingClassLoader                                      : 158K
Loader org.gradle.groovy.scripts.internal.DefaultScriptCompilationHandler$ScriptClassLoader: 91232B
Loader org.codehaus.groovy.runtime.callsite.CallSiteClassLoader                        : 49608B

Classes loaded by more than one classloader:
Class org.gradle.api.GradleException                                                  : loaded 3 times (x 78B)
Class org.gradle.internal.classloader.FilteringClassLoader                            : loaded 2 times (x 101B)
Class jdk.internal.jimage.BasicImageReader                                            : loaded 2 times (x 91B)
Class org.gradle.internal.classloader.ClassLoaderHierarchy                            : loaded 2 times (x 66B)
Class org.gradle.api.internal.classpath.ManifestUtil                                  : loaded 2 times (x 67B)
Class jdk.internal.jimage.decompressor.StringSharingDecompressorFactory               : loaded 2 times (x 70B)
Class org.gradle.internal.operations.MultipleBuildOperationFailures                   : loaded 2 times (x 91B)
Class org.gradle.internal.classloader.DefaultClassLoaderFactory                       : loaded 2 times (x 78B)
Class kotlin.collections.AbstractList$Companion                                       : loaded 2 times (x 67B)
Class org.gradle.internal.classloader.ClassLoaderVisitor                              : loaded 2 times (x 72B)
Class org.gradle.api.internal.classpath.EffectiveClassPath                            : loaded 2 times (x 86B)
Class org.gradle.api.internal.DefaultClassPathProvider                                : loaded 2 times (x 72B)
Class [Lorg.gradle.api.internal.ClassPathProvider;                                    : loaded 2 times (x 65B)
Class org.gradle.api.internal.ClassPathProvider                                       : loaded 2 times (x 66B)
Class jdk.internal.jrtfs.SystemImage                                                  : loaded 2 times (x 70B)
Class org.gradle.internal.service.UnknownServiceException                             : loaded 2 times (x 79B)
Class org.gradle.internal.classpath.TransformedClassPath                              : loaded 2 times (x 92B)
Class org.gradle.internal.classloader.InstrumentingClassLoader                        : loaded 2 times (x 66B)
Class jdk.internal.jrtfs.SystemImage$1                                                : loaded 2 times (x 74B)
Class kotlin.enums.EnumEntriesList                                                    : loaded 2 times (x 219B)
Class jdk.internal.jrtfs.SystemImage$2                                                : loaded 2 times (x 72B)
Class org.gradle.internal.service.ServiceLocator                                      : loaded 2 times (x 66B)
Class jdk.internal.jrtfs.JrtFileSystemProvider                                        : loaded 2 times (x 97B)
Class sync_studio_tooling1_cccqz8908y2d80ifrl5vkhy0h                                  : loaded 2 times (x 175B)
Class jdk.internal.jimage.ImageLocation                                               : loaded 2 times (x 86B)
Class jdk.internal.jrtfs.JrtDirectoryStream$1                                         : loaded 2 times (x 79B)
Class org.gradle.internal.InternalTransformer                                         : loaded 2 times (x 66B)
Class jdk.internal.jimage.ImageBufferCache$1                                          : loaded 2 times (x 79B)
Class org.gradle.internal.time.DefaultTimer                                           : loaded 2 times (x 76B)
Class org.gradle.internal.classloader.ClasspathUtil$1                                 : loaded 2 times (x 72B)
Class jdk.internal.jimage.ImageBufferCache$2                                          : loaded 2 times (x 87B)
Class org.gradle.api.internal.classpath.DefaultModuleRegistry$DefaultModule           : loaded 2 times (x 82B)
Class org.gradle.internal.time.DefaultCountdownTimer                                  : loaded 2 times (x 84B)
Class kotlin.Function                                                                 : loaded 2 times (x 66B)
Class org.gradle.api.internal.classpath.Module                                        : loaded 2 times (x 66B)
Class org.gradle.api.internal.classpath.UnknownModuleException                        : loaded 2 times (x 78B)
Class jdk.internal.jimage.ImageHeader                                                 : loaded 2 times (x 67B)
Class org.gradle.api.internal.DefaultClassPathRegistry                                : loaded 2 times (x 72B)
Class org.gradle.api.internal.ClassPathRegistry                                       : loaded 2 times (x 66B)
Class org.gradle.internal.classpath.DefaultClassPath$ImmutableUniqueList              : loaded 2 times (x 195B)
Class jdk.internal.jimage.decompressor.ResourceDecompressor                           : loaded 2 times (x 66B)
Class org.gradle.internal.classpath.ClassPath                                         : loaded 2 times (x 66B)
Class org.gradle.api.UncheckedIOException                                             : loaded 2 times (x 78B)
Class jdk.internal.jimage.ImageStringsReader                                          : loaded 2 times (x 76B)
Class kotlin.UninitializedPropertyAccessException                                     : loaded 2 times (x 78B)
Class jdk.internal.jimage.ImageReader                                                 : loaded 2 times (x 71B)
Class jdk.internal.jimage.ImageReader$SharedImageReader                               : loaded 2 times (x 91B)
Class org.gradle.internal.installation.GradleInstallation$1                           : loaded 2 times (x 71B)
Class org.gradle.api.internal.classpath.ModuleRegistry                                : loaded 2 times (x 66B)
Class jdk.internal.jimage.decompressor.ResourceDecompressorFactory                    : loaded 2 times (x 70B)
Class jdk.internal.jimage.ImageReader$Node                                            : loaded 2 times (x 80B)
Class org.gradle.api.internal.classpath.DefaultModuleRegistry                         : loaded 2 times (x 82B)
Class jdk.internal.jimage.BasicImageReader$1                                          : loaded 2 times (x 73B)
Class jdk.internal.jimage.decompressor.Decompressor                                   : loaded 2 times (x 68B)
Class jdk.internal.jimage.ImageReader$Resource                                        : loaded 2 times (x 80B)
Class org.gradle.internal.time.MonotonicClock                                         : loaded 2 times (x 73B)
Class org.gradle.internal.service.ServiceLookupException                              : loaded 2 times (x 78B)
Class jdk.internal.jrtfs.JrtFileAttributes                                            : loaded 2 times (x 79B)
Class org.gradle.internal.classloader.ClassLoaderFactory                              : loaded 2 times (x 66B)
Class org.gradle.internal.service.CachingServiceLocator                               : loaded 2 times (x 78B)
Class org.gradle.internal.time.TimeSource                                             : loaded 2 times (x 66B)
Class kotlin.enums.EnumEntries                                                        : loaded 2 times (x 66B)
Class org.gradle.internal.exceptions.ResolutionProvider                               : loaded 2 times (x 66B)
Class jdk.internal.jimage.ImageBufferCache                                            : loaded 2 times (x 67B)
Class jdk.internal.jrtfs.JrtPath                                                      : loaded 2 times (x 114B)
Class org.gradle.internal.classloader.ClasspathUtil                                   : loaded 2 times (x 67B)
Class org.gradle.internal.time.TimeSource$1                                           : loaded 2 times (x 73B)
Class kotlin.jvm.internal.DefaultConstructorMarker                                    : loaded 2 times (x 67B)
Class org.gradle.api.specs.Spec                                                       : loaded 2 times (x 66B)
Class jdk.internal.jimage.ImageReader$SharedImageReader$LocationVisitor               : loaded 2 times (x 66B)
Class jdk.internal.jimage.decompressor.ResourceDecompressorRepository                 : loaded 2 times (x 67B)
Class org.gradle.internal.time.Clock                                                  : loaded 2 times (x 66B)
Class jdk.internal.jimage.ImageReader$Directory                                       : loaded 2 times (x 80B)
Class kotlin.collections.AbstractList                                                 : loaded 2 times (x 193B)
Class kotlin.collections.AbstractCollection                                           : loaded 2 times (x 113B)
Class org.gradle.internal.classloader.VisitableURLClassLoader$InstrumentingVisitableURLClassLoader: loaded 2 times (x 119B)
Class org.gradle.internal.classloader.VisitableURLClassLoader$Spec                    : loaded 2 times (x 70B)
Class org.gradle.internal.classpath.DefaultClassPath                                  : loaded 2 times (x 86B)
Class jdk.internal.jimage.decompressor.ZipDecompressorFactory                         : loaded 2 times (x 70B)
Class org.gradle.internal.classloader.ClassLoaderSpec                                 : loaded 2 times (x 67B)
Class kotlin.Unit                                                                     : loaded 2 times (x 67B)
Class org.gradle.internal.classloader.VisitableURLClassLoader                         : loaded 2 times (x 113B)
Class org.gradle.internal.Cast                                                        : loaded 2 times (x 67B)
Class org.gradle.api.Action                                                           : loaded 2 times (x 66B)
Class jdk.internal.jimage.decompressor.ZipDecompressor                                : loaded 2 times (x 71B)
Class kotlin.jvm.functions.Function1                                                  : loaded 2 times (x 66B)
Class org.gradle.internal.classpath.DefaultClassPath$ImmutableUniqueList$Builder      : loaded 2 times (x 71B)
Class kotlin.NotImplementedError                                                      : loaded 2 times (x 78B)
Class org.gradle.internal.exceptions.NonGradleCauseExceptionsHolder                   : loaded 2 times (x 66B)
Class jdk.internal.jimage.ImageStrings                                                : loaded 2 times (x 66B)
Class org.jetbrains.plugins.gradle.tooling.ModelBuilderService$Parameter              : loaded 2 times (x 66B)
Class kotlin.enums.EnumEntriesKt                                                      : loaded 2 times (x 67B)
Class org.gradle.internal.IoActions                                                   : loaded 2 times (x 67B)
Class org.gradle.internal.classloader.SystemClassLoaderSpec                           : loaded 2 times (x 67B)
Class org.gradle.internal.exceptions.MultiCauseException                              : loaded 2 times (x 66B)
Class org.gradle.internal.time.CountdownTimer                                         : loaded 2 times (x 66B)
Class kotlin.jvm.internal.Intrinsics                                                  : loaded 2 times (x 67B)
Class jdk.internal.jrtfs.JrtFileSystem                                                : loaded 2 times (x 98B)
Class org.gradle.tooling.model.ProjectModel                                           : loaded 2 times (x 66B)
Class jdk.internal.jimage.decompressor.CompressedResourceHeader                       : loaded 2 times (x 67B)
Class kotlin.KotlinNullPointerException                                               : loaded 2 times (x 79B)
Class org.gradle.internal.exceptions.DefaultMultiCauseException                       : loaded 2 times (x 91B)
Class org.gradle.internal.time.Time                                                   : loaded 2 times (x 67B)
Class org.gradle.api.internal.classpath.GlobalCacheRootsProvider                      : loaded 2 times (x 66B)
Class org.gradle.internal.time.Timer                                                  : loaded 2 times (x 66B)
Class kotlin.jvm.internal.markers.KMappedMarker                                       : loaded 2 times (x 66B)
Class org.gradle.internal.installation.CurrentGradleInstallationLocator               : loaded 2 times (x 67B)
Class org.gradle.internal.service.DefaultServiceLocator                               : loaded 2 times (x 79B)
Class jdk.internal.jrtfs.JrtDirectoryStream                                           : loaded 2 times (x 85B)
Class org.gradle.util.GradleVersion                                                   : loaded 2 times (x 79B)
Class org.gradle.internal.installation.CurrentGradleInstallation                      : loaded 2 times (x 69B)
Class org.gradle.util.internal.GUtil                                                  : loaded 2 times (x 67B)
Class ijInit1_7alsz99454vr73czv10yvld9d                                               : loaded 2 times (x 175B)
Class org.gradle.internal.installation.GradleInstallation                             : loaded 2 times (x 71B)
Class jdk.internal.jimage.decompressor.ResourceDecompressor$StringsProvider           : loaded 2 times (x 66B)

---------------  S Y S T E M  ---------------

OS:
 Windows 11 , 64 bit Build 26100 (10.0.26100.4768)
OS uptime: 1 days 19:25 hours
Hyper-V role detected

CPU: total 12 (initial active 12) (6 cores per cpu, 2 threads per core) family 6 model 141 stepping 1 microcode 0x34, cx8, cmov, fxsr, ht, mmx, 3dnowpref, sse, sse2, sse3, ssse3, sse4.1, sse4.2, popcnt, lzcnt, tsc, tscinvbit, avx, avx2, aes, erms, clmul, bmi1, bmi2, adx, avx512f, avx512dq, avx512cd, avx512bw, avx512vl, sha, fma, vzeroupper, avx512_vpopcntdq, avx512_vpclmulqdq, avx512_vaes, avx512_vnni, clflush, clflushopt, clwb, avx512_vbmi2, avx512_vbmi, hv, rdtscp, rdpid, fsrm, gfni, avx512_bitalg, f16c, cet_ibt, cet_ss, avx512_ifma
Processor Information for processor 0
  Max Mhz: 2611, Current Mhz: 2611, Mhz Limit: 2611
Processor Information for processor 1
  Max Mhz: 2611, Current Mhz: 502, Mhz Limit: 2611
Processor Information for processor 2
  Max Mhz: 2611, Current Mhz: 502, Mhz Limit: 2611
Processor Information for processor 3
  Max Mhz: 2611, Current Mhz: 502, Mhz Limit: 2611
Processor Information for processor 4
  Max Mhz: 2611, Current Mhz: 2209, Mhz Limit: 2611
Processor Information for processor 5
  Max Mhz: 2611, Current Mhz: 1807, Mhz Limit: 2611
Processor Information for processor 6
  Max Mhz: 2611, Current Mhz: 2008, Mhz Limit: 2611
Processor Information for processor 7
  Max Mhz: 2611, Current Mhz: 401, Mhz Limit: 2611
Processor Information for processor 8
  Max Mhz: 2611, Current Mhz: 502, Mhz Limit: 2611
Processor Information for processor 9
  Max Mhz: 2611, Current Mhz: 401, Mhz Limit: 2611
Processor Information for processor 10
  Max Mhz: 2611, Current Mhz: 502, Mhz Limit: 2611
Processor Information for processor 11
  Max Mhz: 2611, Current Mhz: 502, Mhz Limit: 2611

Memory: 4k page, system-wide physical 16085M (1360M free)
TotalPageFile size 20181M (AvailPageFile size 14M)
current process WorkingSet (physical memory assigned to process): 416M, peak: 416M
current process commit charge ("private bytes"): 453M, peak: 488M

vm_info: OpenJDK 64-Bit Server VM (21.0.6+-13355223-b631.42) for windows-amd64 JRE (21.0.6+-13355223-b631.42), built on 2025-04-14T18:21:23Z by "builder" with MS VC++ 16.10 / 16.11 (VS2019)

END.
