#
# There is insufficient memory for the Java Runtime Environment to continue.
# Native memory allocation (malloc) failed to allocate 1712848 bytes. Error detail: Chunk::new
# Possible reasons:
#   The system is out of physical RAM or swap space
#   This process is running with CompressedOops enabled, and the Java Heap may be blocking the growth of the native heap
# Possible solutions:
#   Reduce memory load on the system
#   Increase physical memory or swap space
#   Check if swap backing store is full
#   Decrease Java heap size (-Xmx/-Xms)
#   Decrease number of Java threads
#   Decrease Java thread stack sizes (-Xss)
#   Set larger code cache with -XX:ReservedCodeCacheSize=
#   JVM is running with Unscaled Compressed Oops mode in which the Java heap is
#     placed in the first 4GB address space. The Java Heap base address is the
#     maximum limit for the native heap growth. Please use -XX:HeapBaseMinAddress
#     to set the Java Heap base and to place the Java Heap above 4GB virtual address.
# This output file may be truncated or incomplete.
#
#  Out of Memory Error (arena.cpp:168), pid=24984, tid=24772
#
# JRE version: OpenJDK Runtime Environment (21.0.6) (build 21.0.6+-13355223-b631.42)
# Java VM: OpenJDK 64-Bit Server VM (21.0.6+-13355223-b631.42, mixed mode, tiered, compressed oops, compressed class ptrs, g1 gc, windows-amd64)
# No core dump will be written. Minidumps are not enabled by default on client versions of Windows
#

---------------  S U M M A R Y ------------

Command Line: --add-opens=java.base/java.lang=ALL-UNNAMED --add-opens=java.base/java.lang.invoke=ALL-UNNAMED --add-opens=java.base/java.util=ALL-UNNAMED --add-opens=java.prefs/java.util.prefs=ALL-UNNAMED --add-exports=jdk.compiler/com.sun.tools.javac.api=ALL-UNNAMED --add-exports=jdk.compiler/com.sun.tools.javac.util=ALL-UNNAMED --add-opens=java.base/java.util=ALL-UNNAMED --add-opens=java.prefs/java.util.prefs=ALL-UNNAMED --add-opens=java.base/java.nio.charset=ALL-UNNAMED --add-opens=java.base/java.net=ALL-UNNAMED --add-opens=java.base/java.util.concurrent.atomic=ALL-UNNAMED --add-opens=java.xml/javax.xml.namespace=ALL-UNNAMED -Xmx2048m -Dfile.encoding=UTF-8 -Duser.country=IN -Duser.language=en -Duser.variant -javaagent:C:\Users\asish\.gradle\wrapper\dists\gradle-8.11.1-bin\bpt9gzteqjrbo1mjrsomdt32c\gradle-8.11.1\lib\agents\gradle-instrumentation-agent-8.11.1.jar org.gradle.launcher.daemon.bootstrap.GradleDaemon 8.11.1

Host: 11th Gen Intel(R) Core(TM) i5-11260H @ 2.60GHz, 12 cores, 15G,  Windows 11 , 64 bit Build 26100 (10.0.26100.4768)
Time: Sun Aug  3 08:46:28 2025 India Standard Time elapsed time: 4.889736 seconds (0d 0h 0m 4s)

---------------  T H R E A D  ---------------

Current thread (0x00000252b8ac9570):  JavaThread "C2 CompilerThread0" daemon [_thread_in_native, id=24772, stack(0x0000007e0c100000,0x0000007e0c200000) (1024K)]


Current CompileTask:
C2:4889 5960   !   4       java.net.URLClassLoader$1::run (81 bytes)

Stack: [0x0000007e0c100000,0x0000007e0c200000]
Native frames: (J=compiled Java code, j=interpreted, Vv=VM code, C=native code)
V  [jvm.dll+0x6d05a9]
V  [jvm.dll+0x85ea73]
V  [jvm.dll+0x860fce]
V  [jvm.dll+0x8616b3]
V  [jvm.dll+0x27e6e6]
V  [jvm.dll+0xbff6d]
V  [jvm.dll+0xc04a3]
V  [jvm.dll+0x3b616b]
V  [jvm.dll+0x382097]
V  [jvm.dll+0x38150a]
V  [jvm.dll+0x247c82]
V  [jvm.dll+0x247251]
V  [jvm.dll+0x1c5f04]
V  [jvm.dll+0x2569ac]
V  [jvm.dll+0x254ef6]
V  [jvm.dll+0x3f0e56]
V  [jvm.dll+0x806e48]
V  [jvm.dll+0x6cee7d]
C  [ucrtbase.dll+0x37b0]
C  [KERNEL32.DLL+0x2e8d7]
C  [ntdll.dll+0x3c34c]


---------------  P R O C E S S  ---------------

Threads class SMR info:
_java_thread_list=0x00000252bf5bdb40, length=65, elements={
0x00000252a0e1a850, 0x00000252b8a9df60, 0x00000252b8a9f620, 0x00000252b8abe630,
0x00000252b8ac1090, 0x00000252b8ac2650, 0x00000252b8ac3c10, 0x00000252b8ac9570,
0x00000252b8adf700, 0x00000252b8c17890, 0x00000252b8d1f100, 0x00000252b8ade960,
0x00000252be8e18b0, 0x00000252beb57780, 0x00000252be9b2db0, 0x00000252bebe24e0,
0x00000252be9bc900, 0x00000252beae7f30, 0x00000252beb1a540, 0x00000252beb265a0,
0x00000252beb21a50, 0x00000252beb1ec60, 0x00000252beb1f980, 0x00000252beb20010,
0x00000252beb20d30, 0x00000252beb213c0, 0x00000252beb1f2f0, 0x00000252beb1e5d0,
0x00000252c076d4c0, 0x00000252c076a040, 0x00000252c076b3f0, 0x00000252c076ba80,
0x00000252c076c110, 0x00000252c076db50, 0x00000252c076c7a0, 0x00000252c076ce30,
0x00000252c076a6d0, 0x00000252c076e1e0, 0x00000252c076ad60, 0x00000252c076fc20,
0x00000252c07702b0, 0x00000252c0770940, 0x00000252c076ef00, 0x00000252c076e870,
0x00000252c0771660, 0x00000252b8ade290, 0x00000252c0434bf0, 0x00000252c0438700,
0x00000252c0436cc0, 0x00000252c0438d90, 0x00000252c0439420, 0x00000252c0435fa0,
0x00000252c043a7d0, 0x00000252c043c210, 0x00000252c0439ab0, 0x00000252c043ae60,
0x00000252c043a140, 0x00000252c043b4f0, 0x00000252c043bb80, 0x00000252c2a2d8d0,
0x00000252c2a2c520, 0x00000252c2a2a450, 0x00000252c2a2be90, 0x00000252c2a2cbb0,
0x00000252c2a2aae0
}

Java Threads: ( => current thread )
  0x00000252a0e1a850 JavaThread "main"                              [_thread_blocked, id=12508, stack(0x0000007e0b300000,0x0000007e0b400000) (1024K)]
  0x00000252b8a9df60 JavaThread "Reference Handler"          daemon [_thread_blocked, id=1788, stack(0x0000007e0bb00000,0x0000007e0bc00000) (1024K)]
  0x00000252b8a9f620 JavaThread "Finalizer"                  daemon [_thread_blocked, id=8824, stack(0x0000007e0bc00000,0x0000007e0bd00000) (1024K)]
  0x00000252b8abe630 JavaThread "Signal Dispatcher"          daemon [_thread_blocked, id=1760, stack(0x0000007e0bd00000,0x0000007e0be00000) (1024K)]
  0x00000252b8ac1090 JavaThread "Attach Listener"            daemon [_thread_blocked, id=22476, stack(0x0000007e0be00000,0x0000007e0bf00000) (1024K)]
  0x00000252b8ac2650 JavaThread "Service Thread"             daemon [_thread_blocked, id=26608, stack(0x0000007e0bf00000,0x0000007e0c000000) (1024K)]
  0x00000252b8ac3c10 JavaThread "Monitor Deflation Thread"   daemon [_thread_blocked, id=25036, stack(0x0000007e0c000000,0x0000007e0c100000) (1024K)]
=>0x00000252b8ac9570 JavaThread "C2 CompilerThread0"         daemon [_thread_in_native, id=24772, stack(0x0000007e0c100000,0x0000007e0c200000) (1024K)]
  0x00000252b8adf700 JavaThread "C1 CompilerThread0"         daemon [_thread_blocked, id=19804, stack(0x0000007e0c200000,0x0000007e0c300000) (1024K)]
  0x00000252b8c17890 JavaThread "Common-Cleaner"             daemon [_thread_blocked, id=6064, stack(0x0000007e0c300000,0x0000007e0c400000) (1024K)]
  0x00000252b8d1f100 JavaThread "Notification Thread"        daemon [_thread_blocked, id=12952, stack(0x0000007e0c400000,0x0000007e0c500000) (1024K)]
  0x00000252b8ade960 JavaThread "C2 CompilerThread1"         daemon [_thread_in_native, id=24696, stack(0x0000007e0c500000,0x0000007e0c600000) (1024K)]
  0x00000252be8e18b0 JavaThread "Daemon health stats"               [_thread_blocked, id=14236, stack(0x0000007e0cd00000,0x0000007e0ce00000) (1024K)]
  0x00000252beb57780 JavaThread "Incoming local TCP Connector on port 49451"        [_thread_in_native, id=25956, stack(0x0000007e0ce00000,0x0000007e0cf00000) (1024K)]
  0x00000252be9b2db0 JavaThread "Daemon periodic checks"            [_thread_blocked, id=16132, stack(0x0000007e0cf00000,0x0000007e0d000000) (1024K)]
  0x00000252bebe24e0 JavaThread "Daemon"                            [_thread_blocked, id=20488, stack(0x0000007e0d000000,0x0000007e0d100000) (1024K)]
  0x00000252be9bc900 JavaThread "Handler for socket connection from /127.0.0.1:49451 to /127.0.0.1:49452"        [_thread_in_native, id=13012, stack(0x0000007e0d100000,0x0000007e0d200000) (1024K)]
  0x00000252beae7f30 JavaThread "Cancel handler"                    [_thread_blocked, id=18404, stack(0x0000007e0d200000,0x0000007e0d300000) (1024K)]
  0x00000252beb1a540 JavaThread "Daemon worker"                     [_thread_in_vm, id=25428, stack(0x0000007e0d300000,0x0000007e0d400000) (1024K)]
  0x00000252beb265a0 JavaThread "Asynchronous log dispatcher for DefaultDaemonConnection: socket connection from /127.0.0.1:49451 to /127.0.0.1:49452"        [_thread_blocked, id=26304, stack(0x0000007e0d400000,0x0000007e0d500000) (1024K)]
  0x00000252beb21a50 JavaThread "Stdin handler"                     [_thread_blocked, id=5552, stack(0x0000007e0d500000,0x0000007e0d600000) (1024K)]
  0x00000252beb1ec60 JavaThread "Daemon client event forwarder"        [_thread_blocked, id=23132, stack(0x0000007e0d600000,0x0000007e0d700000) (1024K)]
  0x00000252beb1f980 JavaThread "Cache worker for journal cache (C:\Users\asish\.gradle\caches\journal-1)"        [_thread_blocked, id=16080, stack(0x0000007e0dc00000,0x0000007e0dd00000) (1024K)]
  0x00000252beb20010 JavaThread "File lock request listener"        [_thread_in_native, id=11336, stack(0x0000007e0dd00000,0x0000007e0de00000) (1024K)]
  0x00000252beb20d30 JavaThread "Cache worker for file hash cache (C:\Users\asish\.gradle\caches\8.11.1\fileHashes)"        [_thread_blocked, id=25584, stack(0x0000007e0de00000,0x0000007e0df00000) (1024K)]
  0x00000252beb213c0 JavaThread "Cache worker for file content cache (C:\Users\asish\.gradle\caches\8.11.1\fileContent)"        [_thread_blocked, id=19676, stack(0x0000007e0df00000,0x0000007e0e000000) (1024K)]
  0x00000252beb1f2f0 JavaThread "Cache worker for file hash cache (D:\VehicleInventoryManagement\.gradle\8.11.1\fileHashes)"        [_thread_blocked, id=26396, stack(0x0000007e0e000000,0x0000007e0e100000) (1024K)]
  0x00000252beb1e5d0 JavaThread "Cache worker for Build Output Cleanup Cache (D:\VehicleInventoryManagement\.gradle\buildOutputCleanup)"        [_thread_blocked, id=23056, stack(0x0000007e0e100000,0x0000007e0e200000) (1024K)]
  0x00000252c076d4c0 JavaThread "File watcher server"        daemon [_thread_in_native, id=6256, stack(0x0000007e0e200000,0x0000007e0e300000) (1024K)]
  0x00000252c076a040 JavaThread "File watcher consumer"      daemon [_thread_blocked, id=24000, stack(0x0000007e0e300000,0x0000007e0e400000) (1024K)]
  0x00000252c076b3f0 JavaThread "jar transforms"                    [_thread_blocked, id=22296, stack(0x0000007e0e400000,0x0000007e0e500000) (1024K)]
  0x00000252c076ba80 JavaThread "jar transforms Thread 2"           [_thread_blocked, id=21708, stack(0x0000007e0e500000,0x0000007e0e600000) (1024K)]
  0x00000252c076c110 JavaThread "jar transforms Thread 3"           [_thread_blocked, id=2280, stack(0x0000007e0e600000,0x0000007e0e700000) (1024K)]
  0x00000252c076db50 JavaThread "jar transforms Thread 4"           [_thread_blocked, id=14372, stack(0x0000007e0e700000,0x0000007e0e800000) (1024K)]
  0x00000252c076c7a0 JavaThread "jar transforms Thread 5"           [_thread_blocked, id=16892, stack(0x0000007e0e800000,0x0000007e0e900000) (1024K)]
  0x00000252c076ce30 JavaThread "jar transforms Thread 6"           [_thread_blocked, id=14528, stack(0x0000007e0e900000,0x0000007e0ea00000) (1024K)]
  0x00000252c076a6d0 JavaThread "jar transforms Thread 7"           [_thread_blocked, id=21216, stack(0x0000007e0ea00000,0x0000007e0eb00000) (1024K)]
  0x00000252c076e1e0 JavaThread "jar transforms Thread 8"           [_thread_blocked, id=5540, stack(0x0000007e0eb00000,0x0000007e0ec00000) (1024K)]
  0x00000252c076ad60 JavaThread "jar transforms Thread 9"           [_thread_blocked, id=2604, stack(0x0000007e0ec00000,0x0000007e0ed00000) (1024K)]
  0x00000252c076fc20 JavaThread "jar transforms Thread 10"          [_thread_blocked, id=21128, stack(0x0000007e0ed00000,0x0000007e0ee00000) (1024K)]
  0x00000252c07702b0 JavaThread "jar transforms Thread 11"          [_thread_blocked, id=12268, stack(0x0000007e0ee00000,0x0000007e0ef00000) (1024K)]
  0x00000252c0770940 JavaThread "jar transforms Thread 12"          [_thread_blocked, id=21520, stack(0x0000007e0ef00000,0x0000007e0f000000) (1024K)]
  0x00000252c076ef00 JavaThread "Cache worker for checksums cache (D:\VehicleInventoryManagement\.gradle\8.11.1\checksums)"        [_thread_blocked, id=18956, stack(0x0000007e0f000000,0x0000007e0f100000) (1024K)]
  0x00000252c076e870 JavaThread "Cache worker for cache directory md-rule (C:\Users\asish\.gradle\caches\8.11.1\md-rule)"        [_thread_blocked, id=4852, stack(0x0000007e0f100000,0x0000007e0f200000) (1024K)]
  0x00000252c0771660 JavaThread "Cache worker for cache directory md-supplier (C:\Users\asish\.gradle\caches\8.11.1\md-supplier)"        [_thread_blocked, id=1672, stack(0x0000007e0f200000,0x0000007e0f300000) (1024K)]
  0x00000252b8ade290 JavaThread "C2 CompilerThread2"         daemon [_thread_in_native, id=21616, stack(0x0000007e0c600000,0x0000007e0c700000) (1024K)]
  0x00000252c0434bf0 JavaThread "Unconstrained build operations"        [_thread_blocked, id=5052, stack(0x0000007e0f300000,0x0000007e0f400000) (1024K)]
  0x00000252c0438700 JavaThread "Unconstrained build operations Thread 2"        [_thread_blocked, id=25520, stack(0x0000007e0f400000,0x0000007e0f500000) (1024K)]
  0x00000252c0436cc0 JavaThread "Unconstrained build operations Thread 3"        [_thread_blocked, id=396, stack(0x0000007e0f500000,0x0000007e0f600000) (1024K)]
  0x00000252c0438d90 JavaThread "Unconstrained build operations Thread 4"        [_thread_blocked, id=25432, stack(0x0000007e0f600000,0x0000007e0f700000) (1024K)]
  0x00000252c0439420 JavaThread "Unconstrained build operations Thread 5"        [_thread_blocked, id=23864, stack(0x0000007e0f700000,0x0000007e0f800000) (1024K)]
  0x00000252c0435fa0 JavaThread "Unconstrained build operations Thread 6"        [_thread_blocked, id=11688, stack(0x0000007e0f800000,0x0000007e0f900000) (1024K)]
  0x00000252c043a7d0 JavaThread "Unconstrained build operations Thread 7"        [_thread_blocked, id=20056, stack(0x0000007e0f900000,0x0000007e0fa00000) (1024K)]
  0x00000252c043c210 JavaThread "Unconstrained build operations Thread 8"        [_thread_blocked, id=20940, stack(0x0000007e0fa00000,0x0000007e0fb00000) (1024K)]
  0x00000252c0439ab0 JavaThread "Unconstrained build operations Thread 9"        [_thread_blocked, id=4780, stack(0x0000007e0fb00000,0x0000007e0fc00000) (1024K)]
  0x00000252c043ae60 JavaThread "Unconstrained build operations Thread 10"        [_thread_blocked, id=24188, stack(0x0000007e0fc00000,0x0000007e0fd00000) (1024K)]
  0x00000252c043a140 JavaThread "Unconstrained build operations Thread 11"        [_thread_blocked, id=14340, stack(0x0000007e0fd00000,0x0000007e0fe00000) (1024K)]
  0x00000252c043b4f0 JavaThread "Unconstrained build operations Thread 12"        [_thread_blocked, id=22440, stack(0x0000007e0fe00000,0x0000007e0ff00000) (1024K)]
  0x00000252c043bb80 JavaThread "Unconstrained build operations Thread 13"        [_thread_blocked, id=3248, stack(0x0000007e0ff00000,0x0000007e10000000) (1024K)]
  0x00000252c2a2d8d0 JavaThread "Unconstrained build operations Thread 14"        [_thread_blocked, id=20060, stack(0x0000007e10000000,0x0000007e10100000) (1024K)]
  0x00000252c2a2c520 JavaThread "Unconstrained build operations Thread 15"        [_thread_blocked, id=20732, stack(0x0000007e10100000,0x0000007e10200000) (1024K)]
  0x00000252c2a2a450 JavaThread "Unconstrained build operations Thread 16"        [_thread_blocked, id=11396, stack(0x0000007e10200000,0x0000007e10300000) (1024K)]
  0x00000252c2a2be90 JavaThread "Unconstrained build operations Thread 17"        [_thread_blocked, id=6080, stack(0x0000007e10300000,0x0000007e10400000) (1024K)]
  0x00000252c2a2cbb0 JavaThread "Unconstrained build operations Thread 18"        [_thread_blocked, id=19196, stack(0x0000007e10400000,0x0000007e10500000) (1024K)]
  0x00000252c2a2aae0 JavaThread "Unconstrained build operations Thread 19"        [_thread_blocked, id=15912, stack(0x0000007e10500000,0x0000007e10600000) (1024K)]
Total: 65

Other Threads:
  0x00000252b8a0e0f0 VMThread "VM Thread"                           [id=3068, stack(0x0000007e0ba00000,0x0000007e0bb00000) (1024K)]
  0x00000252b8930770 WatcherThread "VM Periodic Task Thread"        [id=25392, stack(0x0000007e0b900000,0x0000007e0ba00000) (1024K)]
  0x00000252a0e74670 WorkerThread "GC Thread#0"                     [id=22840, stack(0x0000007e0b400000,0x0000007e0b500000) (1024K)]
  0x00000252bd64b960 WorkerThread "GC Thread#1"                     [id=21816, stack(0x0000007e0c700000,0x0000007e0c800000) (1024K)]
  0x00000252bd5fcbf0 WorkerThread "GC Thread#2"                     [id=19544, stack(0x0000007e0c800000,0x0000007e0c900000) (1024K)]
  0x00000252bd82a0c0 WorkerThread "GC Thread#3"                     [id=2764, stack(0x0000007e0c900000,0x0000007e0ca00000) (1024K)]
  0x00000252bd82a460 WorkerThread "GC Thread#4"                     [id=9128, stack(0x0000007e0ca00000,0x0000007e0cb00000) (1024K)]
  0x00000252bd49ecd0 WorkerThread "GC Thread#5"                     [id=3844, stack(0x0000007e0cb00000,0x0000007e0cc00000) (1024K)]
  0x00000252be002dc0 WorkerThread "GC Thread#6"                     [id=20632, stack(0x0000007e0cc00000,0x0000007e0cd00000) (1024K)]
  0x00000252be003500 WorkerThread "GC Thread#7"                     [id=16216, stack(0x0000007e0d700000,0x0000007e0d800000) (1024K)]
  0x00000252be0038a0 WorkerThread "GC Thread#8"                     [id=17192, stack(0x0000007e0d800000,0x0000007e0d900000) (1024K)]
  0x00000252be004720 WorkerThread "GC Thread#9"                     [id=23612, stack(0x0000007e0d900000,0x0000007e0da00000) (1024K)]
  0x00000252a0e863a0 ConcurrentGCThread "G1 Main Marker"            [id=18188, stack(0x0000007e0b500000,0x0000007e0b600000) (1024K)]
  0x00000252a0e86db0 WorkerThread "G1 Conc#0"                       [id=21456, stack(0x0000007e0b600000,0x0000007e0b700000) (1024K)]
  0x00000252bed18a40 WorkerThread "G1 Conc#1"                       [id=24180, stack(0x0000007e0da00000,0x0000007e0db00000) (1024K)]
  0x00000252bed16d40 WorkerThread "G1 Conc#2"                       [id=8900, stack(0x0000007e0db00000,0x0000007e0dc00000) (1024K)]
  0x00000252b8861fe0 ConcurrentGCThread "G1 Refine#0"               [id=9212, stack(0x0000007e0b700000,0x0000007e0b800000) (1024K)]
  0x00000252b8863810 ConcurrentGCThread "G1 Service"                [id=11148, stack(0x0000007e0b800000,0x0000007e0b900000) (1024K)]
Total: 18

Threads with active compile tasks:
C2 CompilerThread0  6933 5960   !   4       java.net.URLClassLoader$1::run (81 bytes)
C2 CompilerThread1  6933 5958   !   4       java.net.URLClassLoader::findClass (47 bytes)
C2 CompilerThread2  6933 5959       4       java.net.URLClassLoader$1::run (5 bytes)
Total: 3

VM state: not at safepoint (normal execution)

VM Mutex/Monitor currently owned by a thread: None

Heap address: 0x0000000080000000, size: 2048 MB, Compressed Oops mode: 32-bit

CDS archive(s) not mapped
Compressed class space mapped at: 0x0000000100000000-0x0000000140000000, reserved size: 1073741824
Narrow klass base: 0x0000000000000000, Narrow klass shift: 3, Narrow klass range: 0x140000000

GC Precious Log:
 CardTable entry size: 512
 Card Set container configuration: InlinePtr #cards 5 size 8 Array Of Cards #cards 12 size 40 Howl #buckets 4 coarsen threshold 1843 Howl Bitmap #cards 512 size 80 coarsen threshold 460 Card regions per heap region 1 cards per card region 2048
 CPUs: 12 total, 12 available
 Memory: 16085M
 Large Page Support: Disabled
 NUMA Support: Disabled
 Compressed Oops: Enabled (32-bit)
 Heap Region Size: 1M
 Heap Min Capacity: 8M
 Heap Initial Capacity: 252M
 Heap Max Capacity: 2G
 Pre-touch: Disabled
 Parallel Workers: 10
 Concurrent Workers: 3
 Concurrent Refinement Workers: 10
 Periodic GC: Disabled

Heap:
 garbage-first heap   total 145408K, used 106909K [0x0000000080000000, 0x0000000100000000)
  region size 1024K, 31 young (31744K), 4 survivors (4096K)
 Metaspace       used 62034K, committed 63616K, reserved 1114112K
  class space    used 8527K, committed 9280K, reserved 1048576K

Heap Regions: E=young(eden), S=young(survivor), O=old, HS=humongous(starts), HC=humongous(continues), CS=collection set, F=free, TAMS=top-at-mark-start, PB=parsable bottom
|   0|0x0000000080000000, 0x0000000080100000, 0x0000000080100000|100%| O|  |TAMS 0x0000000080000000| PB 0x0000000080000000| Untracked 
|   1|0x0000000080100000, 0x0000000080200000, 0x0000000080200000|100%|HS|  |TAMS 0x0000000080100000| PB 0x0000000080100000| Complete 
|   2|0x0000000080200000, 0x0000000080300000, 0x0000000080300000|100%|HC|  |TAMS 0x0000000080200000| PB 0x0000000080200000| Complete 
|   3|0x0000000080300000, 0x0000000080400000, 0x0000000080400000|100%|HC|  |TAMS 0x0000000080300000| PB 0x0000000080300000| Complete 
|   4|0x0000000080400000, 0x0000000080500000, 0x0000000080500000|100%| O|  |TAMS 0x0000000080400000| PB 0x0000000080400000| Untracked 
|   5|0x0000000080500000, 0x0000000080600000, 0x0000000080600000|100%| O|  |TAMS 0x0000000080500000| PB 0x0000000080500000| Untracked 
|   6|0x0000000080600000, 0x0000000080700000, 0x0000000080700000|100%| O|  |TAMS 0x0000000080600000| PB 0x0000000080600000| Untracked 
|   7|0x0000000080700000, 0x0000000080800000, 0x0000000080800000|100%|HS|  |TAMS 0x0000000080700000| PB 0x0000000080700000| Complete 
|   8|0x0000000080800000, 0x0000000080900000, 0x0000000080900000|100%| O|  |TAMS 0x0000000080800000| PB 0x0000000080800000| Untracked 
|   9|0x0000000080900000, 0x0000000080a00000, 0x0000000080a00000|100%| O|  |TAMS 0x0000000080900000| PB 0x0000000080900000| Untracked 
|  10|0x0000000080a00000, 0x0000000080b00000, 0x0000000080b00000|100%| O|  |TAMS 0x0000000080a00000| PB 0x0000000080a00000| Untracked 
|  11|0x0000000080b00000, 0x0000000080c00000, 0x0000000080c00000|100%| O|  |TAMS 0x0000000080b00000| PB 0x0000000080b00000| Untracked 
|  12|0x0000000080c00000, 0x0000000080d00000, 0x0000000080d00000|100%| O|  |TAMS 0x0000000080c00000| PB 0x0000000080c00000| Untracked 
|  13|0x0000000080d00000, 0x0000000080e00000, 0x0000000080e00000|100%| O|  |TAMS 0x0000000080d00000| PB 0x0000000080d00000| Untracked 
|  14|0x0000000080e00000, 0x0000000080f00000, 0x0000000080f00000|100%| O|  |TAMS 0x0000000080e00000| PB 0x0000000080e00000| Untracked 
|  15|0x0000000080f00000, 0x0000000081000000, 0x0000000081000000|100%| O|  |TAMS 0x0000000080f00000| PB 0x0000000080f00000| Untracked 
|  16|0x0000000081000000, 0x0000000081100000, 0x0000000081100000|100%| O|  |TAMS 0x0000000081000000| PB 0x0000000081000000| Untracked 
|  17|0x0000000081100000, 0x0000000081200000, 0x0000000081200000|100%| O|  |TAMS 0x0000000081100000| PB 0x0000000081100000| Untracked 
|  18|0x0000000081200000, 0x0000000081300000, 0x0000000081300000|100%| O|  |TAMS 0x0000000081200000| PB 0x0000000081200000| Untracked 
|  19|0x0000000081300000, 0x0000000081400000, 0x0000000081400000|100%| O|  |TAMS 0x0000000081300000| PB 0x0000000081300000| Untracked 
|  20|0x0000000081400000, 0x0000000081500000, 0x0000000081500000|100%| O|  |TAMS 0x0000000081400000| PB 0x0000000081400000| Untracked 
|  21|0x0000000081500000, 0x0000000081600000, 0x0000000081600000|100%|HS|  |TAMS 0x0000000081500000| PB 0x0000000081500000| Complete 
|  22|0x0000000081600000, 0x0000000081700000, 0x0000000081700000|100%|HC|  |TAMS 0x0000000081600000| PB 0x0000000081600000| Complete 
|  23|0x0000000081700000, 0x0000000081800000, 0x0000000081800000|100%|HC|  |TAMS 0x0000000081700000| PB 0x0000000081700000| Complete 
|  24|0x0000000081800000, 0x0000000081900000, 0x0000000081900000|100%|HC|  |TAMS 0x0000000081800000| PB 0x0000000081800000| Complete 
|  25|0x0000000081900000, 0x0000000081a00000, 0x0000000081a00000|100%|HC|  |TAMS 0x0000000081900000| PB 0x0000000081900000| Complete 
|  26|0x0000000081a00000, 0x0000000081b00000, 0x0000000081b00000|100%|HC|  |TAMS 0x0000000081a00000| PB 0x0000000081a00000| Complete 
|  27|0x0000000081b00000, 0x0000000081c00000, 0x0000000081c00000|100%|HS|  |TAMS 0x0000000081b00000| PB 0x0000000081b00000| Complete 
|  28|0x0000000081c00000, 0x0000000081d00000, 0x0000000081d00000|100%| O|  |TAMS 0x0000000081c00000| PB 0x0000000081c00000| Untracked 
|  29|0x0000000081d00000, 0x0000000081e00000, 0x0000000081e00000|100%| O|  |TAMS 0x0000000081d00000| PB 0x0000000081d00000| Untracked 
|  30|0x0000000081e00000, 0x0000000081f00000, 0x0000000081f00000|100%| O|  |TAMS 0x0000000081e00000| PB 0x0000000081e00000| Untracked 
|  31|0x0000000081f00000, 0x0000000082000000, 0x0000000082000000|100%| O|  |TAMS 0x0000000081f00000| PB 0x0000000081f00000| Untracked 
|  32|0x0000000082000000, 0x0000000082100000, 0x0000000082100000|100%| O|  |TAMS 0x0000000082000000| PB 0x0000000082000000| Untracked 
|  33|0x0000000082100000, 0x0000000082200000, 0x0000000082200000|100%|HS|  |TAMS 0x0000000082100000| PB 0x0000000082100000| Complete 
|  34|0x0000000082200000, 0x0000000082300000, 0x0000000082300000|100%|HC|  |TAMS 0x0000000082200000| PB 0x0000000082200000| Complete 
|  35|0x0000000082300000, 0x0000000082400000, 0x0000000082400000|100%|HC|  |TAMS 0x0000000082300000| PB 0x0000000082300000| Complete 
|  36|0x0000000082400000, 0x0000000082500000, 0x0000000082500000|100%|HC|  |TAMS 0x0000000082400000| PB 0x0000000082400000| Complete 
|  37|0x0000000082500000, 0x0000000082600000, 0x0000000082600000|100%|HS|  |TAMS 0x0000000082500000| PB 0x0000000082500000| Complete 
|  38|0x0000000082600000, 0x0000000082700000, 0x0000000082700000|100%|HC|  |TAMS 0x0000000082600000| PB 0x0000000082600000| Complete 
|  39|0x0000000082700000, 0x0000000082800000, 0x0000000082800000|100%| O|  |TAMS 0x0000000082700000| PB 0x0000000082700000| Untracked 
|  40|0x0000000082800000, 0x0000000082900000, 0x0000000082900000|100%| O|  |TAMS 0x0000000082800000| PB 0x0000000082800000| Untracked 
|  41|0x0000000082900000, 0x0000000082a00000, 0x0000000082a00000|100%| O|  |TAMS 0x0000000082900000| PB 0x0000000082900000| Untracked 
|  42|0x0000000082a00000, 0x0000000082b00000, 0x0000000082b00000|100%| O|  |TAMS 0x0000000082a00000| PB 0x0000000082a00000| Untracked 
|  43|0x0000000082b00000, 0x0000000082c00000, 0x0000000082c00000|100%|HS|  |TAMS 0x0000000082b00000| PB 0x0000000082b00000| Complete 
|  44|0x0000000082c00000, 0x0000000082d00000, 0x0000000082d00000|100%|HC|  |TAMS 0x0000000082c00000| PB 0x0000000082c00000| Complete 
|  45|0x0000000082d00000, 0x0000000082e00000, 0x0000000082e00000|100%| O|  |TAMS 0x0000000082d00000| PB 0x0000000082d00000| Untracked 
|  46|0x0000000082e00000, 0x0000000082f00000, 0x0000000082f00000|100%| O|  |TAMS 0x0000000082e00000| PB 0x0000000082e00000| Untracked 
|  47|0x0000000082f00000, 0x0000000083000000, 0x0000000083000000|100%| O|  |TAMS 0x0000000082f00000| PB 0x0000000082f00000| Untracked 
|  48|0x0000000083000000, 0x0000000083100000, 0x0000000083100000|100%| O|  |TAMS 0x0000000083000000| PB 0x0000000083000000| Untracked 
|  49|0x0000000083100000, 0x0000000083200000, 0x0000000083200000|100%| O|  |TAMS 0x0000000083100000| PB 0x0000000083100000| Untracked 
|  50|0x0000000083200000, 0x0000000083300000, 0x0000000083300000|100%| O|  |TAMS 0x0000000083200000| PB 0x0000000083200000| Untracked 
|  51|0x0000000083300000, 0x0000000083400000, 0x0000000083400000|100%| O|  |TAMS 0x0000000083300000| PB 0x0000000083300000| Untracked 
|  52|0x0000000083400000, 0x0000000083500000, 0x0000000083500000|100%| O|  |TAMS 0x0000000083400000| PB 0x0000000083400000| Untracked 
|  53|0x0000000083500000, 0x0000000083600000, 0x0000000083600000|100%| O|Cm|TAMS 0x0000000083500000| PB 0x0000000083500000| Complete 
|  54|0x0000000083600000, 0x0000000083700000, 0x0000000083700000|100%| O|  |TAMS 0x0000000083600000| PB 0x0000000083600000| Untracked 
|  55|0x0000000083700000, 0x0000000083800000, 0x0000000083800000|100%| O|  |TAMS 0x0000000083700000| PB 0x0000000083700000| Untracked 
|  56|0x0000000083800000, 0x0000000083900000, 0x0000000083900000|100%| O|Cm|TAMS 0x0000000083800000| PB 0x0000000083800000| Complete 
|  57|0x0000000083900000, 0x0000000083900000, 0x0000000083a00000|  0%| F|  |TAMS 0x0000000083900000| PB 0x0000000083900000| Untracked 
|  58|0x0000000083a00000, 0x0000000083b00000, 0x0000000083b00000|100%| O|  |TAMS 0x0000000083a00000| PB 0x0000000083a00000| Untracked 
|  59|0x0000000083b00000, 0x0000000083c00000, 0x0000000083c00000|100%| O|  |TAMS 0x0000000083b00000| PB 0x0000000083b00000| Untracked 
|  60|0x0000000083c00000, 0x0000000083d00000, 0x0000000083d00000|100%|HS|  |TAMS 0x0000000083c00000| PB 0x0000000083c00000| Complete 
|  61|0x0000000083d00000, 0x0000000083e00000, 0x0000000083e00000|100%|HC|  |TAMS 0x0000000083d00000| PB 0x0000000083d00000| Complete 
|  62|0x0000000083e00000, 0x0000000083f00000, 0x0000000083f00000|100%|HC|  |TAMS 0x0000000083e00000| PB 0x0000000083e00000| Complete 
|  63|0x0000000083f00000, 0x0000000084000000, 0x0000000084000000|100%|HC|  |TAMS 0x0000000083f00000| PB 0x0000000083f00000| Complete 
|  64|0x0000000084000000, 0x0000000084100000, 0x0000000084100000|100%|HC|  |TAMS 0x0000000084000000| PB 0x0000000084000000| Complete 
|  65|0x0000000084100000, 0x0000000084200000, 0x0000000084200000|100%|HC|  |TAMS 0x0000000084100000| PB 0x0000000084100000| Complete 
|  66|0x0000000084200000, 0x0000000084300000, 0x0000000084300000|100%|HS|  |TAMS 0x0000000084200000| PB 0x0000000084200000| Complete 
|  67|0x0000000084300000, 0x0000000084400000, 0x0000000084400000|100%|HC|  |TAMS 0x0000000084300000| PB 0x0000000084300000| Complete 
|  68|0x0000000084400000, 0x0000000084500000, 0x0000000084500000|100%|HC|  |TAMS 0x0000000084400000| PB 0x0000000084400000| Complete 
|  69|0x0000000084500000, 0x0000000084600000, 0x0000000084600000|100%|HC|  |TAMS 0x0000000084500000| PB 0x0000000084500000| Complete 
|  70|0x0000000084600000, 0x0000000084700000, 0x0000000084700000|100%|HC|  |TAMS 0x0000000084600000| PB 0x0000000084600000| Complete 
|  71|0x0000000084700000, 0x0000000084800000, 0x0000000084800000|100%|HC|  |TAMS 0x0000000084700000| PB 0x0000000084700000| Complete 
|  72|0x0000000084800000, 0x0000000084800000, 0x0000000084900000|  0%| F|  |TAMS 0x0000000084800000| PB 0x0000000084800000| Untracked 
|  73|0x0000000084900000, 0x0000000084a00000, 0x0000000084a00000|100%| O|  |TAMS 0x0000000084900000| PB 0x0000000084900000| Untracked 
|  74|0x0000000084a00000, 0x0000000084b00000, 0x0000000084b00000|100%| O|  |TAMS 0x0000000084a00000| PB 0x0000000084a00000| Untracked 
|  75|0x0000000084b00000, 0x0000000084c00000, 0x0000000084c00000|100%| O|  |TAMS 0x0000000084b00000| PB 0x0000000084b00000| Untracked 
|  76|0x0000000084c00000, 0x0000000084d00000, 0x0000000084d00000|100%| O|  |TAMS 0x0000000084c00000| PB 0x0000000084c00000| Untracked 
|  77|0x0000000084d00000, 0x0000000084d48460, 0x0000000084e00000| 28%| S|CS|TAMS 0x0000000084d00000| PB 0x0000000084d00000| Complete 
|  78|0x0000000084e00000, 0x0000000084f00000, 0x0000000084f00000|100%| S|CS|TAMS 0x0000000084e00000| PB 0x0000000084e00000| Complete 
|  79|0x0000000084f00000, 0x0000000085000000, 0x0000000085000000|100%| S|CS|TAMS 0x0000000084f00000| PB 0x0000000084f00000| Complete 
|  80|0x0000000085000000, 0x0000000085100000, 0x0000000085100000|100%| S|CS|TAMS 0x0000000085000000| PB 0x0000000085000000| Complete 
|  81|0x0000000085100000, 0x0000000085100000, 0x0000000085200000|  0%| F|  |TAMS 0x0000000085100000| PB 0x0000000085100000| Untracked 
|  82|0x0000000085200000, 0x0000000085200000, 0x0000000085300000|  0%| F|  |TAMS 0x0000000085200000| PB 0x0000000085200000| Untracked 
|  83|0x0000000085300000, 0x0000000085300000, 0x0000000085400000|  0%| F|  |TAMS 0x0000000085300000| PB 0x0000000085300000| Untracked 
|  84|0x0000000085400000, 0x0000000085400000, 0x0000000085500000|  0%| F|  |TAMS 0x0000000085400000| PB 0x0000000085400000| Untracked 
|  85|0x0000000085500000, 0x0000000085500000, 0x0000000085600000|  0%| F|  |TAMS 0x0000000085500000| PB 0x0000000085500000| Untracked 
|  86|0x0000000085600000, 0x0000000085600000, 0x0000000085700000|  0%| F|  |TAMS 0x0000000085600000| PB 0x0000000085600000| Untracked 
|  87|0x0000000085700000, 0x0000000085700000, 0x0000000085800000|  0%| F|  |TAMS 0x0000000085700000| PB 0x0000000085700000| Untracked 
|  88|0x0000000085800000, 0x0000000085800000, 0x0000000085900000|  0%| F|  |TAMS 0x0000000085800000| PB 0x0000000085800000| Untracked 
|  89|0x0000000085900000, 0x0000000085900000, 0x0000000085a00000|  0%| F|  |TAMS 0x0000000085900000| PB 0x0000000085900000| Untracked 
|  90|0x0000000085a00000, 0x0000000085a00000, 0x0000000085b00000|  0%| F|  |TAMS 0x0000000085a00000| PB 0x0000000085a00000| Untracked 
|  91|0x0000000085b00000, 0x0000000085b00000, 0x0000000085c00000|  0%| F|  |TAMS 0x0000000085b00000| PB 0x0000000085b00000| Untracked 
|  92|0x0000000085c00000, 0x0000000085c00000, 0x0000000085d00000|  0%| F|  |TAMS 0x0000000085c00000| PB 0x0000000085c00000| Untracked 
|  93|0x0000000085d00000, 0x0000000085d00000, 0x0000000085e00000|  0%| F|  |TAMS 0x0000000085d00000| PB 0x0000000085d00000| Untracked 
|  94|0x0000000085e00000, 0x0000000085e00000, 0x0000000085f00000|  0%| F|  |TAMS 0x0000000085e00000| PB 0x0000000085e00000| Untracked 
|  95|0x0000000085f00000, 0x0000000085f00000, 0x0000000086000000|  0%| F|  |TAMS 0x0000000085f00000| PB 0x0000000085f00000| Untracked 
|  96|0x0000000086000000, 0x0000000086000000, 0x0000000086100000|  0%| F|  |TAMS 0x0000000086000000| PB 0x0000000086000000| Untracked 
|  97|0x0000000086100000, 0x0000000086100000, 0x0000000086200000|  0%| F|  |TAMS 0x0000000086100000| PB 0x0000000086100000| Untracked 
|  98|0x0000000086200000, 0x0000000086200000, 0x0000000086300000|  0%| F|  |TAMS 0x0000000086200000| PB 0x0000000086200000| Untracked 
|  99|0x0000000086300000, 0x0000000086300000, 0x0000000086400000|  0%| F|  |TAMS 0x0000000086300000| PB 0x0000000086300000| Untracked 
| 100|0x0000000086400000, 0x0000000086400000, 0x0000000086500000|  0%| F|  |TAMS 0x0000000086400000| PB 0x0000000086400000| Untracked 
| 101|0x0000000086500000, 0x0000000086500000, 0x0000000086600000|  0%| F|  |TAMS 0x0000000086500000| PB 0x0000000086500000| Untracked 
| 102|0x0000000086600000, 0x0000000086600000, 0x0000000086700000|  0%| F|  |TAMS 0x0000000086600000| PB 0x0000000086600000| Untracked 
| 103|0x0000000086700000, 0x0000000086700000, 0x0000000086800000|  0%| F|  |TAMS 0x0000000086700000| PB 0x0000000086700000| Untracked 
| 104|0x0000000086800000, 0x0000000086800000, 0x0000000086900000|  0%| F|  |TAMS 0x0000000086800000| PB 0x0000000086800000| Untracked 
| 105|0x0000000086900000, 0x0000000086900000, 0x0000000086a00000|  0%| F|  |TAMS 0x0000000086900000| PB 0x0000000086900000| Untracked 
| 106|0x0000000086a00000, 0x0000000086a00000, 0x0000000086b00000|  0%| F|  |TAMS 0x0000000086a00000| PB 0x0000000086a00000| Untracked 
| 107|0x0000000086b00000, 0x0000000086b00000, 0x0000000086c00000|  0%| F|  |TAMS 0x0000000086b00000| PB 0x0000000086b00000| Untracked 
| 108|0x0000000086c00000, 0x0000000086c00000, 0x0000000086d00000|  0%| F|  |TAMS 0x0000000086c00000| PB 0x0000000086c00000| Untracked 
| 109|0x0000000086d00000, 0x0000000086d00000, 0x0000000086e00000|  0%| F|  |TAMS 0x0000000086d00000| PB 0x0000000086d00000| Untracked 
| 110|0x0000000086e00000, 0x0000000086e00000, 0x0000000086f00000|  0%| F|  |TAMS 0x0000000086e00000| PB 0x0000000086e00000| Untracked 
| 111|0x0000000086f00000, 0x0000000086f00000, 0x0000000087000000|  0%| F|  |TAMS 0x0000000086f00000| PB 0x0000000086f00000| Untracked 
| 112|0x0000000087000000, 0x0000000087000000, 0x0000000087100000|  0%| F|  |TAMS 0x0000000087000000| PB 0x0000000087000000| Untracked 
| 113|0x0000000087100000, 0x0000000087100000, 0x0000000087200000|  0%| F|  |TAMS 0x0000000087100000| PB 0x0000000087100000| Untracked 
| 114|0x0000000087200000, 0x0000000087280000, 0x0000000087300000| 50%| E|  |TAMS 0x0000000087200000| PB 0x0000000087200000| Complete 
| 115|0x0000000087300000, 0x0000000087400000, 0x0000000087400000|100%| E|CS|TAMS 0x0000000087300000| PB 0x0000000087300000| Complete 
| 116|0x0000000087400000, 0x0000000087500000, 0x0000000087500000|100%| E|CS|TAMS 0x0000000087400000| PB 0x0000000087400000| Complete 
| 117|0x0000000087500000, 0x0000000087600000, 0x0000000087600000|100%| E|CS|TAMS 0x0000000087500000| PB 0x0000000087500000| Complete 
| 118|0x0000000087600000, 0x0000000087700000, 0x0000000087700000|100%| E|CS|TAMS 0x0000000087600000| PB 0x0000000087600000| Complete 
| 119|0x0000000087700000, 0x0000000087800000, 0x0000000087800000|100%| E|CS|TAMS 0x0000000087700000| PB 0x0000000087700000| Complete 
| 120|0x0000000087800000, 0x0000000087900000, 0x0000000087900000|100%| E|CS|TAMS 0x0000000087800000| PB 0x0000000087800000| Complete 
| 121|0x0000000087900000, 0x0000000087a00000, 0x0000000087a00000|100%| E|CS|TAMS 0x0000000087900000| PB 0x0000000087900000| Complete 
| 122|0x0000000087a00000, 0x0000000087b00000, 0x0000000087b00000|100%| E|CS|TAMS 0x0000000087a00000| PB 0x0000000087a00000| Complete 
| 123|0x0000000087b00000, 0x0000000087c00000, 0x0000000087c00000|100%| E|CS|TAMS 0x0000000087b00000| PB 0x0000000087b00000| Complete 
| 124|0x0000000087c00000, 0x0000000087d00000, 0x0000000087d00000|100%| E|CS|TAMS 0x0000000087c00000| PB 0x0000000087c00000| Complete 
| 125|0x0000000087d00000, 0x0000000087e00000, 0x0000000087e00000|100%| E|CS|TAMS 0x0000000087d00000| PB 0x0000000087d00000| Complete 
| 126|0x0000000087e00000, 0x0000000087f00000, 0x0000000087f00000|100%| E|CS|TAMS 0x0000000087e00000| PB 0x0000000087e00000| Complete 
| 127|0x0000000087f00000, 0x0000000088000000, 0x0000000088000000|100%| E|CS|TAMS 0x0000000087f00000| PB 0x0000000087f00000| Complete 
| 128|0x0000000088000000, 0x0000000088100000, 0x0000000088100000|100%| E|CS|TAMS 0x0000000088000000| PB 0x0000000088000000| Complete 
| 129|0x0000000088100000, 0x0000000088200000, 0x0000000088200000|100%| E|CS|TAMS 0x0000000088100000| PB 0x0000000088100000| Complete 
| 219|0x000000008db00000, 0x000000008dc00000, 0x000000008dc00000|100%| E|CS|TAMS 0x000000008db00000| PB 0x000000008db00000| Complete 
| 220|0x000000008dc00000, 0x000000008dd00000, 0x000000008dd00000|100%| E|CS|TAMS 0x000000008dc00000| PB 0x000000008dc00000| Complete 
| 221|0x000000008dd00000, 0x000000008de00000, 0x000000008de00000|100%| E|CS|TAMS 0x000000008dd00000| PB 0x000000008dd00000| Complete 
| 222|0x000000008de00000, 0x000000008df00000, 0x000000008df00000|100%| E|CS|TAMS 0x000000008de00000| PB 0x000000008de00000| Complete 
| 223|0x000000008df00000, 0x000000008e000000, 0x000000008e000000|100%| E|CS|TAMS 0x000000008df00000| PB 0x000000008df00000| Complete 
| 224|0x000000008e000000, 0x000000008e100000, 0x000000008e100000|100%| E|CS|TAMS 0x000000008e000000| PB 0x000000008e000000| Complete 
| 225|0x000000008e100000, 0x000000008e200000, 0x000000008e200000|100%| E|CS|TAMS 0x000000008e100000| PB 0x000000008e100000| Complete 
| 226|0x000000008e200000, 0x000000008e300000, 0x000000008e300000|100%| E|CS|TAMS 0x000000008e200000| PB 0x000000008e200000| Complete 
| 227|0x000000008e300000, 0x000000008e400000, 0x000000008e400000|100%| E|CS|TAMS 0x000000008e300000| PB 0x000000008e300000| Complete 
| 250|0x000000008fa00000, 0x000000008fb00000, 0x000000008fb00000|100%| E|CS|TAMS 0x000000008fa00000| PB 0x000000008fa00000| Complete 
| 251|0x000000008fb00000, 0x000000008fc00000, 0x000000008fc00000|100%| E|CS|TAMS 0x000000008fb00000| PB 0x000000008fb00000| Complete 
|2047|0x00000000fff00000, 0x00000000fff1f060, 0x0000000100000000| 12%| O|  |TAMS 0x00000000fff00000| PB 0x00000000fff00000| Untracked 

Card table byte_map: [0x00000252b38c0000,0x00000252b3cc0000] _byte_map_base: 0x00000252b34c0000

Marking Bits: (CMBitMap*) 0x00000252a0e74c80
 Bits: [0x00000252b3cc0000, 0x00000252b5cc0000)

Polling page: 0x000002529ec00000

Metaspace:

Usage:
  Non-class:     52.29 MB used.
      Class:      8.34 MB used.
       Both:     60.63 MB used.

Virtual space:
  Non-class space:       64.00 MB reserved,      53.12 MB ( 83%) committed,  1 nodes.
      Class space:        1.00 GB reserved,       9.06 MB ( <1%) committed,  1 nodes.
             Both:        1.06 GB reserved,      62.19 MB (  6%) committed. 

Chunk freelists:
   Non-Class:  10.09 MB
       Class:  6.75 MB
        Both:  16.84 MB

MaxMetaspaceSize: unlimited
CompressedClassSpaceSize: 1.00 GB
Initial GC threshold: 21.00 MB
Current GC threshold: 94.69 MB
CDS: off
 - commit_granule_bytes: 65536.
 - commit_granule_words: 8192.
 - virtual_space_node_default_size: 8388608.
 - enlarge_chunks_in_place: 1.
 - use_allocation_guard: 0.


Internal statistics:

num_allocs_failed_limit: 6.
num_arena_births: 2894.
num_arena_deaths: 0.
num_vsnodes_births: 2.
num_vsnodes_deaths: 0.
num_space_committed: 995.
num_space_uncommitted: 0.
num_chunks_returned_to_freelist: 6.
num_chunks_taken_from_freelist: 5407.
num_chunk_merges: 3.
num_chunk_splits: 3485.
num_chunks_enlarged: 2137.
num_inconsistent_stats: 0.

CodeHeap 'non-profiled nmethods': size=120000Kb used=2802Kb max_used=2848Kb free=117197Kb
 bounds [0x00000252aba40000, 0x00000252abd10000, 0x00000252b2f70000]
CodeHeap 'profiled nmethods': size=120000Kb used=9771Kb max_used=9821Kb free=110228Kb
 bounds [0x00000252a3f70000, 0x00000252a4910000, 0x00000252ab4a0000]
CodeHeap 'non-nmethods': size=5760Kb used=2942Kb max_used=2975Kb free=2817Kb
 bounds [0x00000252ab4a0000, 0x00000252ab790000, 0x00000252aba40000]
 total_blobs=6055 nmethods=5194 adapters=765
 compilation: enabled
              stopped_count=0, restarted_count=0
 full_count=0

Compilation events (20 events):
Event: 4.726 Thread 0x00000252b8adf700 nmethod 5952 0x00000252a416df10 code [0x00000252a416e1c0, 0x00000252a416f010]
Event: 4.728 Thread 0x00000252b8ade960 nmethod 5950 0x00000252abbdb510 code [0x00000252abbdb7c0, 0x00000252abbdc930]
Event: 4.737 Thread 0x00000252b8adf700 5954       3       java.lang.StringUTF16::checkIndex (9 bytes)
Event: 4.738 Thread 0x00000252b8adf700 nmethod 5954 0x00000252a4210d90 code [0x00000252a4210f40, 0x00000252a4211138]
Event: 4.738 Thread 0x00000252b8adf700 5953       3       java.lang.StringUTF16::length (5 bytes)
Event: 4.738 Thread 0x00000252b8adf700 nmethod 5953 0x00000252a40b5090 code [0x00000252a40b5220, 0x00000252a40b5318]
Event: 4.738 Thread 0x00000252b8adf700 5955       3       java.lang.StringUTF16::charAt (11 bytes)
Event: 4.738 Thread 0x00000252b8adf700 nmethod 5955 0x00000252a416d990 code [0x00000252a416db40, 0x00000252a416dda8]
Event: 4.743 Thread 0x00000252b8ade290 5956       4       sun.net.www.protocol.jar.Handler::parseURL (173 bytes)
Event: 4.746 Thread 0x00000252b8ade960 5957       4       jdk.internal.org.objectweb.asm.MethodWriter::visitVarInsn (302 bytes)
Event: 4.750 Thread 0x00000252b8ade960 nmethod 5957 0x00000252abbda790 code [0x00000252abbda9a0, 0x00000252abbdb090]
Event: 4.750 Thread 0x00000252b8ac9570 nmethod 5949 0x00000252abc67510 code [0x00000252abc67900, 0x00000252abc6a1f8]
Event: 4.766 Thread 0x00000252b8ade960 5958   !   4       java.net.URLClassLoader::findClass (47 bytes)
Event: 4.767 Thread 0x00000252b8ade290 nmethod 5956 0x00000252abc63f90 code [0x00000252abc64260, 0x00000252abc661f8]
Event: 4.774 Thread 0x00000252b8ade290 5959       4       java.net.URLClassLoader$1::run (5 bytes)
Event: 4.774 Thread 0x00000252b8ac9570 5960   !   4       java.net.URLClassLoader$1::run (81 bytes)
Event: 4.782 Thread 0x00000252b8adf700 5961       1       org.jetbrains.kotlin.com.intellij.psi.tree.IElementType::getIndex (5 bytes)
Event: 4.782 Thread 0x00000252b8adf700 nmethod 5961 0x00000252abbda210 code [0x00000252abbda3a0, 0x00000252abbda470]
Event: 4.850 Thread 0x00000252b8adf700 5963       3       java.lang.Class::getConstructor (31 bytes)
Event: 4.850 Thread 0x00000252b8adf700 nmethod 5963 0x00000252a416c890 code [0x00000252a416cb00, 0x00000252a416d390]

GC Heap History (20 events):
Event: 2.165 GC heap before
{Heap before GC invocations=5 (full 0):
 garbage-first heap   total 71680K, used 69953K [0x0000000080000000, 0x0000000100000000)
  region size 1024K, 58 young (59392K), 9 survivors (9216K)
 Metaspace       used 29294K, committed 29824K, reserved 1114112K
  class space    used 3730K, committed 3968K, reserved 1048576K
}
Event: 2.171 GC heap after
{Heap after GC invocations=6 (full 0):
 garbage-first heap   total 82944K, used 23424K [0x0000000080000000, 0x0000000100000000)
  region size 1024K, 11 young (11264K), 11 survivors (11264K)
 Metaspace       used 29294K, committed 29824K, reserved 1114112K
  class space    used 3730K, committed 3968K, reserved 1048576K
}
Event: 2.581 GC heap before
{Heap before GC invocations=6 (full 0):
 garbage-first heap   total 82944K, used 60288K [0x0000000080000000, 0x0000000100000000)
  region size 1024K, 48 young (49152K), 11 survivors (11264K)
 Metaspace       used 34324K, committed 35200K, reserved 1114112K
  class space    used 4584K, committed 4992K, reserved 1048576K
}
Event: 2.586 GC heap after
{Heap after GC invocations=7 (full 0):
 garbage-first heap   total 82944K, used 25922K [0x0000000080000000, 0x0000000100000000)
  region size 1024K, 6 young (6144K), 6 survivors (6144K)
 Metaspace       used 34324K, committed 35200K, reserved 1114112K
  class space    used 4584K, committed 4992K, reserved 1048576K
}
Event: 2.712 GC heap before
{Heap before GC invocations=7 (full 0):
 garbage-first heap   total 82944K, used 46402K [0x0000000080000000, 0x0000000100000000)
  region size 1024K, 16 young (16384K), 6 survivors (6144K)
 Metaspace       used 35120K, committed 35968K, reserved 1114112K
  class space    used 4721K, committed 5120K, reserved 1048576K
}
Event: 2.715 GC heap after
{Heap after GC invocations=8 (full 0):
 garbage-first heap   total 82944K, used 41550K [0x0000000080000000, 0x0000000100000000)
  region size 1024K, 6 young (6144K), 6 survivors (6144K)
 Metaspace       used 35120K, committed 35968K, reserved 1114112K
  class space    used 4721K, committed 5120K, reserved 1048576K
}
Event: 3.053 GC heap before
{Heap before GC invocations=9 (full 0):
 garbage-first heap   total 82944K, used 71246K [0x0000000080000000, 0x0000000100000000)
  region size 1024K, 35 young (35840K), 6 survivors (6144K)
 Metaspace       used 38674K, committed 39616K, reserved 1114112K
  class space    used 5274K, committed 5760K, reserved 1048576K
}
Event: 3.056 GC heap after
{Heap after GC invocations=10 (full 0):
 garbage-first heap   total 82944K, used 45202K [0x0000000080000000, 0x0000000100000000)
  region size 1024K, 3 young (3072K), 3 survivors (3072K)
 Metaspace       used 38674K, committed 39616K, reserved 1114112K
  class space    used 5274K, committed 5760K, reserved 1048576K
}
Event: 3.279 GC heap before
{Heap before GC invocations=10 (full 0):
 garbage-first heap   total 82944K, used 72850K [0x0000000080000000, 0x0000000100000000)
  region size 1024K, 30 young (30720K), 3 survivors (3072K)
 Metaspace       used 42419K, committed 43648K, reserved 1114112K
  class space    used 5886K, committed 6528K, reserved 1048576K
}
Event: 3.283 GC heap after
{Heap after GC invocations=11 (full 0):
 garbage-first heap   total 82944K, used 46541K [0x0000000080000000, 0x0000000100000000)
  region size 1024K, 2 young (2048K), 2 survivors (2048K)
 Metaspace       used 42419K, committed 43648K, reserved 1114112K
  class space    used 5886K, committed 6528K, reserved 1048576K
}
Event: 3.582 GC heap before
{Heap before GC invocations=11 (full 0):
 garbage-first heap   total 82944K, used 73165K [0x0000000080000000, 0x0000000100000000)
  region size 1024K, 29 young (29696K), 2 survivors (2048K)
 Metaspace       used 48250K, committed 49600K, reserved 1114112K
  class space    used 6588K, committed 7232K, reserved 1048576K
}
Event: 3.585 GC heap after
{Heap after GC invocations=12 (full 0):
 garbage-first heap   total 110592K, used 49807K [0x0000000080000000, 0x0000000100000000)
  region size 1024K, 4 young (4096K), 4 survivors (4096K)
 Metaspace       used 48250K, committed 49600K, reserved 1114112K
  class space    used 6588K, committed 7232K, reserved 1048576K
}
Event: 3.908 GC heap before
{Heap before GC invocations=13 (full 0):
 garbage-first heap   total 110592K, used 98959K [0x0000000080000000, 0x0000000100000000)
  region size 1024K, 48 young (49152K), 4 survivors (4096K)
 Metaspace       used 51899K, committed 53376K, reserved 1114112K
  class space    used 6933K, committed 7680K, reserved 1048576K
}
Event: 3.912 GC heap after
{Heap after GC invocations=14 (full 0):
 garbage-first heap   total 110592K, used 54902K [0x0000000080000000, 0x0000000100000000)
  region size 1024K, 6 young (6144K), 6 survivors (6144K)
 Metaspace       used 51899K, committed 53376K, reserved 1114112K
  class space    used 6933K, committed 7680K, reserved 1048576K
}
Event: 4.290 GC heap before
{Heap before GC invocations=14 (full 0):
 garbage-first heap   total 110592K, used 97910K [0x0000000080000000, 0x0000000100000000)
  region size 1024K, 46 young (47104K), 6 survivors (6144K)
 Metaspace       used 56343K, committed 57856K, reserved 1114112K
  class space    used 7675K, committed 8448K, reserved 1048576K
}
Event: 4.294 GC heap after
{Heap after GC invocations=15 (full 0):
 garbage-first heap   total 110592K, used 61522K [0x0000000080000000, 0x0000000100000000)
  region size 1024K, 5 young (5120K), 5 survivors (5120K)
 Metaspace       used 56343K, committed 57856K, reserved 1114112K
  class space    used 7675K, committed 8448K, reserved 1048576K
}
Event: 4.430 GC heap before
{Heap before GC invocations=15 (full 0):
 garbage-first heap   total 110592K, used 74834K [0x0000000080000000, 0x0000000100000000)
  region size 1024K, 19 young (19456K), 5 survivors (5120K)
 Metaspace       used 56622K, committed 58176K, reserved 1114112K
  class space    used 7683K, committed 8448K, reserved 1048576K
}
Event: 4.433 GC heap after
{Heap after GC invocations=16 (full 0):
 garbage-first heap   total 110592K, used 64641K [0x0000000080000000, 0x0000000100000000)
  region size 1024K, 5 young (5120K), 5 survivors (5120K)
 Metaspace       used 56622K, committed 58176K, reserved 1114112K
  class space    used 7683K, committed 8448K, reserved 1048576K
}
Event: 4.670 GC heap before
{Heap before GC invocations=17 (full 0):
 garbage-first heap   total 119808K, used 109697K [0x0000000080000000, 0x0000000100000000)
  region size 1024K, 36 young (36864K), 5 survivors (5120K)
 Metaspace       used 58976K, committed 60544K, reserved 1114112K
  class space    used 7893K, committed 8640K, reserved 1048576K
}
Event: 4.673 GC heap after
{Heap after GC invocations=18 (full 0):
 garbage-first heap   total 145408K, used 80285K [0x0000000080000000, 0x0000000100000000)
  region size 1024K, 4 young (4096K), 4 survivors (4096K)
 Metaspace       used 58976K, committed 60544K, reserved 1114112K
  class space    used 7893K, committed 8640K, reserved 1048576K
}

Dll operation events (3 events):
Event: 0.007 Loaded shared library C:\Program Files\Android\Android Studio\jbr\bin\java.dll
Event: 0.011 Loaded shared library C:\Program Files\Android\Android Studio\jbr\bin\zip.dll
Event: 0.428 Loaded shared library C:\Program Files\Android\Android Studio\jbr\bin\verify.dll

Deoptimization events (20 events):
Event: 4.614 Thread 0x00000252beb1a540 Uncommon trap: trap_request=0xffffffde fr.pc=0x00000252abcf8f90 relative=0x0000000000000070
Event: 4.614 Thread 0x00000252beb1a540 Uncommon trap: reason=class_check action=maybe_recompile pc=0x00000252abcf8f90 method=java.util.stream.StreamOpFlag.fromCharacteristics(Ljava/util/Spliterator;)I @ 14 c2
Event: 4.614 Thread 0x00000252beb1a540 DEOPT PACKING pc=0x00000252abcf8f90 sp=0x0000007e0d3f9370
Event: 4.615 Thread 0x00000252beb1a540 DEOPT UNPACKING pc=0x00000252ab4f7da2 sp=0x0000007e0d3f9308 mode 2
Event: 4.641 Thread 0x00000252beb1a540 Uncommon trap: trap_request=0xffffff45 fr.pc=0x00000252abc3a880 relative=0x0000000000001440
Event: 4.641 Thread 0x00000252beb1a540 Uncommon trap: reason=unstable_if action=reinterpret pc=0x00000252abc3a880 method=sun.nio.fs.WindowsPath.initOffsets()V @ 99 c2
Event: 4.641 Thread 0x00000252beb1a540 DEOPT PACKING pc=0x00000252abc3a880 sp=0x0000007e0d3f9a60
Event: 4.642 Thread 0x00000252beb1a540 DEOPT UNPACKING pc=0x00000252ab4f7da2 sp=0x0000007e0d3f9a40 mode 2
Event: 4.657 Thread 0x00000252beb1a540 DEOPT PACKING pc=0x00000252a466dbde sp=0x0000007e0d3f8100
Event: 4.657 Thread 0x00000252beb1a540 DEOPT UNPACKING pc=0x00000252ab4f88e2 sp=0x0000007e0d3f75e8 mode 0
Event: 4.660 Thread 0x00000252beb1a540 DEOPT PACKING pc=0x00000252a466dbde sp=0x0000007e0d3f8100
Event: 4.660 Thread 0x00000252beb1a540 DEOPT UNPACKING pc=0x00000252ab4f88e2 sp=0x0000007e0d3f75e8 mode 0
Event: 4.667 Thread 0x00000252beb1a540 DEOPT PACKING pc=0x00000252a41e3d5d sp=0x0000007e0d3f8510
Event: 4.667 Thread 0x00000252beb1a540 DEOPT UNPACKING pc=0x00000252ab4f88e2 sp=0x0000007e0d3f7988 mode 0
Event: 4.669 Thread 0x00000252beb1a540 DEOPT PACKING pc=0x00000252a41e3d5d sp=0x0000007e0d3f8510
Event: 4.669 Thread 0x00000252beb1a540 DEOPT UNPACKING pc=0x00000252ab4f88e2 sp=0x0000007e0d3f7988 mode 0
Event: 4.713 Thread 0x00000252beb1a540 Uncommon trap: trap_request=0xffffff45 fr.pc=0x00000252abcf22d4 relative=0x0000000000000774
Event: 4.713 Thread 0x00000252beb1a540 Uncommon trap: reason=unstable_if action=reinterpret pc=0x00000252abcf22d4 method=org.gradle.internal.snapshot.VfsRelativePath.isPrefix(Ljava/lang/String;ILjava/lang/String;ILorg/gradle/internal/snapshot/CaseSensitivity;)Z @ 101 c2
Event: 4.713 Thread 0x00000252beb1a540 DEOPT PACKING pc=0x00000252abcf22d4 sp=0x0000007e0d3f7360
Event: 4.713 Thread 0x00000252beb1a540 DEOPT UNPACKING pc=0x00000252ab4f7da2 sp=0x0000007e0d3f72e8 mode 2

Classes loaded (20 events):
Event: 4.472 Loading class java/lang/ClassBeanInfo
Event: 4.472 Loading class java/lang/ClassBeanInfo done
Event: 4.472 Loading class java/lang/ClassCustomizer
Event: 4.472 Loading class java/lang/ClassCustomizer done
Event: 4.472 Loading class java/lang/ClassCustomizer
Event: 4.472 Loading class java/lang/ClassCustomizer done
Event: 4.472 Loading class sun/reflect/generics/tree/BooleanSignature
Event: 4.472 Loading class sun/reflect/generics/tree/BooleanSignature done
Event: 4.473 Loading class sun/reflect/generics/reflectiveObjects/GenericArrayTypeImpl
Event: 4.473 Loading class sun/reflect/generics/reflectiveObjects/GenericArrayTypeImpl done
Event: 4.474 Loading class jdk/internal/vm/annotation/ForceInline
Event: 4.474 Loading class jdk/internal/vm/annotation/ForceInline done
Event: 4.614 Loading class java/util/BitSet$1BitSetSpliterator
Event: 4.614 Loading class java/util/BitSet$1BitSetSpliterator done
Event: 4.631 Loading class java/util/Collections$SynchronizedRandomAccessList
Event: 4.631 Loading class java/util/Collections$SynchronizedList
Event: 4.631 Loading class java/util/Collections$SynchronizedList done
Event: 4.631 Loading class java/util/Collections$SynchronizedRandomAccessList done
Event: 4.739 Loading class java/util/EmptyStackException
Event: 4.739 Loading class java/util/EmptyStackException done

Classes unloaded (0 events):
No events

Classes redefined (0 events):
No events

Internal exceptions (20 events):
Event: 4.478 Thread 0x00000252beb1a540 Exception <a 'java/lang/ClassNotFoundException'{0x000000008e26d998}: org/gradle/tooling/provider/model/internal/DefaultToolingModelBuilderRegistryCustomizer> (0x000000008e26d998) 
thrown [s\src\hotspot\share\classfile\systemDictionary.cpp, line 312]
Event: 4.483 Thread 0x00000252beb1a540 Exception <a 'java/lang/ClassNotFoundException'{0x000000008e2cc940}: org/gradle/internal/service/ScopedServiceRegistryBeanInfo> (0x000000008e2cc940) 
thrown [s\src\hotspot\share\classfile\systemDictionary.cpp, line 312]
Event: 4.483 Thread 0x00000252beb1a540 Exception <a 'java/lang/ClassNotFoundException'{0x000000008e2e0d38}: org/gradle/internal/service/DefaultServiceRegistryBeanInfo> (0x000000008e2e0d38) 
thrown [s\src\hotspot\share\classfile\systemDictionary.cpp, line 312]
Event: 4.483 Thread 0x00000252beb1a540 Exception <a 'java/lang/ClassNotFoundException'{0x000000008e2f5150}: org/gradle/internal/service/DefaultServiceRegistryCustomizer> (0x000000008e2f5150) 
thrown [s\src\hotspot\share\classfile\systemDictionary.cpp, line 312]
Event: 4.484 Thread 0x00000252beb1a540 Exception <a 'java/lang/ClassNotFoundException'{0x000000008e117f30}: org/gradle/internal/service/ScopedServiceRegistryCustomizer> (0x000000008e117f30) 
thrown [s\src\hotspot\share\classfile\systemDictionary.cpp, line 312]
Event: 4.486 Thread 0x00000252beb1a540 Exception <a 'java/lang/ClassNotFoundException'{0x000000008e161da8}: org/gradle/internal/extensibility/DefaultConventionBeanInfo> (0x000000008e161da8) 
thrown [s\src\hotspot\share\classfile\systemDictionary.cpp, line 312]
Event: 4.487 Thread 0x00000252beb1a540 Exception <a 'java/lang/ClassNotFoundException'{0x000000008e1761d8}: org/gradle/internal/extensibility/DefaultConventionCustomizer> (0x000000008e1761d8) 
thrown [s\src\hotspot\share\classfile\systemDictionary.cpp, line 312]
Event: 4.494 Thread 0x00000252beb1a540 Exception <a 'java/lang/ClassNotFoundException'{0x000000008e00df20}: com/intellij/gradle/toolingExtension/impl/modelBuilder/ExtraModelBuilderBeanInfo> (0x000000008e00df20) 
thrown [s\src\hotspot\share\classfile\systemDictionary.cpp, line 312]
Event: 4.495 Thread 0x00000252beb1a540 Exception <a 'java/lang/ClassNotFoundException'{0x000000008e0199a0}: com/intellij/gradle/toolingExtension/impl/modelBuilder/ExtraModelBuilderCustomizer> (0x000000008e0199a0) 
thrown [s\src\hotspot\share\classfile\systemDictionary.cpp, line 312]
Event: 4.619 Thread 0x00000252beb1a540 Exception <a 'java/lang/IncompatibleClassChangeError'{0x00000000865e7ea0}: Found class java.lang.Object, but interface was expected> (0x00000000865e7ea0) 
thrown [s\src\hotspot\share\interpreter\linkResolver.cpp, line 851]
Event: 4.624 Thread 0x00000252beb1a540 Exception <a 'sun/nio/fs/WindowsException'{0x000000008641dab8}> (0x000000008641dab8) 
thrown [s\src\hotspot\share\prims\jni.cpp, line 535]
Event: 4.624 Thread 0x00000252beb1a540 Exception <a 'sun/nio/fs/WindowsException'{0x000000008641f278}> (0x000000008641f278) 
thrown [s\src\hotspot\share\prims\jni.cpp, line 535]
Event: 4.625 Thread 0x00000252beb1a540 Exception <a 'sun/nio/fs/WindowsException'{0x00000000864209f8}> (0x00000000864209f8) 
thrown [s\src\hotspot\share\prims\jni.cpp, line 535]
Event: 4.625 Thread 0x00000252beb1a540 Exception <a 'sun/nio/fs/WindowsException'{0x0000000086422188}> (0x0000000086422188) 
thrown [s\src\hotspot\share\prims\jni.cpp, line 535]
Event: 4.627 Thread 0x00000252beb1a540 Exception <a 'java/lang/NoSuchMethodError'{0x0000000086433110}: 'java.lang.Object java.lang.invoke.Invokers$Holder.invoker(java.lang.Object, java.lang.Object, java.lang.Object, java.lang.Object, java.lang.Object, java.lang.Object)'> (0x0000000086433110) 
thrown [s\src\hotspot\share\interpreter\linkResolver.cpp, line 784]
Event: 4.638 Thread 0x00000252beb1a540 Exception <a 'java/lang/NoSuchMethodError'{0x00000000863317e8}: 'java.lang.Object java.lang.invoke.Invokers$Holder.invoker(java.lang.Object, java.lang.Object, java.lang.Object, java.lang.Object, java.lang.Object, java.lang.Object, java.lang.Object, java.lang.Object, java.lang.Object, java.lang.Object, java.lang.Object, java.lang.Object, java.lang.Object, java.lang.Object, java.lang.Object, java.lang.Object, java.lang.Object, java.lang.Object, java.lang.Object, java.lang.Object, java.lang.Object, java.lang.
Event: 4.638 Thread 0x00000252beb1a540 Exception <a 'java/lang/NoSuchMethodError'{0x00000000863383b0}: 'java.lang.Object java.lang.invoke.DelegatingMethodHandle$Holder.delegate(java.lang.Object, java.lang.Object, java.lang.Object, java.lang.Object, java.lang.Object, java.lang.Object, java.lang.Object, java.lang.Object, java.lang.Object, java.lang.Object, java.lang.Object, java.lang.Object, java.lang.Object, java.lang.Object, java.lang.Object, java.lang.Object, java.lang.Object, java.lang.Object, java.lang.Object, java.lang.Object, java.lang.Obj
Event: 4.717 Thread 0x00000252beb1a540 Exception <a 'java/lang/IncompatibleClassChangeError'{0x00000000880cf628}: Found class java.lang.Object, but interface was expected> (0x00000000880cf628) 
thrown [s\src\hotspot\share\interpreter\linkResolver.cpp, line 851]
Event: 4.724 Thread 0x00000252beb1a540 Exception <a 'java/lang/NoSuchMethodError'{0x0000000087f8c3c0}: 'void java.lang.invoke.DirectMethodHandle$Holder.invokeVirtual(java.lang.Object, java.lang.Object)'> (0x0000000087f8c3c0) 
thrown [s\src\hotspot\share\interpreter\linkResolver.cpp, line 784]
Event: 4.746 Thread 0x00000252beb1a540 Exception <a 'java/lang/NoSuchMethodError'{0x0000000087d771f0}: 'java.lang.Object java.lang.invoke.DirectMethodHandle$Holder.invokeStaticInit(java.lang.Object, int)'> (0x0000000087d771f0) 
thrown [s\src\hotspot\share\interpreter\linkResolver.cpp, line 784]

ZGC Phase Switch (0 events):
No events

VM Operations (20 events):
Event: 4.260 Executing VM operation: ICBufferFull
Event: 4.260 Executing VM operation: ICBufferFull done
Event: 4.290 Executing VM operation: G1CollectForAllocation (G1 Evacuation Pause)
Event: 4.294 Executing VM operation: G1CollectForAllocation (G1 Evacuation Pause) done
Event: 4.430 Executing VM operation: G1TryInitiateConcMark (G1 Humongous Allocation)
Event: 4.433 Executing VM operation: G1TryInitiateConcMark (G1 Humongous Allocation) done
Event: 4.446 Executing VM operation: G1PauseRemark
Event: 4.449 Executing VM operation: G1PauseRemark done
Event: 4.457 Executing VM operation: G1PauseCleanup
Event: 4.457 Executing VM operation: G1PauseCleanup done
Event: 4.481 Executing VM operation: HandshakeAllThreads (Deoptimize)
Event: 4.481 Executing VM operation: HandshakeAllThreads (Deoptimize) done
Event: 4.670 Executing VM operation: G1CollectForAllocation (G1 Evacuation Pause)
Event: 4.673 Executing VM operation: G1CollectForAllocation (G1 Evacuation Pause) done
Event: 4.714 Executing VM operation: HandshakeAllThreads (Deoptimize)
Event: 4.714 Executing VM operation: HandshakeAllThreads (Deoptimize) done
Event: 4.739 Executing VM operation: HandshakeAllThreads (Deoptimize)
Event: 4.739 Executing VM operation: HandshakeAllThreads (Deoptimize) done
Event: 4.745 Executing VM operation: HandshakeAllThreads (Deoptimize)
Event: 4.745 Executing VM operation: HandshakeAllThreads (Deoptimize) done

Memory protections (0 events):
No events

Nmethod flushes (20 events):
Event: 4.448 Thread 0x00000252b8a0e0f0 flushing  nmethod 0x00000252a45ee090
Event: 4.448 Thread 0x00000252b8a0e0f0 flushing  nmethod 0x00000252a45f1f90
Event: 4.448 Thread 0x00000252b8a0e0f0 flushing  nmethod 0x00000252a464b890
Event: 4.448 Thread 0x00000252b8a0e0f0 flushing  nmethod 0x00000252a464bc10
Event: 4.448 Thread 0x00000252b8a0e0f0 flushing osr nmethod 0x00000252abad8b90
Event: 4.448 Thread 0x00000252b8a0e0f0 flushing  nmethod 0x00000252abadc490
Event: 4.448 Thread 0x00000252b8a0e0f0 flushing  nmethod 0x00000252abc11f10
Event: 4.448 Thread 0x00000252b8a0e0f0 flushing  nmethod 0x00000252a404c390
Event: 4.448 Thread 0x00000252b8a0e0f0 flushing  nmethod 0x00000252a40d1390
Event: 4.448 Thread 0x00000252b8a0e0f0 flushing  nmethod 0x00000252a40da310
Event: 4.448 Thread 0x00000252b8a0e0f0 flushing  nmethod 0x00000252a4114690
Event: 4.448 Thread 0x00000252b8a0e0f0 flushing  nmethod 0x00000252a4115e10
Event: 4.448 Thread 0x00000252b8a0e0f0 flushing  nmethod 0x00000252a4264990
Event: 4.448 Thread 0x00000252b8a0e0f0 flushing  nmethod 0x00000252a4265010
Event: 4.448 Thread 0x00000252b8a0e0f0 flushing  nmethod 0x00000252a42fd290
Event: 4.448 Thread 0x00000252b8a0e0f0 flushing  nmethod 0x00000252a43dce10
Event: 4.448 Thread 0x00000252b8a0e0f0 flushing  nmethod 0x00000252a45b3310
Event: 4.448 Thread 0x00000252b8a0e0f0 flushing  nmethod 0x00000252a463d290
Event: 4.448 Thread 0x00000252b8a0e0f0 flushing  nmethod 0x00000252a463dd90
Event: 4.448 Thread 0x00000252b8a0e0f0 flushing  nmethod 0x00000252a463e410

Events (20 events):
Event: 3.653 Thread 0x00000252b8ac9570 Thread added: 0x00000252b8ade290
Event: 4.190 Thread 0x00000252beb1a540 Thread added: 0x00000252c0434bf0
Event: 4.191 Thread 0x00000252beb1a540 Thread added: 0x00000252c0438700
Event: 4.215 Thread 0x00000252beb1a540 Thread added: 0x00000252c0436cc0
Event: 4.215 Thread 0x00000252beb1a540 Thread added: 0x00000252c0438d90
Event: 4.325 Thread 0x00000252beb1a540 Thread added: 0x00000252c0439420
Event: 4.325 Thread 0x00000252beb1a540 Thread added: 0x00000252c0435fa0
Event: 4.326 Thread 0x00000252beb1a540 Thread added: 0x00000252c043a7d0
Event: 4.326 Thread 0x00000252beb1a540 Thread added: 0x00000252c043c210
Event: 4.326 Thread 0x00000252beb1a540 Thread added: 0x00000252c0439ab0
Event: 4.327 Thread 0x00000252beb1a540 Thread added: 0x00000252c043ae60
Event: 4.327 Thread 0x00000252beb1a540 Thread added: 0x00000252c043a140
Event: 4.343 Thread 0x00000252beb1a540 Thread added: 0x00000252c043b4f0
Event: 4.343 Thread 0x00000252beb1a540 Thread added: 0x00000252c043bb80
Event: 4.344 Thread 0x00000252beb1a540 Thread added: 0x00000252c2a2d8d0
Event: 4.344 Thread 0x00000252beb1a540 Thread added: 0x00000252c2a2c520
Event: 4.344 Thread 0x00000252beb1a540 Thread added: 0x00000252c2a2a450
Event: 4.344 Thread 0x00000252beb1a540 Thread added: 0x00000252c2a2be90
Event: 4.345 Thread 0x00000252beb1a540 Thread added: 0x00000252c2a2cbb0
Event: 4.345 Thread 0x00000252beb1a540 Thread added: 0x00000252c2a2aae0


Dynamic libraries:
0x00007ff755270000 - 0x00007ff75527a000 	C:\Program Files\Android\Android Studio\jbr\bin\java.exe
0x00007fff1bda0000 - 0x00007fff1c007000 	C:\WINDOWS\SYSTEM32\ntdll.dll
0x00007fff1a6b0000 - 0x00007fff1a779000 	C:\WINDOWS\System32\KERNEL32.DLL
0x00007fff19390000 - 0x00007fff19780000 	C:\WINDOWS\System32\KERNELBASE.dll
0x00007fff190f0000 - 0x00007fff1923b000 	C:\WINDOWS\System32\ucrtbase.dll
0x00007fff00d30000 - 0x00007fff00d4b000 	C:\Program Files\Android\Android Studio\jbr\bin\VCRUNTIME140.dll
0x00007fff12360000 - 0x00007fff12378000 	C:\Program Files\Android\Android Studio\jbr\bin\jli.dll
0x00007fff1b780000 - 0x00007fff1b945000 	C:\WINDOWS\System32\USER32.dll
0x00007fff18ed0000 - 0x00007fff18ef7000 	C:\WINDOWS\System32\win32u.dll
0x00007fff02070000 - 0x00007fff0230a000 	C:\WINDOWS\WinSxS\amd64_microsoft.windows.common-controls_6595b64144ccf1df_6.0.26100.4768_none_3e0c112ce331287c\COMCTL32.dll
0x00007fff1a8f0000 - 0x00007fff1a999000 	C:\WINDOWS\System32\msvcrt.dll
0x00007fff1a9a0000 - 0x00007fff1a9cb000 	C:\WINDOWS\System32\GDI32.dll
0x00007fff18fb0000 - 0x00007fff190e8000 	C:\WINDOWS\System32\gdi32full.dll
0x00007fff18f00000 - 0x00007fff18fa3000 	C:\WINDOWS\System32\msvcp_win.dll
0x00007fff19bb0000 - 0x00007fff19bdf000 	C:\WINDOWS\System32\IMM32.DLL
0x00007fff15860000 - 0x00007fff1586c000 	C:\Program Files\Android\Android Studio\jbr\bin\vcruntime140_1.dll
0x00007ffecba40000 - 0x00007ffecbacd000 	C:\Program Files\Android\Android Studio\jbr\bin\msvcp140.dll
0x00007ffe7d350000 - 0x00007ffe7dfdb000 	C:\Program Files\Android\Android Studio\jbr\bin\server\jvm.dll
0x00007fff19c70000 - 0x00007fff19d24000 	C:\WINDOWS\System32\ADVAPI32.dll
0x00007fff1b660000 - 0x00007fff1b706000 	C:\WINDOWS\System32\sechost.dll
0x00007fff1b3b0000 - 0x00007fff1b4c8000 	C:\WINDOWS\System32\RPCRT4.dll
0x00007fff19bf0000 - 0x00007fff19c64000 	C:\WINDOWS\System32\WS2_32.dll
0x00007fff18d30000 - 0x00007fff18d8e000 	C:\WINDOWS\SYSTEM32\POWRPROF.dll
0x00007fff13210000 - 0x00007fff1321b000 	C:\WINDOWS\SYSTEM32\VERSION.dll
0x00007fff0cea0000 - 0x00007fff0ced5000 	C:\WINDOWS\SYSTEM32\WINMM.dll
0x00007fff18d10000 - 0x00007fff18d24000 	C:\WINDOWS\SYSTEM32\UMPDC.dll
0x00007fff17c50000 - 0x00007fff17c6b000 	C:\WINDOWS\SYSTEM32\kernel.appcore.dll
0x00007fff157f0000 - 0x00007fff157fa000 	C:\Program Files\Android\Android Studio\jbr\bin\jimage.dll
0x00007fff16440000 - 0x00007fff16681000 	C:\WINDOWS\SYSTEM32\DBGHELP.DLL
0x00007fff1b950000 - 0x00007fff1bcd5000 	C:\WINDOWS\System32\combase.dll
0x00007fff19d30000 - 0x00007fff19e10000 	C:\WINDOWS\System32\OLEAUT32.dll
0x00007ffee3a90000 - 0x00007ffee3ad3000 	C:\WINDOWS\SYSTEM32\dbgcore.DLL
0x00007fff19a90000 - 0x00007fff19b29000 	C:\WINDOWS\System32\bcryptPrimitives.dll
0x00007fff12290000 - 0x00007fff1229e000 	C:\Program Files\Android\Android Studio\jbr\bin\instrument.dll
0x00007ffeec790000 - 0x00007ffeec7b0000 	C:\Program Files\Android\Android Studio\jbr\bin\java.dll
0x00007ffeec750000 - 0x00007ffeec768000 	C:\Program Files\Android\Android Studio\jbr\bin\zip.dll
0x00007fff1a9d0000 - 0x00007fff1b11d000 	C:\WINDOWS\System32\SHELL32.dll
0x00007fff19910000 - 0x00007fff19a83000 	C:\WINDOWS\System32\wintypes.dll
0x00007fff16aa0000 - 0x00007fff172ff000 	C:\WINDOWS\SYSTEM32\windows.storage.dll
0x00007fff1b280000 - 0x00007fff1b375000 	C:\WINDOWS\System32\SHCORE.dll
0x00007fff1b710000 - 0x00007fff1b77a000 	C:\WINDOWS\System32\shlwapi.dll
0x00007fff18df0000 - 0x00007fff18e19000 	C:\WINDOWS\SYSTEM32\profapi.dll
0x00007fff122c0000 - 0x00007fff122d0000 	C:\Program Files\Android\Android Studio\jbr\bin\net.dll
0x00007fff12ca0000 - 0x00007fff12dbe000 	C:\WINDOWS\SYSTEM32\WINHTTP.dll
0x00007fff181e0000 - 0x00007fff1824b000 	C:\WINDOWS\system32\mswsock.dll
0x00007ffeec730000 - 0x00007ffeec746000 	C:\Program Files\Android\Android Studio\jbr\bin\nio.dll
0x00007ffeec780000 - 0x00007ffeec790000 	C:\Program Files\Android\Android Studio\jbr\bin\verify.dll
0x00007ffeec550000 - 0x00007ffeec577000 	C:\Users\asish\.gradle\native\c067742578af261105cb4f569cf0c3c89f3d7b1fecec35dd04571415982c5e48\windows-amd64\native-platform.dll
0x00007ffec7670000 - 0x00007ffec77b4000 	C:\Users\asish\.gradle\native\100fb08df4bc3b14c8652ba06237920a3bd2aa13389f12d3474272988ae205f9\windows-amd64\native-platform-file-events.dll
0x00007ffefceb0000 - 0x00007ffefceb9000 	C:\Program Files\Android\Android Studio\jbr\bin\management.dll
0x00007ffeec8f0000 - 0x00007ffeec8fb000 	C:\Program Files\Android\Android Studio\jbr\bin\management_ext.dll
0x00007fff1b380000 - 0x00007fff1b388000 	C:\WINDOWS\System32\PSAPI.DLL
0x00007fff184a0000 - 0x00007fff184bb000 	C:\WINDOWS\SYSTEM32\CRYPTSP.dll
0x00007fff17bb0000 - 0x00007fff17beb000 	C:\WINDOWS\system32\rsaenh.dll
0x00007fff18280000 - 0x00007fff182ab000 	C:\WINDOWS\SYSTEM32\USERENV.dll
0x00007fff18dc0000 - 0x00007fff18de6000 	C:\WINDOWS\SYSTEM32\bcrypt.dll
0x00007fff184c0000 - 0x00007fff184cc000 	C:\WINDOWS\SYSTEM32\CRYPTBASE.dll
0x00007fff17660000 - 0x00007fff17693000 	C:\WINDOWS\SYSTEM32\IPHLPAPI.DLL
0x00007fff1b3a0000 - 0x00007fff1b3aa000 	C:\WINDOWS\System32\NSI.dll
0x00007fff12250000 - 0x00007fff12259000 	C:\Program Files\Android\Android Studio\jbr\bin\extnet.dll
0x00007ffe81db0000 - 0x00007ffe81db8000 	C:\WINDOWS\system32\wshunix.dll

dbghelp: loaded successfully - version: 4.0.5 - missing functions: none
symbol engine: initialized successfully - sym options: 0x614 - pdb path: .;C:\Program Files\Android\Android Studio\jbr\bin;C:\WINDOWS\SYSTEM32;C:\WINDOWS\WinSxS\amd64_microsoft.windows.common-controls_6595b64144ccf1df_6.0.26100.4768_none_3e0c112ce331287c;C:\Program Files\Android\Android Studio\jbr\bin\server;C:\Users\asish\.gradle\native\c067742578af261105cb4f569cf0c3c89f3d7b1fecec35dd04571415982c5e48\windows-amd64;C:\Users\asish\.gradle\native\100fb08df4bc3b14c8652ba06237920a3bd2aa13389f12d3474272988ae205f9\windows-amd64

VM Arguments:
jvm_args: --add-opens=java.base/java.lang=ALL-UNNAMED --add-opens=java.base/java.lang.invoke=ALL-UNNAMED --add-opens=java.base/java.util=ALL-UNNAMED --add-opens=java.prefs/java.util.prefs=ALL-UNNAMED --add-exports=jdk.compiler/com.sun.tools.javac.api=ALL-UNNAMED --add-exports=jdk.compiler/com.sun.tools.javac.util=ALL-UNNAMED --add-opens=java.base/java.util=ALL-UNNAMED --add-opens=java.prefs/java.util.prefs=ALL-UNNAMED --add-opens=java.base/java.nio.charset=ALL-UNNAMED --add-opens=java.base/java.net=ALL-UNNAMED --add-opens=java.base/java.util.concurrent.atomic=ALL-UNNAMED --add-opens=java.xml/javax.xml.namespace=ALL-UNNAMED -Xmx2048m -Dfile.encoding=UTF-8 -Duser.country=IN -Duser.language=en -Duser.variant -javaagent:C:\Users\asish\.gradle\wrapper\dists\gradle-8.11.1-bin\bpt9gzteqjrbo1mjrsomdt32c\gradle-8.11.1\lib\agents\gradle-instrumentation-agent-8.11.1.jar 
java_command: org.gradle.launcher.daemon.bootstrap.GradleDaemon 8.11.1
java_class_path (initial): C:\Users\asish\.gradle\wrapper\dists\gradle-8.11.1-bin\bpt9gzteqjrbo1mjrsomdt32c\gradle-8.11.1\lib\gradle-daemon-main-8.11.1.jar
Launcher Type: SUN_STANDARD

[Global flags]
     intx CICompilerCount                          = 4                                         {product} {ergonomic}
     uint ConcGCThreads                            = 3                                         {product} {ergonomic}
     uint G1ConcRefinementThreads                  = 10                                        {product} {ergonomic}
   size_t G1HeapRegionSize                         = 1048576                                   {product} {ergonomic}
    uintx GCDrainStackTargetSize                   = 64                                        {product} {ergonomic}
   size_t InitialHeapSize                          = 264241152                                 {product} {ergonomic}
   size_t MarkStackSize                            = 4194304                                   {product} {ergonomic}
   size_t MaxHeapSize                              = 2147483648                                {product} {command line}
   size_t MaxNewSize                               = 1287651328                                {product} {ergonomic}
   size_t MinHeapDeltaBytes                        = 1048576                                   {product} {ergonomic}
   size_t MinHeapSize                              = 8388608                                   {product} {ergonomic}
    uintx NonNMethodCodeHeapSize                   = 5839372                                {pd product} {ergonomic}
    uintx NonProfiledCodeHeapSize                  = 122909434                              {pd product} {ergonomic}
    uintx ProfiledCodeHeapSize                     = 122909434                              {pd product} {ergonomic}
    uintx ReservedCodeCacheSize                    = 251658240                              {pd product} {ergonomic}
     bool SegmentedCodeCache                       = true                                      {product} {ergonomic}
   size_t SoftMaxHeapSize                          = 2147483648                             {manageable} {ergonomic}
     bool UseCompressedOops                        = true                           {product lp64_product} {ergonomic}
     bool UseG1GC                                  = true                                      {product} {ergonomic}
     bool UseLargePagesIndividualAllocation        = false                                  {pd product} {ergonomic}

Logging:
Log output configuration:
 #0: stdout all=warning uptime,level,tags foldmultilines=false
 #1: stderr all=off uptime,level,tags foldmultilines=false

Environment Variables:
JAVA_HOME=C:\Users\asish\AppData\Local\Programs\Eclipse Adoptium\jdk-17.0.10.7-hotspot\
PATH=C:\Program Files\Python312\Scripts\;C:\Program Files\Python312\;C:\Windows\system32;C:\Windows;C:\Windows\System32\Wbem;C:\Windows\System32\WindowsPowerShell\v1.0\;C:\Windows\System32\OpenSSH\;C:\Program Files (x86)\NVIDIA Corporation\PhysX\Common;C:\WINDOWS\system32;C:\WINDOWS;C:\WINDOWS\System32\Wbem;C:\WINDOWS\System32\WindowsPowerShell\v1.0\;C:\WINDOWS\System32\OpenSSH\;C:\Program Files\dotnet\;C:\Program Files\Git\cmd;C:\Program Files\php-8.4.1;;C:\Program Files\NVIDIA Corporation\NVIDIA app\NvDLISR;c:\Users\asish\AppData\Local\Programs\cursor\resources\app\bin;C:\Users\asish\AppData\Local\Programs\Eclipse Adoptium\jdk-17.0.10.7-hotspot\bin;C:\Users\asish\AppData\Local\Microsoft\WindowsApps;C:\Users\asish\AppData\Local\Programs\Microsoft VS Code\bin;C:\Users\asish\AppData\Local\GitHubDesktop\bin;C:\FlutterDev\sdk\flutter\bin;C:\Users\asish\AppData\Local\Programs\cursor\resources\app\bin
USERNAME=asish
OS=Windows_NT
PROCESSOR_IDENTIFIER=Intel64 Family 6 Model 141 Stepping 1, GenuineIntel
TMP=C:\Users\asish\AppData\Local\Temp
TEMP=C:\Users\asish\AppData\Local\Temp




Periodic native trim disabled

JNI global refs:
JNI global refs: 26, weak refs: 0

JNI global refs memory usage: 835, weak refs: 201

Process memory usage:
Resident Set Size: 358040K (2% of 16471724K total physical memory with 1396060K free physical memory)

OOME stack traces (most recent first):
Classloader memory used:
Loader org.gradle.internal.classloader.VisitableURLClassLoader                         : 31059K
Loader bootstrap                                                                       : 22376K
Loader org.gradle.initialization.MixInLegacyTypesClassLoader                           : 6430K
Loader org.gradle.internal.classloader.VisitableURLClassLoader                         : 693K
Loader org.gradle.internal.classloader.VisitableURLClassLoader$InstrumentingVisitableURLClassLoader: 565K
Loader jdk.internal.loader.ClassLoaders$PlatformClassLoader                            : 512K
Loader jdk.internal.loader.ClassLoaders$AppClassLoader                                 : 232K
Loader jdk.internal.reflect.DelegatingClassLoader                                      : 157K
Loader org.gradle.groovy.scripts.internal.DefaultScriptCompilationHandler$ScriptClassLoader: 89816B
Loader org.codehaus.groovy.runtime.callsite.CallSiteClassLoader                        : 49592B

Classes loaded by more than one classloader:
Class org.gradle.api.GradleException                                                  : loaded 3 times (x 78B)
Class org.gradle.internal.classloader.FilteringClassLoader                            : loaded 2 times (x 101B)
Class org.gradle.internal.classloader.ClassLoaderHierarchy                            : loaded 2 times (x 66B)
Class org.gradle.api.internal.classpath.ManifestUtil                                  : loaded 2 times (x 67B)
Class org.gradle.internal.operations.MultipleBuildOperationFailures                   : loaded 2 times (x 91B)
Class org.gradle.internal.classloader.DefaultClassLoaderFactory                       : loaded 2 times (x 78B)
Class kotlin.collections.AbstractList$Companion                                       : loaded 2 times (x 67B)
Class org.gradle.internal.classloader.ClassLoaderVisitor                              : loaded 2 times (x 72B)
Class org.gradle.api.internal.classpath.EffectiveClassPath                            : loaded 2 times (x 86B)
Class org.gradle.api.internal.DefaultClassPathProvider                                : loaded 2 times (x 72B)
Class [Lorg.gradle.api.internal.ClassPathProvider;                                    : loaded 2 times (x 65B)
Class org.gradle.api.internal.ClassPathProvider                                       : loaded 2 times (x 66B)
Class org.gradle.internal.service.UnknownServiceException                             : loaded 2 times (x 79B)
Class org.gradle.internal.classpath.TransformedClassPath                              : loaded 2 times (x 92B)
Class org.gradle.internal.classloader.InstrumentingClassLoader                        : loaded 2 times (x 66B)
Class kotlin.enums.EnumEntriesList                                                    : loaded 2 times (x 219B)
Class org.gradle.internal.service.ServiceLocator                                      : loaded 2 times (x 66B)
Class org.gradle.internal.InternalTransformer                                         : loaded 2 times (x 66B)
Class org.gradle.internal.time.DefaultTimer                                           : loaded 2 times (x 76B)
Class org.gradle.internal.classloader.ClasspathUtil$1                                 : loaded 2 times (x 72B)
Class org.gradle.api.internal.classpath.DefaultModuleRegistry$DefaultModule           : loaded 2 times (x 82B)
Class org.gradle.internal.time.DefaultCountdownTimer                                  : loaded 2 times (x 84B)
Class kotlin.Function                                                                 : loaded 2 times (x 66B)
Class org.gradle.api.internal.classpath.Module                                        : loaded 2 times (x 66B)
Class org.gradle.api.internal.classpath.UnknownModuleException                        : loaded 2 times (x 78B)
Class org.gradle.api.internal.DefaultClassPathRegistry                                : loaded 2 times (x 72B)
Class org.gradle.api.internal.ClassPathRegistry                                       : loaded 2 times (x 66B)
Class org.gradle.internal.classpath.DefaultClassPath$ImmutableUniqueList              : loaded 2 times (x 195B)
Class sync_studio_tooling9_4z0e2u0pmv6e4dpcbcu9pxdl5                                  : loaded 2 times (x 175B)
Class org.gradle.internal.classpath.ClassPath                                         : loaded 2 times (x 66B)
Class org.gradle.api.UncheckedIOException                                             : loaded 2 times (x 78B)
Class kotlin.UninitializedPropertyAccessException                                     : loaded 2 times (x 78B)
Class org.gradle.internal.installation.GradleInstallation$1                           : loaded 2 times (x 71B)
Class org.gradle.api.internal.classpath.ModuleRegistry                                : loaded 2 times (x 66B)
Class org.gradle.api.internal.classpath.DefaultModuleRegistry                         : loaded 2 times (x 82B)
Class org.gradle.internal.time.MonotonicClock                                         : loaded 2 times (x 73B)
Class org.gradle.internal.service.ServiceLookupException                              : loaded 2 times (x 78B)
Class org.gradle.internal.classloader.ClassLoaderFactory                              : loaded 2 times (x 66B)
Class org.gradle.internal.service.CachingServiceLocator                               : loaded 2 times (x 78B)
Class org.gradle.internal.time.TimeSource                                             : loaded 2 times (x 66B)
Class kotlin.enums.EnumEntries                                                        : loaded 2 times (x 66B)
Class org.gradle.internal.exceptions.ResolutionProvider                               : loaded 2 times (x 66B)
Class org.gradle.internal.classloader.ClasspathUtil                                   : loaded 2 times (x 67B)
Class org.gradle.internal.time.TimeSource$1                                           : loaded 2 times (x 73B)
Class org.gradle.api.specs.Spec                                                       : loaded 2 times (x 66B)
Class org.gradle.internal.time.Clock                                                  : loaded 2 times (x 66B)
Class kotlin.collections.AbstractList                                                 : loaded 2 times (x 193B)
Class kotlin.collections.AbstractCollection                                           : loaded 2 times (x 113B)
Class org.gradle.internal.classloader.VisitableURLClassLoader$InstrumentingVisitableURLClassLoader: loaded 2 times (x 119B)
Class org.gradle.internal.classloader.VisitableURLClassLoader$Spec                    : loaded 2 times (x 70B)
Class org.gradle.internal.classpath.DefaultClassPath                                  : loaded 2 times (x 86B)
Class org.gradle.internal.classloader.ClassLoaderSpec                                 : loaded 2 times (x 67B)
Class org.gradle.internal.classloader.VisitableURLClassLoader                         : loaded 2 times (x 113B)
Class org.gradle.internal.Cast                                                        : loaded 2 times (x 67B)
Class org.gradle.api.Action                                                           : loaded 2 times (x 66B)
Class kotlin.jvm.functions.Function1                                                  : loaded 2 times (x 66B)
Class org.gradle.internal.classpath.DefaultClassPath$ImmutableUniqueList$Builder      : loaded 2 times (x 71B)
Class kotlin.NotImplementedError                                                      : loaded 2 times (x 78B)
Class org.gradle.internal.exceptions.NonGradleCauseExceptionsHolder                   : loaded 2 times (x 66B)
Class org.jetbrains.plugins.gradle.tooling.ModelBuilderService$Parameter              : loaded 2 times (x 66B)
Class kotlin.enums.EnumEntriesKt                                                      : loaded 2 times (x 67B)
Class org.gradle.internal.IoActions                                                   : loaded 2 times (x 67B)
Class org.gradle.internal.classloader.SystemClassLoaderSpec                           : loaded 2 times (x 67B)
Class org.gradle.internal.exceptions.MultiCauseException                              : loaded 2 times (x 66B)
Class org.gradle.internal.time.CountdownTimer                                         : loaded 2 times (x 66B)
Class kotlin.jvm.internal.Intrinsics                                                  : loaded 2 times (x 67B)
Class org.gradle.tooling.model.ProjectModel                                           : loaded 2 times (x 66B)
Class kotlin.KotlinNullPointerException                                               : loaded 2 times (x 79B)
Class org.gradle.internal.exceptions.DefaultMultiCauseException                       : loaded 2 times (x 91B)
Class org.gradle.internal.time.Time                                                   : loaded 2 times (x 67B)
Class org.gradle.api.internal.classpath.GlobalCacheRootsProvider                      : loaded 2 times (x 66B)
Class org.gradle.internal.time.Timer                                                  : loaded 2 times (x 66B)
Class kotlin.jvm.internal.markers.KMappedMarker                                       : loaded 2 times (x 66B)
Class org.gradle.internal.installation.CurrentGradleInstallationLocator               : loaded 2 times (x 67B)
Class org.gradle.internal.service.DefaultServiceLocator                               : loaded 2 times (x 79B)
Class org.gradle.util.GradleVersion                                                   : loaded 2 times (x 79B)
Class org.gradle.internal.installation.CurrentGradleInstallation                      : loaded 2 times (x 69B)
Class org.gradle.util.internal.GUtil                                                  : loaded 2 times (x 67B)
Class ijInit1_7alsz99454vr73czv10yvld9d                                               : loaded 2 times (x 175B)
Class org.gradle.internal.installation.GradleInstallation                             : loaded 2 times (x 71B)

---------------  S Y S T E M  ---------------

OS:
 Windows 11 , 64 bit Build 26100 (10.0.26100.4768)
OS uptime: 1 days 19:27 hours
Hyper-V role detected

CPU: total 12 (initial active 12) (6 cores per cpu, 2 threads per core) family 6 model 141 stepping 1 microcode 0x34, cx8, cmov, fxsr, ht, mmx, 3dnowpref, sse, sse2, sse3, ssse3, sse4.1, sse4.2, popcnt, lzcnt, tsc, tscinvbit, avx, avx2, aes, erms, clmul, bmi1, bmi2, adx, avx512f, avx512dq, avx512cd, avx512bw, avx512vl, sha, fma, vzeroupper, avx512_vpopcntdq, avx512_vpclmulqdq, avx512_vaes, avx512_vnni, clflush, clflushopt, clwb, avx512_vbmi2, avx512_vbmi, hv, rdtscp, rdpid, fsrm, gfni, avx512_bitalg, f16c, cet_ibt, cet_ss, avx512_ifma
Processor Information for processor 0
  Max Mhz: 2611, Current Mhz: 2611, Mhz Limit: 2611
Processor Information for processor 1
  Max Mhz: 2611, Current Mhz: 2611, Mhz Limit: 2611
Processor Information for processor 2
  Max Mhz: 2611, Current Mhz: 2611, Mhz Limit: 2611
Processor Information for processor 3
  Max Mhz: 2611, Current Mhz: 2510, Mhz Limit: 2611
Processor Information for processor 4
  Max Mhz: 2611, Current Mhz: 2611, Mhz Limit: 2611
Processor Information for processor 5
  Max Mhz: 2611, Current Mhz: 2611, Mhz Limit: 2611
Processor Information for processor 6
  Max Mhz: 2611, Current Mhz: 2611, Mhz Limit: 2611
Processor Information for processor 7
  Max Mhz: 2611, Current Mhz: 2611, Mhz Limit: 2611
Processor Information for processor 8
  Max Mhz: 2611, Current Mhz: 2611, Mhz Limit: 2611
Processor Information for processor 9
  Max Mhz: 2611, Current Mhz: 2510, Mhz Limit: 2611
Processor Information for processor 10
  Max Mhz: 2611, Current Mhz: 2510, Mhz Limit: 2611
Processor Information for processor 11
  Max Mhz: 2611, Current Mhz: 2510, Mhz Limit: 2611

Memory: 4k page, system-wide physical 16085M (1362M free)
TotalPageFile size 20181M (AvailPageFile size 5M)
current process WorkingSet (physical memory assigned to process): 350M, peak: 350M
current process commit charge ("private bytes"): 400M, peak: 401M

vm_info: OpenJDK 64-Bit Server VM (21.0.6+-13355223-b631.42) for windows-amd64 JRE (21.0.6+-13355223-b631.42), built on 2025-04-14T18:21:23Z by "builder" with MS VC++ 16.10 / 16.11 (VS2019)

END.
