#
# There is insufficient memory for the Java Runtime Environment to continue.
# Native memory allocation (mmap) failed to map 102760448 bytes. Error detail: G1 virtual space
# Possible reasons:
#   The system is out of physical RAM or swap space
#   This process is running with CompressedOops enabled, and the Java Heap may be blocking the growth of the native heap
# Possible solutions:
#   Reduce memory load on the system
#   Increase physical memory or swap space
#   Check if swap backing store is full
#   Decrease Java heap size (-Xmx/-Xms)
#   Decrease number of Java threads
#   Decrease Java thread stack sizes (-Xss)
#   Set larger code cache with -XX:ReservedCodeCacheSize=
#   JVM is running with Unscaled Compressed Oops mode in which the Java heap is
#     placed in the first 4GB address space. The Java Heap base address is the
#     maximum limit for the native heap growth. Please use -XX:HeapBaseMinAddress
#     to set the Java Heap base and to place the Java Heap above 4GB virtual address.
# This output file may be truncated or incomplete.
#
#  Out of Memory Error (os_windows.cpp:3898), pid=11664, tid=23740
#
# JRE version: OpenJDK Runtime Environment (21.0.6) (build 21.0.6+-13355223-b631.42)
# Java VM: OpenJDK 64-Bit Server VM (21.0.6+-13355223-b631.42, mixed mode, tiered, compressed oops, compressed class ptrs, g1 gc, windows-amd64)
# No core dump will be written. Minidumps are not enabled by default on client versions of Windows
#

---------------  S U M M A R Y ------------

Command Line: --add-opens=java.base/java.lang=ALL-UNNAMED --add-opens=java.base/java.lang.invoke=ALL-UNNAMED --add-opens=java.base/java.util=ALL-UNNAMED --add-opens=java.prefs/java.util.prefs=ALL-UNNAMED --add-exports=jdk.compiler/com.sun.tools.javac.api=ALL-UNNAMED --add-exports=jdk.compiler/com.sun.tools.javac.util=ALL-UNNAMED --add-opens=java.base/java.util=ALL-UNNAMED --add-opens=java.prefs/java.util.prefs=ALL-UNNAMED --add-opens=java.base/java.nio.charset=ALL-UNNAMED --add-opens=java.base/java.net=ALL-UNNAMED --add-opens=java.base/java.util.concurrent.atomic=ALL-UNNAMED --add-opens=java.xml/javax.xml.namespace=ALL-UNNAMED -Xmx2048m -Dfile.encoding=UTF-8 -Duser.country=IN -Duser.language=en -Duser.variant -javaagent:C:\Users\asish\.gradle\wrapper\dists\gradle-8.11.1-bin\bpt9gzteqjrbo1mjrsomdt32c\gradle-8.11.1\lib\agents\gradle-instrumentation-agent-8.11.1.jar org.gradle.launcher.daemon.bootstrap.GradleDaemon 8.11.1

Host: 11th Gen Intel(R) Core(TM) i5-11260H @ 2.60GHz, 12 cores, 15G,  Windows 11 , 64 bit Build 26100 (10.0.26100.4768)
Time: Sun Aug  3 08:44:51 2025 India Standard Time elapsed time: 6.654007 seconds (0d 0h 0m 6s)

---------------  T H R E A D  ---------------

Current thread (0x00000277de0dd910):  VMThread "VM Thread"          [id=23740, stack(0x000000fb55f00000,0x000000fb56000000) (1024K)]

Stack: [0x000000fb55f00000,0x000000fb56000000]
Native frames: (J=compiled Java code, j=interpreted, Vv=VM code, C=native code)
V  [jvm.dll+0x6d05a9]
V  [jvm.dll+0x85ea73]
V  [jvm.dll+0x860fce]
V  [jvm.dll+0x8616b3]
V  [jvm.dll+0x27e6e6]
V  [jvm.dll+0x6ccf45]
V  [jvm.dll+0x6c09fa]
V  [jvm.dll+0x35535b]
V  [jvm.dll+0x35cfb6]
V  [jvm.dll+0x3aef46]
V  [jvm.dll+0x3af218]
V  [jvm.dll+0x327a2c]
V  [jvm.dll+0x327ab7]
V  [jvm.dll+0x36d90c]
V  [jvm.dll+0x36c0be]
V  [jvm.dll+0x327181]
V  [jvm.dll+0x36b7d0]
V  [jvm.dll+0x867438]
V  [jvm.dll+0x8687b4]
V  [jvm.dll+0x868cf0]
V  [jvm.dll+0x868f83]
V  [jvm.dll+0x806e48]
V  [jvm.dll+0x6cee7d]
C  [ucrtbase.dll+0x37b0]
C  [KERNEL32.DLL+0x2e8d7]
C  [ntdll.dll+0x3c34c]

VM_Operation (0x000000fb5a7fa420): G1CollectForAllocation, mode: safepoint, requested by thread 0x00000277debb1b30


---------------  P R O C E S S  ---------------

Threads class SMR info:
_java_thread_list=0x00000277e7fcd570, length=63, elements={
0x00000277c65c04e0, 0x00000277de2020e0, 0x00000277de202c30, 0x00000277de208450,
0x00000277de227d10, 0x00000277de229a50, 0x00000277de21d260, 0x00000277de24fe90,
0x00000277de259280, 0x00000277de3b3890, 0x00000277de50d560, 0x00000277de7fadc0,
0x00000277de85e590, 0x00000277e3840710, 0x00000277e383dfb0, 0x00000277e3840080,
0x00000277e383d290, 0x00000277e383d920, 0x00000277e383e640, 0x00000277e383ecd0,
0x00000277e383f360, 0x00000277e383f9f0, 0x00000277e4730740, 0x00000277e472fa20,
0x00000277e47300b0, 0x00000277e472d2c0, 0x00000277e472e670, 0x00000277e472ed00,
0x00000277e472f390, 0x00000277e472dfe0, 0x00000277e4730dd0, 0x00000277e472d950,
0x00000277e47348e0, 0x00000277e4733530, 0x00000277e4732180, 0x00000277e4731460,
0x00000277e4731af0, 0x00000277e4733bc0, 0x00000277e4734250, 0x00000277e4732810,
0x00000277e4732ea0, 0x00000277e6f48580, 0x00000277e6f471d0, 0x00000277e6f47860,
0x00000277e6f47ef0, 0x00000277e6f48c10, 0x00000277e6f464b0, 0x00000277e6f4cdb0,
0x00000277e6f4d440, 0x00000277e6f4ba00, 0x00000277e6f4c090, 0x00000277e6f4ace0,
0x00000277e6f4c720, 0x00000277e6f4b370, 0x00000277e6f492a0, 0x00000277e6f4dad0,
0x00000277debae020, 0x00000277debb0e10, 0x00000277debad990, 0x00000277debafa60,
0x00000277debae6b0, 0x00000277debb1b30, 0x00000277debb14a0
}

Java Threads: ( => current thread )
  0x00000277c65c04e0 JavaThread "main"                              [_thread_blocked, id=16120, stack(0x000000fb55800000,0x000000fb55900000) (1024K)]
  0x00000277de2020e0 JavaThread "Reference Handler"          daemon [_thread_blocked, id=16136, stack(0x000000fb56000000,0x000000fb56100000) (1024K)]
  0x00000277de202c30 JavaThread "Finalizer"                  daemon [_thread_blocked, id=25084, stack(0x000000fb56100000,0x000000fb56200000) (1024K)]
  0x00000277de208450 JavaThread "Signal Dispatcher"          daemon [_thread_blocked, id=6896, stack(0x000000fb56200000,0x000000fb56300000) (1024K)]
  0x00000277de227d10 JavaThread "Attach Listener"            daemon [_thread_blocked, id=14112, stack(0x000000fb56300000,0x000000fb56400000) (1024K)]
  0x00000277de229a50 JavaThread "Service Thread"             daemon [_thread_blocked, id=4476, stack(0x000000fb56400000,0x000000fb56500000) (1024K)]
  0x00000277de21d260 JavaThread "Monitor Deflation Thread"   daemon [_thread_blocked, id=9956, stack(0x000000fb56500000,0x000000fb56600000) (1024K)]
  0x00000277de24fe90 JavaThread "C2 CompilerThread0"         daemon [_thread_blocked, id=21048, stack(0x000000fb56600000,0x000000fb56700000) (1024K)]
  0x00000277de259280 JavaThread "C1 CompilerThread0"         daemon [_thread_blocked, id=25320, stack(0x000000fb56700000,0x000000fb56800000) (1024K)]
  0x00000277de3b3890 JavaThread "Common-Cleaner"             daemon [_thread_blocked, id=20916, stack(0x000000fb56800000,0x000000fb56900000) (1024K)]
  0x00000277de50d560 JavaThread "Notification Thread"        daemon [_thread_blocked, id=7544, stack(0x000000fb56900000,0x000000fb56a00000) (1024K)]
  0x00000277de7fadc0 JavaThread "C2 CompilerThread1"         daemon [_thread_blocked, id=1580, stack(0x000000fb56a00000,0x000000fb56b00000) (1024K)]
  0x00000277de85e590 JavaThread "C2 CompilerThread2"         daemon [_thread_blocked, id=11608, stack(0x000000fb56b00000,0x000000fb56c00000) (1024K)]
  0x00000277e3840710 JavaThread "Daemon health stats"               [_thread_blocked, id=15884, stack(0x000000fb57200000,0x000000fb57300000) (1024K)]
  0x00000277e383dfb0 JavaThread "Incoming local TCP Connector on port 49378"        [_thread_in_native, id=18960, stack(0x000000fb57300000,0x000000fb57400000) (1024K)]
  0x00000277e3840080 JavaThread "Daemon periodic checks"            [_thread_blocked, id=8784, stack(0x000000fb57400000,0x000000fb57500000) (1024K)]
  0x00000277e383d290 JavaThread "Daemon"                            [_thread_blocked, id=26020, stack(0x000000fb57500000,0x000000fb57600000) (1024K)]
  0x00000277e383d920 JavaThread "Handler for socket connection from /127.0.0.1:49378 to /127.0.0.1:49379"        [_thread_in_native, id=13360, stack(0x000000fb57600000,0x000000fb57700000) (1024K)]
  0x00000277e383e640 JavaThread "Cancel handler"                    [_thread_blocked, id=24840, stack(0x000000fb57700000,0x000000fb57800000) (1024K)]
  0x00000277e383ecd0 JavaThread "Daemon worker"                     [_thread_blocked, id=20584, stack(0x000000fb57800000,0x000000fb57900000) (1024K)]
  0x00000277e383f360 JavaThread "Asynchronous log dispatcher for DefaultDaemonConnection: socket connection from /127.0.0.1:49378 to /127.0.0.1:49379"        [_thread_blocked, id=12588, stack(0x000000fb57900000,0x000000fb57a00000) (1024K)]
  0x00000277e383f9f0 JavaThread "Stdin handler"                     [_thread_blocked, id=8672, stack(0x000000fb57a00000,0x000000fb57b00000) (1024K)]
  0x00000277e4730740 JavaThread "Daemon client event forwarder"        [_thread_blocked, id=20928, stack(0x000000fb57b00000,0x000000fb57c00000) (1024K)]
  0x00000277e472fa20 JavaThread "Cache worker for journal cache (C:\Users\asish\.gradle\caches\journal-1)"        [_thread_blocked, id=18888, stack(0x000000fb58100000,0x000000fb58200000) (1024K)]
  0x00000277e47300b0 JavaThread "File lock request listener"        [_thread_in_native, id=10988, stack(0x000000fb58200000,0x000000fb58300000) (1024K)]
  0x00000277e472d2c0 JavaThread "Cache worker for file hash cache (C:\Users\asish\.gradle\caches\8.11.1\fileHashes)"        [_thread_blocked, id=20540, stack(0x000000fb58300000,0x000000fb58400000) (1024K)]
  0x00000277e472e670 JavaThread "Cache worker for file content cache (C:\Users\asish\.gradle\caches\8.11.1\fileContent)"        [_thread_blocked, id=19400, stack(0x000000fb58400000,0x000000fb58500000) (1024K)]
  0x00000277e472ed00 JavaThread "Cache worker for file hash cache (D:\VehicleInventoryManagement\.gradle\8.11.1\fileHashes)"        [_thread_blocked, id=21412, stack(0x000000fb58500000,0x000000fb58600000) (1024K)]
  0x00000277e472f390 JavaThread "Cache worker for Build Output Cleanup Cache (D:\VehicleInventoryManagement\.gradle\buildOutputCleanup)"        [_thread_blocked, id=23588, stack(0x000000fb58600000,0x000000fb58700000) (1024K)]
  0x00000277e472dfe0 JavaThread "File watcher server"        daemon [_thread_in_native, id=23748, stack(0x000000fb58700000,0x000000fb58800000) (1024K)]
  0x00000277e4730dd0 JavaThread "File watcher consumer"      daemon [_thread_blocked, id=18996, stack(0x000000fb58800000,0x000000fb58900000) (1024K)]
  0x00000277e472d950 JavaThread "jar transforms"                    [_thread_blocked, id=4456, stack(0x000000fb58900000,0x000000fb58a00000) (1024K)]
  0x00000277e47348e0 JavaThread "jar transforms Thread 2"           [_thread_blocked, id=11388, stack(0x000000fb58a00000,0x000000fb58b00000) (1024K)]
  0x00000277e4733530 JavaThread "jar transforms Thread 3"           [_thread_blocked, id=9796, stack(0x000000fb58b00000,0x000000fb58c00000) (1024K)]
  0x00000277e4732180 JavaThread "jar transforms Thread 4"           [_thread_blocked, id=12736, stack(0x000000fb58c00000,0x000000fb58d00000) (1024K)]
  0x00000277e4731460 JavaThread "jar transforms Thread 5"           [_thread_blocked, id=2736, stack(0x000000fb58d00000,0x000000fb58e00000) (1024K)]
  0x00000277e4731af0 JavaThread "jar transforms Thread 6"           [_thread_blocked, id=16012, stack(0x000000fb58e00000,0x000000fb58f00000) (1024K)]
  0x00000277e4733bc0 JavaThread "jar transforms Thread 7"           [_thread_blocked, id=4828, stack(0x000000fb58f00000,0x000000fb59000000) (1024K)]
  0x00000277e4734250 JavaThread "jar transforms Thread 8"           [_thread_blocked, id=19288, stack(0x000000fb59000000,0x000000fb59100000) (1024K)]
  0x00000277e4732810 JavaThread "jar transforms Thread 9"           [_thread_blocked, id=20116, stack(0x000000fb59100000,0x000000fb59200000) (1024K)]
  0x00000277e4732ea0 JavaThread "jar transforms Thread 10"          [_thread_blocked, id=13528, stack(0x000000fb59200000,0x000000fb59300000) (1024K)]
  0x00000277e6f48580 JavaThread "Cache worker for checksums cache (D:\VehicleInventoryManagement\.gradle\8.11.1\checksums)"        [_thread_blocked, id=13444, stack(0x000000fb59300000,0x000000fb59400000) (1024K)]
  0x00000277e6f471d0 JavaThread "Cache worker for cache directory md-rule (C:\Users\asish\.gradle\caches\8.11.1\md-rule)"        [_thread_blocked, id=24584, stack(0x000000fb59400000,0x000000fb59500000) (1024K)]
  0x00000277e6f47860 JavaThread "Cache worker for cache directory md-supplier (C:\Users\asish\.gradle\caches\8.11.1\md-supplier)"        [_thread_blocked, id=25776, stack(0x000000fb59500000,0x000000fb59600000) (1024K)]
  0x00000277e6f47ef0 JavaThread "jar transforms Thread 11"          [_thread_blocked, id=24856, stack(0x000000fb59600000,0x000000fb59700000) (1024K)]
  0x00000277e6f48c10 JavaThread "jar transforms Thread 12"          [_thread_blocked, id=24304, stack(0x000000fb59700000,0x000000fb59800000) (1024K)]
  0x00000277e6f464b0 JavaThread "Unconstrained build operations"        [_thread_blocked, id=18100, stack(0x000000fb59800000,0x000000fb59900000) (1024K)]
  0x00000277e6f4cdb0 JavaThread "Unconstrained build operations Thread 2"        [_thread_blocked, id=23668, stack(0x000000fb59900000,0x000000fb59a00000) (1024K)]
  0x00000277e6f4d440 JavaThread "Unconstrained build operations Thread 3"        [_thread_blocked, id=18472, stack(0x000000fb59a00000,0x000000fb59b00000) (1024K)]
  0x00000277e6f4ba00 JavaThread "Unconstrained build operations Thread 4"        [_thread_blocked, id=25888, stack(0x000000fb59b00000,0x000000fb59c00000) (1024K)]
  0x00000277e6f4c090 JavaThread "Unconstrained build operations Thread 5"        [_thread_blocked, id=21732, stack(0x000000fb59c00000,0x000000fb59d00000) (1024K)]
  0x00000277e6f4ace0 JavaThread "Unconstrained build operations Thread 6"        [_thread_blocked, id=24340, stack(0x000000fb59d00000,0x000000fb59e00000) (1024K)]
  0x00000277e6f4c720 JavaThread "Unconstrained build operations Thread 7"        [_thread_blocked, id=25784, stack(0x000000fb59e00000,0x000000fb59f00000) (1024K)]
  0x00000277e6f4b370 JavaThread "Unconstrained build operations Thread 8"        [_thread_blocked, id=23620, stack(0x000000fb59f00000,0x000000fb5a000000) (1024K)]
  0x00000277e6f492a0 JavaThread "Unconstrained build operations Thread 9"        [_thread_blocked, id=22816, stack(0x000000fb5a000000,0x000000fb5a100000) (1024K)]
  0x00000277e6f4dad0 JavaThread "Unconstrained build operations Thread 10"        [_thread_blocked, id=23624, stack(0x000000fb5a100000,0x000000fb5a200000) (1024K)]
  0x00000277debae020 JavaThread "Unconstrained build operations Thread 11"        [_thread_blocked, id=23672, stack(0x000000fb5a200000,0x000000fb5a300000) (1024K)]
  0x00000277debb0e10 JavaThread "Unconstrained build operations Thread 12"        [_thread_blocked, id=26292, stack(0x000000fb5a300000,0x000000fb5a400000) (1024K)]
  0x00000277debad990 JavaThread "Unconstrained build operations Thread 13"        [_thread_blocked, id=10208, stack(0x000000fb5a400000,0x000000fb5a500000) (1024K)]
  0x00000277debafa60 JavaThread "Unconstrained build operations Thread 14"        [_thread_blocked, id=18824, stack(0x000000fb5a500000,0x000000fb5a600000) (1024K)]
  0x00000277debae6b0 JavaThread "Unconstrained build operations Thread 15"        [_thread_blocked, id=17892, stack(0x000000fb5a600000,0x000000fb5a700000) (1024K)]
  0x00000277debb1b30 JavaThread "Unconstrained build operations Thread 16"        [_thread_blocked, id=20760, stack(0x000000fb5a700000,0x000000fb5a800000) (1024K)]
  0x00000277debb14a0 JavaThread "Unconstrained build operations Thread 17"        [_thread_blocked, id=6384, stack(0x000000fb5a800000,0x000000fb5a900000) (1024K)]
Total: 63

Other Threads:
=>0x00000277de0dd910 VMThread "VM Thread"                           [id=23740, stack(0x000000fb55f00000,0x000000fb56000000) (1024K)]
  0x00000277de190460 WatcherThread "VM Periodic Task Thread"        [id=4224, stack(0x000000fb55e00000,0x000000fb55f00000) (1024K)]
  0x00000277c426e060 WorkerThread "GC Thread#0"                     [id=12872, stack(0x000000fb55900000,0x000000fb55a00000) (1024K)]
  0x00000277decc3e50 WorkerThread "GC Thread#1"                     [id=8816, stack(0x000000fb56c00000,0x000000fb56d00000) (1024K)]
  0x00000277decc41f0 WorkerThread "GC Thread#2"                     [id=12196, stack(0x000000fb56d00000,0x000000fb56e00000) (1024K)]
  0x00000277dec18140 WorkerThread "GC Thread#3"                     [id=12976, stack(0x000000fb56e00000,0x000000fb56f00000) (1024K)]
  0x00000277dec184e0 WorkerThread "GC Thread#4"                     [id=2432, stack(0x000000fb56f00000,0x000000fb57000000) (1024K)]
  0x00000277dec18880 WorkerThread "GC Thread#5"                     [id=1328, stack(0x000000fb57000000,0x000000fb57100000) (1024K)]
  0x00000277e3960a20 WorkerThread "GC Thread#6"                     [id=14012, stack(0x000000fb57100000,0x000000fb57200000) (1024K)]
  0x00000277e3961c40 WorkerThread "GC Thread#7"                     [id=21428, stack(0x000000fb57c00000,0x000000fb57d00000) (1024K)]
  0x00000277e3961fe0 WorkerThread "GC Thread#8"                     [id=23712, stack(0x000000fb57d00000,0x000000fb57e00000) (1024K)]
  0x00000277e4742170 WorkerThread "GC Thread#9"                     [id=20104, stack(0x000000fb57e00000,0x000000fb57f00000) (1024K)]
  0x00000277c6626330 ConcurrentGCThread "G1 Main Marker"            [id=22496, stack(0x000000fb55a00000,0x000000fb55b00000) (1024K)]
  0x00000277c6627b80 WorkerThread "G1 Conc#0"                       [id=25800, stack(0x000000fb55b00000,0x000000fb55c00000) (1024K)]
  0x00000277e4744950 WorkerThread "G1 Conc#1"                       [id=20508, stack(0x000000fb57f00000,0x000000fb58000000) (1024K)]
  0x00000277e4743ad0 WorkerThread "G1 Conc#2"                       [id=11456, stack(0x000000fb58000000,0x000000fb58100000) (1024K)]
  0x00000277ddfe8ef0 ConcurrentGCThread "G1 Refine#0"               [id=22428, stack(0x000000fb55c00000,0x000000fb55d00000) (1024K)]
  0x00000277ddfea720 ConcurrentGCThread "G1 Service"                [id=16376, stack(0x000000fb55d00000,0x000000fb55e00000) (1024K)]
Total: 18

Threads with active compile tasks:
C2 CompilerThread0  6674 6860       4       org.gradle.internal.serialize.HierarchicalNameSerializer::readName (51 bytes)
C2 CompilerThread1  6674 6698       4       org.gradle.internal.serialize.AbstractCollectionSerializer::read (47 bytes)
C2 CompilerThread2  6674 6653       4       com.google.common.collect.Interners$InternerImpl::intern (54 bytes)
Total: 3

VM state: at safepoint (normal execution)

VM Mutex/Monitor currently owned by a thread:  ([mutex/lock_event])
[0x00007ffe7defe3a0] Threads_lock - owner thread: 0x00000277de0dd910
[0x00007ffe7defe4a0] Heap_lock - owner thread: 0x00000277debb1b30

Heap address: 0x0000000080000000, size: 2048 MB, Compressed Oops mode: 32-bit

CDS archive(s) not mapped
Compressed class space mapped at: 0x0000000100000000-0x0000000140000000, reserved size: 1073741824
Narrow klass base: 0x0000000000000000, Narrow klass shift: 3, Narrow klass range: 0x140000000

GC Precious Log:
 CardTable entry size: 512
 Card Set container configuration: InlinePtr #cards 5 size 8 Array Of Cards #cards 12 size 40 Howl #buckets 4 coarsen threshold 1843 Howl Bitmap #cards 512 size 80 coarsen threshold 460 Card regions per heap region 1 cards per card region 2048
 CPUs: 12 total, 12 available
 Memory: 16085M
 Large Page Support: Disabled
 NUMA Support: Disabled
 Compressed Oops: Enabled (32-bit)
 Heap Region Size: 1M
 Heap Min Capacity: 8M
 Heap Initial Capacity: 252M
 Heap Max Capacity: 2G
 Pre-touch: Disabled
 Parallel Workers: 10
 Concurrent Workers: 3
 Concurrent Refinement Workers: 10
 Periodic GC: Disabled

Heap:
 garbage-first heap   total 156672K, used 131280K [0x0000000080000000, 0x0000000100000000)
  region size 1024K, 3 young (3072K), 3 survivors (3072K)
 Metaspace       used 62799K, committed 64384K, reserved 1114112K
  class space    used 8547K, committed 9344K, reserved 1048576K

Heap Regions: E=young(eden), S=young(survivor), O=old, HS=humongous(starts), HC=humongous(continues), CS=collection set, F=free, TAMS=top-at-mark-start, PB=parsable bottom
|   0|0x0000000080000000, 0x0000000080100000, 0x0000000080100000|100%| O|  |TAMS 0x0000000080100000| PB 0x0000000080000000| Untracked 
|   1|0x0000000080100000, 0x0000000080200000, 0x0000000080200000|100%|HS|  |TAMS 0x0000000080200000| PB 0x0000000080100000| Complete 
|   2|0x0000000080200000, 0x0000000080300000, 0x0000000080300000|100%|HC|  |TAMS 0x0000000080300000| PB 0x0000000080200000| Complete 
|   3|0x0000000080300000, 0x0000000080400000, 0x0000000080400000|100%|HC|  |TAMS 0x0000000080400000| PB 0x0000000080300000| Complete 
|   4|0x0000000080400000, 0x0000000080500000, 0x0000000080500000|100%| O|  |TAMS 0x0000000080500000| PB 0x0000000080400000| Untracked 
|   5|0x0000000080500000, 0x0000000080600000, 0x0000000080600000|100%| O|  |TAMS 0x0000000080600000| PB 0x0000000080500000| Untracked 
|   6|0x0000000080600000, 0x0000000080700000, 0x0000000080700000|100%| O|  |TAMS 0x0000000080700000| PB 0x0000000080600000| Untracked 
|   7|0x0000000080700000, 0x0000000080800000, 0x0000000080800000|100%|HS|  |TAMS 0x0000000080800000| PB 0x0000000080700000| Complete 
|   8|0x0000000080800000, 0x0000000080900000, 0x0000000080900000|100%| O|  |TAMS 0x0000000080900000| PB 0x0000000080800000| Untracked 
|   9|0x0000000080900000, 0x0000000080a00000, 0x0000000080a00000|100%| O|  |TAMS 0x0000000080a00000| PB 0x0000000080900000| Untracked 
|  10|0x0000000080a00000, 0x0000000080b00000, 0x0000000080b00000|100%| O|  |TAMS 0x0000000080b00000| PB 0x0000000080a00000| Untracked 
|  11|0x0000000080b00000, 0x0000000080c00000, 0x0000000080c00000|100%| O|  |TAMS 0x0000000080c00000| PB 0x0000000080b00000| Untracked 
|  12|0x0000000080c00000, 0x0000000080d00000, 0x0000000080d00000|100%| O|  |TAMS 0x0000000080d00000| PB 0x0000000080c00000| Untracked 
|  13|0x0000000080d00000, 0x0000000080e00000, 0x0000000080e00000|100%| O|  |TAMS 0x0000000080e00000| PB 0x0000000080d00000| Untracked 
|  14|0x0000000080e00000, 0x0000000080f00000, 0x0000000080f00000|100%|HS|  |TAMS 0x0000000080f00000| PB 0x0000000080e00000| Complete 
|  15|0x0000000080f00000, 0x0000000081000000, 0x0000000081000000|100%|HC|  |TAMS 0x0000000081000000| PB 0x0000000080f00000| Complete 
|  16|0x0000000081000000, 0x0000000081100000, 0x0000000081100000|100%|HC|  |TAMS 0x0000000081100000| PB 0x0000000081000000| Complete 
|  17|0x0000000081100000, 0x0000000081200000, 0x0000000081200000|100%|HC|  |TAMS 0x0000000081200000| PB 0x0000000081100000| Complete 
|  18|0x0000000081200000, 0x0000000081300000, 0x0000000081300000|100%|HC|  |TAMS 0x0000000081300000| PB 0x0000000081200000| Complete 
|  19|0x0000000081300000, 0x0000000081400000, 0x0000000081400000|100%|HC|  |TAMS 0x0000000081400000| PB 0x0000000081300000| Complete 
|  20|0x0000000081400000, 0x0000000081500000, 0x0000000081500000|100%|HS|  |TAMS 0x0000000081500000| PB 0x0000000081400000| Complete 
|  21|0x0000000081500000, 0x0000000081600000, 0x0000000081600000|100%|HC|  |TAMS 0x0000000081600000| PB 0x0000000081500000| Complete 
|  22|0x0000000081600000, 0x0000000081700000, 0x0000000081700000|100%|HC|  |TAMS 0x0000000081700000| PB 0x0000000081600000| Complete 
|  23|0x0000000081700000, 0x0000000081800000, 0x0000000081800000|100%|HC|  |TAMS 0x0000000081800000| PB 0x0000000081700000| Complete 
|  24|0x0000000081800000, 0x0000000081900000, 0x0000000081900000|100%|HS|  |TAMS 0x0000000081900000| PB 0x0000000081800000| Complete 
|  25|0x0000000081900000, 0x0000000081a00000, 0x0000000081a00000|100%|HC|  |TAMS 0x0000000081a00000| PB 0x0000000081900000| Complete 
|  26|0x0000000081a00000, 0x0000000081b00000, 0x0000000081b00000|100%| O|  |TAMS 0x0000000081b00000| PB 0x0000000081a00000| Untracked 
|  27|0x0000000081b00000, 0x0000000081c00000, 0x0000000081c00000|100%| O|  |TAMS 0x0000000081c00000| PB 0x0000000081b00000| Untracked 
|  28|0x0000000081c00000, 0x0000000081d00000, 0x0000000081d00000|100%| O|  |TAMS 0x0000000081d00000| PB 0x0000000081c00000| Untracked 
|  29|0x0000000081d00000, 0x0000000081e00000, 0x0000000081e00000|100%| O|  |TAMS 0x0000000081e00000| PB 0x0000000081d00000| Untracked 
|  30|0x0000000081e00000, 0x0000000081f00000, 0x0000000081f00000|100%| O|  |TAMS 0x0000000081f00000| PB 0x0000000081e00000| Untracked 
|  31|0x0000000081f00000, 0x0000000082000000, 0x0000000082000000|100%| O|  |TAMS 0x0000000082000000| PB 0x0000000081f00000| Untracked 
|  32|0x0000000082000000, 0x0000000082100000, 0x0000000082100000|100%| O|  |TAMS 0x0000000082100000| PB 0x0000000082000000| Untracked 
|  33|0x0000000082100000, 0x0000000082200000, 0x0000000082200000|100%| O|  |TAMS 0x0000000082200000| PB 0x0000000082100000| Untracked 
|  34|0x0000000082200000, 0x0000000082300000, 0x0000000082300000|100%| O|  |TAMS 0x0000000082300000| PB 0x0000000082200000| Untracked 
|  35|0x0000000082300000, 0x0000000082400000, 0x0000000082400000|100%| O|  |TAMS 0x0000000082400000| PB 0x0000000082300000| Untracked 
|  36|0x0000000082400000, 0x0000000082500000, 0x0000000082500000|100%| O|  |TAMS 0x0000000082500000| PB 0x0000000082400000| Untracked 
|  37|0x0000000082500000, 0x0000000082600000, 0x0000000082600000|100%| O|  |TAMS 0x0000000082600000| PB 0x0000000082500000| Untracked 
|  38|0x0000000082600000, 0x0000000082700000, 0x0000000082700000|100%| O|  |TAMS 0x0000000082700000| PB 0x0000000082600000| Untracked 
|  39|0x0000000082700000, 0x0000000082800000, 0x0000000082800000|100%| O|  |TAMS 0x0000000082800000| PB 0x0000000082700000| Untracked 
|  40|0x0000000082800000, 0x0000000082900000, 0x0000000082900000|100%| O|  |TAMS 0x0000000082900000| PB 0x0000000082800000| Untracked 
|  41|0x0000000082900000, 0x0000000082a00000, 0x0000000082a00000|100%| O|  |TAMS 0x0000000082a00000| PB 0x0000000082900000| Untracked 
|  42|0x0000000082a00000, 0x0000000082b00000, 0x0000000082b00000|100%| O|  |TAMS 0x0000000082b00000| PB 0x0000000082a00000| Untracked 
|  43|0x0000000082b00000, 0x0000000082c00000, 0x0000000082c00000|100%|HS|  |TAMS 0x0000000082c00000| PB 0x0000000082b00000| Complete 
|  44|0x0000000082c00000, 0x0000000082d00000, 0x0000000082d00000|100%|HC|  |TAMS 0x0000000082d00000| PB 0x0000000082c00000| Complete 
|  45|0x0000000082d00000, 0x0000000082e00000, 0x0000000082e00000|100%| O|  |TAMS 0x0000000082e00000| PB 0x0000000082d00000| Untracked 
|  46|0x0000000082e00000, 0x0000000082f00000, 0x0000000082f00000|100%| O|  |TAMS 0x0000000082f00000| PB 0x0000000082e00000| Untracked 
|  47|0x0000000082f00000, 0x0000000083000000, 0x0000000083000000|100%| O|  |TAMS 0x0000000083000000| PB 0x0000000082f00000| Untracked 
|  48|0x0000000083000000, 0x0000000083100000, 0x0000000083100000|100%| O|  |TAMS 0x0000000083100000| PB 0x0000000083000000| Untracked 
|  49|0x0000000083100000, 0x0000000083200000, 0x0000000083200000|100%| O|  |TAMS 0x0000000083200000| PB 0x0000000083100000| Untracked 
|  50|0x0000000083200000, 0x0000000083300000, 0x0000000083300000|100%| O|  |TAMS 0x0000000083300000| PB 0x0000000083200000| Untracked 
|  51|0x0000000083300000, 0x0000000083400000, 0x0000000083400000|100%| O|  |TAMS 0x0000000083400000| PB 0x0000000083300000| Untracked 
|  52|0x0000000083400000, 0x0000000083500000, 0x0000000083500000|100%| O|  |TAMS 0x0000000083500000| PB 0x0000000083400000| Untracked 
|  53|0x0000000083500000, 0x0000000083600000, 0x0000000083600000|100%| O|  |TAMS 0x0000000083600000| PB 0x0000000083500000| Untracked 
|  54|0x0000000083600000, 0x0000000083700000, 0x0000000083700000|100%| O|  |TAMS 0x0000000083600000| PB 0x0000000083600000| Untracked 
|  55|0x0000000083700000, 0x0000000083800000, 0x0000000083800000|100%| O|  |TAMS 0x0000000083800000| PB 0x0000000083700000| Untracked 
|  56|0x0000000083800000, 0x0000000083900000, 0x0000000083900000|100%| O|  |TAMS 0x0000000083900000| PB 0x0000000083800000| Untracked 
|  57|0x0000000083900000, 0x0000000083a00000, 0x0000000083a00000|100%| O|  |TAMS 0x0000000083a00000| PB 0x0000000083900000| Untracked 
|  58|0x0000000083a00000, 0x0000000083b00000, 0x0000000083b00000|100%| O|  |TAMS 0x0000000083b00000| PB 0x0000000083a00000| Untracked 
|  59|0x0000000083b00000, 0x0000000083c00000, 0x0000000083c00000|100%|HS|  |TAMS 0x0000000083c00000| PB 0x0000000083b00000| Complete 
|  60|0x0000000083c00000, 0x0000000083d00000, 0x0000000083d00000|100%|HS|  |TAMS 0x0000000083d00000| PB 0x0000000083c00000| Complete 
|  61|0x0000000083d00000, 0x0000000083e00000, 0x0000000083e00000|100%| O|  |TAMS 0x0000000083e00000| PB 0x0000000083d00000| Untracked 
|  62|0x0000000083e00000, 0x0000000083f00000, 0x0000000083f00000|100%| O|  |TAMS 0x0000000083f00000| PB 0x0000000083e00000| Untracked 
|  63|0x0000000083f00000, 0x0000000084000000, 0x0000000084000000|100%| O|  |TAMS 0x0000000084000000| PB 0x0000000083f00000| Untracked 
|  64|0x0000000084000000, 0x0000000084100000, 0x0000000084100000|100%| O|  |TAMS 0x0000000084100000| PB 0x0000000084000000| Untracked 
|  65|0x0000000084100000, 0x0000000084200000, 0x0000000084200000|100%| O|  |TAMS 0x0000000084200000| PB 0x0000000084100000| Untracked 
|  66|0x0000000084200000, 0x0000000084300000, 0x0000000084300000|100%| O|  |TAMS 0x0000000084300000| PB 0x0000000084200000| Untracked 
|  67|0x0000000084300000, 0x0000000084400000, 0x0000000084400000|100%| O|  |TAMS 0x0000000084400000| PB 0x0000000084300000| Untracked 
|  68|0x0000000084400000, 0x0000000084500000, 0x0000000084500000|100%| O|  |TAMS 0x0000000084500000| PB 0x0000000084400000| Untracked 
|  69|0x0000000084500000, 0x0000000084600000, 0x0000000084600000|100%| O|  |TAMS 0x0000000084600000| PB 0x0000000084500000| Untracked 
|  70|0x0000000084600000, 0x0000000084700000, 0x0000000084700000|100%| O|  |TAMS 0x0000000084700000| PB 0x0000000084600000| Untracked 
|  71|0x0000000084700000, 0x0000000084800000, 0x0000000084800000|100%| O|  |TAMS 0x0000000084800000| PB 0x0000000084700000| Untracked 
|  72|0x0000000084800000, 0x0000000084900000, 0x0000000084900000|100%| O|  |TAMS 0x0000000084900000| PB 0x0000000084800000| Untracked 
|  73|0x0000000084900000, 0x0000000084a00000, 0x0000000084a00000|100%| O|  |TAMS 0x0000000084a00000| PB 0x0000000084900000| Untracked 
|  74|0x0000000084a00000, 0x0000000084b00000, 0x0000000084b00000|100%| O|  |TAMS 0x0000000084b00000| PB 0x0000000084a00000| Untracked 
|  75|0x0000000084b00000, 0x0000000084c00000, 0x0000000084c00000|100%| O|  |TAMS 0x0000000084c00000| PB 0x0000000084b00000| Untracked 
|  76|0x0000000084c00000, 0x0000000084d00000, 0x0000000084d00000|100%| O|  |TAMS 0x0000000084c00000| PB 0x0000000084c00000| Untracked 
|  77|0x0000000084d00000, 0x0000000084e00000, 0x0000000084e00000|100%| O|  |TAMS 0x0000000084d00000| PB 0x0000000084d00000| Untracked 
|  78|0x0000000084e00000, 0x0000000084f00000, 0x0000000084f00000|100%| O|  |TAMS 0x0000000084e00000| PB 0x0000000084e00000| Untracked 
|  79|0x0000000084f00000, 0x0000000085000000, 0x0000000085000000|100%| O|  |TAMS 0x0000000084f00000| PB 0x0000000084f00000| Untracked 
|  80|0x0000000085000000, 0x0000000085100000, 0x0000000085100000|100%| O|  |TAMS 0x0000000085000000| PB 0x0000000085000000| Untracked 
|  81|0x0000000085100000, 0x0000000085200000, 0x0000000085200000|100%| O|  |TAMS 0x0000000085100000| PB 0x0000000085100000| Untracked 
|  82|0x0000000085200000, 0x0000000085300000, 0x0000000085300000|100%| O|  |TAMS 0x0000000085200000| PB 0x0000000085200000| Untracked 
|  83|0x0000000085300000, 0x0000000085400000, 0x0000000085400000|100%| O|  |TAMS 0x0000000085400000| PB 0x0000000085300000| Untracked 
|  84|0x0000000085400000, 0x0000000085500000, 0x0000000085500000|100%| O|  |TAMS 0x0000000085500000| PB 0x0000000085400000| Untracked 
|  85|0x0000000085500000, 0x0000000085600000, 0x0000000085600000|100%| O|  |TAMS 0x0000000085600000| PB 0x0000000085500000| Untracked 
|  86|0x0000000085600000, 0x0000000085700000, 0x0000000085700000|100%| O|  |TAMS 0x0000000085700000| PB 0x0000000085600000| Untracked 
|  87|0x0000000085700000, 0x0000000085800000, 0x0000000085800000|100%| O|  |TAMS 0x0000000085800000| PB 0x0000000085700000| Untracked 
|  88|0x0000000085800000, 0x0000000085900000, 0x0000000085900000|100%| O|  |TAMS 0x0000000085900000| PB 0x0000000085800000| Untracked 
|  89|0x0000000085900000, 0x0000000085a00000, 0x0000000085a00000|100%| O|  |TAMS 0x0000000085a00000| PB 0x0000000085900000| Untracked 
|  90|0x0000000085a00000, 0x0000000085b00000, 0x0000000085b00000|100%| O|  |TAMS 0x0000000085b00000| PB 0x0000000085a00000| Untracked 
|  91|0x0000000085b00000, 0x0000000085c00000, 0x0000000085c00000|100%| O|  |TAMS 0x0000000085c00000| PB 0x0000000085b00000| Untracked 
|  92|0x0000000085c00000, 0x0000000085d00000, 0x0000000085d00000|100%| O|  |TAMS 0x0000000085d00000| PB 0x0000000085c00000| Untracked 
|  93|0x0000000085d00000, 0x0000000085e00000, 0x0000000085e00000|100%| O|  |TAMS 0x0000000085e00000| PB 0x0000000085d00000| Untracked 
|  94|0x0000000085e00000, 0x0000000085f00000, 0x0000000085f00000|100%| O|  |TAMS 0x0000000085ea6b50| PB 0x0000000085e00000| Untracked 
|  95|0x0000000085f00000, 0x0000000086000000, 0x0000000086000000|100%| O|  |TAMS 0x0000000085f00000| PB 0x0000000085f00000| Untracked 
|  96|0x0000000086000000, 0x0000000086100000, 0x0000000086100000|100%| O|  |TAMS 0x0000000086000000| PB 0x0000000086000000| Untracked 
|  97|0x0000000086100000, 0x0000000086200000, 0x0000000086200000|100%| O|  |TAMS 0x0000000086100000| PB 0x0000000086100000| Untracked 
|  98|0x0000000086200000, 0x0000000086300000, 0x0000000086300000|100%| O|  |TAMS 0x0000000086200000| PB 0x0000000086200000| Untracked 
|  99|0x0000000086300000, 0x0000000086400000, 0x0000000086400000|100%| O|  |TAMS 0x0000000086300000| PB 0x0000000086300000| Untracked 
| 100|0x0000000086400000, 0x0000000086500000, 0x0000000086500000|100%| O|  |TAMS 0x0000000086400000| PB 0x0000000086400000| Untracked 
| 101|0x0000000086500000, 0x0000000086600000, 0x0000000086600000|100%| O|  |TAMS 0x0000000086500000| PB 0x0000000086500000| Untracked 
| 102|0x0000000086600000, 0x0000000086700000, 0x0000000086700000|100%| O|  |TAMS 0x0000000086600000| PB 0x0000000086600000| Untracked 
| 103|0x0000000086700000, 0x0000000086800000, 0x0000000086800000|100%| O|  |TAMS 0x0000000086700000| PB 0x0000000086700000| Untracked 
| 104|0x0000000086800000, 0x0000000086900000, 0x0000000086900000|100%| O|  |TAMS 0x0000000086800000| PB 0x0000000086800000| Untracked 
| 105|0x0000000086900000, 0x00000000869341a8, 0x0000000086a00000| 20%| O|  |TAMS 0x0000000086900000| PB 0x0000000086900000| Untracked 
| 106|0x0000000086a00000, 0x0000000086a00000, 0x0000000086b00000|  0%| F|  |TAMS 0x0000000086a00000| PB 0x0000000086a00000| Untracked 
| 107|0x0000000086b00000, 0x0000000086b00000, 0x0000000086c00000|  0%| F|  |TAMS 0x0000000086b00000| PB 0x0000000086b00000| Untracked 
| 108|0x0000000086c00000, 0x0000000086c00000, 0x0000000086d00000|  0%| F|  |TAMS 0x0000000086c00000| PB 0x0000000086c00000| Untracked 
| 109|0x0000000086d00000, 0x0000000086d00000, 0x0000000086e00000|  0%| F|  |TAMS 0x0000000086d00000| PB 0x0000000086d00000| Untracked 
| 110|0x0000000086e00000, 0x0000000086e00000, 0x0000000086f00000|  0%| F|  |TAMS 0x0000000086e00000| PB 0x0000000086e00000| Untracked 
| 111|0x0000000086f00000, 0x0000000086f00000, 0x0000000087000000|  0%| F|  |TAMS 0x0000000086f00000| PB 0x0000000086f00000| Untracked 
| 112|0x0000000087000000, 0x0000000087000000, 0x0000000087100000|  0%| F|  |TAMS 0x0000000087000000| PB 0x0000000087000000| Untracked 
| 113|0x0000000087100000, 0x0000000087100000, 0x0000000087200000|  0%| F|  |TAMS 0x0000000087100000| PB 0x0000000087100000| Untracked 
| 114|0x0000000087200000, 0x0000000087200000, 0x0000000087300000|  0%| F|  |TAMS 0x0000000087200000| PB 0x0000000087200000| Untracked 
| 115|0x0000000087300000, 0x0000000087400000, 0x0000000087400000|100%| S|CS|TAMS 0x0000000087300000| PB 0x0000000087300000| Complete 
| 116|0x0000000087400000, 0x0000000087500000, 0x0000000087500000|100%| S|CS|TAMS 0x0000000087400000| PB 0x0000000087400000| Complete 
| 117|0x0000000087500000, 0x0000000087600000, 0x0000000087600000|100%| S|CS|TAMS 0x0000000087500000| PB 0x0000000087500000| Complete 
| 118|0x0000000087600000, 0x0000000087600000, 0x0000000087700000|  0%| F|  |TAMS 0x0000000087600000| PB 0x0000000087600000| Untracked 
| 119|0x0000000087700000, 0x0000000087700000, 0x0000000087800000|  0%| F|  |TAMS 0x0000000087700000| PB 0x0000000087700000| Untracked 
| 120|0x0000000087800000, 0x0000000087800000, 0x0000000087900000|  0%| F|  |TAMS 0x0000000087800000| PB 0x0000000087800000| Untracked 
| 219|0x000000008db00000, 0x000000008db00000, 0x000000008dc00000|  0%| F|  |TAMS 0x000000008db00000| PB 0x000000008db00000| Untracked 
| 220|0x000000008dc00000, 0x000000008dc00000, 0x000000008dd00000|  0%| F|  |TAMS 0x000000008dc00000| PB 0x000000008dc00000| Untracked 
| 221|0x000000008dd00000, 0x000000008dd00000, 0x000000008de00000|  0%| F|  |TAMS 0x000000008dd00000| PB 0x000000008dd00000| Untracked 
| 222|0x000000008de00000, 0x000000008de00000, 0x000000008df00000|  0%| F|  |TAMS 0x000000008de00000| PB 0x000000008de00000| Untracked 
| 223|0x000000008df00000, 0x000000008df00000, 0x000000008e000000|  0%| F|  |TAMS 0x000000008df00000| PB 0x000000008df00000| Untracked 
| 224|0x000000008e000000, 0x000000008e000000, 0x000000008e100000|  0%| F|  |TAMS 0x000000008e000000| PB 0x000000008e000000| Untracked 
| 225|0x000000008e100000, 0x000000008e100000, 0x000000008e200000|  0%| F|  |TAMS 0x000000008e100000| PB 0x000000008e100000| Untracked 
| 226|0x000000008e200000, 0x000000008e200000, 0x000000008e300000|  0%| F|  |TAMS 0x000000008e200000| PB 0x000000008e200000| Untracked 
| 227|0x000000008e300000, 0x000000008e300000, 0x000000008e400000|  0%| F|  |TAMS 0x000000008e300000| PB 0x000000008e300000| Untracked 
| 251|0x000000008fb00000, 0x000000008fb00000, 0x000000008fc00000|  0%| F|  |TAMS 0x000000008fb00000| PB 0x000000008fb00000| Untracked 
|2026|0x00000000fea00000, 0x00000000feb00000, 0x00000000feb00000|100%| O|  |TAMS 0x00000000feb00000| PB 0x00000000fea00000| Untracked 
|2027|0x00000000feb00000, 0x00000000fec00000, 0x00000000fec00000|100%| O|  |TAMS 0x00000000fec00000| PB 0x00000000feb00000| Untracked 
|2028|0x00000000fec00000, 0x00000000fed00000, 0x00000000fed00000|100%| O|  |TAMS 0x00000000fed00000| PB 0x00000000fec00000| Untracked 
|2029|0x00000000fed00000, 0x00000000fee00000, 0x00000000fee00000|100%| O|  |TAMS 0x00000000fee00000| PB 0x00000000fed00000| Untracked 
|2030|0x00000000fee00000, 0x00000000fef00000, 0x00000000fef00000|100%| O|  |TAMS 0x00000000fef00000| PB 0x00000000fee00000| Untracked 
|2031|0x00000000fef00000, 0x00000000ff000000, 0x00000000ff000000|100%| O|  |TAMS 0x00000000ff000000| PB 0x00000000fef00000| Untracked 
|2032|0x00000000ff000000, 0x00000000ff100000, 0x00000000ff100000|100%| O|  |TAMS 0x00000000ff100000| PB 0x00000000ff000000| Untracked 
|2033|0x00000000ff100000, 0x00000000ff200000, 0x00000000ff200000|100%| O|  |TAMS 0x00000000ff200000| PB 0x00000000ff100000| Untracked 
|2034|0x00000000ff200000, 0x00000000ff300000, 0x00000000ff300000|100%| O|  |TAMS 0x00000000ff300000| PB 0x00000000ff200000| Untracked 
|2035|0x00000000ff300000, 0x00000000ff400000, 0x00000000ff400000|100%| O|  |TAMS 0x00000000ff400000| PB 0x00000000ff300000| Untracked 
|2036|0x00000000ff400000, 0x00000000ff500000, 0x00000000ff500000|100%| O|  |TAMS 0x00000000ff500000| PB 0x00000000ff400000| Untracked 
|2037|0x00000000ff500000, 0x00000000ff600000, 0x00000000ff600000|100%| O|  |TAMS 0x00000000ff600000| PB 0x00000000ff500000| Untracked 
|2038|0x00000000ff600000, 0x00000000ff700000, 0x00000000ff700000|100%| O|  |TAMS 0x00000000ff700000| PB 0x00000000ff600000| Untracked 
|2039|0x00000000ff700000, 0x00000000ff800000, 0x00000000ff800000|100%| O|  |TAMS 0x00000000ff800000| PB 0x00000000ff700000| Untracked 
|2040|0x00000000ff800000, 0x00000000ff900000, 0x00000000ff900000|100%| O|  |TAMS 0x00000000ff900000| PB 0x00000000ff800000| Untracked 
|2041|0x00000000ff900000, 0x00000000ffa00000, 0x00000000ffa00000|100%| O|  |TAMS 0x00000000ffa00000| PB 0x00000000ff900000| Untracked 
|2042|0x00000000ffa00000, 0x00000000ffb00000, 0x00000000ffb00000|100%| O|  |TAMS 0x00000000ffb00000| PB 0x00000000ffa00000| Untracked 
|2043|0x00000000ffb00000, 0x00000000ffb00000, 0x00000000ffc00000|  0%| F|  |TAMS 0x00000000ffb00000| PB 0x00000000ffb00000| Untracked 
|2044|0x00000000ffc00000, 0x00000000ffc00000, 0x00000000ffd00000|  0%| F|  |TAMS 0x00000000ffc00000| PB 0x00000000ffc00000| Untracked 
|2045|0x00000000ffd00000, 0x00000000ffe00000, 0x00000000ffe00000|100%| O|  |TAMS 0x00000000ffe00000| PB 0x00000000ffd00000| Untracked 
|2046|0x00000000ffe00000, 0x00000000fff00000, 0x00000000fff00000|100%| O|  |TAMS 0x00000000fff00000| PB 0x00000000ffe00000| Untracked 
|2047|0x00000000fff00000, 0x0000000100000000, 0x0000000100000000|100%| O|  |TAMS 0x0000000100000000| PB 0x00000000fff00000| Untracked 

Card table byte_map: [0x00000277d9060000,0x00000277d9460000] _byte_map_base: 0x00000277d8c60000

Marking Bits: (CMBitMap*) 0x00000277c426e670
 Bits: [0x00000277d9460000, 0x00000277db460000)

Polling page: 0x00000277c4600000

Metaspace:

Usage:
  Non-class:     52.98 MB used.
      Class:      8.35 MB used.
       Both:     61.33 MB used.

Virtual space:
  Non-class space:       64.00 MB reserved,      53.75 MB ( 84%) committed,  1 nodes.
      Class space:        1.00 GB reserved,       9.12 MB ( <1%) committed,  1 nodes.
             Both:        1.06 GB reserved,      62.88 MB (  6%) committed. 

Chunk freelists:
   Non-Class:  9.91 MB
       Class:  6.80 MB
        Both:  16.71 MB

MaxMetaspaceSize: unlimited
CompressedClassSpaceSize: 1.00 GB
Initial GC threshold: 21.00 MB
Current GC threshold: 104.38 MB
CDS: off
 - commit_granule_bytes: 65536.
 - commit_granule_words: 8192.
 - virtual_space_node_default_size: 8388608.
 - enlarge_chunks_in_place: 1.
 - use_allocation_guard: 0.


Internal statistics:

num_allocs_failed_limit: 6.
num_arena_births: 2718.
num_arena_deaths: 0.
num_vsnodes_births: 2.
num_vsnodes_deaths: 0.
num_space_committed: 1006.
num_space_uncommitted: 0.
num_chunks_returned_to_freelist: 6.
num_chunks_taken_from_freelist: 5192.
num_chunk_merges: 6.
num_chunk_splits: 3362.
num_chunks_enlarged: 2109.
num_inconsistent_stats: 0.

CodeHeap 'non-profiled nmethods': size=120000Kb used=3542Kb max_used=3617Kb free=116457Kb
 bounds [0x00000277d11e0000, 0x00000277d1590000, 0x00000277d8710000]
CodeHeap 'profiled nmethods': size=120000Kb used=10775Kb max_used=10983Kb free=109224Kb
 bounds [0x00000277c9710000, 0x00000277ca1d0000, 0x00000277d0c40000]
CodeHeap 'non-nmethods': size=5760Kb used=2948Kb max_used=3001Kb free=2811Kb
 bounds [0x00000277d0c40000, 0x00000277d0f40000, 0x00000277d11e0000]
 total_blobs=6729 nmethods=5860 adapters=771
 compilation: enabled
              stopped_count=0, restarted_count=0
 full_count=0

Compilation events (20 events):
Event: 5.564 Thread 0x00000277de85e590 nmethod 6641 0x00000277d1577390 code [0x00000277d1577f00, 0x00000277d1581958]
Event: 5.566 Thread 0x00000277de85e590 6681       4       com.google.common.collect.MapMakerInternalMap$Segment::drainKeyReferenceQueue (42 bytes)
Event: 5.566 Thread 0x00000277de259280 6948       2       java.util.concurrent.locks.AbstractQueuedSynchronizer$Node::setPrevRelaxed (12 bytes)
Event: 5.566 Thread 0x00000277de259280 nmethod 6948 0x00000277c9e08090 code [0x00000277c9e08220, 0x00000277c9e08378]
Event: 5.569 Thread 0x00000277de259280 6949   !   3       java.util.concurrent.ConcurrentHashMap::transfer (849 bytes)
Event: 5.570 Thread 0x00000277de85e590 nmethod 6681 0x00000277d1211b10 code [0x00000277d1211d40, 0x00000277d1212130]
Event: 5.570 Thread 0x00000277de85e590 6950       4       com.google.common.collect.MapMakerInternalMap$Segment::getEntry (80 bytes)
Event: 5.571 Thread 0x00000277de259280 nmethod 6949 0x00000277ca08b290 code [0x00000277ca08b700, 0x00000277ca08dcd8]
Event: 5.571 Thread 0x00000277de259280 6951       2       org.gradle.launcher.daemon.server.exec.DaemonConnectionBackedEventConsumer$ForwardEvents::moreMessagesToSend (35 bytes)
Event: 5.571 Thread 0x00000277de259280 nmethod 6951 0x00000277c9e07c90 code [0x00000277c9e07e40, 0x00000277c9e07fb8]
Event: 5.571 Thread 0x00000277de259280 6952   !   2       org.gradle.launcher.daemon.server.exec.DaemonConnectionBackedEventConsumer$ForwardEvents::getNextEvent (27 bytes)
Event: 5.571 Thread 0x00000277de259280 nmethod 6952 0x00000277c9e07810 code [0x00000277c9e079c0, 0x00000277c9e07b80]
Event: 5.571 Thread 0x00000277de259280 6954   !   2       java.lang.Thread::sleep (82 bytes)
Event: 5.572 Thread 0x00000277de259280 nmethod 6954 0x00000277c9e06e10 code [0x00000277c9e07000, 0x00000277c9e073c8]
Event: 5.572 Thread 0x00000277de259280 6955       2       jdk.internal.event.ThreadSleepEvent::isTurnedOn (7 bytes)
Event: 5.572 Thread 0x00000277de259280 nmethod 6955 0x00000277c9a47790 code [0x00000277c9a47920, 0x00000277c9a47a08]
Event: 5.574 Thread 0x00000277de85e590 nmethod 6950 0x00000277d146cc10 code [0x00000277d146cde0, 0x00000277d146d290]
Event: 5.574 Thread 0x00000277de85e590 6953       4       java.util.HashMap$KeySpliterator::forEachRemaining (186 bytes)
Event: 5.577 Thread 0x00000277de85e590 nmethod 6953 0x00000277d146c190 code [0x00000277d146c360, 0x00000277d146c760]
Event: 5.577 Thread 0x00000277de85e590 6653       4       com.google.common.collect.Interners$InternerImpl::intern (54 bytes)

GC Heap History (20 events):
Event: 3.799 GC heap after
{Heap after GC invocations=12 (full 0):
 garbage-first heap   total 94208K, used 50629K [0x0000000080000000, 0x0000000100000000)
  region size 1024K, 4 young (4096K), 4 survivors (4096K)
 Metaspace       used 49393K, committed 50752K, reserved 1114112K
  class space    used 6649K, committed 7296K, reserved 1048576K
}
Event: 4.141 GC heap before
{Heap before GC invocations=13 (full 0):
 garbage-first heap   total 94208K, used 87493K [0x0000000080000000, 0x0000000100000000)
  region size 1024K, 36 young (36864K), 4 survivors (4096K)
 Metaspace       used 53905K, committed 55424K, reserved 1114112K
  class space    used 7264K, committed 8000K, reserved 1048576K
}
Event: 4.144 GC heap after
{Heap after GC invocations=14 (full 0):
 garbage-first heap   total 115712K, used 52825K [0x0000000080000000, 0x0000000100000000)
  region size 1024K, 4 young (4096K), 4 survivors (4096K)
 Metaspace       used 53905K, committed 55424K, reserved 1114112K
  class space    used 7264K, committed 8000K, reserved 1048576K
}
Event: 4.580 GC heap before
{Heap before GC invocations=14 (full 0):
 garbage-first heap   total 115712K, used 100953K [0x0000000080000000, 0x0000000100000000)
  region size 1024K, 50 young (51200K), 4 survivors (4096K)
 Metaspace       used 59074K, committed 60608K, reserved 1114112K
  class space    used 8122K, committed 8832K, reserved 1048576K
}
Event: 4.585 GC heap after
{Heap after GC invocations=15 (full 0):
 garbage-first heap   total 115712K, used 58923K [0x0000000080000000, 0x0000000100000000)
  region size 1024K, 7 young (7168K), 7 survivors (7168K)
 Metaspace       used 59074K, committed 60608K, reserved 1114112K
  class space    used 8122K, committed 8832K, reserved 1048576K
}
Event: 4.743 GC heap before
{Heap before GC invocations=15 (full 0):
 garbage-first heap   total 115712K, used 100907K [0x0000000080000000, 0x0000000100000000)
  region size 1024K, 48 young (49152K), 7 survivors (7168K)
 Metaspace       used 59324K, committed 60736K, reserved 1114112K
  class space    used 8136K, committed 8832K, reserved 1048576K
}
Event: 4.748 GC heap after
{Heap after GC invocations=16 (full 0):
 garbage-first heap   total 115712K, used 61936K [0x0000000080000000, 0x0000000100000000)
  region size 1024K, 3 young (3072K), 3 survivors (3072K)
 Metaspace       used 59324K, committed 60736K, reserved 1114112K
  class space    used 8136K, committed 8832K, reserved 1048576K
}
Event: 4.843 GC heap before
{Heap before GC invocations=17 (full 0):
 garbage-first heap   total 115712K, used 103920K [0x0000000080000000, 0x0000000100000000)
  region size 1024K, 44 young (45056K), 3 survivors (3072K)
 Metaspace       used 59337K, committed 60800K, reserved 1114112K
  class space    used 8139K, committed 8832K, reserved 1048576K
}
Event: 4.845 GC heap after
{Heap after GC invocations=18 (full 0):
 garbage-first heap   total 115712K, used 62365K [0x0000000080000000, 0x0000000100000000)
  region size 1024K, 3 young (3072K), 3 survivors (3072K)
 Metaspace       used 59337K, committed 60800K, reserved 1114112K
  class space    used 8139K, committed 8832K, reserved 1048576K
}
Event: 4.964 GC heap before
{Heap before GC invocations=18 (full 0):
 garbage-first heap   total 115712K, used 105373K [0x0000000080000000, 0x0000000100000000)
  region size 1024K, 45 young (46080K), 3 survivors (3072K)
 Metaspace       used 59974K, committed 61504K, reserved 1114112K
  class space    used 8228K, committed 9024K, reserved 1048576K
}
Event: 4.967 GC heap after
{Heap after GC invocations=19 (full 0):
 garbage-first heap   total 115712K, used 62851K [0x0000000080000000, 0x0000000100000000)
  region size 1024K, 4 young (4096K), 4 survivors (4096K)
 Metaspace       used 59974K, committed 61504K, reserved 1114112K
  class space    used 8228K, committed 9024K, reserved 1048576K
}
Event: 5.280 GC heap before
{Heap before GC invocations=19 (full 0):
 garbage-first heap   total 115712K, used 102787K [0x0000000080000000, 0x0000000100000000)
  region size 1024K, 44 young (45056K), 4 survivors (4096K)
 Metaspace       used 62613K, committed 64128K, reserved 1114112K
  class space    used 8540K, committed 9280K, reserved 1048576K
}
Event: 5.288 GC heap after
{Heap after GC invocations=20 (full 0):
 garbage-first heap   total 144384K, used 73953K [0x0000000080000000, 0x0000000100000000)
  region size 1024K, 6 young (6144K), 6 survivors (6144K)
 Metaspace       used 62613K, committed 64128K, reserved 1114112K
  class space    used 8540K, committed 9280K, reserved 1048576K
}
Event: 5.409 GC heap before
{Heap before GC invocations=21 (full 0):
 garbage-first heap   total 144384K, used 127201K [0x0000000080000000, 0x0000000100000000)
  region size 1024K, 56 young (57344K), 6 survivors (6144K)
 Metaspace       used 62647K, committed 64192K, reserved 1114112K
  class space    used 8540K, committed 9280K, reserved 1048576K
}
Event: 5.425 GC heap after
{Heap after GC invocations=22 (full 0):
 garbage-first heap   total 156672K, used 99317K [0x0000000080000000, 0x0000000100000000)
  region size 1024K, 7 young (7168K), 7 survivors (7168K)
 Metaspace       used 62647K, committed 64192K, reserved 1114112K
  class space    used 8540K, committed 9280K, reserved 1048576K
}
Event: 5.502 GC heap before
{Heap before GC invocations=22 (full 0):
 garbage-first heap   total 156672K, used 132085K [0x0000000080000000, 0x0000000100000000)
  region size 1024K, 39 young (39936K), 7 survivors (7168K)
 Metaspace       used 62721K, committed 64320K, reserved 1114112K
  class space    used 8547K, committed 9344K, reserved 1048576K
}
Event: 5.513 GC heap after
{Heap after GC invocations=23 (full 0):
 garbage-first heap   total 156672K, used 114330K [0x0000000080000000, 0x0000000100000000)
  region size 1024K, 5 young (5120K), 5 survivors (5120K)
 Metaspace       used 62721K, committed 64320K, reserved 1114112K
  class space    used 8547K, committed 9344K, reserved 1048576K
}
Event: 5.546 GC heap before
{Heap before GC invocations=23 (full 0):
 garbage-first heap   total 156672K, used 134810K [0x0000000080000000, 0x0000000100000000)
  region size 1024K, 26 young (26624K), 5 survivors (5120K)
 Metaspace       used 62789K, committed 64384K, reserved 1114112K
  class space    used 8547K, committed 9344K, reserved 1048576K
}
Event: 5.554 GC heap after
{Heap after GC invocations=24 (full 0):
 garbage-first heap   total 156672K, used 124160K [0x0000000080000000, 0x0000000100000000)
  region size 1024K, 4 young (4096K), 4 survivors (4096K)
 Metaspace       used 62789K, committed 64384K, reserved 1114112K
  class space    used 8547K, committed 9344K, reserved 1048576K
}
Event: 5.582 GC heap before
{Heap before GC invocations=24 (full 0):
 garbage-first heap   total 156672K, used 139520K [0x0000000080000000, 0x0000000100000000)
  region size 1024K, 19 young (19456K), 4 survivors (4096K)
 Metaspace       used 62799K, committed 64384K, reserved 1114112K
  class space    used 8547K, committed 9344K, reserved 1048576K
}

Dll operation events (3 events):
Event: 0.007 Loaded shared library C:\Program Files\Android\Android Studio\jbr\bin\java.dll
Event: 0.012 Loaded shared library C:\Program Files\Android\Android Studio\jbr\bin\zip.dll
Event: 0.438 Loaded shared library C:\Program Files\Android\Android Studio\jbr\bin\verify.dll

Deoptimization events (20 events):
Event: 5.466 Thread 0x00000277debb0e10 Uncommon trap: reason=unstable_if action=reinterpret pc=0x00000277d135aa78 method=java.util.concurrent.ConcurrentHashMap.transfer([Ljava/util/concurrent/ConcurrentHashMap$Node;[Ljava/util/concurrent/ConcurrentHashMap$Node;)V @ 273 c2
Event: 5.466 Thread 0x00000277e383ecd0 Uncommon trap: reason=unstable_if action=reinterpret pc=0x00000277d135aa94 method=java.util.concurrent.ConcurrentHashMap.transfer([Ljava/util/concurrent/ConcurrentHashMap$Node;[Ljava/util/concurrent/ConcurrentHashMap$Node;)V @ 34 c2
Event: 5.466 Thread 0x00000277e383ecd0 DEOPT PACKING pc=0x00000277d135aa94 sp=0x000000fb578f47d0
Event: 5.466 Thread 0x00000277debb0e10 DEOPT PACKING pc=0x00000277d135aa78 sp=0x000000fb5a3fb130
Event: 5.466 Thread 0x00000277e383ecd0 DEOPT UNPACKING pc=0x00000277d0c97da2 sp=0x000000fb578f4778 mode 2
Event: 5.466 Thread 0x00000277debb0e10 DEOPT UNPACKING pc=0x00000277d0c97da2 sp=0x000000fb5a3fb0d0 mode 2
Event: 5.478 Thread 0x00000277debb0e10 DEOPT PACKING pc=0x00000277c9b7a716 sp=0x000000fb5a3fc380
Event: 5.478 Thread 0x00000277debb0e10 DEOPT UNPACKING pc=0x00000277d0c988e2 sp=0x000000fb5a3fb8c8 mode 0
Event: 5.492 Thread 0x00000277debb1b30 Uncommon trap: trap_request=0xffffff45 fr.pc=0x00000277d1562cc8 relative=0x00000000000001e8
Event: 5.492 Thread 0x00000277debb1b30 Uncommon trap: reason=unstable_if action=reinterpret pc=0x00000277d1562cc8 method=com.google.common.collect.MapMakerInternalMap$Segment.getEntry(Ljava/lang/Object;I)Lcom/google/common/collect/MapMakerInternalMap$InternalEntry; @ 63 c2
Event: 5.492 Thread 0x00000277debb1b30 DEOPT PACKING pc=0x00000277d1562cc8 sp=0x000000fb5a7fab20
Event: 5.492 Thread 0x00000277debb1b30 DEOPT UNPACKING pc=0x00000277d0c97da2 sp=0x000000fb5a7faab8 mode 2
Event: 5.492 Thread 0x00000277debb1b30 Uncommon trap: trap_request=0xffffff45 fr.pc=0x00000277d14b9148 relative=0x00000000000011a8
Event: 5.492 Thread 0x00000277debb1b30 Uncommon trap: reason=unstable_if action=reinterpret pc=0x00000277d14b9148 method=com.google.common.collect.MapMakerInternalMap$Segment.put(Ljava/lang/Object;ILjava/lang/Object;Z)Ljava/lang/Object; @ 92 c2
Event: 5.492 Thread 0x00000277debb1b30 DEOPT PACKING pc=0x00000277d14b9148 sp=0x000000fb5a7faa20
Event: 5.492 Thread 0x00000277debb1b30 DEOPT UNPACKING pc=0x00000277d0c97da2 sp=0x000000fb5a7fa9c8 mode 2
Event: 5.496 Thread 0x00000277debae020 Uncommon trap: trap_request=0xffffff45 fr.pc=0x00000277d156eb14 relative=0x0000000000005cf4
Event: 5.496 Thread 0x00000277debae020 Uncommon trap: reason=unstable_if action=reinterpret pc=0x00000277d156eb14 method=com.esotericsoftware.kryo.io.Input.readVarInt(Z)I @ 81 c2
Event: 5.496 Thread 0x00000277debae020 DEOPT PACKING pc=0x00000277d156eb14 sp=0x000000fb5a2fa9c0
Event: 5.496 Thread 0x00000277debae020 DEOPT UNPACKING pc=0x00000277d0c97da2 sp=0x000000fb5a2fa8a0 mode 2

Classes loaded (20 events):
Event: 5.028 Loading class java/lang/NegativeArraySizeException
Event: 5.028 Loading class java/lang/NegativeArraySizeException done
Event: 5.034 Loading class sun/reflect/generics/repository/FieldRepository
Event: 5.034 Loading class sun/reflect/generics/repository/FieldRepository done
Event: 5.036 Loading class jdk/internal/vm/annotation/ForceInline
Event: 5.036 Loading class jdk/internal/vm/annotation/ForceInline done
Event: 5.053 Loading class java/security/PermissionsEnumerator
Event: 5.053 Loading class java/security/PermissionsEnumerator done
Event: 5.055 Loading class java/util/stream/ReduceOps$5
Event: 5.055 Loading class java/util/stream/ReduceOps$5 done
Event: 5.055 Loading class java/util/stream/ReduceOps$CountingSink$OfRef
Event: 5.055 Loading class java/util/stream/ReduceOps$CountingSink$OfRef done
Event: 5.060 Loading class jdk/internal/vm/annotation/Stable
Event: 5.060 Loading class jdk/internal/vm/annotation/Stable done
Event: 5.119 Loading class java/io/CharArrayWriter
Event: 5.119 Loading class java/io/CharArrayWriter done
Event: 5.145 Loading class java/nio/file/StandardCopyOption
Event: 5.145 Loading class java/nio/file/StandardCopyOption done
Event: 5.145 Loading class sun/nio/fs/WindowsFileCopy
Event: 5.145 Loading class sun/nio/fs/WindowsFileCopy done

Classes unloaded (0 events):
No events

Classes redefined (0 events):
No events

Internal exceptions (20 events):
Event: 4.384 Thread 0x00000277e383ecd0 Exception <a 'java/lang/ClassNotFoundException'{0x0000000085625998}: org/gradle/invocation/DefaultGradle$DefaultGradleLifecycle_DecoratedCustomizer> (0x0000000085625998) 
thrown [s\src\hotspot\share\classfile\systemDictionary.cpp, line 312]
Event: 4.395 Thread 0x00000277e383ecd0 Exception <a 'java/lang/IncompatibleClassChangeError'{0x00000000856f3de0}: Found class java.lang.Object, but interface was expected> (0x00000000856f3de0) 
thrown [s\src\hotspot\share\interpreter\linkResolver.cpp, line 851]
Event: 4.403 Thread 0x00000277e383ecd0 Exception <a 'java/lang/NoSuchMethodError'{0x00000000855ac738}: 'void java.lang.invoke.DirectMethodHandle$Holder.invokeVirtual(java.lang.Object, java.lang.Object)'> (0x00000000855ac738) 
thrown [s\src\hotspot\share\interpreter\linkResolver.cpp, line 784]
Event: 4.421 Thread 0x00000277e383ecd0 Exception <a 'java/lang/NoSuchMethodError'{0x0000000085373120}: 'void java.lang.invoke.Invokers$Holder.invokeExact_MT(java.lang.Object, java.lang.Object, java.lang.Object, java.lang.Object)'> (0x0000000085373120) 
thrown [s\src\hotspot\share\interpreter\linkResolver.cpp, line 784]
Event: 4.943 Thread 0x00000277e383ecd0 Exception <a 'java/lang/NoSuchMethodError'{0x000000008431ca58}: 'void java.lang.invoke.DirectMethodHandle$Holder.invokeSpecialIFC(java.lang.Object, java.lang.Object, java.lang.Object)'> (0x000000008431ca58) 
thrown [s\src\hotspot\share\interpreter\linkResolver.cpp, line 784]
Event: 5.077 Thread 0x00000277e383ecd0 Exception <a 'java/lang/NoSuchMethodError'{0x000000008dbae748}: 'void java.lang.invoke.DirectMethodHandle$Holder.invokeStaticInit(java.lang.Object, java.lang.Object, java.lang.Object, java.lang.Object, java.lang.Object, java.lang.Object, java.lang.Object, int)'> (0x000000008dbae748) 
thrown [s\src\hotspot\share\interpreter\linkResolver.cpp, line 784]
Event: 5.100 Thread 0x00000277e383ecd0 Exception <a 'sun/nio/fs/WindowsException'{0x0000000085fd5e88}> (0x0000000085fd5e88) 
thrown [s\src\hotspot\share\prims\jni.cpp, line 535]
Event: 5.100 Thread 0x00000277e383ecd0 Exception <a 'sun/nio/fs/WindowsException'{0x0000000085fd7840}> (0x0000000085fd7840) 
thrown [s\src\hotspot\share\prims\jni.cpp, line 535]
Event: 5.109 Thread 0x00000277e383ecd0 Exception <a 'sun/nio/fs/WindowsException'{0x0000000085ed8a00}> (0x0000000085ed8a00) 
thrown [s\src\hotspot\share\prims\jni.cpp, line 535]
Event: 5.110 Thread 0x00000277e383ecd0 Exception <a 'sun/nio/fs/WindowsException'{0x0000000085eeb348}> (0x0000000085eeb348) 
thrown [s\src\hotspot\share\prims\jni.cpp, line 535]
Event: 5.112 Thread 0x00000277e383ecd0 Exception <a 'sun/nio/fs/WindowsException'{0x0000000085ef6158}> (0x0000000085ef6158) 
thrown [s\src\hotspot\share\prims\jni.cpp, line 535]
Event: 5.151 Thread 0x00000277e4733530 Exception <a 'sun/nio/fs/WindowsException'{0x0000000085b0c710}> (0x0000000085b0c710) 
thrown [s\src\hotspot\share\prims\jni.cpp, line 535]
Event: 5.151 Thread 0x00000277e4733530 Exception <a 'sun/nio/fs/WindowsException'{0x0000000085b0ce08}> (0x0000000085b0ce08) 
thrown [s\src\hotspot\share\prims\jni.cpp, line 535]
Event: 5.152 Thread 0x00000277e4733530 Exception <a 'sun/nio/fs/WindowsException'{0x0000000085b20848}> (0x0000000085b20848) 
thrown [s\src\hotspot\share\prims\jni.cpp, line 535]
Event: 5.154 Thread 0x00000277e4733530 Exception <a 'sun/nio/fs/WindowsException'{0x0000000085b30340}> (0x0000000085b30340) 
thrown [s\src\hotspot\share\prims\jni.cpp, line 535]
Event: 5.155 Thread 0x00000277e4733530 Exception <a 'sun/nio/fs/WindowsException'{0x0000000085b3c318}> (0x0000000085b3c318) 
thrown [s\src\hotspot\share\prims\jni.cpp, line 535]
Event: 5.161 Thread 0x00000277e383ecd0 Exception <a 'java/lang/ClassNotFoundException'{0x0000000085b8b7d0}: ijInit2_czyst1k69nqm15g7c89y47vgaBeanInfo> (0x0000000085b8b7d0) 
thrown [s\src\hotspot\share\classfile\systemDictionary.cpp, line 312]
Event: 5.162 Thread 0x00000277e383ecd0 Exception <a 'java/lang/ClassNotFoundException'{0x0000000085b922f0}: ijInit2_czyst1k69nqm15g7c89y47vgaCustomizer> (0x0000000085b922f0) 
thrown [s\src\hotspot\share\classfile\systemDictionary.cpp, line 312]
Event: 5.167 Thread 0x00000277e383ecd0 Exception <a 'java/lang/ClassNotFoundException'{0x0000000085bd5310}: ijInit2_czyst1k69nqm15g7c89y47vga$_run_closure1BeanInfo> (0x0000000085bd5310) 
thrown [s\src\hotspot\share\classfile\systemDictionary.cpp, line 312]
Event: 5.168 Thread 0x00000277e383ecd0 Exception <a 'java/lang/ClassNotFoundException'{0x0000000085bdc6d8}: ijInit2_czyst1k69nqm15g7c89y47vga$_run_closure1Customizer> (0x0000000085bdc6d8) 
thrown [s\src\hotspot\share\classfile\systemDictionary.cpp, line 312]

ZGC Phase Switch (0 events):
No events

VM Operations (20 events):
Event: 4.967 Executing VM operation: G1CollectForAllocation (G1 Evacuation Pause) done
Event: 5.008 Executing VM operation: HandshakeAllThreads (Deoptimize)
Event: 5.008 Executing VM operation: HandshakeAllThreads (Deoptimize) done
Event: 5.064 Executing VM operation: HandshakeAllThreads (Deoptimize)
Event: 5.064 Executing VM operation: HandshakeAllThreads (Deoptimize) done
Event: 5.131 Executing VM operation: ICBufferFull
Event: 5.131 Executing VM operation: ICBufferFull done
Event: 5.280 Executing VM operation: G1CollectForAllocation (G1 Evacuation Pause)
Event: 5.288 Executing VM operation: G1CollectForAllocation (G1 Evacuation Pause) done
Event: 5.309 Executing VM operation: G1PauseRemark
Event: 5.312 Executing VM operation: G1PauseRemark done
Event: 5.325 Executing VM operation: G1PauseCleanup
Event: 5.325 Executing VM operation: G1PauseCleanup done
Event: 5.409 Executing VM operation: G1CollectForAllocation (G1 Evacuation Pause)
Event: 5.425 Executing VM operation: G1CollectForAllocation (G1 Evacuation Pause) done
Event: 5.502 Executing VM operation: G1CollectForAllocation (G1 Evacuation Pause)
Event: 5.513 Executing VM operation: G1CollectForAllocation (G1 Evacuation Pause) done
Event: 5.546 Executing VM operation: G1CollectForAllocation (G1 Evacuation Pause)
Event: 5.554 Executing VM operation: G1CollectForAllocation (G1 Evacuation Pause) done
Event: 5.582 Executing VM operation: G1CollectForAllocation (G1 Evacuation Pause)

Memory protections (0 events):
No events

Nmethod flushes (20 events):
Event: 5.311 Thread 0x00000277de0dd910 flushing  nmethod 0x00000277c9cbdb90
Event: 5.311 Thread 0x00000277de0dd910 flushing  nmethod 0x00000277c9db5e90
Event: 5.311 Thread 0x00000277de0dd910 flushing  nmethod 0x00000277c9df5590
Event: 5.311 Thread 0x00000277de0dd910 flushing  nmethod 0x00000277c9ec1790
Event: 5.311 Thread 0x00000277de0dd910 flushing  nmethod 0x00000277c9ec2790
Event: 5.311 Thread 0x00000277de0dd910 flushing  nmethod 0x00000277c9f57b10
Event: 5.311 Thread 0x00000277de0dd910 flushing  nmethod 0x00000277c9ff1310
Event: 5.311 Thread 0x00000277de0dd910 flushing  nmethod 0x00000277c9ff1910
Event: 5.311 Thread 0x00000277de0dd910 flushing  nmethod 0x00000277c9ff2290
Event: 5.311 Thread 0x00000277de0dd910 flushing  nmethod 0x00000277c9ff3510
Event: 5.311 Thread 0x00000277de0dd910 flushing  nmethod 0x00000277c9ff8510
Event: 5.311 Thread 0x00000277de0dd910 flushing  nmethod 0x00000277c9ff8910
Event: 5.311 Thread 0x00000277de0dd910 flushing  nmethod 0x00000277c9ff8c90
Event: 5.311 Thread 0x00000277de0dd910 flushing  nmethod 0x00000277c9ff9510
Event: 5.311 Thread 0x00000277de0dd910 flushing  nmethod 0x00000277c9ff9890
Event: 5.311 Thread 0x00000277de0dd910 flushing  nmethod 0x00000277c9ff9f90
Event: 5.311 Thread 0x00000277de0dd910 flushing  nmethod 0x00000277c9ffa310
Event: 5.311 Thread 0x00000277de0dd910 flushing  nmethod 0x00000277c9ffa710
Event: 5.311 Thread 0x00000277de0dd910 flushing  nmethod 0x00000277c9ffaf90
Event: 5.311 Thread 0x00000277de0dd910 flushing  nmethod 0x00000277c9fff710

Events (20 events):
Event: 3.196 Thread 0x00000277e383ecd0 Thread added: 0x00000277e6f47860
Event: 3.295 Thread 0x00000277e383ecd0 Thread added: 0x00000277e6f47ef0
Event: 3.316 Thread 0x00000277e383ecd0 Thread added: 0x00000277e6f48c10
Event: 4.270 Thread 0x00000277e383ecd0 Thread added: 0x00000277e6f464b0
Event: 4.271 Thread 0x00000277e383ecd0 Thread added: 0x00000277e6f4cdb0
Event: 4.298 Thread 0x00000277e383ecd0 Thread added: 0x00000277e6f4d440
Event: 4.298 Thread 0x00000277e383ecd0 Thread added: 0x00000277e6f4ba00
Event: 5.178 Thread 0x00000277e383ecd0 Thread added: 0x00000277e6f4c090
Event: 5.178 Thread 0x00000277e383ecd0 Thread added: 0x00000277e6f4ace0
Event: 5.178 Thread 0x00000277e383ecd0 Thread added: 0x00000277e6f4c720
Event: 5.178 Thread 0x00000277e383ecd0 Thread added: 0x00000277e6f4b370
Event: 5.179 Thread 0x00000277e383ecd0 Thread added: 0x00000277e6f492a0
Event: 5.179 Thread 0x00000277e383ecd0 Thread added: 0x00000277e6f4dad0
Event: 5.199 Thread 0x00000277e383ecd0 Thread added: 0x00000277debae020
Event: 5.200 Thread 0x00000277e383ecd0 Thread added: 0x00000277debb0e10
Event: 5.200 Thread 0x00000277e383ecd0 Thread added: 0x00000277debad990
Event: 5.201 Thread 0x00000277e383ecd0 Thread added: 0x00000277debafa60
Event: 5.201 Thread 0x00000277e383ecd0 Thread added: 0x00000277debae6b0
Event: 5.201 Thread 0x00000277e383ecd0 Thread added: 0x00000277debb1b30
Event: 5.201 Thread 0x00000277e383ecd0 Thread added: 0x00000277debb14a0


Dynamic libraries:
0x00007ff755270000 - 0x00007ff75527a000 	C:\Program Files\Android\Android Studio\jbr\bin\java.exe
0x00007fff1bda0000 - 0x00007fff1c007000 	C:\WINDOWS\SYSTEM32\ntdll.dll
0x00007fff1a6b0000 - 0x00007fff1a779000 	C:\WINDOWS\System32\KERNEL32.DLL
0x00007fff19390000 - 0x00007fff19780000 	C:\WINDOWS\System32\KERNELBASE.dll
0x00007fff190f0000 - 0x00007fff1923b000 	C:\WINDOWS\System32\ucrtbase.dll
0x00007fff00d30000 - 0x00007fff00d4b000 	C:\Program Files\Android\Android Studio\jbr\bin\VCRUNTIME140.dll
0x00007fff12360000 - 0x00007fff12378000 	C:\Program Files\Android\Android Studio\jbr\bin\jli.dll
0x00007fff1b780000 - 0x00007fff1b945000 	C:\WINDOWS\System32\USER32.dll
0x00007fff18ed0000 - 0x00007fff18ef7000 	C:\WINDOWS\System32\win32u.dll
0x00007fff02070000 - 0x00007fff0230a000 	C:\WINDOWS\WinSxS\amd64_microsoft.windows.common-controls_6595b64144ccf1df_6.0.26100.4768_none_3e0c112ce331287c\COMCTL32.dll
0x00007fff1a9a0000 - 0x00007fff1a9cb000 	C:\WINDOWS\System32\GDI32.dll
0x00007fff18fb0000 - 0x00007fff190e8000 	C:\WINDOWS\System32\gdi32full.dll
0x00007fff1a8f0000 - 0x00007fff1a999000 	C:\WINDOWS\System32\msvcrt.dll
0x00007fff18f00000 - 0x00007fff18fa3000 	C:\WINDOWS\System32\msvcp_win.dll
0x00007fff19bb0000 - 0x00007fff19bdf000 	C:\WINDOWS\System32\IMM32.DLL
0x00007fff15860000 - 0x00007fff1586c000 	C:\Program Files\Android\Android Studio\jbr\bin\vcruntime140_1.dll
0x00007ffedc4c0000 - 0x00007ffedc54d000 	C:\Program Files\Android\Android Studio\jbr\bin\msvcp140.dll
0x00007ffe7d350000 - 0x00007ffe7dfdb000 	C:\Program Files\Android\Android Studio\jbr\bin\server\jvm.dll
0x00007fff19c70000 - 0x00007fff19d24000 	C:\WINDOWS\System32\ADVAPI32.dll
0x00007fff1b660000 - 0x00007fff1b706000 	C:\WINDOWS\System32\sechost.dll
0x00007fff1b3b0000 - 0x00007fff1b4c8000 	C:\WINDOWS\System32\RPCRT4.dll
0x00007fff19bf0000 - 0x00007fff19c64000 	C:\WINDOWS\System32\WS2_32.dll
0x00007fff0cea0000 - 0x00007fff0ced5000 	C:\WINDOWS\SYSTEM32\WINMM.dll
0x00007fff18d30000 - 0x00007fff18d8e000 	C:\WINDOWS\SYSTEM32\POWRPROF.dll
0x00007fff13210000 - 0x00007fff1321b000 	C:\WINDOWS\SYSTEM32\VERSION.dll
0x00007fff18d10000 - 0x00007fff18d24000 	C:\WINDOWS\SYSTEM32\UMPDC.dll
0x00007fff17c50000 - 0x00007fff17c6b000 	C:\WINDOWS\SYSTEM32\kernel.appcore.dll
0x00007fff157f0000 - 0x00007fff157fa000 	C:\Program Files\Android\Android Studio\jbr\bin\jimage.dll
0x00007fff16440000 - 0x00007fff16681000 	C:\WINDOWS\SYSTEM32\DBGHELP.DLL
0x00007fff1b950000 - 0x00007fff1bcd5000 	C:\WINDOWS\System32\combase.dll
0x00007fff19d30000 - 0x00007fff19e10000 	C:\WINDOWS\System32\OLEAUT32.dll
0x00007ffee3a90000 - 0x00007ffee3ad3000 	C:\WINDOWS\SYSTEM32\dbgcore.DLL
0x00007fff19a90000 - 0x00007fff19b29000 	C:\WINDOWS\System32\bcryptPrimitives.dll
0x00007fff12290000 - 0x00007fff1229e000 	C:\Program Files\Android\Android Studio\jbr\bin\instrument.dll
0x00007ffeec790000 - 0x00007ffeec7b0000 	C:\Program Files\Android\Android Studio\jbr\bin\java.dll
0x00007ffeec750000 - 0x00007ffeec768000 	C:\Program Files\Android\Android Studio\jbr\bin\zip.dll
0x00007fff1a9d0000 - 0x00007fff1b11d000 	C:\WINDOWS\System32\SHELL32.dll
0x00007fff19910000 - 0x00007fff19a83000 	C:\WINDOWS\System32\wintypes.dll
0x00007fff16aa0000 - 0x00007fff172ff000 	C:\WINDOWS\SYSTEM32\windows.storage.dll
0x00007fff1b280000 - 0x00007fff1b375000 	C:\WINDOWS\System32\SHCORE.dll
0x00007fff1b710000 - 0x00007fff1b77a000 	C:\WINDOWS\System32\shlwapi.dll
0x00007fff18df0000 - 0x00007fff18e19000 	C:\WINDOWS\SYSTEM32\profapi.dll
0x00007fff122c0000 - 0x00007fff122d0000 	C:\Program Files\Android\Android Studio\jbr\bin\net.dll
0x00007fff12ca0000 - 0x00007fff12dbe000 	C:\WINDOWS\SYSTEM32\WINHTTP.dll
0x00007fff181e0000 - 0x00007fff1824b000 	C:\WINDOWS\system32\mswsock.dll
0x00007ffeec730000 - 0x00007ffeec746000 	C:\Program Files\Android\Android Studio\jbr\bin\nio.dll
0x00007ffeec780000 - 0x00007ffeec790000 	C:\Program Files\Android\Android Studio\jbr\bin\verify.dll
0x00007ffeec550000 - 0x00007ffeec577000 	C:\Users\asish\.gradle\native\c067742578af261105cb4f569cf0c3c89f3d7b1fecec35dd04571415982c5e48\windows-amd64\native-platform.dll
0x00007ffec7510000 - 0x00007ffec7654000 	C:\Users\asish\.gradle\native\100fb08df4bc3b14c8652ba06237920a3bd2aa13389f12d3474272988ae205f9\windows-amd64\native-platform-file-events.dll
0x00007ffefceb0000 - 0x00007ffefceb9000 	C:\Program Files\Android\Android Studio\jbr\bin\management.dll
0x00007ffeec8f0000 - 0x00007ffeec8fb000 	C:\Program Files\Android\Android Studio\jbr\bin\management_ext.dll
0x00007fff1b380000 - 0x00007fff1b388000 	C:\WINDOWS\System32\PSAPI.DLL
0x00007fff184a0000 - 0x00007fff184bb000 	C:\WINDOWS\SYSTEM32\CRYPTSP.dll
0x00007fff17bb0000 - 0x00007fff17beb000 	C:\WINDOWS\system32\rsaenh.dll
0x00007fff18280000 - 0x00007fff182ab000 	C:\WINDOWS\SYSTEM32\USERENV.dll
0x00007fff18dc0000 - 0x00007fff18de6000 	C:\WINDOWS\SYSTEM32\bcrypt.dll
0x00007fff184c0000 - 0x00007fff184cc000 	C:\WINDOWS\SYSTEM32\CRYPTBASE.dll
0x00007fff17660000 - 0x00007fff17693000 	C:\WINDOWS\SYSTEM32\IPHLPAPI.DLL
0x00007fff1b3a0000 - 0x00007fff1b3aa000 	C:\WINDOWS\System32\NSI.dll
0x00007fff12250000 - 0x00007fff12259000 	C:\Program Files\Android\Android Studio\jbr\bin\extnet.dll
0x00007ffe81db0000 - 0x00007ffe81db8000 	C:\WINDOWS\system32\wshunix.dll

dbghelp: loaded successfully - version: 4.0.5 - missing functions: none
symbol engine: initialized successfully - sym options: 0x614 - pdb path: .;C:\Program Files\Android\Android Studio\jbr\bin;C:\WINDOWS\SYSTEM32;C:\WINDOWS\WinSxS\amd64_microsoft.windows.common-controls_6595b64144ccf1df_6.0.26100.4768_none_3e0c112ce331287c;C:\Program Files\Android\Android Studio\jbr\bin\server;C:\Users\asish\.gradle\native\c067742578af261105cb4f569cf0c3c89f3d7b1fecec35dd04571415982c5e48\windows-amd64;C:\Users\asish\.gradle\native\100fb08df4bc3b14c8652ba06237920a3bd2aa13389f12d3474272988ae205f9\windows-amd64

VM Arguments:
jvm_args: --add-opens=java.base/java.lang=ALL-UNNAMED --add-opens=java.base/java.lang.invoke=ALL-UNNAMED --add-opens=java.base/java.util=ALL-UNNAMED --add-opens=java.prefs/java.util.prefs=ALL-UNNAMED --add-exports=jdk.compiler/com.sun.tools.javac.api=ALL-UNNAMED --add-exports=jdk.compiler/com.sun.tools.javac.util=ALL-UNNAMED --add-opens=java.base/java.util=ALL-UNNAMED --add-opens=java.prefs/java.util.prefs=ALL-UNNAMED --add-opens=java.base/java.nio.charset=ALL-UNNAMED --add-opens=java.base/java.net=ALL-UNNAMED --add-opens=java.base/java.util.concurrent.atomic=ALL-UNNAMED --add-opens=java.xml/javax.xml.namespace=ALL-UNNAMED -Xmx2048m -Dfile.encoding=UTF-8 -Duser.country=IN -Duser.language=en -Duser.variant -javaagent:C:\Users\asish\.gradle\wrapper\dists\gradle-8.11.1-bin\bpt9gzteqjrbo1mjrsomdt32c\gradle-8.11.1\lib\agents\gradle-instrumentation-agent-8.11.1.jar 
java_command: org.gradle.launcher.daemon.bootstrap.GradleDaemon 8.11.1
java_class_path (initial): C:\Users\asish\.gradle\wrapper\dists\gradle-8.11.1-bin\bpt9gzteqjrbo1mjrsomdt32c\gradle-8.11.1\lib\gradle-daemon-main-8.11.1.jar
Launcher Type: SUN_STANDARD

[Global flags]
     intx CICompilerCount                          = 4                                         {product} {ergonomic}
     uint ConcGCThreads                            = 3                                         {product} {ergonomic}
     uint G1ConcRefinementThreads                  = 10                                        {product} {ergonomic}
   size_t G1HeapRegionSize                         = 1048576                                   {product} {ergonomic}
    uintx GCDrainStackTargetSize                   = 64                                        {product} {ergonomic}
   size_t InitialHeapSize                          = 264241152                                 {product} {ergonomic}
   size_t MarkStackSize                            = 4194304                                   {product} {ergonomic}
   size_t MaxHeapSize                              = 2147483648                                {product} {command line}
   size_t MaxNewSize                               = 1287651328                                {product} {ergonomic}
   size_t MinHeapDeltaBytes                        = 1048576                                   {product} {ergonomic}
   size_t MinHeapSize                              = 8388608                                   {product} {ergonomic}
    uintx NonNMethodCodeHeapSize                   = 5839372                                {pd product} {ergonomic}
    uintx NonProfiledCodeHeapSize                  = 122909434                              {pd product} {ergonomic}
    uintx ProfiledCodeHeapSize                     = 122909434                              {pd product} {ergonomic}
    uintx ReservedCodeCacheSize                    = 251658240                              {pd product} {ergonomic}
     bool SegmentedCodeCache                       = true                                      {product} {ergonomic}
   size_t SoftMaxHeapSize                          = 2147483648                             {manageable} {ergonomic}
     bool UseCompressedOops                        = true                           {product lp64_product} {ergonomic}
     bool UseG1GC                                  = true                                      {product} {ergonomic}
     bool UseLargePagesIndividualAllocation        = false                                  {pd product} {ergonomic}

Logging:
Log output configuration:
 #0: stdout all=warning uptime,level,tags foldmultilines=false
 #1: stderr all=off uptime,level,tags foldmultilines=false

Environment Variables:
JAVA_HOME=C:\Users\asish\AppData\Local\Programs\Eclipse Adoptium\jdk-17.0.10.7-hotspot\
PATH=C:\Program Files\Python312\Scripts\;C:\Program Files\Python312\;C:\Windows\system32;C:\Windows;C:\Windows\System32\Wbem;C:\Windows\System32\WindowsPowerShell\v1.0\;C:\Windows\System32\OpenSSH\;C:\Program Files (x86)\NVIDIA Corporation\PhysX\Common;C:\WINDOWS\system32;C:\WINDOWS;C:\WINDOWS\System32\Wbem;C:\WINDOWS\System32\WindowsPowerShell\v1.0\;C:\WINDOWS\System32\OpenSSH\;C:\Program Files\dotnet\;C:\Program Files\Git\cmd;C:\Program Files\php-8.4.1;;C:\Program Files\NVIDIA Corporation\NVIDIA app\NvDLISR;c:\Users\asish\AppData\Local\Programs\cursor\resources\app\bin;C:\Users\asish\AppData\Local\Programs\Eclipse Adoptium\jdk-17.0.10.7-hotspot\bin;C:\Users\asish\AppData\Local\Microsoft\WindowsApps;C:\Users\asish\AppData\Local\Programs\Microsoft VS Code\bin;C:\Users\asish\AppData\Local\GitHubDesktop\bin;C:\FlutterDev\sdk\flutter\bin;C:\Users\asish\AppData\Local\Programs\cursor\resources\app\bin
USERNAME=asish
OS=Windows_NT
PROCESSOR_IDENTIFIER=Intel64 Family 6 Model 141 Stepping 1, GenuineIntel
TMP=C:\Users\asish\AppData\Local\Temp
TEMP=C:\Users\asish\AppData\Local\Temp




Periodic native trim disabled

JNI global refs:
JNI global refs: 29, weak refs: 26

JNI global refs memory usage: 835, weak refs: 833

Process memory usage:
Resident Set Size: 378776K (2% of 16471724K total physical memory with 1451480K free physical memory)

OOME stack traces (most recent first):
Classloader memory used:
Loader org.gradle.internal.classloader.VisitableURLClassLoader                         : 32406K
Loader bootstrap                                                                       : 22452K
Loader org.gradle.initialization.MixInLegacyTypesClassLoader                           : 6510K
Loader jdk.internal.loader.ClassLoaders$PlatformClassLoader                            : 516K
Loader org.gradle.internal.classloader.VisitableURLClassLoader                         : 476K
Loader jdk.internal.loader.ClassLoaders$AppClassLoader                                 : 232K
Loader jdk.internal.reflect.DelegatingClassLoader                                      : 103K
Loader org.gradle.groovy.scripts.internal.DefaultScriptCompilationHandler$ScriptClassLoader: 73632B
Loader org.codehaus.groovy.runtime.callsite.CallSiteClassLoader                        : 18472B
Loader groovy.lang.GroovyClassLoader$InnerLoader                                       : 12152B

Classes loaded by more than one classloader:
Class org.gradle.api.GradleException                                                  : loaded 3 times (x 78B)
Class org.gradle.internal.classloader.ClassLoaderHierarchy                            : loaded 2 times (x 66B)
Class org.gradle.api.internal.classpath.ManifestUtil                                  : loaded 2 times (x 67B)
Class org.gradle.internal.operations.MultipleBuildOperationFailures                   : loaded 2 times (x 91B)
Class org.gradle.internal.classloader.DefaultClassLoaderFactory                       : loaded 2 times (x 78B)
Class org.gradle.internal.classloader.ClassLoaderVisitor                              : loaded 2 times (x 72B)
Class org.gradle.api.internal.classpath.EffectiveClassPath                            : loaded 2 times (x 86B)
Class org.gradle.api.internal.DefaultClassPathProvider                                : loaded 2 times (x 72B)
Class [Lorg.gradle.api.internal.ClassPathProvider;                                    : loaded 2 times (x 65B)
Class org.gradle.api.internal.ClassPathProvider                                       : loaded 2 times (x 66B)
Class org.gradle.internal.service.UnknownServiceException                             : loaded 2 times (x 79B)
Class org.gradle.internal.classpath.TransformedClassPath                              : loaded 2 times (x 92B)
Class org.gradle.internal.classloader.InstrumentingClassLoader                        : loaded 2 times (x 66B)
Class org.gradle.internal.service.ServiceLocator                                      : loaded 2 times (x 66B)
Class org.gradle.internal.InternalTransformer                                         : loaded 2 times (x 66B)
Class org.gradle.internal.time.DefaultTimer                                           : loaded 2 times (x 76B)
Class org.gradle.internal.classloader.ClasspathUtil$1                                 : loaded 2 times (x 72B)
Class org.gradle.api.internal.classpath.DefaultModuleRegistry$DefaultModule           : loaded 2 times (x 82B)
Class org.gradle.internal.time.DefaultCountdownTimer                                  : loaded 2 times (x 84B)
Class org.gradle.api.internal.classpath.Module                                        : loaded 2 times (x 66B)
Class org.gradle.api.internal.classpath.UnknownModuleException                        : loaded 2 times (x 78B)
Class org.gradle.api.internal.DefaultClassPathRegistry                                : loaded 2 times (x 72B)
Class org.gradle.api.internal.ClassPathRegistry                                       : loaded 2 times (x 66B)
Class org.gradle.internal.classpath.DefaultClassPath$ImmutableUniqueList              : loaded 2 times (x 195B)
Class org.gradle.internal.classpath.ClassPath                                         : loaded 2 times (x 66B)
Class org.gradle.api.UncheckedIOException                                             : loaded 2 times (x 78B)
Class org.gradle.internal.installation.GradleInstallation$1                           : loaded 2 times (x 71B)
Class org.gradle.api.internal.classpath.ModuleRegistry                                : loaded 2 times (x 66B)
Class sync_studio_tooling2_asc2v0o0t9ehy3fewh2p6u6g1                                  : loaded 2 times (x 175B)
Class org.gradle.api.internal.classpath.DefaultModuleRegistry                         : loaded 2 times (x 82B)
Class org.gradle.internal.time.MonotonicClock                                         : loaded 2 times (x 73B)
Class org.gradle.internal.service.ServiceLookupException                              : loaded 2 times (x 78B)
Class org.gradle.internal.classloader.ClassLoaderFactory                              : loaded 2 times (x 66B)
Class org.gradle.internal.service.CachingServiceLocator                               : loaded 2 times (x 78B)
Class org.gradle.internal.time.TimeSource                                             : loaded 2 times (x 66B)
Class org.gradle.internal.exceptions.ResolutionProvider                               : loaded 2 times (x 66B)
Class org.gradle.internal.classloader.ClasspathUtil                                   : loaded 2 times (x 67B)
Class org.gradle.internal.time.TimeSource$1                                           : loaded 2 times (x 73B)
Class org.gradle.api.specs.Spec                                                       : loaded 2 times (x 66B)
Class org.gradle.internal.time.Clock                                                  : loaded 2 times (x 66B)
Class org.gradle.internal.classloader.VisitableURLClassLoader$InstrumentingVisitableURLClassLoader: loaded 2 times (x 119B)
Class org.gradle.internal.classloader.VisitableURLClassLoader$Spec                    : loaded 2 times (x 70B)
Class org.gradle.internal.classpath.DefaultClassPath                                  : loaded 2 times (x 86B)
Class org.gradle.internal.classloader.ClassLoaderSpec                                 : loaded 2 times (x 67B)
Class org.gradle.internal.classloader.VisitableURLClassLoader                         : loaded 2 times (x 113B)
Class org.gradle.internal.Cast                                                        : loaded 2 times (x 67B)
Class org.gradle.api.Action                                                           : loaded 2 times (x 66B)
Class org.gradle.internal.classpath.DefaultClassPath$ImmutableUniqueList$Builder      : loaded 2 times (x 71B)
Class org.gradle.internal.classloader.FilteringClassLoader                            : loaded 2 times (x 101B)
Class org.gradle.internal.exceptions.NonGradleCauseExceptionsHolder                   : loaded 2 times (x 66B)
Class org.gradle.internal.IoActions                                                   : loaded 2 times (x 67B)
Class org.gradle.internal.classloader.SystemClassLoaderSpec                           : loaded 2 times (x 67B)
Class org.gradle.internal.exceptions.MultiCauseException                              : loaded 2 times (x 66B)
Class org.gradle.internal.time.CountdownTimer                                         : loaded 2 times (x 66B)
Class org.gradle.tooling.model.ProjectModel                                           : loaded 2 times (x 66B)
Class org.gradle.internal.exceptions.DefaultMultiCauseException                       : loaded 2 times (x 91B)
Class org.gradle.internal.time.Time                                                   : loaded 2 times (x 67B)
Class org.gradle.api.internal.classpath.GlobalCacheRootsProvider                      : loaded 2 times (x 66B)
Class org.gradle.internal.time.Timer                                                  : loaded 2 times (x 66B)
Class org.gradle.internal.installation.CurrentGradleInstallationLocator               : loaded 2 times (x 67B)
Class org.gradle.internal.service.DefaultServiceLocator                               : loaded 2 times (x 79B)
Class org.gradle.util.GradleVersion                                                   : loaded 2 times (x 79B)
Class org.gradle.internal.installation.CurrentGradleInstallation                      : loaded 2 times (x 69B)
Class org.gradle.util.internal.GUtil                                                  : loaded 2 times (x 67B)
Class org.gradle.internal.installation.GradleInstallation                             : loaded 2 times (x 71B)

---------------  S Y S T E M  ---------------

OS:
 Windows 11 , 64 bit Build 26100 (10.0.26100.4768)
OS uptime: 1 days 19:26 hours
Hyper-V role detected

CPU: total 12 (initial active 12) (6 cores per cpu, 2 threads per core) family 6 model 141 stepping 1 microcode 0x34, cx8, cmov, fxsr, ht, mmx, 3dnowpref, sse, sse2, sse3, ssse3, sse4.1, sse4.2, popcnt, lzcnt, tsc, tscinvbit, avx, avx2, aes, erms, clmul, bmi1, bmi2, adx, avx512f, avx512dq, avx512cd, avx512bw, avx512vl, sha, fma, vzeroupper, avx512_vpopcntdq, avx512_vpclmulqdq, avx512_vaes, avx512_vnni, clflush, clflushopt, clwb, avx512_vbmi2, avx512_vbmi, hv, rdtscp, rdpid, fsrm, gfni, avx512_bitalg, f16c, cet_ibt, cet_ss, avx512_ifma
Processor Information for processor 0
  Max Mhz: 2611, Current Mhz: 2611, Mhz Limit: 2611
Processor Information for processor 1
  Max Mhz: 2611, Current Mhz: 1506, Mhz Limit: 2611
Processor Information for processor 2
  Max Mhz: 2611, Current Mhz: 1506, Mhz Limit: 2611
Processor Information for processor 3
  Max Mhz: 2611, Current Mhz: 1506, Mhz Limit: 2611
Processor Information for processor 4
  Max Mhz: 2611, Current Mhz: 1506, Mhz Limit: 2611
Processor Information for processor 5
  Max Mhz: 2611, Current Mhz: 1506, Mhz Limit: 2611
Processor Information for processor 6
  Max Mhz: 2611, Current Mhz: 2611, Mhz Limit: 2611
Processor Information for processor 7
  Max Mhz: 2611, Current Mhz: 1506, Mhz Limit: 2611
Processor Information for processor 8
  Max Mhz: 2611, Current Mhz: 1506, Mhz Limit: 2611
Processor Information for processor 9
  Max Mhz: 2611, Current Mhz: 1506, Mhz Limit: 2611
Processor Information for processor 10
  Max Mhz: 2611, Current Mhz: 1506, Mhz Limit: 2611
Processor Information for processor 11
  Max Mhz: 2611, Current Mhz: 1506, Mhz Limit: 2611

Memory: 4k page, system-wide physical 16085M (1417M free)
TotalPageFile size 20181M (AvailPageFile size 71M)
current process WorkingSet (physical memory assigned to process): 370M, peak: 383M
current process commit charge ("private bytes"): 410M, peak: 512M

vm_info: OpenJDK 64-Bit Server VM (21.0.6+-13355223-b631.42) for windows-amd64 JRE (21.0.6+-13355223-b631.42), built on 2025-04-14T18:21:23Z by "builder" with MS VC++ 16.10 / 16.11 (VS2019)

END.
