#
# There is insufficient memory for the Java Runtime Environment to continue.
# Native memory allocation (mmap) failed to map 22020096 bytes. Error detail: G1 virtual space
# Possible reasons:
#   The system is out of physical RAM or swap space
#   This process is running with CompressedOops enabled, and the Java Heap may be blocking the growth of the native heap
# Possible solutions:
#   Reduce memory load on the system
#   Increase physical memory or swap space
#   Check if swap backing store is full
#   Decrease Java heap size (-Xmx/-Xms)
#   Decrease number of Java threads
#   Decrease Java thread stack sizes (-Xss)
#   Set larger code cache with -XX:ReservedCodeCacheSize=
#   JVM is running with Unscaled Compressed Oops mode in which the Java heap is
#     placed in the first 4GB address space. The Java Heap base address is the
#     maximum limit for the native heap growth. Please use -XX:HeapBaseMinAddress
#     to set the Java Heap base and to place the Java Heap above 4GB virtual address.
# This output file may be truncated or incomplete.
#
#  Out of Memory Error (os_windows.cpp:3898), pid=17452, tid=11876
#
# JRE version: OpenJDK Runtime Environment (21.0.6) (build 21.0.6+-13355223-b631.42)
# Java VM: OpenJDK 64-Bit Server VM (21.0.6+-13355223-b631.42, mixed mode, tiered, compressed oops, compressed class ptrs, g1 gc, windows-amd64)
# No core dump will be written. Minidumps are not enabled by default on client versions of Windows
#

---------------  S U M M A R Y ------------

Command Line: --add-opens=java.base/java.lang=ALL-UNNAMED --add-opens=java.base/java.lang.invoke=ALL-UNNAMED --add-opens=java.base/java.util=ALL-UNNAMED --add-opens=java.prefs/java.util.prefs=ALL-UNNAMED --add-exports=jdk.compiler/com.sun.tools.javac.api=ALL-UNNAMED --add-exports=jdk.compiler/com.sun.tools.javac.util=ALL-UNNAMED --add-opens=java.base/java.util=ALL-UNNAMED --add-opens=java.prefs/java.util.prefs=ALL-UNNAMED --add-opens=java.base/java.nio.charset=ALL-UNNAMED --add-opens=java.base/java.net=ALL-UNNAMED --add-opens=java.base/java.util.concurrent.atomic=ALL-UNNAMED --add-opens=java.xml/javax.xml.namespace=ALL-UNNAMED -Xmx2048m -Dfile.encoding=UTF-8 -Duser.country=IN -Duser.language=en -Duser.variant -javaagent:C:\Users\asish\.gradle\wrapper\dists\gradle-8.11.1-bin\bpt9gzteqjrbo1mjrsomdt32c\gradle-8.11.1\lib\agents\gradle-instrumentation-agent-8.11.1.jar org.gradle.launcher.daemon.bootstrap.GradleDaemon 8.11.1

Host: 11th Gen Intel(R) Core(TM) i5-11260H @ 2.60GHz, 12 cores, 15G,  Windows 11 , 64 bit Build 26100 (10.0.26100.4768)
Time: Sun Aug  3 08:44:21 2025 India Standard Time elapsed time: 9.065261 seconds (0d 0h 0m 9s)

---------------  T H R E A D  ---------------

Current thread (0x000001bc2566f600):  VMThread "VM Thread"          [id=11876, stack(0x0000001ffd200000,0x0000001ffd300000) (1024K)]

Stack: [0x0000001ffd200000,0x0000001ffd300000]
Native frames: (J=compiled Java code, j=interpreted, Vv=VM code, C=native code)
V  [jvm.dll+0x6d05a9]
V  [jvm.dll+0x85ea73]
V  [jvm.dll+0x860fce]
V  [jvm.dll+0x8616b3]
V  [jvm.dll+0x27e6e6]
V  [jvm.dll+0x6ccf45]
V  [jvm.dll+0x6c09fa]
V  [jvm.dll+0x35535b]
V  [jvm.dll+0x35cfb6]
V  [jvm.dll+0x3aef46]
V  [jvm.dll+0x3af218]
V  [jvm.dll+0x327a2c]
V  [jvm.dll+0x32a436]
V  [jvm.dll+0x33436d]
V  [jvm.dll+0x36b9e5]
V  [jvm.dll+0x867438]
V  [jvm.dll+0x8687b4]
V  [jvm.dll+0x868cf0]
V  [jvm.dll+0x868f83]
V  [jvm.dll+0x806e48]
V  [jvm.dll+0x6cee7d]
C  [ucrtbase.dll+0x37b0]
C  [KERNEL32.DLL+0x2e8d7]
C  [ntdll.dll+0x3c34c]

VM_Operation (0x0000001ffcdff500): G1PauseRemark, mode: safepoint, requested by thread 0x000001bc0bd15360


---------------  P R O C E S S  ---------------

Threads class SMR info:
_java_thread_list=0x000001bc2d468d30, length=65, elements={
0x000001bc0bcab880, 0x000001bc257ab740, 0x000001bc257b02b0, 0x000001bc25799cf0,
0x000001bc25798470, 0x000001bc25798ec0, 0x000001bc257ca370, 0x000001bc257d35f0,
0x000001bc257d7d70, 0x000001bc25943b60, 0x000001bc2a0204e0, 0x000001bc2ba55b00,
0x000001bc2ba71bf0, 0x000001bc2bec8150, 0x000001bc2bd98d60, 0x000001bc2bd993c0,
0x000001bc2be957d0, 0x000001bc2be98a80, 0x000001bc2beb7130, 0x000001bc2bebbbb0,
0x000001bc2bebc210, 0x000001bc2bc2b9f0, 0x000001bc2bc28c00, 0x000001bc2bc2acd0,
0x000001bc2bc2a640, 0x000001bc2bc2b360, 0x000001bc2bc29290, 0x000001bc2bc28570,
0x000001bc2bc29920, 0x000001bc2bc29fb0, 0x000001bc2c134480, 0x000001bc2c131000,
0x000001bc2c1330d0, 0x000001bc2c133df0, 0x000001bc2c133760, 0x000001bc2c131690,
0x000001bc2c134b10, 0x000001bc2c1351a0, 0x000001bc2c131d20, 0x000001bc2c135830,
0x000001bc2c1323b0, 0x000001bc2c135ec0, 0x000001bc2c132a40, 0x000001bc2c136550,
0x000001bc2c137900, 0x000001bc2c137f90, 0x000001bc2f727800, 0x000001bc2f726ae0,
0x000001bc2f725dc0, 0x000001bc2f727170, 0x000001bc2f726450, 0x000001bc2f727e90,
0x000001bc2f7250a0, 0x000001bc2f728520, 0x000001bc2f728bb0, 0x000001bc2f725730,
0x000001bc2f72c030, 0x000001bc2f72c6c0, 0x000001bc2f72b310, 0x000001bc2f729240,
0x000001bc2f72b9a0, 0x000001bc2f72ac80, 0x000001bc2f7298d0, 0x000001bc2ff54270,
0x000001bc2ff55010
}

Java Threads: ( => current thread )
  0x000001bc0bcab880 JavaThread "main"                              [_thread_blocked, id=14364, stack(0x0000001ffcb00000,0x0000001ffcc00000) (1024K)]
  0x000001bc257ab740 JavaThread "Reference Handler"          daemon [_thread_blocked, id=19348, stack(0x0000001ffd300000,0x0000001ffd400000) (1024K)]
  0x000001bc257b02b0 JavaThread "Finalizer"                  daemon [_thread_blocked, id=26404, stack(0x0000001ffd400000,0x0000001ffd500000) (1024K)]
  0x000001bc25799cf0 JavaThread "Signal Dispatcher"          daemon [_thread_blocked, id=14516, stack(0x0000001ffd500000,0x0000001ffd600000) (1024K)]
  0x000001bc25798470 JavaThread "Attach Listener"            daemon [_thread_blocked, id=12988, stack(0x0000001ffd600000,0x0000001ffd700000) (1024K)]
  0x000001bc25798ec0 JavaThread "Service Thread"             daemon [_thread_blocked, id=17536, stack(0x0000001ffd700000,0x0000001ffd800000) (1024K)]
  0x000001bc257ca370 JavaThread "Monitor Deflation Thread"   daemon [_thread_blocked, id=15556, stack(0x0000001ffd800000,0x0000001ffd900000) (1024K)]
  0x000001bc257d35f0 JavaThread "C2 CompilerThread0"         daemon [_thread_blocked, id=21872, stack(0x0000001ffd900000,0x0000001ffda00000) (1024K)]
  0x000001bc257d7d70 JavaThread "C1 CompilerThread0"         daemon [_thread_blocked, id=5628, stack(0x0000001ffda00000,0x0000001ffdb00000) (1024K)]
  0x000001bc25943b60 JavaThread "Common-Cleaner"             daemon [_thread_blocked, id=19776, stack(0x0000001ffdb00000,0x0000001ffdc00000) (1024K)]
  0x000001bc2a0204e0 JavaThread "Notification Thread"        daemon [_thread_blocked, id=20172, stack(0x0000001ffdc00000,0x0000001ffdd00000) (1024K)]
  0x000001bc2ba55b00 JavaThread "Daemon health stats"               [_thread_blocked, id=14824, stack(0x0000001ffe400000,0x0000001ffe500000) (1024K)]
  0x000001bc2ba71bf0 JavaThread "Incoming local TCP Connector on port 49336"        [_thread_in_native, id=9436, stack(0x0000001ffe500000,0x0000001ffe600000) (1024K)]
  0x000001bc2bec8150 JavaThread "Daemon periodic checks"            [_thread_blocked, id=13724, stack(0x0000001ffe600000,0x0000001ffe700000) (1024K)]
  0x000001bc2bd98d60 JavaThread "Daemon"                            [_thread_blocked, id=24384, stack(0x0000001ffe700000,0x0000001ffe800000) (1024K)]
  0x000001bc2bd993c0 JavaThread "Handler for socket connection from /127.0.0.1:49336 to /127.0.0.1:49337"        [_thread_in_native, id=7360, stack(0x0000001ffe800000,0x0000001ffe900000) (1024K)]
  0x000001bc2be957d0 JavaThread "Cancel handler"                    [_thread_blocked, id=13592, stack(0x0000001ffe900000,0x0000001ffea00000) (1024K)]
  0x000001bc2be98a80 JavaThread "Daemon worker"                     [_thread_blocked, id=22684, stack(0x0000001ffea00000,0x0000001ffeb00000) (1024K)]
  0x000001bc2beb7130 JavaThread "Asynchronous log dispatcher for DefaultDaemonConnection: socket connection from /127.0.0.1:49336 to /127.0.0.1:49337"        [_thread_blocked, id=8912, stack(0x0000001ffeb00000,0x0000001ffec00000) (1024K)]
  0x000001bc2bebbbb0 JavaThread "Stdin handler"                     [_thread_blocked, id=12312, stack(0x0000001ffec00000,0x0000001ffed00000) (1024K)]
  0x000001bc2bebc210 JavaThread "Daemon client event forwarder"        [_thread_blocked, id=14008, stack(0x0000001ffed00000,0x0000001ffee00000) (1024K)]
  0x000001bc2bc2b9f0 JavaThread "Cache worker for journal cache (C:\Users\asish\.gradle\caches\journal-1)"        [_thread_blocked, id=10912, stack(0x0000001fff400000,0x0000001fff500000) (1024K)]
  0x000001bc2bc28c00 JavaThread "File lock request listener"        [_thread_in_native, id=5476, stack(0x0000001fff500000,0x0000001fff600000) (1024K)]
  0x000001bc2bc2acd0 JavaThread "Cache worker for file hash cache (C:\Users\asish\.gradle\caches\8.11.1\fileHashes)"        [_thread_blocked, id=2296, stack(0x0000001fff600000,0x0000001fff700000) (1024K)]
  0x000001bc2bc2a640 JavaThread "Cache worker for file content cache (C:\Users\asish\.gradle\caches\8.11.1\fileContent)"        [_thread_blocked, id=26544, stack(0x0000001fff700000,0x0000001fff800000) (1024K)]
  0x000001bc2bc2b360 JavaThread "Cache worker for file hash cache (D:\VehicleInventoryManagement\.gradle\8.11.1\fileHashes)"        [_thread_blocked, id=5472, stack(0x0000001fff800000,0x0000001fff900000) (1024K)]
  0x000001bc2bc29290 JavaThread "Cache worker for Build Output Cleanup Cache (D:\VehicleInventoryManagement\.gradle\buildOutputCleanup)"        [_thread_blocked, id=22652, stack(0x0000001fff900000,0x0000001fffa00000) (1024K)]
  0x000001bc2bc28570 JavaThread "File watcher server"        daemon [_thread_in_native, id=25264, stack(0x0000001fffa00000,0x0000001fffb00000) (1024K)]
  0x000001bc2bc29920 JavaThread "File watcher consumer"      daemon [_thread_blocked, id=25896, stack(0x0000001fffb00000,0x0000001fffc00000) (1024K)]
  0x000001bc2bc29fb0 JavaThread "jar transforms"                    [_thread_blocked, id=8868, stack(0x0000001fffc00000,0x0000001fffd00000) (1024K)]
  0x000001bc2c134480 JavaThread "jar transforms Thread 2"           [_thread_blocked, id=17828, stack(0x0000001fffd00000,0x0000001fffe00000) (1024K)]
  0x000001bc2c131000 JavaThread "jar transforms Thread 3"           [_thread_blocked, id=22552, stack(0x0000001fffe00000,0x0000001ffff00000) (1024K)]
  0x000001bc2c1330d0 JavaThread "jar transforms Thread 4"           [_thread_blocked, id=7424, stack(0x0000001ffff00000,0x0000002000000000) (1024K)]
  0x000001bc2c133df0 JavaThread "jar transforms Thread 5"           [_thread_blocked, id=5256, stack(0x0000001f80000000,0x0000001f80100000) (1024K)]
  0x000001bc2c133760 JavaThread "jar transforms Thread 6"           [_thread_blocked, id=22808, stack(0x0000001f80100000,0x0000001f80200000) (1024K)]
  0x000001bc2c131690 JavaThread "jar transforms Thread 7"           [_thread_blocked, id=17588, stack(0x0000001f80200000,0x0000001f80300000) (1024K)]
  0x000001bc2c134b10 JavaThread "jar transforms Thread 8"           [_thread_blocked, id=4532, stack(0x0000001f80300000,0x0000001f80400000) (1024K)]
  0x000001bc2c1351a0 JavaThread "jar transforms Thread 9"           [_thread_blocked, id=16084, stack(0x0000001f80400000,0x0000001f80500000) (1024K)]
  0x000001bc2c131d20 JavaThread "jar transforms Thread 10"          [_thread_blocked, id=22624, stack(0x0000001f80500000,0x0000001f80600000) (1024K)]
  0x000001bc2c135830 JavaThread "jar transforms Thread 11"          [_thread_blocked, id=14132, stack(0x0000001f80600000,0x0000001f80700000) (1024K)]
  0x000001bc2c1323b0 JavaThread "jar transforms Thread 12"          [_thread_blocked, id=21004, stack(0x0000001f80700000,0x0000001f80800000) (1024K)]
  0x000001bc2c135ec0 JavaThread "Cache worker for checksums cache (D:\VehicleInventoryManagement\.gradle\8.11.1\checksums)"        [_thread_blocked, id=25628, stack(0x0000001f80800000,0x0000001f80900000) (1024K)]
  0x000001bc2c132a40 JavaThread "Cache worker for cache directory md-rule (C:\Users\asish\.gradle\caches\8.11.1\md-rule)"        [_thread_blocked, id=8904, stack(0x0000001f80900000,0x0000001f80a00000) (1024K)]
  0x000001bc2c136550 JavaThread "Cache worker for cache directory md-supplier (C:\Users\asish\.gradle\caches\8.11.1\md-supplier)"        [_thread_blocked, id=11392, stack(0x0000001f80a00000,0x0000001f80b00000) (1024K)]
  0x000001bc2c137900 JavaThread "Unconstrained build operations"        [_thread_blocked, id=4676, stack(0x0000001f80b00000,0x0000001f80c00000) (1024K)]
  0x000001bc2c137f90 JavaThread "Unconstrained build operations Thread 2"        [_thread_blocked, id=21796, stack(0x0000001f80c00000,0x0000001f80d00000) (1024K)]
  0x000001bc2f727800 JavaThread "Unconstrained build operations Thread 3"        [_thread_blocked, id=22880, stack(0x0000001f80d00000,0x0000001f80e00000) (1024K)]
  0x000001bc2f726ae0 JavaThread "Unconstrained build operations Thread 4"        [_thread_blocked, id=2948, stack(0x0000001f80e00000,0x0000001f80f00000) (1024K)]
  0x000001bc2f725dc0 JavaThread "Unconstrained build operations Thread 5"        [_thread_blocked, id=2928, stack(0x0000001f80f00000,0x0000001f81000000) (1024K)]
  0x000001bc2f727170 JavaThread "Unconstrained build operations Thread 6"        [_thread_blocked, id=23576, stack(0x0000001f81000000,0x0000001f81100000) (1024K)]
  0x000001bc2f726450 JavaThread "Unconstrained build operations Thread 7"        [_thread_blocked, id=11716, stack(0x0000001f81100000,0x0000001f81200000) (1024K)]
  0x000001bc2f727e90 JavaThread "Unconstrained build operations Thread 8"        [_thread_blocked, id=2072, stack(0x0000001f81200000,0x0000001f81300000) (1024K)]
  0x000001bc2f7250a0 JavaThread "Unconstrained build operations Thread 9"        [_thread_blocked, id=22064, stack(0x0000001f81300000,0x0000001f81400000) (1024K)]
  0x000001bc2f728520 JavaThread "Unconstrained build operations Thread 10"        [_thread_blocked, id=17220, stack(0x0000001f81400000,0x0000001f81500000) (1024K)]
  0x000001bc2f728bb0 JavaThread "Unconstrained build operations Thread 11"        [_thread_blocked, id=14172, stack(0x0000001f81500000,0x0000001f81600000) (1024K)]
  0x000001bc2f725730 JavaThread "Unconstrained build operations Thread 12"        [_thread_blocked, id=14360, stack(0x0000001f81600000,0x0000001f81700000) (1024K)]
  0x000001bc2f72c030 JavaThread "Unconstrained build operations Thread 13"        [_thread_blocked, id=21400, stack(0x0000001f81700000,0x0000001f81800000) (1024K)]
  0x000001bc2f72c6c0 JavaThread "Unconstrained build operations Thread 14"        [_thread_blocked, id=17700, stack(0x0000001f81800000,0x0000001f81900000) (1024K)]
  0x000001bc2f72b310 JavaThread "Unconstrained build operations Thread 15"        [_thread_blocked, id=25400, stack(0x0000001f81900000,0x0000001f81a00000) (1024K)]
  0x000001bc2f729240 JavaThread "Unconstrained build operations Thread 16"        [_thread_blocked, id=24728, stack(0x0000001f81a00000,0x0000001f81b00000) (1024K)]
  0x000001bc2f72b9a0 JavaThread "Unconstrained build operations Thread 17"        [_thread_blocked, id=7852, stack(0x0000001f81b00000,0x0000001f81c00000) (1024K)]
  0x000001bc2f72ac80 JavaThread "Unconstrained build operations Thread 18"        [_thread_blocked, id=16416, stack(0x0000001f81c00000,0x0000001f81d00000) (1024K)]
  0x000001bc2f7298d0 JavaThread "Unconstrained build operations Thread 19"        [_thread_blocked, id=24984, stack(0x0000001f81d00000,0x0000001f81e00000) (1024K)]
  0x000001bc2ff54270 JavaThread "C2 CompilerThread1"         daemon [_thread_blocked, id=26048, stack(0x0000001f81e00000,0x0000001f81f00000) (1024K)]
  0x000001bc2ff55010 JavaThread "C2 CompilerThread2"         daemon [_thread_blocked, id=9384, stack(0x0000001f81f00000,0x0000001f82000000) (1024K)]
Total: 65

Other Threads:
=>0x000001bc2566f600 VMThread "VM Thread"                           [id=11876, stack(0x0000001ffd200000,0x0000001ffd300000) (1024K)]
  0x000001bc25720da0 WatcherThread "VM Periodic Task Thread"        [id=25476, stack(0x0000001ffd100000,0x0000001ffd200000) (1024K)]
  0x000001bc0bd04470 WorkerThread "GC Thread#0"                     [id=24808, stack(0x0000001ffcc00000,0x0000001ffcd00000) (1024K)]
  0x000001bc2a6733c0 WorkerThread "GC Thread#1"                     [id=26576, stack(0x0000001ffdf00000,0x0000001ffe000000) (1024K)]
  0x000001bc2a673760 WorkerThread "GC Thread#2"                     [id=21360, stack(0x0000001ffe000000,0x0000001ffe100000) (1024K)]
  0x000001bc2a651ee0 WorkerThread "GC Thread#3"                     [id=25532, stack(0x0000001ffe100000,0x0000001ffe200000) (1024K)]
  0x000001bc2a652280 WorkerThread "GC Thread#4"                     [id=4360, stack(0x0000001ffe200000,0x0000001ffe300000) (1024K)]
  0x000001bc2a652620 WorkerThread "GC Thread#5"                     [id=8960, stack(0x0000001ffe300000,0x0000001ffe400000) (1024K)]
  0x000001bc2ac2c440 WorkerThread "GC Thread#6"                     [id=17532, stack(0x0000001ffee00000,0x0000001ffef00000) (1024K)]
  0x000001bc2ac2c7e0 WorkerThread "GC Thread#7"                     [id=25936, stack(0x0000001ffef00000,0x0000001fff000000) (1024K)]
  0x000001bc2ac2cb80 WorkerThread "GC Thread#8"                     [id=24008, stack(0x0000001fff000000,0x0000001fff100000) (1024K)]
  0x000001bc2ac2cf20 WorkerThread "GC Thread#9"                     [id=20336, stack(0x0000001fff100000,0x0000001fff200000) (1024K)]
  0x000001bc0bd15360 ConcurrentGCThread "G1 Main Marker"            [id=3520, stack(0x0000001ffcd00000,0x0000001ffce00000) (1024K)]
  0x000001bc0bd15d70 WorkerThread "G1 Conc#0"                       [id=22480, stack(0x0000001ffce00000,0x0000001ffcf00000) (1024K)]
  0x000001bc2bd5ca50 WorkerThread "G1 Conc#1"                       [id=8312, stack(0x0000001fff200000,0x0000001fff300000) (1024K)]
  0x000001bc2bd5cdf0 WorkerThread "G1 Conc#2"                       [id=13260, stack(0x0000001fff300000,0x0000001fff400000) (1024K)]
  0x000001bc25581740 ConcurrentGCThread "G1 Refine#0"               [id=14096, stack(0x0000001ffcf00000,0x0000001ffd000000) (1024K)]
  0x000001bc25581f60 ConcurrentGCThread "G1 Service"                [id=14612, stack(0x0000001ffd000000,0x0000001ffd100000) (1024K)]
Total: 18

Threads with active compile tasks:
Total: 0

VM state: at safepoint (normal execution)

VM Mutex/Monitor currently owned by a thread:  ([mutex/lock_event])
[0x00007ffe7defe3a0] Threads_lock - owner thread: 0x000001bc2566f600
[0x00007ffe7defe4a0] Heap_lock - owner thread: 0x000001bc0bd15360

Heap address: 0x0000000080000000, size: 2048 MB, Compressed Oops mode: 32-bit

CDS archive(s) not mapped
Compressed class space mapped at: 0x0000000100000000-0x0000000140000000, reserved size: 1073741824
Narrow klass base: 0x0000000000000000, Narrow klass shift: 3, Narrow klass range: 0x140000000

GC Precious Log:
 CardTable entry size: 512
 Card Set container configuration: InlinePtr #cards 5 size 8 Array Of Cards #cards 12 size 40 Howl #buckets 4 coarsen threshold 1843 Howl Bitmap #cards 512 size 80 coarsen threshold 460 Card regions per heap region 1 cards per card region 2048
 CPUs: 12 total, 12 available
 Memory: 16085M
 Large Page Support: Disabled
 NUMA Support: Disabled
 Compressed Oops: Enabled (32-bit)
 Heap Region Size: 1M
 Heap Min Capacity: 8M
 Heap Initial Capacity: 252M
 Heap Max Capacity: 2G
 Pre-touch: Disabled
 Parallel Workers: 10
 Concurrent Workers: 3
 Concurrent Refinement Workers: 10
 Periodic GC: Disabled

Heap:
 garbage-first heap   total 157696K, used 110362K [0x0000000080000000, 0x0000000100000000)
  region size 1024K, 7 young (7168K), 3 survivors (3072K)
 Metaspace       used 90174K, committed 92032K, reserved 1179648K
  class space    used 12017K, committed 12928K, reserved 1048576K

Heap Regions: E=young(eden), S=young(survivor), O=old, HS=humongous(starts), HC=humongous(continues), CS=collection set, F=free, TAMS=top-at-mark-start, PB=parsable bottom
|   0|0x0000000080000000, 0x0000000080100000, 0x0000000080100000|100%| O|  |TAMS 0x0000000080100000| PB 0x0000000080100000| Untracked 
|   1|0x0000000080100000, 0x0000000080200000, 0x0000000080200000|100%|HS|  |TAMS 0x0000000080200000| PB 0x0000000080100000| Complete 
|   2|0x0000000080200000, 0x0000000080300000, 0x0000000080300000|100%|HC|  |TAMS 0x0000000080300000| PB 0x0000000080200000| Complete 
|   3|0x0000000080300000, 0x0000000080400000, 0x0000000080400000|100%|HC|  |TAMS 0x0000000080400000| PB 0x0000000080300000| Complete 
|   4|0x0000000080400000, 0x0000000080500000, 0x0000000080500000|100%| O|  |TAMS 0x0000000080500000| PB 0x0000000080500000| Untracked 
|   5|0x0000000080500000, 0x0000000080600000, 0x0000000080600000|100%| O|  |TAMS 0x0000000080600000| PB 0x0000000080600000| Untracked 
|   6|0x0000000080600000, 0x0000000080700000, 0x0000000080700000|100%|HS|  |TAMS 0x0000000080700000| PB 0x0000000080600000| Complete 
|   7|0x0000000080700000, 0x0000000080800000, 0x0000000080800000|100%| O|  |TAMS 0x0000000080800000| PB 0x0000000080800000| Untracked 
|   8|0x0000000080800000, 0x0000000080900000, 0x0000000080900000|100%| O|  |TAMS 0x0000000080900000| PB 0x0000000080900000| Untracked 
|   9|0x0000000080900000, 0x0000000080a00000, 0x0000000080a00000|100%| O|  |TAMS 0x0000000080a00000| PB 0x0000000080a00000| Untracked 
|  10|0x0000000080a00000, 0x0000000080b00000, 0x0000000080b00000|100%| O|  |TAMS 0x0000000080b00000| PB 0x0000000080b00000| Untracked 
|  11|0x0000000080b00000, 0x0000000080c00000, 0x0000000080c00000|100%| O|  |TAMS 0x0000000080c00000| PB 0x0000000080c00000| Untracked 
|  12|0x0000000080c00000, 0x0000000080d00000, 0x0000000080d00000|100%| O|  |TAMS 0x0000000080d00000| PB 0x0000000080d00000| Untracked 
|  13|0x0000000080d00000, 0x0000000080e00000, 0x0000000080e00000|100%| O|  |TAMS 0x0000000080e00000| PB 0x0000000080e00000| Untracked 
|  14|0x0000000080e00000, 0x0000000080f00000, 0x0000000080f00000|100%| O|  |TAMS 0x0000000080f00000| PB 0x0000000080f00000| Untracked 
|  15|0x0000000080f00000, 0x0000000081000000, 0x0000000081000000|100%| O|  |TAMS 0x0000000081000000| PB 0x0000000081000000| Untracked 
|  16|0x0000000081000000, 0x0000000081100000, 0x0000000081100000|100%| O|  |TAMS 0x0000000081100000| PB 0x0000000081100000| Untracked 
|  17|0x0000000081100000, 0x0000000081200000, 0x0000000081200000|100%| O|  |TAMS 0x0000000081200000| PB 0x0000000081200000| Untracked 
|  18|0x0000000081200000, 0x0000000081300000, 0x0000000081300000|100%| O|  |TAMS 0x0000000081300000| PB 0x0000000081300000| Untracked 
|  19|0x0000000081300000, 0x0000000081400000, 0x0000000081400000|100%| O|  |TAMS 0x0000000081400000| PB 0x0000000081400000| Untracked 
|  20|0x0000000081400000, 0x0000000081500000, 0x0000000081500000|100%| O|  |TAMS 0x0000000081500000| PB 0x0000000081500000| Untracked 
|  21|0x0000000081500000, 0x0000000081600000, 0x0000000081600000|100%| O|  |TAMS 0x0000000081600000| PB 0x0000000081600000| Updating 
|  22|0x0000000081600000, 0x0000000081700000, 0x0000000081700000|100%|HS|  |TAMS 0x0000000081700000| PB 0x0000000081600000| Complete 
|  23|0x0000000081700000, 0x0000000081800000, 0x0000000081800000|100%|HC|  |TAMS 0x0000000081800000| PB 0x0000000081700000| Complete 
|  24|0x0000000081800000, 0x0000000081900000, 0x0000000081900000|100%|HC|  |TAMS 0x0000000081900000| PB 0x0000000081800000| Complete 
|  25|0x0000000081900000, 0x0000000081a00000, 0x0000000081a00000|100%|HC|  |TAMS 0x0000000081a00000| PB 0x0000000081900000| Complete 
|  26|0x0000000081a00000, 0x0000000081b00000, 0x0000000081b00000|100%|HC|  |TAMS 0x0000000081b00000| PB 0x0000000081a00000| Complete 
|  27|0x0000000081b00000, 0x0000000081c00000, 0x0000000081c00000|100%|HC|  |TAMS 0x0000000081c00000| PB 0x0000000081b00000| Complete 
|  28|0x0000000081c00000, 0x0000000081d00000, 0x0000000081d00000|100%|HS|  |TAMS 0x0000000081d00000| PB 0x0000000081c00000| Complete 
|  29|0x0000000081d00000, 0x0000000081e00000, 0x0000000081e00000|100%|HC|  |TAMS 0x0000000081e00000| PB 0x0000000081d00000| Complete 
|  30|0x0000000081e00000, 0x0000000081f00000, 0x0000000081f00000|100%|HC|  |TAMS 0x0000000081f00000| PB 0x0000000081e00000| Complete 
|  31|0x0000000081f00000, 0x0000000082000000, 0x0000000082000000|100%|HC|  |TAMS 0x0000000082000000| PB 0x0000000081f00000| Complete 
|  32|0x0000000082000000, 0x0000000082100000, 0x0000000082100000|100%|HS|  |TAMS 0x0000000082100000| PB 0x0000000082000000| Complete 
|  33|0x0000000082100000, 0x0000000082200000, 0x0000000082200000|100%|HC|  |TAMS 0x0000000082200000| PB 0x0000000082100000| Complete 
|  34|0x0000000082200000, 0x0000000082300000, 0x0000000082300000|100%|HS|  |TAMS 0x0000000082300000| PB 0x0000000082200000| Complete 
|  35|0x0000000082300000, 0x0000000082400000, 0x0000000082400000|100%| O|  |TAMS 0x0000000082400000| PB 0x0000000082400000| Untracked 
|  36|0x0000000082400000, 0x0000000082500000, 0x0000000082500000|100%| O|  |TAMS 0x0000000082500000| PB 0x0000000082500000| Updating 
|  37|0x0000000082500000, 0x0000000082600000, 0x0000000082600000|100%| O|  |TAMS 0x0000000082600000| PB 0x0000000082600000| Untracked 
|  38|0x0000000082600000, 0x0000000082700000, 0x0000000082700000|100%|HS|  |TAMS 0x0000000082700000| PB 0x0000000082600000| Complete 
|  39|0x0000000082700000, 0x0000000082800000, 0x0000000082800000|100%| O|  |TAMS 0x0000000082800000| PB 0x0000000082800000| Untracked 
|  40|0x0000000082800000, 0x0000000082900000, 0x0000000082900000|100%| O|  |TAMS 0x0000000082900000| PB 0x0000000082900000| Updating 
|  41|0x0000000082900000, 0x0000000082a00000, 0x0000000082a00000|100%| O|  |TAMS 0x0000000082a00000| PB 0x0000000082a00000| Updating 
|  42|0x0000000082a00000, 0x0000000082b00000, 0x0000000082b00000|100%| O|  |TAMS 0x0000000082b00000| PB 0x0000000082b00000| Updating 
|  43|0x0000000082b00000, 0x0000000082c00000, 0x0000000082c00000|100%| O|  |TAMS 0x0000000082c00000| PB 0x0000000082c00000| Untracked 
|  44|0x0000000082c00000, 0x0000000082d00000, 0x0000000082d00000|100%| O|  |TAMS 0x0000000082d00000| PB 0x0000000082d00000| Updating 
|  45|0x0000000082d00000, 0x0000000082e00000, 0x0000000082e00000|100%| O|  |TAMS 0x0000000082e00000| PB 0x0000000082e00000| Updating 
|  46|0x0000000082e00000, 0x0000000082e00000, 0x0000000082f00000|  0%| F|  |TAMS 0x0000000082e00000| PB 0x0000000082e00000| Untracked 
|  47|0x0000000082f00000, 0x0000000083000000, 0x0000000083000000|100%| O|  |TAMS 0x0000000083000000| PB 0x0000000083000000| Untracked 
|  48|0x0000000083000000, 0x0000000083100000, 0x0000000083100000|100%| O|  |TAMS 0x0000000083100000| PB 0x0000000083100000| Updating 
|  49|0x0000000083100000, 0x0000000083200000, 0x0000000083200000|100%|HS|  |TAMS 0x0000000083200000| PB 0x0000000083100000| Complete 
|  50|0x0000000083200000, 0x0000000083300000, 0x0000000083300000|100%|HC|  |TAMS 0x0000000083300000| PB 0x0000000083200000| Complete 
|  51|0x0000000083300000, 0x0000000083400000, 0x0000000083400000|100%| O|  |TAMS 0x0000000083400000| PB 0x0000000083400000| Untracked 
|  52|0x0000000083400000, 0x0000000083500000, 0x0000000083500000|100%| O|  |TAMS 0x0000000083500000| PB 0x0000000083500000| Untracked 
|  53|0x0000000083500000, 0x0000000083600000, 0x0000000083600000|100%| O|  |TAMS 0x0000000083600000| PB 0x0000000083600000| Untracked 
|  54|0x0000000083600000, 0x0000000083700000, 0x0000000083700000|100%| O|  |TAMS 0x0000000083700000| PB 0x0000000083700000| Untracked 
|  55|0x0000000083700000, 0x0000000083800000, 0x0000000083800000|100%| O|  |TAMS 0x0000000083800000| PB 0x0000000083800000| Untracked 
|  56|0x0000000083800000, 0x0000000083900000, 0x0000000083900000|100%| O|  |TAMS 0x0000000083900000| PB 0x0000000083900000| Untracked 
|  57|0x0000000083900000, 0x0000000083a00000, 0x0000000083a00000|100%| O|  |TAMS 0x0000000083a00000| PB 0x0000000083a00000| Updating 
|  58|0x0000000083a00000, 0x0000000083b00000, 0x0000000083b00000|100%| O|  |TAMS 0x0000000083a00000| PB 0x0000000083a00000| Untracked 
|  59|0x0000000083b00000, 0x0000000083c00000, 0x0000000083c00000|100%| O|  |TAMS 0x0000000083c00000| PB 0x0000000083c00000| Updating 
|  60|0x0000000083c00000, 0x0000000083d00000, 0x0000000083d00000|100%| O|  |TAMS 0x0000000083d00000| PB 0x0000000083d00000| Untracked 
|  61|0x0000000083d00000, 0x0000000083e00000, 0x0000000083e00000|100%| O|  |TAMS 0x0000000083e00000| PB 0x0000000083e00000| Untracked 
|  62|0x0000000083e00000, 0x0000000083f00000, 0x0000000083f00000|100%| O|  |TAMS 0x0000000083f00000| PB 0x0000000083f00000| Updating 
|  63|0x0000000083f00000, 0x0000000084000000, 0x0000000084000000|100%| O|  |TAMS 0x0000000084000000| PB 0x0000000084000000| Untracked 
|  64|0x0000000084000000, 0x0000000084100000, 0x0000000084100000|100%| O|  |TAMS 0x0000000084000000| PB 0x0000000084000000| Untracked 
|  65|0x0000000084100000, 0x0000000084200000, 0x0000000084200000|100%|HS|  |TAMS 0x0000000084200000| PB 0x0000000084100000| Complete 
|  66|0x0000000084200000, 0x0000000084300000, 0x0000000084300000|100%|HC|  |TAMS 0x0000000084300000| PB 0x0000000084200000| Complete 
|  67|0x0000000084300000, 0x0000000084400000, 0x0000000084400000|100%|HC|  |TAMS 0x0000000084400000| PB 0x0000000084300000| Complete 
|  68|0x0000000084400000, 0x0000000084500000, 0x0000000084500000|100%|HC|  |TAMS 0x0000000084500000| PB 0x0000000084400000| Complete 
|  69|0x0000000084500000, 0x0000000084600000, 0x0000000084600000|100%|HC|  |TAMS 0x0000000084600000| PB 0x0000000084500000| Complete 
|  70|0x0000000084600000, 0x0000000084700000, 0x0000000084700000|100%|HC|  |TAMS 0x0000000084700000| PB 0x0000000084600000| Complete 
|  71|0x0000000084700000, 0x0000000084800000, 0x0000000084800000|100%|HS|  |TAMS 0x0000000084800000| PB 0x0000000084700000| Complete 
|  72|0x0000000084800000, 0x0000000084900000, 0x0000000084900000|100%|HC|  |TAMS 0x0000000084900000| PB 0x0000000084800000| Complete 
|  73|0x0000000084900000, 0x0000000084a00000, 0x0000000084a00000|100%|HC|  |TAMS 0x0000000084a00000| PB 0x0000000084900000| Complete 
|  74|0x0000000084a00000, 0x0000000084b00000, 0x0000000084b00000|100%|HC|  |TAMS 0x0000000084b00000| PB 0x0000000084a00000| Complete 
|  75|0x0000000084b00000, 0x0000000084c00000, 0x0000000084c00000|100%|HC|  |TAMS 0x0000000084c00000| PB 0x0000000084b00000| Complete 
|  76|0x0000000084c00000, 0x0000000084d00000, 0x0000000084d00000|100%|HC|  |TAMS 0x0000000084d00000| PB 0x0000000084c00000| Complete 
|  77|0x0000000084d00000, 0x0000000084e00000, 0x0000000084e00000|100%| O|  |TAMS 0x0000000084d00000| PB 0x0000000084d00000| Untracked 
|  78|0x0000000084e00000, 0x0000000084e00000, 0x0000000084f00000|  0%| F|  |TAMS 0x0000000084e00000| PB 0x0000000084e00000| Untracked 
|  79|0x0000000084f00000, 0x0000000084f00000, 0x0000000085000000|  0%| F|  |TAMS 0x0000000084f00000| PB 0x0000000084f00000| Untracked 
|  80|0x0000000085000000, 0x0000000085000000, 0x0000000085100000|  0%| F|  |TAMS 0x0000000085000000| PB 0x0000000085000000| Untracked 
|  81|0x0000000085100000, 0x0000000085100000, 0x0000000085200000|  0%| F|  |TAMS 0x0000000085100000| PB 0x0000000085100000| Untracked 
|  82|0x0000000085200000, 0x0000000085200000, 0x0000000085300000|  0%| F|  |TAMS 0x0000000085200000| PB 0x0000000085200000| Untracked 
|  83|0x0000000085300000, 0x0000000085400000, 0x0000000085400000|100%| O|  |TAMS 0x0000000085400000| PB 0x0000000085400000| Untracked 
|  84|0x0000000085400000, 0x0000000085500000, 0x0000000085500000|100%| O|  |TAMS 0x0000000085500000| PB 0x0000000085500000| Untracked 
|  85|0x0000000085500000, 0x0000000085600000, 0x0000000085600000|100%| O|  |TAMS 0x0000000085600000| PB 0x0000000085600000| Untracked 
|  86|0x0000000085600000, 0x0000000085700000, 0x0000000085700000|100%| O|  |TAMS 0x0000000085700000| PB 0x0000000085700000| Untracked 
|  87|0x0000000085700000, 0x0000000085800000, 0x0000000085800000|100%| O|  |TAMS 0x0000000085800000| PB 0x0000000085800000| Untracked 
|  88|0x0000000085800000, 0x0000000085900000, 0x0000000085900000|100%|HS|  |TAMS 0x0000000085900000| PB 0x0000000085800000| Complete 
|  89|0x0000000085900000, 0x0000000085a00000, 0x0000000085a00000|100%|HC|  |TAMS 0x0000000085a00000| PB 0x0000000085900000| Complete 
|  90|0x0000000085a00000, 0x0000000085b00000, 0x0000000085b00000|100%|HC|  |TAMS 0x0000000085b00000| PB 0x0000000085a00000| Complete 
|  91|0x0000000085b00000, 0x0000000085c00000, 0x0000000085c00000|100%|HC|  |TAMS 0x0000000085c00000| PB 0x0000000085b00000| Complete 
|  92|0x0000000085c00000, 0x0000000085d00000, 0x0000000085d00000|100%|HC|  |TAMS 0x0000000085d00000| PB 0x0000000085c00000| Complete 
|  93|0x0000000085d00000, 0x0000000085e00000, 0x0000000085e00000|100%|HC|  |TAMS 0x0000000085e00000| PB 0x0000000085d00000| Complete 
|  94|0x0000000085e00000, 0x0000000085f00000, 0x0000000085f00000|100%| O|  |TAMS 0x0000000085f00000| PB 0x0000000085f00000| Untracked 
|  95|0x0000000085f00000, 0x0000000086000000, 0x0000000086000000|100%| O|  |TAMS 0x0000000086000000| PB 0x0000000086000000| Untracked 
|  96|0x0000000086000000, 0x0000000086000000, 0x0000000086100000|  0%| F|  |TAMS 0x0000000086000000| PB 0x0000000086000000| Untracked 
|  97|0x0000000086100000, 0x0000000086100000, 0x0000000086200000|  0%| F|  |TAMS 0x0000000086100000| PB 0x0000000086100000| Untracked 
|  98|0x0000000086200000, 0x0000000086200000, 0x0000000086300000|  0%| F|  |TAMS 0x0000000086200000| PB 0x0000000086200000| Untracked 
|  99|0x0000000086300000, 0x0000000086300000, 0x0000000086400000|  0%| F|  |TAMS 0x0000000086300000| PB 0x0000000086300000| Untracked 
| 100|0x0000000086400000, 0x0000000086400000, 0x0000000086500000|  0%| F|  |TAMS 0x0000000086400000| PB 0x0000000086400000| Untracked 
| 101|0x0000000086500000, 0x0000000086500000, 0x0000000086600000|  0%| F|  |TAMS 0x0000000086500000| PB 0x0000000086500000| Untracked 
| 102|0x0000000086600000, 0x00000000866c69a0, 0x0000000086700000| 77%| S|CS|TAMS 0x0000000086600000| PB 0x0000000086600000| Complete 
| 103|0x0000000086700000, 0x0000000086800000, 0x0000000086800000|100%| S|CS|TAMS 0x0000000086700000| PB 0x0000000086700000| Complete 
| 104|0x0000000086800000, 0x0000000086900000, 0x0000000086900000|100%| S|CS|TAMS 0x0000000086800000| PB 0x0000000086800000| Complete 
| 105|0x0000000086900000, 0x0000000086900000, 0x0000000086a00000|  0%| F|  |TAMS 0x0000000086900000| PB 0x0000000086900000| Untracked 
| 106|0x0000000086a00000, 0x0000000086a00000, 0x0000000086b00000|  0%| F|  |TAMS 0x0000000086a00000| PB 0x0000000086a00000| Untracked 
| 107|0x0000000086b00000, 0x0000000086b00000, 0x0000000086c00000|  0%| F|  |TAMS 0x0000000086b00000| PB 0x0000000086b00000| Untracked 
| 108|0x0000000086c00000, 0x0000000086c00000, 0x0000000086d00000|  0%| F|  |TAMS 0x0000000086c00000| PB 0x0000000086c00000| Untracked 
| 109|0x0000000086d00000, 0x0000000086d00000, 0x0000000086e00000|  0%| F|  |TAMS 0x0000000086d00000| PB 0x0000000086d00000| Untracked 
| 110|0x0000000086e00000, 0x0000000086e00000, 0x0000000086f00000|  0%| F|  |TAMS 0x0000000086e00000| PB 0x0000000086e00000| Untracked 
| 111|0x0000000086f00000, 0x0000000086f00000, 0x0000000087000000|  0%| F|  |TAMS 0x0000000086f00000| PB 0x0000000086f00000| Untracked 
| 112|0x0000000087000000, 0x0000000087000000, 0x0000000087100000|  0%| F|  |TAMS 0x0000000087000000| PB 0x0000000087000000| Untracked 
| 113|0x0000000087100000, 0x0000000087100000, 0x0000000087200000|  0%| F|  |TAMS 0x0000000087100000| PB 0x0000000087100000| Untracked 
| 114|0x0000000087200000, 0x0000000087200000, 0x0000000087300000|  0%| F|  |TAMS 0x0000000087200000| PB 0x0000000087200000| Untracked 
| 115|0x0000000087300000, 0x0000000087300000, 0x0000000087400000|  0%| F|  |TAMS 0x0000000087300000| PB 0x0000000087300000| Untracked 
| 116|0x0000000087400000, 0x0000000087400000, 0x0000000087500000|  0%| F|  |TAMS 0x0000000087400000| PB 0x0000000087400000| Untracked 
| 117|0x0000000087500000, 0x0000000087500000, 0x0000000087600000|  0%| F|  |TAMS 0x0000000087500000| PB 0x0000000087500000| Untracked 
| 118|0x0000000087600000, 0x0000000087600000, 0x0000000087700000|  0%| F|  |TAMS 0x0000000087600000| PB 0x0000000087600000| Untracked 
| 119|0x0000000087700000, 0x0000000087700000, 0x0000000087800000|  0%| F|  |TAMS 0x0000000087700000| PB 0x0000000087700000| Untracked 
| 120|0x0000000087800000, 0x0000000087800000, 0x0000000087900000|  0%| F|  |TAMS 0x0000000087800000| PB 0x0000000087800000| Untracked 
| 121|0x0000000087900000, 0x0000000087900000, 0x0000000087a00000|  0%| F|  |TAMS 0x0000000087900000| PB 0x0000000087900000| Untracked 
| 122|0x0000000087a00000, 0x0000000087a00000, 0x0000000087b00000|  0%| F|  |TAMS 0x0000000087a00000| PB 0x0000000087a00000| Untracked 
| 123|0x0000000087b00000, 0x0000000087b00000, 0x0000000087c00000|  0%| F|  |TAMS 0x0000000087b00000| PB 0x0000000087b00000| Untracked 
| 124|0x0000000087c00000, 0x0000000087c00000, 0x0000000087d00000|  0%| F|  |TAMS 0x0000000087c00000| PB 0x0000000087c00000| Untracked 
| 125|0x0000000087d00000, 0x0000000087d00000, 0x0000000087e00000|  0%| F|  |TAMS 0x0000000087d00000| PB 0x0000000087d00000| Untracked 
| 126|0x0000000087e00000, 0x0000000087e00000, 0x0000000087f00000|  0%| F|  |TAMS 0x0000000087e00000| PB 0x0000000087e00000| Untracked 
| 127|0x0000000087f00000, 0x0000000087f00000, 0x0000000088000000|  0%| F|  |TAMS 0x0000000087f00000| PB 0x0000000087f00000| Untracked 
| 215|0x000000008d700000, 0x000000008d700000, 0x000000008d800000|  0%| F|  |TAMS 0x000000008d700000| PB 0x000000008d700000| Untracked 
| 216|0x000000008d800000, 0x000000008d800000, 0x000000008d900000|  0%| F|  |TAMS 0x000000008d800000| PB 0x000000008d800000| Untracked 
| 217|0x000000008d900000, 0x000000008d900000, 0x000000008da00000|  0%| F|  |TAMS 0x000000008d900000| PB 0x000000008d900000| Untracked 
| 218|0x000000008da00000, 0x000000008da00000, 0x000000008db00000|  0%| F|  |TAMS 0x000000008da00000| PB 0x000000008da00000| Untracked 
| 219|0x000000008db00000, 0x000000008db00000, 0x000000008dc00000|  0%| F|  |TAMS 0x000000008db00000| PB 0x000000008db00000| Untracked 
| 220|0x000000008dc00000, 0x000000008dc00000, 0x000000008dd00000|  0%| F|  |TAMS 0x000000008dc00000| PB 0x000000008dc00000| Untracked 
| 221|0x000000008dd00000, 0x000000008dd00000, 0x000000008de00000|  0%| F|  |TAMS 0x000000008dd00000| PB 0x000000008dd00000| Untracked 
| 222|0x000000008de00000, 0x000000008de00000, 0x000000008df00000|  0%| F|  |TAMS 0x000000008de00000| PB 0x000000008de00000| Untracked 
| 223|0x000000008df00000, 0x000000008df00000, 0x000000008e000000|  0%| F|  |TAMS 0x000000008df00000| PB 0x000000008df00000| Untracked 
| 224|0x000000008e000000, 0x000000008e000000, 0x000000008e100000|  0%| F|  |TAMS 0x000000008e000000| PB 0x000000008e000000| Untracked 
| 225|0x000000008e100000, 0x000000008e180000, 0x000000008e200000| 50%| E|  |TAMS 0x000000008e100000| PB 0x000000008e100000| Complete 
| 226|0x000000008e200000, 0x000000008e300000, 0x000000008e300000|100%| E|CS|TAMS 0x000000008e200000| PB 0x000000008e200000| Complete 
| 251|0x000000008fb00000, 0x000000008fc00000, 0x000000008fc00000|100%| E|CS|TAMS 0x000000008fb00000| PB 0x000000008fb00000| Complete 
|2035|0x00000000ff300000, 0x00000000ff400000, 0x00000000ff400000|100%| O|  |TAMS 0x00000000ff38fdb8| PB 0x00000000ff38fdb8| Updating 
|2036|0x00000000ff400000, 0x00000000ff500000, 0x00000000ff500000|100%| O|  |TAMS 0x00000000ff500000| PB 0x00000000ff500000| Updating 
|2037|0x00000000ff500000, 0x00000000ff600000, 0x00000000ff600000|100%| O|  |TAMS 0x00000000ff600000| PB 0x00000000ff600000| Updating 
|2038|0x00000000ff600000, 0x00000000ff700000, 0x00000000ff700000|100%| O|  |TAMS 0x00000000ff700000| PB 0x00000000ff700000| Updating 
|2039|0x00000000ff700000, 0x00000000ff800000, 0x00000000ff800000|100%| O|  |TAMS 0x00000000ff800000| PB 0x00000000ff800000| Updating 
|2040|0x00000000ff800000, 0x00000000ff900000, 0x00000000ff900000|100%| O|  |TAMS 0x00000000ff900000| PB 0x00000000ff900000| Updating 
|2041|0x00000000ff900000, 0x00000000ffa00000, 0x00000000ffa00000|100%| O|  |TAMS 0x00000000ffa00000| PB 0x00000000ffa00000| Updating 
|2042|0x00000000ffa00000, 0x00000000ffb00000, 0x00000000ffb00000|100%| O|  |TAMS 0x00000000ffb00000| PB 0x00000000ffb00000| Untracked 
|2043|0x00000000ffb00000, 0x00000000ffc00000, 0x00000000ffc00000|100%| E|CS|TAMS 0x00000000ffb00000| PB 0x00000000ffb00000| Complete 
|2044|0x00000000ffc00000, 0x00000000ffd00000, 0x00000000ffd00000|100%| O|  |TAMS 0x00000000ffd00000| PB 0x00000000ffd00000| Untracked 
|2045|0x00000000ffd00000, 0x00000000ffe00000, 0x00000000ffe00000|100%| O|  |TAMS 0x00000000ffe00000| PB 0x00000000ffe00000| Updating 
|2046|0x00000000ffe00000, 0x00000000fff00000, 0x00000000fff00000|100%| O|  |TAMS 0x00000000fff00000| PB 0x00000000fff00000| Updating 
|2047|0x00000000fff00000, 0x0000000100000000, 0x0000000100000000|100%| O|  |TAMS 0x0000000100000000| PB 0x0000000100000000| Untracked 

Card table byte_map: [0x000001bc20570000,0x000001bc20970000] _byte_map_base: 0x000001bc20170000

Marking Bits: (CMBitMap*) 0x000001bc0bd04a80
 Bits: [0x000001bc20970000, 0x000001bc22970000)

Polling page: 0x000001bc0b7f0000

Metaspace:

Usage:
  Non-class:     76.33 MB used.
      Class:     11.74 MB used.
       Both:     88.06 MB used.

Virtual space:
  Non-class space:      128.00 MB reserved,      77.25 MB ( 60%) committed,  2 nodes.
      Class space:        1.00 GB reserved,      12.62 MB (  1%) committed,  1 nodes.
             Both:        1.12 GB reserved,      89.88 MB (  8%) committed. 

Chunk freelists:
   Non-Class:  2.17 MB
       Class:  3.22 MB
        Both:  5.39 MB

MaxMetaspaceSize: unlimited
CompressedClassSpaceSize: 1.00 GB
Initial GC threshold: 21.00 MB
Current GC threshold: 130.88 MB
CDS: off
 - commit_granule_bytes: 65536.
 - commit_granule_words: 8192.
 - virtual_space_node_default_size: 8388608.
 - enlarge_chunks_in_place: 1.
 - use_allocation_guard: 0.


Internal statistics:

num_allocs_failed_limit: 6.
num_arena_births: 3416.
num_arena_deaths: 0.
num_vsnodes_births: 3.
num_vsnodes_deaths: 0.
num_space_committed: 1436.
num_space_uncommitted: 0.
num_chunks_returned_to_freelist: 6.
num_chunks_taken_from_freelist: 6942.
num_chunk_merges: 6.
num_chunk_splits: 4745.
num_chunks_enlarged: 3172.
num_inconsistent_stats: 0.

CodeHeap 'non-profiled nmethods': size=120000Kb used=3495Kb max_used=3531Kb free=116504Kb
 bounds [0x000001bc17f90000, 0x000001bc18310000, 0x000001bc1f4c0000]
CodeHeap 'profiled nmethods': size=120000Kb used=10533Kb max_used=10748Kb free=109466Kb
 bounds [0x000001bc104c0000, 0x000001bc10f40000, 0x000001bc179f0000]
CodeHeap 'non-nmethods': size=5760Kb used=3070Kb max_used=3098Kb free=2689Kb
 bounds [0x000001bc179f0000, 0x000001bc17d00000, 0x000001bc17f90000]
 total_blobs=6757 nmethods=5811 adapters=848
 compilation: enabled
              stopped_count=0, restarted_count=0
 full_count=0

Compilation events (20 events):
Event: 7.892 Thread 0x000001bc257d7d70 6933       3       org.jetbrains.kotlin.metadata.ProtoBuf$Type::isInitialized (145 bytes)
Event: 7.892 Thread 0x000001bc257d7d70 nmethod 6933 0x000001bc10f3cc10 code [0x000001bc10f3cec0, 0x000001bc10f3db68]
Event: 7.892 Thread 0x000001bc257d7d70 6934       3       org.jetbrains.kotlin.metadata.ProtoBuf$Type::hasFlexibleUpperBound (16 bytes)
Event: 7.892 Thread 0x000001bc257d7d70 nmethod 6934 0x000001bc10f3df10 code [0x000001bc10f3e0a0, 0x000001bc10f3e208]
Event: 7.892 Thread 0x000001bc257d7d70 6935       3       org.jetbrains.kotlin.metadata.ProtoBuf$Type::hasOuterType (20 bytes)
Event: 7.892 Thread 0x000001bc257d7d70 nmethod 6935 0x000001bc10f3e290 code [0x000001bc10f3e420, 0x000001bc10f3e588]
Event: 7.892 Thread 0x000001bc257d7d70 6936       3       org.jetbrains.kotlin.metadata.ProtoBuf$Type::hasAbbreviatedType (20 bytes)
Event: 7.893 Thread 0x000001bc257d7d70 nmethod 6936 0x000001bc10f3e610 code [0x000001bc10f3e7a0, 0x000001bc10f3e908]
Event: 7.893 Thread 0x000001bc257d7d70 6937       3       org.jetbrains.kotlin.metadata.ProtoBuf$Class::getPropertyCount (10 bytes)
Event: 7.893 Thread 0x000001bc257d7d70 nmethod 6937 0x000001bc10f3e990 code [0x000001bc10f3eb40, 0x000001bc10f3ed10]
Event: 7.893 Thread 0x000001bc257d7d70 6921       3       org.jetbrains.kotlin.protobuf.SmallSortedMap::access$200 (5 bytes)
Event: 7.893 Thread 0x000001bc257d7d70 nmethod 6921 0x000001bc10f3ee10 code [0x000001bc10f3efc0, 0x000001bc10f3f218]
Event: 7.893 Thread 0x000001bc257d7d70 6929       3       org.jetbrains.kotlin.metadata.ProtoBuf$ValueParameter::getDefaultInstance (4 bytes)
Event: 7.893 Thread 0x000001bc257d7d70 nmethod 6929 0x000001bc10d07c90 code [0x000001bc10d07e20, 0x000001bc10d07f18]
Event: 7.893 Thread 0x000001bc257d7d70 6938       1       kotlin.Pair::component1 (5 bytes)
Event: 7.893 Thread 0x000001bc257d7d70 nmethod 6938 0x000001bc18302390 code [0x000001bc18302520, 0x000001bc183025e8]
Event: 7.893 Thread 0x000001bc257d7d70 6939       1       kotlin.Pair::component2 (5 bytes)
Event: 7.893 Thread 0x000001bc257d7d70 nmethod 6939 0x000001bc18302690 code [0x000001bc18302820, 0x000001bc183028e8]
Event: 7.893 Thread 0x000001bc257d7d70 6943       1       org.jetbrains.kotlin.serialization.deserialization.DeserializationComponents::getStorageManager (5 bytes)
Event: 7.893 Thread 0x000001bc257d7d70 nmethod 6943 0x000001bc18302990 code [0x000001bc18302b20, 0x000001bc18302be8]

GC Heap History (20 events):
Event: 4.316 GC heap before
{Heap before GC invocations=15 (full 0):
 garbage-first heap   total 103424K, used 89560K [0x0000000080000000, 0x0000000100000000)
  region size 1024K, 42 young (43008K), 6 survivors (6144K)
 Metaspace       used 55911K, committed 57472K, reserved 1114112K
  class space    used 7612K, committed 8384K, reserved 1048576K
}
Event: 4.320 GC heap after
{Heap after GC invocations=16 (full 0):
 garbage-first heap   total 103424K, used 55407K [0x0000000080000000, 0x0000000100000000)
  region size 1024K, 6 young (6144K), 6 survivors (6144K)
 Metaspace       used 55911K, committed 57472K, reserved 1114112K
  class space    used 7612K, committed 8384K, reserved 1048576K
}
Event: 5.292 GC heap before
{Heap before GC invocations=17 (full 0):
 garbage-first heap   total 109568K, used 105583K [0x0000000080000000, 0x0000000100000000)
  region size 1024K, 40 young (40960K), 6 survivors (6144K)
 Metaspace       used 57893K, committed 59456K, reserved 1114112K
  class space    used 7735K, committed 8512K, reserved 1048576K
}
Event: 5.297 GC heap after
{Heap after GC invocations=18 (full 0):
 garbage-first heap   total 118784K, used 75776K [0x0000000080000000, 0x0000000100000000)
  region size 1024K, 5 young (5120K), 5 survivors (5120K)
 Metaspace       used 57893K, committed 59456K, reserved 1114112K
  class space    used 7735K, committed 8512K, reserved 1048576K
}
Event: 5.401 GC heap before
{Heap before GC invocations=18 (full 0):
 garbage-first heap   total 118784K, used 106496K [0x0000000080000000, 0x0000000100000000)
  region size 1024K, 35 young (35840K), 5 survivors (5120K)
 Metaspace       used 58833K, committed 60480K, reserved 1114112K
  class space    used 7868K, committed 8704K, reserved 1048576K
}
Event: 5.404 GC heap after
{Heap after GC invocations=19 (full 0):
 garbage-first heap   total 118784K, used 76859K [0x0000000080000000, 0x0000000100000000)
  region size 1024K, 1 young (1024K), 1 survivors (1024K)
 Metaspace       used 58833K, committed 60480K, reserved 1114112K
  class space    used 7868K, committed 8704K, reserved 1048576K
}
Event: 5.760 GC heap before
{Heap before GC invocations=19 (full 0):
 garbage-first heap   total 118784K, used 107579K [0x0000000080000000, 0x0000000100000000)
  region size 1024K, 31 young (31744K), 1 survivors (1024K)
 Metaspace       used 64121K, committed 65728K, reserved 1114112K
  class space    used 8988K, committed 9792K, reserved 1048576K
}
Event: 5.763 GC heap after
{Heap after GC invocations=20 (full 0):
 garbage-first heap   total 143360K, used 79442K [0x0000000080000000, 0x0000000100000000)
  region size 1024K, 4 young (4096K), 4 survivors (4096K)
 Metaspace       used 64121K, committed 65728K, reserved 1114112K
  class space    used 8988K, committed 9792K, reserved 1048576K
}
Event: 6.122 GC heap before
{Heap before GC invocations=21 (full 0):
 garbage-first heap   total 143360K, used 123474K [0x0000000080000000, 0x0000000100000000)
  region size 1024K, 47 young (48128K), 4 survivors (4096K)
 Metaspace       used 70307K, committed 72064K, reserved 1114112K
  class space    used 9786K, committed 10624K, reserved 1048576K
}
Event: 6.125 GC heap after
{Heap after GC invocations=22 (full 0):
 garbage-first heap   total 143360K, used 80861K [0x0000000080000000, 0x0000000100000000)
  region size 1024K, 5 young (5120K), 5 survivors (5120K)
 Metaspace       used 70307K, committed 72064K, reserved 1114112K
  class space    used 9786K, committed 10624K, reserved 1048576K
}
Event: 6.605 GC heap before
{Heap before GC invocations=22 (full 0):
 garbage-first heap   total 143360K, used 134109K [0x0000000080000000, 0x0000000100000000)
  region size 1024K, 50 young (51200K), 5 survivors (5120K)
 Metaspace       used 77567K, committed 79232K, reserved 1179648K
  class space    used 10674K, committed 11456K, reserved 1048576K
}
Event: 6.608 GC heap after
{Heap after GC invocations=23 (full 0):
 garbage-first heap   total 143360K, used 80926K [0x0000000080000000, 0x0000000100000000)
  region size 1024K, 3 young (3072K), 3 survivors (3072K)
 Metaspace       used 77567K, committed 79232K, reserved 1179648K
  class space    used 10674K, committed 11456K, reserved 1048576K
}
Event: 6.673 GC heap before
{Heap before GC invocations=23 (full 0):
 garbage-first heap   total 143360K, used 85022K [0x0000000080000000, 0x0000000100000000)
  region size 1024K, 8 young (8192K), 3 survivors (3072K)
 Metaspace       used 78484K, committed 80192K, reserved 1179648K
  class space    used 10803K, committed 11648K, reserved 1048576K
}
Event: 6.675 GC heap after
{Heap after GC invocations=24 (full 0):
 garbage-first heap   total 143360K, used 80935K [0x0000000080000000, 0x0000000100000000)
  region size 1024K, 3 young (3072K), 3 survivors (3072K)
 Metaspace       used 78484K, committed 80192K, reserved 1179648K
  class space    used 10803K, committed 11648K, reserved 1048576K
}
Event: 7.015 GC heap before
{Heap before GC invocations=25 (full 0):
 garbage-first heap   total 148480K, used 138279K [0x0000000080000000, 0x0000000100000000)
  region size 1024K, 51 young (52224K), 3 survivors (3072K)
 Metaspace       used 79878K, committed 81536K, reserved 1179648K
  class space    used 10969K, committed 11776K, reserved 1048576K
}
Event: 7.025 GC heap after
{Heap after GC invocations=26 (full 0):
 garbage-first heap   total 154624K, used 94620K [0x0000000080000000, 0x0000000100000000)
  region size 1024K, 7 young (7168K), 7 survivors (7168K)
 Metaspace       used 79878K, committed 81536K, reserved 1179648K
  class space    used 10969K, committed 11776K, reserved 1048576K
}
Event: 7.520 GC heap before
{Heap before GC invocations=26 (full 0):
 garbage-first heap   total 154624K, used 143772K [0x0000000080000000, 0x0000000100000000)
  region size 1024K, 48 young (49152K), 7 survivors (7168K)
 Metaspace       used 85040K, committed 86720K, reserved 1179648K
  class space    used 11529K, committed 12352K, reserved 1048576K
}
Event: 7.526 GC heap after
{Heap after GC invocations=27 (full 0):
 garbage-first heap   total 157696K, used 105646K [0x0000000080000000, 0x0000000100000000)
  region size 1024K, 4 young (4096K), 4 survivors (4096K)
 Metaspace       used 85040K, committed 86720K, reserved 1179648K
  class space    used 11529K, committed 12352K, reserved 1048576K
}
Event: 7.861 GC heap before
{Heap before GC invocations=27 (full 0):
 garbage-first heap   total 157696K, used 141486K [0x0000000080000000, 0x0000000100000000)
  region size 1024K, 40 young (40960K), 4 survivors (4096K)
 Metaspace       used 89965K, committed 91776K, reserved 1179648K
  class space    used 11988K, committed 12864K, reserved 1048576K
}
Event: 7.864 GC heap after
{Heap after GC invocations=28 (full 0):
 garbage-first heap   total 157696K, used 108314K [0x0000000080000000, 0x0000000100000000)
  region size 1024K, 3 young (3072K), 3 survivors (3072K)
 Metaspace       used 89965K, committed 91776K, reserved 1179648K
  class space    used 11988K, committed 12864K, reserved 1048576K
}

Dll operation events (3 events):
Event: 0.009 Loaded shared library C:\Program Files\Android\Android Studio\jbr\bin\java.dll
Event: 0.013 Loaded shared library C:\Program Files\Android\Android Studio\jbr\bin\zip.dll
Event: 0.343 Loaded shared library C:\Program Files\Android\Android Studio\jbr\bin\verify.dll

Deoptimization events (20 events):
Event: 7.379 Thread 0x000001bc2be98a80 DEOPT PACKING pc=0x000001bc1825e9fc sp=0x0000001ffeaf0d20
Event: 7.379 Thread 0x000001bc2be98a80 DEOPT UNPACKING pc=0x000001bc17a47da2 sp=0x0000001ffeaf0cd0 mode 2
Event: 7.380 Thread 0x000001bc2be98a80 Uncommon trap: trap_request=0xffffffbe fr.pc=0x000001bc1825de8c relative=0x000000000000026c
Event: 7.380 Thread 0x000001bc2be98a80 Uncommon trap: reason=profile_predicate action=maybe_recompile pc=0x000001bc1825de8c method=java.util.LinkedHashMap.keysToArray([Ljava/lang/Object;Z)[Ljava/lang/Object; @ 51 c2
Event: 7.380 Thread 0x000001bc2be98a80 DEOPT PACKING pc=0x000001bc1825de8c sp=0x0000001ffeaf0d20
Event: 7.380 Thread 0x000001bc2be98a80 DEOPT UNPACKING pc=0x000001bc17a47da2 sp=0x0000001ffeaf0cd8 mode 2
Event: 7.483 Thread 0x000001bc2be98a80 Uncommon trap: trap_request=0xffffff45 fr.pc=0x000001bc182339c4 relative=0x0000000000005c04
Event: 7.484 Thread 0x000001bc2be98a80 Uncommon trap: reason=unstable_if action=reinterpret pc=0x000001bc182339c4 method=java.lang.invoke.InvokerBytecodeGenerator.addMethod()V @ 81 c2
Event: 7.484 Thread 0x000001bc2be98a80 DEOPT PACKING pc=0x000001bc182339c4 sp=0x0000001ffeaf2400
Event: 7.484 Thread 0x000001bc2be98a80 DEOPT UNPACKING pc=0x000001bc17a47da2 sp=0x0000001ffeaf23f0 mode 2
Event: 7.795 Thread 0x000001bc2be98a80 Uncommon trap: trap_request=0xffffffc6 fr.pc=0x000001bc1824a848 relative=0x0000000000000d48
Event: 7.795 Thread 0x000001bc2be98a80 Uncommon trap: reason=bimorphic_or_optimized_type_check action=maybe_recompile pc=0x000001bc1824a848 method=java.util.HashMap.computeIfAbsent(Ljava/lang/Object;Ljava/util/function/Function;)Ljava/lang/Object; @ 142 c2
Event: 7.795 Thread 0x000001bc2be98a80 DEOPT PACKING pc=0x000001bc1824a848 sp=0x0000001ffeaf4cc0
Event: 7.795 Thread 0x000001bc2be98a80 DEOPT UNPACKING pc=0x000001bc17a47da2 sp=0x0000001ffeaf4c70 mode 2
Event: 7.881 Thread 0x000001bc2be98a80 DEOPT PACKING pc=0x000001bc10913fa1 sp=0x0000001ffeaf3540
Event: 7.881 Thread 0x000001bc2be98a80 DEOPT UNPACKING pc=0x000001bc17a488e2 sp=0x0000001ffeaf2a40 mode 0
Event: 7.892 Thread 0x000001bc2be98a80 Uncommon trap: trap_request=0xffffffd6 fr.pc=0x000001bc182eb06c relative=0x00000000000003ac
Event: 7.892 Thread 0x000001bc2be98a80 Uncommon trap: reason=array_check action=maybe_recompile pc=0x000001bc182eb06c method=java.util.LinkedHashMap.keysToArray([Ljava/lang/Object;Z)[Ljava/lang/Object; @ 67 c2
Event: 7.892 Thread 0x000001bc2be98a80 DEOPT PACKING pc=0x000001bc182eb06c sp=0x0000001ffeaf2d90
Event: 7.892 Thread 0x000001bc2be98a80 DEOPT UNPACKING pc=0x000001bc17a47da2 sp=0x0000001ffeaf2d30 mode 2

Classes loaded (20 events):
Event: 6.654 Loading class jdk/internal/misc/ExtendedMapMode
Event: 6.654 Loading class jdk/internal/misc/ExtendedMapMode done
Event: 6.655 Loading class sun/nio/ch/FileChannelImpl$DefaultUnmapper
Event: 6.655 Loading class sun/nio/ch/FileChannelImpl$Unmapper
Event: 6.655 Loading class jdk/internal/access/foreign/UnmapperProxy
Event: 6.655 Loading class jdk/internal/access/foreign/UnmapperProxy done
Event: 6.655 Loading class sun/nio/ch/FileChannelImpl$Unmapper done
Event: 6.655 Loading class sun/nio/ch/FileChannelImpl$DefaultUnmapper done
Event: 6.655 Loading class sun/nio/ch/Util$4
Event: 6.655 Loading class sun/nio/ch/Util$4 done
Event: 6.655 Loading class java/lang/foreign/MemorySegment
Event: 6.656 Loading class java/lang/foreign/MemorySegment done
Event: 6.658 Loading class java/io/UTFDataFormatException
Event: 6.658 Loading class java/io/UTFDataFormatException done
Event: 6.685 Loading class java/util/zip/ZipFile$ZipEntryIterator
Event: 6.685 Loading class java/util/zip/ZipFile$ZipEntryIterator done
Event: 6.877 Loading class java/nio/channels/Channels$ReadableByteChannelImpl
Event: 6.877 Loading class java/nio/channels/Channels$ReadableByteChannelImpl done
Event: 6.878 Loading class java/nio/channels/NonWritableChannelException
Event: 6.878 Loading class java/nio/channels/NonWritableChannelException done

Classes unloaded (0 events):
No events

Classes redefined (0 events):
No events

Internal exceptions (20 events):
Event: 6.121 Thread 0x000001bc2be98a80 Exception <a 'java/lang/NoSuchMethodError'{0x00000000856affc8}: 'int java.lang.invoke.DelegatingMethodHandle$Holder.reinvoke_L(java.lang.Object, java.lang.Object, java.lang.Object, long, java.lang.Object, java.lang.Object)'> (0x00000000856affc8) 
thrown [s\src\hotspot\share\interpreter\linkResolver.cpp, line 784]
Event: 6.121 Thread 0x000001bc2be98a80 Exception <a 'java/lang/NoSuchMethodError'{0x00000000856bf708}: 'int java.lang.invoke.DelegatingMethodHandle$Holder.reinvoke_L(java.lang.Object, java.lang.Object, java.lang.Object, long, int, int)'> (0x00000000856bf708) 
thrown [s\src\hotspot\share\interpreter\linkResolver.cpp, line 784]
Event: 6.121 Thread 0x000001bc2be98a80 Exception <a 'java/lang/NoSuchMethodError'{0x00000000856cebf8}: 'int java.lang.invoke.DelegatingMethodHandle$Holder.reinvoke_L(java.lang.Object, java.lang.Object, java.lang.Object, long, long, long)'> (0x00000000856cebf8) 
thrown [s\src\hotspot\share\interpreter\linkResolver.cpp, line 784]
Event: 6.122 Thread 0x000001bc2be98a80 Exception <a 'java/lang/NoSuchMethodError'{0x00000000856ddd90}: 'int java.lang.invoke.DelegatingMethodHandle$Holder.reinvoke_L(java.lang.Object, java.lang.Object, java.lang.Object, long, int)'> (0x00000000856ddd90) 
thrown [s\src\hotspot\share\interpreter\linkResolver.cpp, line 784]
Event: 6.122 Thread 0x000001bc2be98a80 Exception <a 'java/lang/NoSuchMethodError'{0x00000000856efe08}: 'long java.lang.invoke.DelegatingMethodHandle$Holder.reinvoke_L(java.lang.Object, java.lang.Object, java.lang.Object, long)'> (0x00000000856efe08) 
thrown [s\src\hotspot\share\interpreter\linkResolver.cpp, line 784]
Event: 6.125 Thread 0x000001bc2be98a80 Exception <a 'java/lang/NoSuchMethodError'{0x000000008fb03370}: 'void java.lang.invoke.DelegatingMethodHandle$Holder.reinvoke_L(java.lang.Object, java.lang.Object, java.lang.Object, long, java.lang.Object, long, long)'> (0x000000008fb03370) 
thrown [s\src\hotspot\share\interpreter\linkResolver.cpp, line 784]
Event: 6.125 Thread 0x000001bc2be98a80 Exception <a 'java/lang/NoSuchMethodError'{0x000000008fb0b438}: 'long java.lang.invoke.Invokers$Holder.invokeExact_MT(java.lang.Object, java.lang.Object, java.lang.Object)'> (0x000000008fb0b438) 
thrown [s\src\hotspot\share\interpreter\linkResolver.cpp, line 784]
Event: 6.126 Thread 0x000001bc2be98a80 Exception <a 'java/lang/NoSuchMethodError'{0x000000008fb10448}: 'int java.lang.invoke.Invokers$Holder.invokeExact_MT(java.lang.Object, java.lang.Object, java.lang.Object)'> (0x000000008fb10448) 
thrown [s\src\hotspot\share\interpreter\linkResolver.cpp, line 784]
Event: 6.458 Thread 0x000001bc2be98a80 Exception <a 'java/lang/NoSuchMethodError'{0x00000000866897d0}: 'java.lang.Object java.lang.invoke.DirectMethodHandle$Holder.invokeStatic(java.lang.Object, java.lang.Object, java.lang.Object, java.lang.Object, int, java.lang.Object)'> (0x00000000866897d0) 
thrown [s\src\hotspot\share\interpreter\linkResolver.cpp, line 784]
Event: 6.626 Thread 0x000001bc2be98a80 Exception <a 'java/lang/NoSuchMethodError'{0x000000008e276bd0}: 'java.lang.Object java.lang.invoke.Invokers$Holder.invokeExact_MT(java.lang.Object, java.lang.Object, long, java.lang.Object)'> (0x000000008e276bd0) 
thrown [s\src\hotspot\share\interpreter\linkResolver.cpp, line 784]
Event: 6.656 Thread 0x000001bc2be98a80 Exception <a 'java/lang/NoSuchMethodError'{0x000000008e0bb800}: 'long java.lang.invoke.DirectMethodHandle$Holder.invokeStatic(java.lang.Object, java.lang.Object, int)'> (0x000000008e0bb800) 
thrown [s\src\hotspot\share\interpreter\linkResolver.cpp, line 784]
Event: 6.657 Thread 0x000001bc2be98a80 Exception <a 'java/lang/NoSuchMethodError'{0x000000008e0c7ed0}: 'java.lang.Object java.lang.invoke.DelegatingMethodHandle$Holder.reinvoke_L(java.lang.Object, int, long, java.lang.Object, java.lang.Object, int, java.lang.Object)'> (0x000000008e0c7ed0) 
thrown [s\src\hotspot\share\interpreter\linkResolver.cpp, line 784]
Event: 6.685 Thread 0x000001bc2be98a80 Implicit null exception at 0x000001bc18036f63 to 0x000001bc18037abc
Event: 6.841 Thread 0x000001bc2be98a80 Implicit null exception at 0x000001bc182b464f to 0x000001bc182b67ac
Event: 6.841 Thread 0x000001bc2be98a80 Implicit null exception at 0x000001bc181dd0a7 to 0x000001bc181dd710
Event: 7.841 Thread 0x000001bc2be98a80 Exception <a 'java/lang/NoSuchMethodError'{0x0000000086cb66c8}: 'java.lang.Object java.lang.invoke.DirectMethodHandle$Holder.newInvokeSpecial(java.lang.Object, java.lang.Object, java.lang.Object, java.lang.Object, java.lang.Object, java.lang.Object, java.lang.Object, java.lang.Object, java.lang.Object, java.lang.Object, java.lang.Object, java.lang.Object, java.lang.Object, java.lang.Object)'> (0x0000000086cb66c8) 
thrown [s\src\hotspot\share\interpreter\linkResolver.cpp, line 784]
Event: 7.849 Thread 0x000001bc2be98a80 Exception <a 'java/lang/NoSuchMethodError'{0x0000000086bed4f0}: 'java.lang.Object java.lang.invoke.DirectMethodHandle$Holder.newInvokeSpecial(java.lang.Object, java.lang.Object, java.lang.Object, java.lang.Object, java.lang.Object, java.lang.Object, java.lang.Object, java.lang.Object, java.lang.Object, java.lang.Object, java.lang.Object, java.lang.Object, java.lang.Object, java.lang.Object, java.lang.Object, java.lang.Object, java.lang.Object, java.lang.Object, java.lang.Object, java.lang.Object, java.lang
Event: 7.860 Thread 0x000001bc2be98a80 Exception <a 'java/lang/NoSuchMethodError'{0x00000000869da5d0}: 'java.lang.Object java.lang.invoke.DirectMethodHandle$Holder.newInvokeSpecial(java.lang.Object, java.lang.Object, java.lang.Object, java.lang.Object, java.lang.Object, java.lang.Object, java.lang.Object, java.lang.Object, java.lang.Object, java.lang.Object, java.lang.Object, java.lang.Object, java.lang.Object, java.lang.Object, java.lang.Object, java.lang.Object, java.lang.Object, java.lang.Object, java.lang.Object, java.lang.Object)'> (0x0000
Event: 7.861 Thread 0x000001bc2be98a80 Exception <a 'java/lang/NoSuchMethodError'{0x00000000869e1f90}: 'java.lang.Object java.lang.invoke.DirectMethodHandle$Holder.invokeSpecial(java.lang.Object, java.lang.Object, java.lang.Object, java.lang.Object, java.lang.Object, java.lang.Object, java.lang.Object, java.lang.Object, java.lang.Object, java.lang.Object, java.lang.Object, java.lang.Object, java.lang.Object, java.lang.Object, java.lang.Object, java.lang.Object, java.lang.Object, java.lang.Object, java.lang.Object, java.lang.Object, java.lang.Ob
Event: 7.861 Thread 0x000001bc2be98a80 Exception <a 'java/lang/NoSuchMethodError'{0x00000000869e8750}: 'java.lang.Object java.lang.invoke.DelegatingMethodHandle$Holder.reinvoke_L(java.lang.Object, java.lang.Object, java.lang.Object, java.lang.Object, java.lang.Object, java.lang.Object, java.lang.Object, java.lang.Object, java.lang.Object, java.lang.Object, java.lang.Object, java.lang.Object, java.lang.Object, java.lang.Object, java.lang.Object, java.lang.Object, java.lang.Object, java.lang.Object, java.lang.Object, java.lang.Object)'> (0x000000

ZGC Phase Switch (0 events):
No events

VM Operations (20 events):
Event: 6.157 Executing VM operation: HandshakeAllThreads (Deoptimize) done
Event: 6.158 Executing VM operation: HandshakeAllThreads (Deoptimize)
Event: 6.158 Executing VM operation: HandshakeAllThreads (Deoptimize) done
Event: 6.553 Executing VM operation: HandshakeAllThreads (Deoptimize)
Event: 6.553 Executing VM operation: HandshakeAllThreads (Deoptimize) done
Event: 6.605 Executing VM operation: G1CollectForAllocation (G1 Evacuation Pause)
Event: 6.608 Executing VM operation: G1CollectForAllocation (G1 Evacuation Pause) done
Event: 6.673 Executing VM operation: G1TryInitiateConcMark (G1 Humongous Allocation)
Event: 6.675 Executing VM operation: G1TryInitiateConcMark (G1 Humongous Allocation) done
Event: 6.694 Executing VM operation: G1PauseRemark
Event: 6.697 Executing VM operation: G1PauseRemark done
Event: 6.705 Executing VM operation: G1PauseCleanup
Event: 6.705 Executing VM operation: G1PauseCleanup done
Event: 7.015 Executing VM operation: G1CollectForAllocation (G1 Evacuation Pause)
Event: 7.025 Executing VM operation: G1CollectForAllocation (G1 Evacuation Pause) done
Event: 7.520 Executing VM operation: G1CollectForAllocation (G1 Evacuation Pause)
Event: 7.526 Executing VM operation: G1CollectForAllocation (G1 Evacuation Pause) done
Event: 7.861 Executing VM operation: G1CollectForAllocation (G1 Evacuation Pause)
Event: 7.864 Executing VM operation: G1CollectForAllocation (G1 Evacuation Pause) done
Event: 7.896 Executing VM operation: G1PauseRemark

Memory protections (0 events):
No events

Nmethod flushes (20 events):
Event: 7.898 Thread 0x000001bc2566f600 flushing  nmethod 0x000001bc10859790
Event: 7.898 Thread 0x000001bc2566f600 flushing  nmethod 0x000001bc10e69c90
Event: 7.898 Thread 0x000001bc2566f600 flushing  nmethod 0x000001bc17fe5410
Event: 7.898 Thread 0x000001bc2566f600 flushing  nmethod 0x000001bc17fe6810
Event: 7.898 Thread 0x000001bc2566f600 flushing  nmethod 0x000001bc1801e710
Event: 7.898 Thread 0x000001bc2566f600 flushing  nmethod 0x000001bc180b0490
Event: 7.898 Thread 0x000001bc2566f600 flushing  nmethod 0x000001bc10a2f290
Event: 7.898 Thread 0x000001bc2566f600 flushing  nmethod 0x000001bc17fb2e10
Event: 7.898 Thread 0x000001bc2566f600 flushing  nmethod 0x000001bc10558e90
Event: 7.898 Thread 0x000001bc2566f600 flushing  nmethod 0x000001bc10566d90
Event: 7.898 Thread 0x000001bc2566f600 flushing  nmethod 0x000001bc106e1590
Event: 7.898 Thread 0x000001bc2566f600 flushing  nmethod 0x000001bc1079e590
Event: 7.898 Thread 0x000001bc2566f600 flushing  nmethod 0x000001bc1094ae10
Event: 7.898 Thread 0x000001bc2566f600 flushing  nmethod 0x000001bc10b1e710
Event: 7.898 Thread 0x000001bc2566f600 flushing  nmethod 0x000001bc17fedf10
Event: 7.898 Thread 0x000001bc2566f600 flushing  nmethod 0x000001bc1054a010
Event: 7.898 Thread 0x000001bc2566f600 flushing  nmethod 0x000001bc10659d90
Event: 7.898 Thread 0x000001bc2566f600 flushing  nmethod 0x000001bc10714690
Event: 7.898 Thread 0x000001bc2566f600 flushing  nmethod 0x000001bc10993190
Event: 7.898 Thread 0x000001bc2566f600 flushing  nmethod 0x000001bc10b9fa90

Events (20 events):
Event: 4.666 Thread 0x000001bc2be98a80 Thread added: 0x000001bc2f725730
Event: 4.667 Thread 0x000001bc2be98a80 Thread added: 0x000001bc2f72c030
Event: 4.667 Thread 0x000001bc2be98a80 Thread added: 0x000001bc2f72c6c0
Event: 4.667 Thread 0x000001bc2be98a80 Thread added: 0x000001bc2f72b310
Event: 4.668 Thread 0x000001bc2be98a80 Thread added: 0x000001bc2f729240
Event: 4.668 Thread 0x000001bc2be98a80 Thread added: 0x000001bc2f72b9a0
Event: 4.668 Thread 0x000001bc2be98a80 Thread added: 0x000001bc2f72ac80
Event: 4.668 Thread 0x000001bc2be98a80 Thread added: 0x000001bc2f7298d0
Event: 5.128 Thread 0x000001bc257d6900 Thread exited: 0x000001bc257d6900
Event: 5.128 Thread 0x000001bc257d5b60 Thread exited: 0x000001bc257d5b60
Event: 5.373 Thread 0x000001bc257d7d70 Thread added: 0x000001bc257d6900
Event: 5.373 Thread 0x000001bc257d7d70 Thread added: 0x000001bc257d5b60
Event: 5.896 Thread 0x000001bc257d5b60 Thread exited: 0x000001bc257d5b60
Event: 6.333 Thread 0x000001bc257d6900 Thread exited: 0x000001bc257d6900
Event: 6.497 Thread 0x000001bc257d7d70 Thread added: 0x000001bc257d5b60
Event: 6.710 Thread 0x000001bc257d35f0 Thread added: 0x000001bc257d6900
Event: 7.587 Thread 0x000001bc257d6900 Thread exited: 0x000001bc257d6900
Event: 7.592 Thread 0x000001bc257d5b60 Thread exited: 0x000001bc257d5b60
Event: 7.877 Thread 0x000001bc257d7d70 Thread added: 0x000001bc2ff54270
Event: 7.883 Thread 0x000001bc257d35f0 Thread added: 0x000001bc2ff55010


Dynamic libraries:
0x00007ff755270000 - 0x00007ff75527a000 	C:\Program Files\Android\Android Studio\jbr\bin\java.exe
0x00007fff1bda0000 - 0x00007fff1c007000 	C:\WINDOWS\SYSTEM32\ntdll.dll
0x00007fff1a6b0000 - 0x00007fff1a779000 	C:\WINDOWS\System32\KERNEL32.DLL
0x00007fff19390000 - 0x00007fff19780000 	C:\WINDOWS\System32\KERNELBASE.dll
0x00007fff190f0000 - 0x00007fff1923b000 	C:\WINDOWS\System32\ucrtbase.dll
0x00007fff00d30000 - 0x00007fff00d4b000 	C:\Program Files\Android\Android Studio\jbr\bin\VCRUNTIME140.dll
0x00007fff00d80000 - 0x00007fff00d98000 	C:\Program Files\Android\Android Studio\jbr\bin\jli.dll
0x00007fff1b780000 - 0x00007fff1b945000 	C:\WINDOWS\System32\USER32.dll
0x00007fff02070000 - 0x00007fff0230a000 	C:\WINDOWS\WinSxS\amd64_microsoft.windows.common-controls_6595b64144ccf1df_6.0.26100.4768_none_3e0c112ce331287c\COMCTL32.dll
0x00007fff18ed0000 - 0x00007fff18ef7000 	C:\WINDOWS\System32\win32u.dll
0x00007fff1a8f0000 - 0x00007fff1a999000 	C:\WINDOWS\System32\msvcrt.dll
0x00007fff1a9a0000 - 0x00007fff1a9cb000 	C:\WINDOWS\System32\GDI32.dll
0x00007fff18fb0000 - 0x00007fff190e8000 	C:\WINDOWS\System32\gdi32full.dll
0x00007fff18f00000 - 0x00007fff18fa3000 	C:\WINDOWS\System32\msvcp_win.dll
0x00007fff19bb0000 - 0x00007fff19bdf000 	C:\WINDOWS\System32\IMM32.DLL
0x00007fff15860000 - 0x00007fff1586c000 	C:\Program Files\Android\Android Studio\jbr\bin\vcruntime140_1.dll
0x00007ffedc4c0000 - 0x00007ffedc54d000 	C:\Program Files\Android\Android Studio\jbr\bin\msvcp140.dll
0x00007ffe7d350000 - 0x00007ffe7dfdb000 	C:\Program Files\Android\Android Studio\jbr\bin\server\jvm.dll
0x00007fff19c70000 - 0x00007fff19d24000 	C:\WINDOWS\System32\ADVAPI32.dll
0x00007fff1b660000 - 0x00007fff1b706000 	C:\WINDOWS\System32\sechost.dll
0x00007fff1b3b0000 - 0x00007fff1b4c8000 	C:\WINDOWS\System32\RPCRT4.dll
0x00007fff19bf0000 - 0x00007fff19c64000 	C:\WINDOWS\System32\WS2_32.dll
0x00007fff18d30000 - 0x00007fff18d8e000 	C:\WINDOWS\SYSTEM32\POWRPROF.dll
0x00007fff13210000 - 0x00007fff1321b000 	C:\WINDOWS\SYSTEM32\VERSION.dll
0x00007fff0cea0000 - 0x00007fff0ced5000 	C:\WINDOWS\SYSTEM32\WINMM.dll
0x00007fff18d10000 - 0x00007fff18d24000 	C:\WINDOWS\SYSTEM32\UMPDC.dll
0x00007fff17c50000 - 0x00007fff17c6b000 	C:\WINDOWS\SYSTEM32\kernel.appcore.dll
0x00007fff157f0000 - 0x00007fff157fa000 	C:\Program Files\Android\Android Studio\jbr\bin\jimage.dll
0x00007fff16440000 - 0x00007fff16681000 	C:\WINDOWS\SYSTEM32\DBGHELP.DLL
0x00007fff1b950000 - 0x00007fff1bcd5000 	C:\WINDOWS\System32\combase.dll
0x00007fff19d30000 - 0x00007fff19e10000 	C:\WINDOWS\System32\OLEAUT32.dll
0x00007ffee3a90000 - 0x00007ffee3ad3000 	C:\WINDOWS\SYSTEM32\dbgcore.DLL
0x00007fff19a90000 - 0x00007fff19b29000 	C:\WINDOWS\System32\bcryptPrimitives.dll
0x00007ffef2030000 - 0x00007ffef203e000 	C:\Program Files\Android\Android Studio\jbr\bin\instrument.dll
0x00007ffeec790000 - 0x00007ffeec7b0000 	C:\Program Files\Android\Android Studio\jbr\bin\java.dll
0x00007ffeec750000 - 0x00007ffeec768000 	C:\Program Files\Android\Android Studio\jbr\bin\zip.dll
0x00007fff1a9d0000 - 0x00007fff1b11d000 	C:\WINDOWS\System32\SHELL32.dll
0x00007fff19910000 - 0x00007fff19a83000 	C:\WINDOWS\System32\wintypes.dll
0x00007fff16aa0000 - 0x00007fff172ff000 	C:\WINDOWS\SYSTEM32\windows.storage.dll
0x00007fff1b280000 - 0x00007fff1b375000 	C:\WINDOWS\System32\SHCORE.dll
0x00007fff1b710000 - 0x00007fff1b77a000 	C:\WINDOWS\System32\shlwapi.dll
0x00007fff18df0000 - 0x00007fff18e19000 	C:\WINDOWS\SYSTEM32\profapi.dll
0x00007fff122c0000 - 0x00007fff122d0000 	C:\Program Files\Android\Android Studio\jbr\bin\net.dll
0x00007fff12ca0000 - 0x00007fff12dbe000 	C:\WINDOWS\SYSTEM32\WINHTTP.dll
0x00007fff181e0000 - 0x00007fff1824b000 	C:\WINDOWS\system32\mswsock.dll
0x00007ffeec730000 - 0x00007ffeec746000 	C:\Program Files\Android\Android Studio\jbr\bin\nio.dll
0x00007ffeec780000 - 0x00007ffeec790000 	C:\Program Files\Android\Android Studio\jbr\bin\verify.dll
0x00007ffeec550000 - 0x00007ffeec577000 	C:\Users\asish\.gradle\native\c067742578af261105cb4f569cf0c3c89f3d7b1fecec35dd04571415982c5e48\windows-amd64\native-platform.dll
0x00007ffe942b0000 - 0x00007ffe943f4000 	C:\Users\asish\.gradle\native\100fb08df4bc3b14c8652ba06237920a3bd2aa13389f12d3474272988ae205f9\windows-amd64\native-platform-file-events.dll
0x00007ffefceb0000 - 0x00007ffefceb9000 	C:\Program Files\Android\Android Studio\jbr\bin\management.dll
0x00007ffeec8f0000 - 0x00007ffeec8fb000 	C:\Program Files\Android\Android Studio\jbr\bin\management_ext.dll
0x00007fff1b380000 - 0x00007fff1b388000 	C:\WINDOWS\System32\PSAPI.DLL
0x00007fff184a0000 - 0x00007fff184bb000 	C:\WINDOWS\SYSTEM32\CRYPTSP.dll
0x00007fff17bb0000 - 0x00007fff17beb000 	C:\WINDOWS\system32\rsaenh.dll
0x00007fff18280000 - 0x00007fff182ab000 	C:\WINDOWS\SYSTEM32\USERENV.dll
0x00007fff18dc0000 - 0x00007fff18de6000 	C:\WINDOWS\SYSTEM32\bcrypt.dll
0x00007fff184c0000 - 0x00007fff184cc000 	C:\WINDOWS\SYSTEM32\CRYPTBASE.dll
0x00007fff17660000 - 0x00007fff17693000 	C:\WINDOWS\SYSTEM32\IPHLPAPI.DLL
0x00007fff1b3a0000 - 0x00007fff1b3aa000 	C:\WINDOWS\System32\NSI.dll
0x00007fff12250000 - 0x00007fff12259000 	C:\Program Files\Android\Android Studio\jbr\bin\extnet.dll
0x00007ffe81db0000 - 0x00007ffe81db8000 	C:\WINDOWS\system32\wshunix.dll

dbghelp: loaded successfully - version: 4.0.5 - missing functions: none
symbol engine: initialized successfully - sym options: 0x614 - pdb path: .;C:\Program Files\Android\Android Studio\jbr\bin;C:\WINDOWS\SYSTEM32;C:\WINDOWS\WinSxS\amd64_microsoft.windows.common-controls_6595b64144ccf1df_6.0.26100.4768_none_3e0c112ce331287c;C:\Program Files\Android\Android Studio\jbr\bin\server;C:\Users\asish\.gradle\native\c067742578af261105cb4f569cf0c3c89f3d7b1fecec35dd04571415982c5e48\windows-amd64;C:\Users\asish\.gradle\native\100fb08df4bc3b14c8652ba06237920a3bd2aa13389f12d3474272988ae205f9\windows-amd64

VM Arguments:
jvm_args: --add-opens=java.base/java.lang=ALL-UNNAMED --add-opens=java.base/java.lang.invoke=ALL-UNNAMED --add-opens=java.base/java.util=ALL-UNNAMED --add-opens=java.prefs/java.util.prefs=ALL-UNNAMED --add-exports=jdk.compiler/com.sun.tools.javac.api=ALL-UNNAMED --add-exports=jdk.compiler/com.sun.tools.javac.util=ALL-UNNAMED --add-opens=java.base/java.util=ALL-UNNAMED --add-opens=java.prefs/java.util.prefs=ALL-UNNAMED --add-opens=java.base/java.nio.charset=ALL-UNNAMED --add-opens=java.base/java.net=ALL-UNNAMED --add-opens=java.base/java.util.concurrent.atomic=ALL-UNNAMED --add-opens=java.xml/javax.xml.namespace=ALL-UNNAMED -Xmx2048m -Dfile.encoding=UTF-8 -Duser.country=IN -Duser.language=en -Duser.variant -javaagent:C:\Users\asish\.gradle\wrapper\dists\gradle-8.11.1-bin\bpt9gzteqjrbo1mjrsomdt32c\gradle-8.11.1\lib\agents\gradle-instrumentation-agent-8.11.1.jar 
java_command: org.gradle.launcher.daemon.bootstrap.GradleDaemon 8.11.1
java_class_path (initial): C:\Users\asish\.gradle\wrapper\dists\gradle-8.11.1-bin\bpt9gzteqjrbo1mjrsomdt32c\gradle-8.11.1\lib\gradle-daemon-main-8.11.1.jar
Launcher Type: SUN_STANDARD

[Global flags]
     intx CICompilerCount                          = 4                                         {product} {ergonomic}
     uint ConcGCThreads                            = 3                                         {product} {ergonomic}
     uint G1ConcRefinementThreads                  = 10                                        {product} {ergonomic}
   size_t G1HeapRegionSize                         = 1048576                                   {product} {ergonomic}
    uintx GCDrainStackTargetSize                   = 64                                        {product} {ergonomic}
   size_t InitialHeapSize                          = 264241152                                 {product} {ergonomic}
   size_t MarkStackSize                            = 4194304                                   {product} {ergonomic}
   size_t MaxHeapSize                              = 2147483648                                {product} {command line}
   size_t MaxNewSize                               = 1287651328                                {product} {ergonomic}
   size_t MinHeapDeltaBytes                        = 1048576                                   {product} {ergonomic}
   size_t MinHeapSize                              = 8388608                                   {product} {ergonomic}
    uintx NonNMethodCodeHeapSize                   = 5839372                                {pd product} {ergonomic}
    uintx NonProfiledCodeHeapSize                  = 122909434                              {pd product} {ergonomic}
    uintx ProfiledCodeHeapSize                     = 122909434                              {pd product} {ergonomic}
    uintx ReservedCodeCacheSize                    = 251658240                              {pd product} {ergonomic}
     bool SegmentedCodeCache                       = true                                      {product} {ergonomic}
   size_t SoftMaxHeapSize                          = 2147483648                             {manageable} {ergonomic}
     bool UseCompressedOops                        = true                           {product lp64_product} {ergonomic}
     bool UseG1GC                                  = true                                      {product} {ergonomic}
     bool UseLargePagesIndividualAllocation        = false                                  {pd product} {ergonomic}

Logging:
Log output configuration:
 #0: stdout all=warning uptime,level,tags foldmultilines=false
 #1: stderr all=off uptime,level,tags foldmultilines=false

Environment Variables:
JAVA_HOME=C:\Users\asish\AppData\Local\Programs\Eclipse Adoptium\jdk-17.0.10.7-hotspot\
PATH=C:\Program Files\Python312\Scripts\;C:\Program Files\Python312\;C:\Windows\system32;C:\Windows;C:\Windows\System32\Wbem;C:\Windows\System32\WindowsPowerShell\v1.0\;C:\Windows\System32\OpenSSH\;C:\Program Files (x86)\NVIDIA Corporation\PhysX\Common;C:\WINDOWS\system32;C:\WINDOWS;C:\WINDOWS\System32\Wbem;C:\WINDOWS\System32\WindowsPowerShell\v1.0\;C:\WINDOWS\System32\OpenSSH\;C:\Program Files\dotnet\;C:\Program Files\Git\cmd;C:\Program Files\php-8.4.1;;C:\Program Files\NVIDIA Corporation\NVIDIA app\NvDLISR;c:\Users\asish\AppData\Local\Programs\cursor\resources\app\bin;C:\Users\asish\AppData\Local\Programs\Eclipse Adoptium\jdk-17.0.10.7-hotspot\bin;C:\Users\asish\AppData\Local\Microsoft\WindowsApps;C:\Users\asish\AppData\Local\Programs\Microsoft VS Code\bin;C:\Users\asish\AppData\Local\GitHubDesktop\bin;C:\FlutterDev\sdk\flutter\bin;C:\Users\asish\AppData\Local\Programs\cursor\resources\app\bin
USERNAME=asish
OS=Windows_NT
PROCESSOR_IDENTIFIER=Intel64 Family 6 Model 141 Stepping 1, GenuineIntel
TMP=C:\Users\asish\AppData\Local\Temp
TEMP=C:\Users\asish\AppData\Local\Temp




Periodic native trim disabled

JNI global refs:
JNI global refs: 26, weak refs: 0

JNI global refs memory usage: 835, weak refs: 833

Process memory usage:
Resident Set Size: 410912K (2% of 16471724K total physical memory with 1417096K free physical memory)

OOME stack traces (most recent first):
Classloader memory used:
Loader org.gradle.internal.classloader.VisitableURLClassLoader                         : 57890K
Loader bootstrap                                                                       : 23262K
Loader org.gradle.initialization.MixInLegacyTypesClassLoader                           : 6415K
Loader org.gradle.internal.classloader.VisitableURLClassLoader                         : 694K
Loader org.gradle.internal.classloader.VisitableURLClassLoader$InstrumentingVisitableURLClassLoader: 565K
Loader jdk.internal.loader.ClassLoaders$PlatformClassLoader                            : 514K
Loader jdk.internal.jrtfs.JrtFileSystemProvider$JrtFsLoader                            : 305K
Loader jdk.internal.loader.ClassLoaders$AppClassLoader                                 : 232K
Loader jdk.internal.reflect.DelegatingClassLoader                                      : 157K
Loader org.gradle.groovy.scripts.internal.DefaultScriptCompilationHandler$ScriptClassLoader: 89816B
Loader org.codehaus.groovy.runtime.callsite.CallSiteClassLoader                        : 48680B

Classes loaded by more than one classloader:
Class org.gradle.api.GradleException                                                  : loaded 3 times (x 78B)
Class org.gradle.internal.classloader.FilteringClassLoader                            : loaded 2 times (x 101B)
Class jdk.internal.jimage.BasicImageReader                                            : loaded 2 times (x 91B)
Class org.gradle.internal.classloader.ClassLoaderHierarchy                            : loaded 2 times (x 66B)
Class org.gradle.api.internal.classpath.ManifestUtil                                  : loaded 2 times (x 67B)
Class jdk.internal.jimage.decompressor.StringSharingDecompressorFactory               : loaded 2 times (x 70B)
Class org.gradle.internal.operations.MultipleBuildOperationFailures                   : loaded 2 times (x 91B)
Class org.gradle.internal.classloader.DefaultClassLoaderFactory                       : loaded 2 times (x 78B)
Class kotlin.collections.AbstractList$Companion                                       : loaded 2 times (x 67B)
Class org.gradle.internal.classloader.ClassLoaderVisitor                              : loaded 2 times (x 72B)
Class org.gradle.api.internal.classpath.EffectiveClassPath                            : loaded 2 times (x 86B)
Class org.gradle.api.internal.DefaultClassPathProvider                                : loaded 2 times (x 72B)
Class [Lorg.gradle.api.internal.ClassPathProvider;                                    : loaded 2 times (x 65B)
Class org.gradle.api.internal.ClassPathProvider                                       : loaded 2 times (x 66B)
Class jdk.internal.jrtfs.SystemImage                                                  : loaded 2 times (x 70B)
Class org.gradle.internal.service.UnknownServiceException                             : loaded 2 times (x 79B)
Class org.gradle.internal.classpath.TransformedClassPath                              : loaded 2 times (x 92B)
Class org.gradle.internal.classloader.InstrumentingClassLoader                        : loaded 2 times (x 66B)
Class jdk.internal.jrtfs.SystemImage$1                                                : loaded 2 times (x 74B)
Class kotlin.enums.EnumEntriesList                                                    : loaded 2 times (x 219B)
Class jdk.internal.jrtfs.SystemImage$2                                                : loaded 2 times (x 72B)
Class org.gradle.internal.service.ServiceLocator                                      : loaded 2 times (x 66B)
Class jdk.internal.jrtfs.JrtFileSystemProvider                                        : loaded 2 times (x 97B)
Class jdk.internal.jimage.ImageLocation                                               : loaded 2 times (x 86B)
Class jdk.internal.jrtfs.JrtDirectoryStream$1                                         : loaded 2 times (x 79B)
Class org.gradle.internal.InternalTransformer                                         : loaded 2 times (x 66B)
Class jdk.internal.jimage.ImageBufferCache$1                                          : loaded 2 times (x 79B)
Class org.gradle.internal.time.DefaultTimer                                           : loaded 2 times (x 76B)
Class org.gradle.internal.classloader.ClasspathUtil$1                                 : loaded 2 times (x 72B)
Class jdk.internal.jimage.ImageBufferCache$2                                          : loaded 2 times (x 87B)
Class sync_studio_tooling_enoz4qjxlx836uxp2ekf4iqu                                    : loaded 2 times (x 175B)
Class org.gradle.api.internal.classpath.DefaultModuleRegistry$DefaultModule           : loaded 2 times (x 82B)
Class org.gradle.internal.time.DefaultCountdownTimer                                  : loaded 2 times (x 84B)
Class kotlin.Function                                                                 : loaded 2 times (x 66B)
Class org.gradle.api.internal.classpath.Module                                        : loaded 2 times (x 66B)
Class org.gradle.api.internal.classpath.UnknownModuleException                        : loaded 2 times (x 78B)
Class jdk.internal.jimage.ImageHeader                                                 : loaded 2 times (x 67B)
Class org.gradle.api.internal.DefaultClassPathRegistry                                : loaded 2 times (x 72B)
Class org.gradle.api.internal.ClassPathRegistry                                       : loaded 2 times (x 66B)
Class org.gradle.internal.classpath.DefaultClassPath$ImmutableUniqueList              : loaded 2 times (x 195B)
Class jdk.internal.jimage.decompressor.ResourceDecompressor                           : loaded 2 times (x 66B)
Class org.gradle.internal.classpath.ClassPath                                         : loaded 2 times (x 66B)
Class org.gradle.api.UncheckedIOException                                             : loaded 2 times (x 78B)
Class jdk.internal.jimage.ImageStringsReader                                          : loaded 2 times (x 76B)
Class kotlin.UninitializedPropertyAccessException                                     : loaded 2 times (x 78B)
Class jdk.internal.jimage.ImageReader                                                 : loaded 2 times (x 71B)
Class jdk.internal.jimage.ImageReader$SharedImageReader                               : loaded 2 times (x 91B)
Class org.gradle.internal.installation.GradleInstallation$1                           : loaded 2 times (x 71B)
Class org.gradle.api.internal.classpath.ModuleRegistry                                : loaded 2 times (x 66B)
Class jdk.internal.jimage.decompressor.ResourceDecompressorFactory                    : loaded 2 times (x 70B)
Class jdk.internal.jimage.ImageReader$Node                                            : loaded 2 times (x 80B)
Class org.gradle.api.internal.classpath.DefaultModuleRegistry                         : loaded 2 times (x 82B)
Class jdk.internal.jimage.BasicImageReader$1                                          : loaded 2 times (x 73B)
Class jdk.internal.jimage.decompressor.Decompressor                                   : loaded 2 times (x 68B)
Class jdk.internal.jimage.ImageReader$Resource                                        : loaded 2 times (x 80B)
Class org.gradle.internal.time.MonotonicClock                                         : loaded 2 times (x 73B)
Class org.gradle.internal.service.ServiceLookupException                              : loaded 2 times (x 78B)
Class jdk.internal.jrtfs.JrtFileAttributes                                            : loaded 2 times (x 79B)
Class org.gradle.internal.classloader.ClassLoaderFactory                              : loaded 2 times (x 66B)
Class org.gradle.internal.service.CachingServiceLocator                               : loaded 2 times (x 78B)
Class org.gradle.internal.time.TimeSource                                             : loaded 2 times (x 66B)
Class kotlin.enums.EnumEntries                                                        : loaded 2 times (x 66B)
Class org.gradle.internal.exceptions.ResolutionProvider                               : loaded 2 times (x 66B)
Class jdk.internal.jimage.ImageBufferCache                                            : loaded 2 times (x 67B)
Class jdk.internal.jrtfs.JrtPath                                                      : loaded 2 times (x 114B)
Class org.gradle.internal.classloader.ClasspathUtil                                   : loaded 2 times (x 67B)
Class org.gradle.internal.time.TimeSource$1                                           : loaded 2 times (x 73B)
Class kotlin.jvm.internal.DefaultConstructorMarker                                    : loaded 2 times (x 67B)
Class org.gradle.api.specs.Spec                                                       : loaded 2 times (x 66B)
Class jdk.internal.jimage.ImageReader$SharedImageReader$LocationVisitor               : loaded 2 times (x 66B)
Class jdk.internal.jimage.decompressor.ResourceDecompressorRepository                 : loaded 2 times (x 67B)
Class org.gradle.internal.time.Clock                                                  : loaded 2 times (x 66B)
Class jdk.internal.jimage.ImageReader$Directory                                       : loaded 2 times (x 80B)
Class kotlin.collections.AbstractList                                                 : loaded 2 times (x 193B)
Class kotlin.collections.AbstractCollection                                           : loaded 2 times (x 113B)
Class org.gradle.internal.classloader.VisitableURLClassLoader$InstrumentingVisitableURLClassLoader: loaded 2 times (x 119B)
Class org.gradle.internal.classloader.VisitableURLClassLoader$Spec                    : loaded 2 times (x 70B)
Class org.gradle.internal.classpath.DefaultClassPath                                  : loaded 2 times (x 86B)
Class jdk.internal.jimage.decompressor.ZipDecompressorFactory                         : loaded 2 times (x 70B)
Class org.gradle.internal.classloader.ClassLoaderSpec                                 : loaded 2 times (x 67B)
Class kotlin.Unit                                                                     : loaded 2 times (x 67B)
Class org.gradle.internal.classloader.VisitableURLClassLoader                         : loaded 2 times (x 113B)
Class org.gradle.internal.Cast                                                        : loaded 2 times (x 67B)
Class org.gradle.api.Action                                                           : loaded 2 times (x 66B)
Class jdk.internal.jimage.decompressor.ZipDecompressor                                : loaded 2 times (x 71B)
Class kotlin.jvm.functions.Function1                                                  : loaded 2 times (x 66B)
Class org.gradle.internal.classpath.DefaultClassPath$ImmutableUniqueList$Builder      : loaded 2 times (x 71B)
Class kotlin.NotImplementedError                                                      : loaded 2 times (x 78B)
Class org.gradle.internal.exceptions.NonGradleCauseExceptionsHolder                   : loaded 2 times (x 66B)
Class jdk.internal.jimage.ImageStrings                                                : loaded 2 times (x 66B)
Class org.jetbrains.plugins.gradle.tooling.ModelBuilderService$Parameter              : loaded 2 times (x 66B)
Class kotlin.enums.EnumEntriesKt                                                      : loaded 2 times (x 67B)
Class org.gradle.internal.IoActions                                                   : loaded 2 times (x 67B)
Class org.gradle.internal.classloader.SystemClassLoaderSpec                           : loaded 2 times (x 67B)
Class org.gradle.internal.exceptions.MultiCauseException                              : loaded 2 times (x 66B)
Class org.gradle.internal.time.CountdownTimer                                         : loaded 2 times (x 66B)
Class kotlin.jvm.internal.Intrinsics                                                  : loaded 2 times (x 67B)
Class jdk.internal.jrtfs.JrtFileSystem                                                : loaded 2 times (x 98B)
Class org.gradle.tooling.model.ProjectModel                                           : loaded 2 times (x 66B)
Class jdk.internal.jimage.decompressor.CompressedResourceHeader                       : loaded 2 times (x 67B)
Class kotlin.KotlinNullPointerException                                               : loaded 2 times (x 79B)
Class org.gradle.internal.exceptions.DefaultMultiCauseException                       : loaded 2 times (x 91B)
Class org.gradle.internal.time.Time                                                   : loaded 2 times (x 67B)
Class org.gradle.api.internal.classpath.GlobalCacheRootsProvider                      : loaded 2 times (x 66B)
Class org.gradle.internal.time.Timer                                                  : loaded 2 times (x 66B)
Class kotlin.jvm.internal.markers.KMappedMarker                                       : loaded 2 times (x 66B)
Class org.gradle.internal.installation.CurrentGradleInstallationLocator               : loaded 2 times (x 67B)
Class org.gradle.internal.service.DefaultServiceLocator                               : loaded 2 times (x 79B)
Class jdk.internal.jrtfs.JrtDirectoryStream                                           : loaded 2 times (x 85B)
Class org.gradle.util.GradleVersion                                                   : loaded 2 times (x 79B)
Class org.gradle.internal.installation.CurrentGradleInstallation                      : loaded 2 times (x 69B)
Class org.gradle.util.internal.GUtil                                                  : loaded 2 times (x 67B)
Class ijInit1_7alsz99454vr73czv10yvld9d                                               : loaded 2 times (x 175B)
Class org.gradle.internal.installation.GradleInstallation                             : loaded 2 times (x 71B)
Class jdk.internal.jimage.decompressor.ResourceDecompressor$StringsProvider           : loaded 2 times (x 66B)

---------------  S Y S T E M  ---------------

OS:
 Windows 11 , 64 bit Build 26100 (10.0.26100.4768)
OS uptime: 1 days 19:25 hours
Hyper-V role detected

CPU: total 12 (initial active 12) (6 cores per cpu, 2 threads per core) family 6 model 141 stepping 1 microcode 0x34, cx8, cmov, fxsr, ht, mmx, 3dnowpref, sse, sse2, sse3, ssse3, sse4.1, sse4.2, popcnt, lzcnt, tsc, tscinvbit, avx, avx2, aes, erms, clmul, bmi1, bmi2, adx, avx512f, avx512dq, avx512cd, avx512bw, avx512vl, sha, fma, vzeroupper, avx512_vpopcntdq, avx512_vpclmulqdq, avx512_vaes, avx512_vnni, clflush, clflushopt, clwb, avx512_vbmi2, avx512_vbmi, hv, rdtscp, rdpid, fsrm, gfni, avx512_bitalg, f16c, cet_ibt, cet_ss, avx512_ifma
Processor Information for processor 0
  Max Mhz: 2611, Current Mhz: 2410, Mhz Limit: 2611
Processor Information for processor 1
  Max Mhz: 2611, Current Mhz: 1004, Mhz Limit: 2611
Processor Information for processor 2
  Max Mhz: 2611, Current Mhz: 2611, Mhz Limit: 2611
Processor Information for processor 3
  Max Mhz: 2611, Current Mhz: 2008, Mhz Limit: 2611
Processor Information for processor 4
  Max Mhz: 2611, Current Mhz: 2008, Mhz Limit: 2611
Processor Information for processor 5
  Max Mhz: 2611, Current Mhz: 2008, Mhz Limit: 2611
Processor Information for processor 6
  Max Mhz: 2611, Current Mhz: 2611, Mhz Limit: 2611
Processor Information for processor 7
  Max Mhz: 2611, Current Mhz: 2008, Mhz Limit: 2611
Processor Information for processor 8
  Max Mhz: 2611, Current Mhz: 2611, Mhz Limit: 2611
Processor Information for processor 9
  Max Mhz: 2611, Current Mhz: 2008, Mhz Limit: 2611
Processor Information for processor 10
  Max Mhz: 2611, Current Mhz: 2008, Mhz Limit: 2611
Processor Information for processor 11
  Max Mhz: 2611, Current Mhz: 2008, Mhz Limit: 2611

Memory: 4k page, system-wide physical 16085M (1383M free)
TotalPageFile size 20181M (AvailPageFile size 30M)
current process WorkingSet (physical memory assigned to process): 401M, peak: 401M
current process commit charge ("private bytes"): 441M, peak: 463M

vm_info: OpenJDK 64-Bit Server VM (21.0.6+-13355223-b631.42) for windows-amd64 JRE (21.0.6+-13355223-b631.42), built on 2025-04-14T18:21:23Z by "builder" with MS VC++ 16.10 / 16.11 (VS2019)

END.
