#
# There is insufficient memory for the Java Runtime Environment to continue.
# Native memory allocation (malloc) failed to allocate 1606368 bytes. Error detail: Chunk::new
# Possible reasons:
#   The system is out of physical RAM or swap space
#   This process is running with CompressedOops enabled, and the Java Heap may be blocking the growth of the native heap
# Possible solutions:
#   Reduce memory load on the system
#   Increase physical memory or swap space
#   Check if swap backing store is full
#   Decrease Java heap size (-Xmx/-Xms)
#   Decrease number of Java threads
#   Decrease Java thread stack sizes (-Xss)
#   Set larger code cache with -XX:ReservedCodeCacheSize=
#   JVM is running with Unscaled Compressed Oops mode in which the Java heap is
#     placed in the first 4GB address space. The Java Heap base address is the
#     maximum limit for the native heap growth. Please use -XX:HeapBaseMinAddress
#     to set the Java Heap base and to place the Java Heap above 4GB virtual address.
# This output file may be truncated or incomplete.
#
#  Out of Memory Error (arena.cpp:168), pid=26076, tid=23336
#
# JRE version: OpenJDK Runtime Environment (21.0.6) (build 21.0.6+-13355223-b631.42)
# Java VM: OpenJDK 64-Bit Server VM (21.0.6+-13355223-b631.42, mixed mode, tiered, compressed oops, compressed class ptrs, g1 gc, windows-amd64)
# No core dump will be written. Minidumps are not enabled by default on client versions of Windows
#

---------------  S U M M A R Y ------------

Command Line: --add-opens=java.base/java.lang=ALL-UNNAMED --add-opens=java.base/java.lang.invoke=ALL-UNNAMED --add-opens=java.base/java.util=ALL-UNNAMED --add-opens=java.prefs/java.util.prefs=ALL-UNNAMED --add-exports=jdk.compiler/com.sun.tools.javac.api=ALL-UNNAMED --add-exports=jdk.compiler/com.sun.tools.javac.util=ALL-UNNAMED --add-opens=java.base/java.util=ALL-UNNAMED --add-opens=java.prefs/java.util.prefs=ALL-UNNAMED --add-opens=java.base/java.nio.charset=ALL-UNNAMED --add-opens=java.base/java.net=ALL-UNNAMED --add-opens=java.base/java.util.concurrent.atomic=ALL-UNNAMED --add-opens=java.xml/javax.xml.namespace=ALL-UNNAMED -Xmx2048m -Dfile.encoding=UTF-8 -Duser.country=IN -Duser.language=en -Duser.variant -javaagent:C:\Users\asish\.gradle\wrapper\dists\gradle-8.11.1-bin\bpt9gzteqjrbo1mjrsomdt32c\gradle-8.11.1\lib\agents\gradle-instrumentation-agent-8.11.1.jar org.gradle.launcher.daemon.bootstrap.GradleDaemon 8.11.1

Host: 11th Gen Intel(R) Core(TM) i5-11260H @ 2.60GHz, 12 cores, 15G,  Windows 11 , 64 bit Build 26100 (10.0.26100.4768)
Time: Sun Aug  3 08:46:11 2025 India Standard Time elapsed time: 5.899937 seconds (0d 0h 0m 5s)

---------------  T H R E A D  ---------------

Current thread (0x000001ffb02059f0):  JavaThread "C2 CompilerThread1" daemon [_thread_in_native, id=23336, stack(0x00000042d9e00000,0x00000042d9f00000) (1024K)]


Current CompileTask:
C2:5900 5936   !   4       java.net.URLClassLoader::findClass (47 bytes)

Stack: [0x00000042d9e00000,0x00000042d9f00000]
Native frames: (J=compiled Java code, j=interpreted, Vv=VM code, C=native code)
V  [jvm.dll+0x6d05a9]
V  [jvm.dll+0x85ea73]
V  [jvm.dll+0x860fce]
V  [jvm.dll+0x8616b3]
V  [jvm.dll+0x27e6e6]
V  [jvm.dll+0xbff6d]
V  [jvm.dll+0xc04a3]
V  [jvm.dll+0x3b616b]
V  [jvm.dll+0x1de684]
V  [jvm.dll+0x247dd4]
V  [jvm.dll+0x247251]
V  [jvm.dll+0x1c5f04]
V  [jvm.dll+0x2569ac]
V  [jvm.dll+0x254ef6]
V  [jvm.dll+0x3f0e56]
V  [jvm.dll+0x806e48]
V  [jvm.dll+0x6cee7d]
C  [ucrtbase.dll+0x37b0]
C  [KERNEL32.DLL+0x2e8d7]
C  [ntdll.dll+0x3c34c]


---------------  P R O C E S S  ---------------

Threads class SMR info:
_java_thread_list=0x000001ffb21b9e00, length=64, elements={
0x000001ff91fea2a0, 0x000001ffaba52220, 0x000001ffaba54d80, 0x000001ffaba58180,
0x000001ffaba3cb40, 0x000001ffaba3d590, 0x000001ffaba3dfe0, 0x000001ffaba3ee90,
0x000001ffaba414d0, 0x000001ffabae26b0, 0x000001ffabd1d600, 0x000001ffb02059f0,
0x000001ffb1c8f770, 0x000001ffb1c77720, 0x000001ffb1d71a80, 0x000001ffb1bac420,
0x000001ffb1e098b0, 0x000001ffb1d4e490, 0x000001ffb1da9060, 0x000001ffb1b72540,
0x000001ffb1b72bd0, 0x000001ffb1b73260, 0x000001ffb1b71820, 0x000001ffb1b71190,
0x000001ffb1b6fde0, 0x000001ffb1b70b00, 0x000001ffb1b70470, 0x000001ffb1b71eb0,
0x000001ffb55b9540, 0x000001ffb55b8820, 0x000001ffb55b8eb0, 0x000001ffb55b8190,
0x000001ffb55ba8f0, 0x000001ffb55b7b00, 0x000001ffb55ba260, 0x000001ffb55baf80,
0x000001ffb55bb610, 0x000001ffb55bbca0, 0x000001ffb55bc330, 0x000001ffb55bc9c0,
0x000001ffb55bd050, 0x000001ffb55b9bd0, 0x000001ffb55bea90, 0x000001ffb55bd6e0,
0x000001ffb55bdd70, 0x000001ffb3f4a290, 0x000001ffb3f4a920, 0x000001ffb3f4b640,
0x000001ffb3f4bcd0, 0x000001ffb3f4d080, 0x000001ffb3f4c9f0, 0x000001ffb5a9d820,
0x000001ffb5a9bde0, 0x000001ffb5a9aa30, 0x000001ffb5a9cb00, 0x000001ffb5a9d190,
0x000001ffb5a9b0c0, 0x000001ffb5a9a3a0, 0x000001ffb5a9deb0, 0x000001ffb5a9ebd0,
0x000001ffb5a9c470, 0x000001ffb5a9e540, 0x000001ffb5a9b750, 0x000001ffb5aa0610
}

Java Threads: ( => current thread )
  0x000001ff91fea2a0 JavaThread "main"                              [_thread_blocked, id=18252, stack(0x00000042d8c00000,0x00000042d8d00000) (1024K)]
  0x000001ffaba52220 JavaThread "Reference Handler"          daemon [_thread_blocked, id=19460, stack(0x00000042d9400000,0x00000042d9500000) (1024K)]
  0x000001ffaba54d80 JavaThread "Finalizer"                  daemon [_thread_blocked, id=22676, stack(0x00000042d9500000,0x00000042d9600000) (1024K)]
  0x000001ffaba58180 JavaThread "Signal Dispatcher"          daemon [_thread_blocked, id=22888, stack(0x00000042d9600000,0x00000042d9700000) (1024K)]
  0x000001ffaba3cb40 JavaThread "Attach Listener"            daemon [_thread_blocked, id=9164, stack(0x00000042d9700000,0x00000042d9800000) (1024K)]
  0x000001ffaba3d590 JavaThread "Service Thread"             daemon [_thread_blocked, id=23020, stack(0x00000042d9800000,0x00000042d9900000) (1024K)]
  0x000001ffaba3dfe0 JavaThread "Monitor Deflation Thread"   daemon [_thread_blocked, id=22864, stack(0x00000042d9900000,0x00000042d9a00000) (1024K)]
  0x000001ffaba3ee90 JavaThread "C2 CompilerThread0"         daemon [_thread_in_native, id=9640, stack(0x00000042d9a00000,0x00000042d9b00000) (1024K)]
  0x000001ffaba414d0 JavaThread "C1 CompilerThread0"         daemon [_thread_blocked, id=21748, stack(0x00000042d9b00000,0x00000042d9c00000) (1024K)]
  0x000001ffabae26b0 JavaThread "Common-Cleaner"             daemon [_thread_blocked, id=9544, stack(0x00000042d9c00000,0x00000042d9d00000) (1024K)]
  0x000001ffabd1d600 JavaThread "Notification Thread"        daemon [_thread_blocked, id=18484, stack(0x00000042d9d00000,0x00000042d9e00000) (1024K)]
=>0x000001ffb02059f0 JavaThread "C2 CompilerThread1"         daemon [_thread_in_native, id=23336, stack(0x00000042d9e00000,0x00000042d9f00000) (1024K)]
  0x000001ffb1c8f770 JavaThread "Daemon health stats"               [_thread_blocked, id=8948, stack(0x00000042da700000,0x00000042da800000) (1024K)]
  0x000001ffb1c77720 JavaThread "Incoming local TCP Connector on port 49436"        [_thread_in_native, id=1516, stack(0x00000042da800000,0x00000042da900000) (1024K)]
  0x000001ffb1d71a80 JavaThread "Daemon periodic checks"            [_thread_blocked, id=21500, stack(0x00000042da900000,0x00000042daa00000) (1024K)]
  0x000001ffb1bac420 JavaThread "Daemon"                            [_thread_blocked, id=18828, stack(0x00000042daa00000,0x00000042dab00000) (1024K)]
  0x000001ffb1e098b0 JavaThread "Handler for socket connection from /127.0.0.1:49436 to /127.0.0.1:49437"        [_thread_in_native, id=18604, stack(0x00000042dab00000,0x00000042dac00000) (1024K)]
  0x000001ffb1d4e490 JavaThread "Cancel handler"                    [_thread_blocked, id=1636, stack(0x00000042dac00000,0x00000042dad00000) (1024K)]
  0x000001ffb1da9060 JavaThread "Daemon worker"                     [_thread_in_vm, id=25736, stack(0x00000042dad00000,0x00000042dae00000) (1024K)]
  0x000001ffb1b72540 JavaThread "Asynchronous log dispatcher for DefaultDaemonConnection: socket connection from /127.0.0.1:49436 to /127.0.0.1:49437"        [_thread_blocked, id=26428, stack(0x00000042dae00000,0x00000042daf00000) (1024K)]
  0x000001ffb1b72bd0 JavaThread "Stdin handler"                     [_thread_blocked, id=18288, stack(0x00000042daf00000,0x00000042db000000) (1024K)]
  0x000001ffb1b73260 JavaThread "Daemon client event forwarder"        [_thread_blocked, id=23568, stack(0x00000042db000000,0x00000042db100000) (1024K)]
  0x000001ffb1b71820 JavaThread "Cache worker for journal cache (C:\Users\asish\.gradle\caches\journal-1)"        [_thread_blocked, id=9420, stack(0x00000042db500000,0x00000042db600000) (1024K)]
  0x000001ffb1b71190 JavaThread "File lock request listener"        [_thread_in_native, id=8408, stack(0x00000042db600000,0x00000042db700000) (1024K)]
  0x000001ffb1b6fde0 JavaThread "Cache worker for file hash cache (C:\Users\asish\.gradle\caches\8.11.1\fileHashes)"        [_thread_blocked, id=12700, stack(0x00000042db700000,0x00000042db800000) (1024K)]
  0x000001ffb1b70b00 JavaThread "Cache worker for file content cache (C:\Users\asish\.gradle\caches\8.11.1\fileContent)"        [_thread_blocked, id=21696, stack(0x00000042db800000,0x00000042db900000) (1024K)]
  0x000001ffb1b70470 JavaThread "Cache worker for file hash cache (D:\VehicleInventoryManagement\.gradle\8.11.1\fileHashes)"        [_thread_blocked, id=24964, stack(0x00000042db900000,0x00000042dba00000) (1024K)]
  0x000001ffb1b71eb0 JavaThread "Cache worker for Build Output Cleanup Cache (D:\VehicleInventoryManagement\.gradle\buildOutputCleanup)"        [_thread_blocked, id=2960, stack(0x00000042dba00000,0x00000042dbb00000) (1024K)]
  0x000001ffb55b9540 JavaThread "File watcher server"        daemon [_thread_in_native, id=24224, stack(0x00000042dbb00000,0x00000042dbc00000) (1024K)]
  0x000001ffb55b8820 JavaThread "File watcher consumer"      daemon [_thread_blocked, id=26536, stack(0x00000042dbc00000,0x00000042dbd00000) (1024K)]
  0x000001ffb55b8eb0 JavaThread "jar transforms"                    [_thread_blocked, id=21016, stack(0x00000042dbd00000,0x00000042dbe00000) (1024K)]
  0x000001ffb55b8190 JavaThread "jar transforms Thread 2"           [_thread_blocked, id=23904, stack(0x00000042dbe00000,0x00000042dbf00000) (1024K)]
  0x000001ffb55ba8f0 JavaThread "jar transforms Thread 3"           [_thread_blocked, id=13944, stack(0x00000042dbf00000,0x00000042dc000000) (1024K)]
  0x000001ffb55b7b00 JavaThread "jar transforms Thread 4"           [_thread_blocked, id=15292, stack(0x00000042dc000000,0x00000042dc100000) (1024K)]
  0x000001ffb55ba260 JavaThread "jar transforms Thread 5"           [_thread_blocked, id=5344, stack(0x00000042dc100000,0x00000042dc200000) (1024K)]
  0x000001ffb55baf80 JavaThread "jar transforms Thread 6"           [_thread_blocked, id=22008, stack(0x00000042dc200000,0x00000042dc300000) (1024K)]
  0x000001ffb55bb610 JavaThread "jar transforms Thread 7"           [_thread_blocked, id=25048, stack(0x00000042dc300000,0x00000042dc400000) (1024K)]
  0x000001ffb55bbca0 JavaThread "jar transforms Thread 8"           [_thread_blocked, id=16664, stack(0x00000042dc400000,0x00000042dc500000) (1024K)]
  0x000001ffb55bc330 JavaThread "jar transforms Thread 9"           [_thread_blocked, id=3488, stack(0x00000042dc500000,0x00000042dc600000) (1024K)]
  0x000001ffb55bc9c0 JavaThread "jar transforms Thread 10"          [_thread_blocked, id=26556, stack(0x00000042dc600000,0x00000042dc700000) (1024K)]
  0x000001ffb55bd050 JavaThread "jar transforms Thread 11"          [_thread_blocked, id=24156, stack(0x00000042dc700000,0x00000042dc800000) (1024K)]
  0x000001ffb55b9bd0 JavaThread "jar transforms Thread 12"          [_thread_blocked, id=7864, stack(0x00000042dc800000,0x00000042dc900000) (1024K)]
  0x000001ffb55bea90 JavaThread "Cache worker for checksums cache (D:\VehicleInventoryManagement\.gradle\8.11.1\checksums)"        [_thread_blocked, id=20668, stack(0x00000042dc900000,0x00000042dca00000) (1024K)]
  0x000001ffb55bd6e0 JavaThread "Cache worker for cache directory md-rule (C:\Users\asish\.gradle\caches\8.11.1\md-rule)"        [_thread_blocked, id=23628, stack(0x00000042dca00000,0x00000042dcb00000) (1024K)]
  0x000001ffb55bdd70 JavaThread "Cache worker for cache directory md-supplier (C:\Users\asish\.gradle\caches\8.11.1\md-supplier)"        [_thread_blocked, id=11616, stack(0x00000042dcb00000,0x00000042dcc00000) (1024K)]
  0x000001ffb3f4a290 JavaThread "Unconstrained build operations"        [_thread_blocked, id=21192, stack(0x00000042dcc00000,0x00000042dcd00000) (1024K)]
  0x000001ffb3f4a920 JavaThread "Unconstrained build operations Thread 2"        [_thread_blocked, id=23304, stack(0x00000042dcd00000,0x00000042dce00000) (1024K)]
  0x000001ffb3f4b640 JavaThread "Unconstrained build operations Thread 3"        [_thread_blocked, id=14548, stack(0x00000042dce00000,0x00000042dcf00000) (1024K)]
  0x000001ffb3f4bcd0 JavaThread "Unconstrained build operations Thread 4"        [_thread_blocked, id=23276, stack(0x00000042dcf00000,0x00000042dd000000) (1024K)]
  0x000001ffb3f4d080 JavaThread "Unconstrained build operations Thread 5"        [_thread_blocked, id=10380, stack(0x00000042dd000000,0x00000042dd100000) (1024K)]
  0x000001ffb3f4c9f0 JavaThread "Unconstrained build operations Thread 6"        [_thread_blocked, id=1108, stack(0x00000042dd100000,0x00000042dd200000) (1024K)]
  0x000001ffb5a9d820 JavaThread "Unconstrained build operations Thread 7"        [_thread_blocked, id=21920, stack(0x00000042dd200000,0x00000042dd300000) (1024K)]
  0x000001ffb5a9bde0 JavaThread "Unconstrained build operations Thread 8"        [_thread_blocked, id=20912, stack(0x00000042dd300000,0x00000042dd400000) (1024K)]
  0x000001ffb5a9aa30 JavaThread "Unconstrained build operations Thread 9"        [_thread_blocked, id=2364, stack(0x00000042dd400000,0x00000042dd500000) (1024K)]
  0x000001ffb5a9cb00 JavaThread "Unconstrained build operations Thread 10"        [_thread_blocked, id=24808, stack(0x00000042dd500000,0x00000042dd600000) (1024K)]
  0x000001ffb5a9d190 JavaThread "Unconstrained build operations Thread 11"        [_thread_blocked, id=3520, stack(0x00000042dd600000,0x00000042dd700000) (1024K)]
  0x000001ffb5a9b0c0 JavaThread "Unconstrained build operations Thread 12"        [_thread_blocked, id=22480, stack(0x00000042dd700000,0x00000042dd800000) (1024K)]
  0x000001ffb5a9a3a0 JavaThread "Unconstrained build operations Thread 13"        [_thread_blocked, id=14096, stack(0x00000042dd800000,0x00000042dd900000) (1024K)]
  0x000001ffb5a9deb0 JavaThread "Unconstrained build operations Thread 14"        [_thread_blocked, id=14612, stack(0x00000042dd900000,0x00000042dda00000) (1024K)]
  0x000001ffb5a9ebd0 JavaThread "Unconstrained build operations Thread 15"        [_thread_blocked, id=25476, stack(0x00000042dda00000,0x00000042ddb00000) (1024K)]
  0x000001ffb5a9c470 JavaThread "Unconstrained build operations Thread 16"        [_thread_blocked, id=19348, stack(0x00000042ddb00000,0x00000042ddc00000) (1024K)]
  0x000001ffb5a9e540 JavaThread "Unconstrained build operations Thread 17"        [_thread_blocked, id=26404, stack(0x00000042ddc00000,0x00000042ddd00000) (1024K)]
  0x000001ffb5a9b750 JavaThread "Unconstrained build operations Thread 18"        [_thread_blocked, id=14516, stack(0x00000042ddd00000,0x00000042dde00000) (1024K)]
  0x000001ffb5aa0610 JavaThread "Unconstrained build operations Thread 19"        [_thread_blocked, id=12988, stack(0x00000042dde00000,0x00000042ddf00000) (1024K)]
Total: 64

Other Threads:
  0x000001ffab9b4cc0 VMThread "VM Thread"                           [id=8260, stack(0x00000042d9300000,0x00000042d9400000) (1024K)]
  0x000001ffab9a0da0 WatcherThread "VM Periodic Task Thread"        [id=23788, stack(0x00000042d9200000,0x00000042d9300000) (1024K)]
  0x000001ff920460d0 WorkerThread "GC Thread#0"                     [id=20276, stack(0x00000042d8d00000,0x00000042d8e00000) (1024K)]
  0x000001ffb070e1f0 WorkerThread "GC Thread#1"                     [id=20608, stack(0x00000042da000000,0x00000042da100000) (1024K)]
  0x000001ffb070e590 WorkerThread "GC Thread#2"                     [id=3948, stack(0x00000042da100000,0x00000042da200000) (1024K)]
  0x000001ffb01ece10 WorkerThread "GC Thread#3"                     [id=17116, stack(0x00000042da200000,0x00000042da300000) (1024K)]
  0x000001ffb01ed1b0 WorkerThread "GC Thread#4"                     [id=20396, stack(0x00000042da300000,0x00000042da400000) (1024K)]
  0x000001ffb01ed550 WorkerThread "GC Thread#5"                     [id=17368, stack(0x00000042da400000,0x00000042da500000) (1024K)]
  0x000001ffb0f7d890 WorkerThread "GC Thread#6"                     [id=9056, stack(0x00000042da500000,0x00000042da600000) (1024K)]
  0x000001ffb0f7cdb0 WorkerThread "GC Thread#7"                     [id=18588, stack(0x00000042da600000,0x00000042da700000) (1024K)]
  0x000001ffb0f7d4f0 WorkerThread "GC Thread#8"                     [id=6656, stack(0x00000042db100000,0x00000042db200000) (1024K)]
  0x000001ffb0f7ca10 WorkerThread "GC Thread#9"                     [id=19748, stack(0x00000042db200000,0x00000042db300000) (1024K)]
  0x000001ff92056fd0 ConcurrentGCThread "G1 Main Marker"            [id=23288, stack(0x00000042d8e00000,0x00000042d8f00000) (1024K)]
  0x000001ff92058820 WorkerThread "G1 Conc#0"                       [id=20040, stack(0x00000042d8f00000,0x00000042d9000000) (1024K)]
  0x000001ffb1add7b0 WorkerThread "G1 Conc#1"                       [id=6688, stack(0x00000042db300000,0x00000042db400000) (1024K)]
  0x000001ffb1adc1f0 WorkerThread "G1 Conc#2"                       [id=21020, stack(0x00000042db400000,0x00000042db500000) (1024K)]
  0x000001ffab819940 ConcurrentGCThread "G1 Refine#0"               [id=14892, stack(0x00000042d9000000,0x00000042d9100000) (1024K)]
  0x000001ffab81a260 ConcurrentGCThread "G1 Service"                [id=7876, stack(0x00000042d9100000,0x00000042d9200000) (1024K)]
Total: 18

Threads with active compile tasks:
C2 CompilerThread0  5950 5941       4       java.net.URLClassLoader$1::run (5 bytes)
C1 CompilerThread0  5950 5947       3       java.lang.Class::getConstructor (31 bytes)
C2 CompilerThread1  5950 5936   !   4       java.net.URLClassLoader::findClass (47 bytes)
Total: 3

VM state: not at safepoint (normal execution)

VM Mutex/Monitor currently owned by a thread: None

Heap address: 0x0000000080000000, size: 2048 MB, Compressed Oops mode: 32-bit

CDS archive(s) not mapped
Compressed class space mapped at: 0x0000000100000000-0x0000000140000000, reserved size: 1073741824
Narrow klass base: 0x0000000000000000, Narrow klass shift: 3, Narrow klass range: 0x140000000

GC Precious Log:
 CardTable entry size: 512
 Card Set container configuration: InlinePtr #cards 5 size 8 Array Of Cards #cards 12 size 40 Howl #buckets 4 coarsen threshold 1843 Howl Bitmap #cards 512 size 80 coarsen threshold 460 Card regions per heap region 1 cards per card region 2048
 CPUs: 12 total, 12 available
 Memory: 16085M
 Large Page Support: Disabled
 NUMA Support: Disabled
 Compressed Oops: Enabled (32-bit)
 Heap Region Size: 1M
 Heap Min Capacity: 8M
 Heap Initial Capacity: 252M
 Heap Max Capacity: 2G
 Pre-touch: Disabled
 Parallel Workers: 10
 Concurrent Workers: 3
 Concurrent Refinement Workers: 10
 Periodic GC: Disabled

Heap:
 garbage-first heap   total 152576K, used 109139K [0x0000000080000000, 0x0000000100000000)
  region size 1024K, 36 young (36864K), 6 survivors (6144K)
 Metaspace       used 61614K, committed 63232K, reserved 1114112K
  class space    used 8367K, committed 9152K, reserved 1048576K

Heap Regions: E=young(eden), S=young(survivor), O=old, HS=humongous(starts), HC=humongous(continues), CS=collection set, F=free, TAMS=top-at-mark-start, PB=parsable bottom
|   0|0x0000000080000000, 0x0000000080100000, 0x0000000080100000|100%| O|Cm|TAMS 0x0000000080000000| PB 0x0000000080000000| Complete 
|   1|0x0000000080100000, 0x0000000080200000, 0x0000000080200000|100%|HS|  |TAMS 0x0000000080100000| PB 0x0000000080100000| Complete 
|   2|0x0000000080200000, 0x0000000080300000, 0x0000000080300000|100%|HC|  |TAMS 0x0000000080200000| PB 0x0000000080200000| Complete 
|   3|0x0000000080300000, 0x0000000080400000, 0x0000000080400000|100%|HC|  |TAMS 0x0000000080300000| PB 0x0000000080300000| Complete 
|   4|0x0000000080400000, 0x0000000080500000, 0x0000000080500000|100%| O|  |TAMS 0x0000000080400000| PB 0x0000000080400000| Untracked 
|   5|0x0000000080500000, 0x0000000080600000, 0x0000000080600000|100%| O|  |TAMS 0x0000000080500000| PB 0x0000000080500000| Untracked 
|   6|0x0000000080600000, 0x0000000080700000, 0x0000000080700000|100%| O|  |TAMS 0x0000000080600000| PB 0x0000000080600000| Untracked 
|   7|0x0000000080700000, 0x0000000080800000, 0x0000000080800000|100%|HS|  |TAMS 0x0000000080700000| PB 0x0000000080700000| Complete 
|   8|0x0000000080800000, 0x0000000080900000, 0x0000000080900000|100%| O|  |TAMS 0x0000000080800000| PB 0x0000000080800000| Untracked 
|   9|0x0000000080900000, 0x0000000080a00000, 0x0000000080a00000|100%| O|  |TAMS 0x0000000080900000| PB 0x0000000080900000| Untracked 
|  10|0x0000000080a00000, 0x0000000080b00000, 0x0000000080b00000|100%| O|  |TAMS 0x0000000080a00000| PB 0x0000000080a00000| Untracked 
|  11|0x0000000080b00000, 0x0000000080c00000, 0x0000000080c00000|100%| O|  |TAMS 0x0000000080b00000| PB 0x0000000080b00000| Untracked 
|  12|0x0000000080c00000, 0x0000000080d00000, 0x0000000080d00000|100%| O|  |TAMS 0x0000000080c00000| PB 0x0000000080c00000| Untracked 
|  13|0x0000000080d00000, 0x0000000080e00000, 0x0000000080e00000|100%| O|  |TAMS 0x0000000080d00000| PB 0x0000000080d00000| Untracked 
|  14|0x0000000080e00000, 0x0000000080f00000, 0x0000000080f00000|100%| O|  |TAMS 0x0000000080e00000| PB 0x0000000080e00000| Untracked 
|  15|0x0000000080f00000, 0x0000000081000000, 0x0000000081000000|100%| O|  |TAMS 0x0000000080f00000| PB 0x0000000080f00000| Untracked 
|  16|0x0000000081000000, 0x0000000081100000, 0x0000000081100000|100%| O|  |TAMS 0x0000000081000000| PB 0x0000000081000000| Untracked 
|  17|0x0000000081100000, 0x0000000081200000, 0x0000000081200000|100%| O|  |TAMS 0x0000000081100000| PB 0x0000000081100000| Untracked 
|  18|0x0000000081200000, 0x0000000081300000, 0x0000000081300000|100%| O|  |TAMS 0x0000000081200000| PB 0x0000000081200000| Untracked 
|  19|0x0000000081300000, 0x0000000081400000, 0x0000000081400000|100%| O|  |TAMS 0x0000000081300000| PB 0x0000000081300000| Untracked 
|  20|0x0000000081400000, 0x0000000081500000, 0x0000000081500000|100%| O|  |TAMS 0x0000000081400000| PB 0x0000000081400000| Untracked 
|  21|0x0000000081500000, 0x0000000081600000, 0x0000000081600000|100%|HS|  |TAMS 0x0000000081500000| PB 0x0000000081500000| Complete 
|  22|0x0000000081600000, 0x0000000081700000, 0x0000000081700000|100%|HC|  |TAMS 0x0000000081600000| PB 0x0000000081600000| Complete 
|  23|0x0000000081700000, 0x0000000081800000, 0x0000000081800000|100%|HC|  |TAMS 0x0000000081700000| PB 0x0000000081700000| Complete 
|  24|0x0000000081800000, 0x0000000081900000, 0x0000000081900000|100%|HC|  |TAMS 0x0000000081800000| PB 0x0000000081800000| Complete 
|  25|0x0000000081900000, 0x0000000081a00000, 0x0000000081a00000|100%|HC|  |TAMS 0x0000000081900000| PB 0x0000000081900000| Complete 
|  26|0x0000000081a00000, 0x0000000081b00000, 0x0000000081b00000|100%|HC|  |TAMS 0x0000000081a00000| PB 0x0000000081a00000| Complete 
|  27|0x0000000081b00000, 0x0000000081c00000, 0x0000000081c00000|100%|HS|  |TAMS 0x0000000081b00000| PB 0x0000000081b00000| Complete 
|  28|0x0000000081c00000, 0x0000000081d00000, 0x0000000081d00000|100%| O|  |TAMS 0x0000000081c00000| PB 0x0000000081c00000| Untracked 
|  29|0x0000000081d00000, 0x0000000081e00000, 0x0000000081e00000|100%| O|Cm|TAMS 0x0000000081d00000| PB 0x0000000081d00000| Complete 
|  30|0x0000000081e00000, 0x0000000081f00000, 0x0000000081f00000|100%| O|  |TAMS 0x0000000081e00000| PB 0x0000000081e00000| Untracked 
|  31|0x0000000081f00000, 0x0000000082000000, 0x0000000082000000|100%| O|  |TAMS 0x0000000081f00000| PB 0x0000000081f00000| Untracked 
|  32|0x0000000082000000, 0x0000000082100000, 0x0000000082100000|100%| O|  |TAMS 0x0000000082000000| PB 0x0000000082000000| Untracked 
|  33|0x0000000082100000, 0x0000000082200000, 0x0000000082200000|100%|HS|  |TAMS 0x0000000082100000| PB 0x0000000082100000| Complete 
|  34|0x0000000082200000, 0x0000000082300000, 0x0000000082300000|100%|HC|  |TAMS 0x0000000082200000| PB 0x0000000082200000| Complete 
|  35|0x0000000082300000, 0x0000000082400000, 0x0000000082400000|100%|HC|  |TAMS 0x0000000082300000| PB 0x0000000082300000| Complete 
|  36|0x0000000082400000, 0x0000000082500000, 0x0000000082500000|100%|HC|  |TAMS 0x0000000082400000| PB 0x0000000082400000| Complete 
|  37|0x0000000082500000, 0x0000000082600000, 0x0000000082600000|100%|HS|  |TAMS 0x0000000082500000| PB 0x0000000082500000| Complete 
|  38|0x0000000082600000, 0x0000000082700000, 0x0000000082700000|100%|HC|  |TAMS 0x0000000082600000| PB 0x0000000082600000| Complete 
|  39|0x0000000082700000, 0x0000000082800000, 0x0000000082800000|100%| O|  |TAMS 0x0000000082700000| PB 0x0000000082700000| Untracked 
|  40|0x0000000082800000, 0x0000000082900000, 0x0000000082900000|100%| O|  |TAMS 0x0000000082800000| PB 0x0000000082800000| Untracked 
|  41|0x0000000082900000, 0x0000000082a00000, 0x0000000082a00000|100%| O|  |TAMS 0x0000000082900000| PB 0x0000000082900000| Untracked 
|  42|0x0000000082a00000, 0x0000000082b00000, 0x0000000082b00000|100%| O|  |TAMS 0x0000000082a00000| PB 0x0000000082a00000| Untracked 
|  43|0x0000000082b00000, 0x0000000082c00000, 0x0000000082c00000|100%| O|  |TAMS 0x0000000082b00000| PB 0x0000000082b00000| Untracked 
|  44|0x0000000082c00000, 0x0000000082d00000, 0x0000000082d00000|100%| O|  |TAMS 0x0000000082c00000| PB 0x0000000082c00000| Untracked 
|  45|0x0000000082d00000, 0x0000000082e00000, 0x0000000082e00000|100%| O|  |TAMS 0x0000000082d00000| PB 0x0000000082d00000| Untracked 
|  46|0x0000000082e00000, 0x0000000082f00000, 0x0000000082f00000|100%| O|  |TAMS 0x0000000082e00000| PB 0x0000000082e00000| Untracked 
|  47|0x0000000082f00000, 0x0000000083000000, 0x0000000083000000|100%| O|  |TAMS 0x0000000082f00000| PB 0x0000000082f00000| Untracked 
|  48|0x0000000083000000, 0x0000000083100000, 0x0000000083100000|100%| O|  |TAMS 0x0000000083000000| PB 0x0000000083000000| Untracked 
|  49|0x0000000083100000, 0x0000000083200000, 0x0000000083200000|100%| O|  |TAMS 0x0000000083100000| PB 0x0000000083100000| Untracked 
|  50|0x0000000083200000, 0x0000000083300000, 0x0000000083300000|100%| O|  |TAMS 0x0000000083200000| PB 0x0000000083200000| Untracked 
|  51|0x0000000083300000, 0x0000000083400000, 0x0000000083400000|100%| O|  |TAMS 0x0000000083300000| PB 0x0000000083300000| Untracked 
|  52|0x0000000083400000, 0x0000000083500000, 0x0000000083500000|100%| O|  |TAMS 0x0000000083400000| PB 0x0000000083400000| Untracked 
|  53|0x0000000083500000, 0x0000000083600000, 0x0000000083600000|100%| O|  |TAMS 0x0000000083500000| PB 0x0000000083500000| Untracked 
|  54|0x0000000083600000, 0x0000000083700000, 0x0000000083700000|100%| O|  |TAMS 0x0000000083600000| PB 0x0000000083600000| Untracked 
|  55|0x0000000083700000, 0x0000000083800000, 0x0000000083800000|100%|HS|  |TAMS 0x0000000083700000| PB 0x0000000083700000| Complete 
|  56|0x0000000083800000, 0x0000000083900000, 0x0000000083900000|100%|HC|  |TAMS 0x0000000083800000| PB 0x0000000083800000| Complete 
|  57|0x0000000083900000, 0x0000000083a00000, 0x0000000083a00000|100%|HS|  |TAMS 0x0000000083900000| PB 0x0000000083900000| Complete 
|  58|0x0000000083a00000, 0x0000000083b00000, 0x0000000083b00000|100%|HC|  |TAMS 0x0000000083a00000| PB 0x0000000083a00000| Complete 
|  59|0x0000000083b00000, 0x0000000083c00000, 0x0000000083c00000|100%|HC|  |TAMS 0x0000000083b00000| PB 0x0000000083b00000| Complete 
|  60|0x0000000083c00000, 0x0000000083d00000, 0x0000000083d00000|100%|HC|  |TAMS 0x0000000083c00000| PB 0x0000000083c00000| Complete 
|  61|0x0000000083d00000, 0x0000000083e00000, 0x0000000083e00000|100%|HC|  |TAMS 0x0000000083d00000| PB 0x0000000083d00000| Complete 
|  62|0x0000000083e00000, 0x0000000083f00000, 0x0000000083f00000|100%|HC|  |TAMS 0x0000000083e00000| PB 0x0000000083e00000| Complete 
|  63|0x0000000083f00000, 0x0000000084000000, 0x0000000084000000|100%|HS|  |TAMS 0x0000000083f00000| PB 0x0000000083f00000| Complete 
|  64|0x0000000084000000, 0x0000000084100000, 0x0000000084100000|100%|HC|  |TAMS 0x0000000084000000| PB 0x0000000084000000| Complete 
|  65|0x0000000084100000, 0x0000000084200000, 0x0000000084200000|100%|HC|  |TAMS 0x0000000084100000| PB 0x0000000084100000| Complete 
|  66|0x0000000084200000, 0x0000000084300000, 0x0000000084300000|100%|HC|  |TAMS 0x0000000084200000| PB 0x0000000084200000| Complete 
|  67|0x0000000084300000, 0x0000000084400000, 0x0000000084400000|100%|HC|  |TAMS 0x0000000084300000| PB 0x0000000084300000| Complete 
|  68|0x0000000084400000, 0x0000000084500000, 0x0000000084500000|100%|HC|  |TAMS 0x0000000084400000| PB 0x0000000084400000| Complete 
|  69|0x0000000084500000, 0x0000000084500000, 0x0000000084600000|  0%| F|  |TAMS 0x0000000084500000| PB 0x0000000084500000| Untracked 
|  70|0x0000000084600000, 0x0000000084600000, 0x0000000084700000|  0%| F|  |TAMS 0x0000000084600000| PB 0x0000000084600000| Untracked 
|  71|0x0000000084700000, 0x0000000084700000, 0x0000000084800000|  0%| F|  |TAMS 0x0000000084700000| PB 0x0000000084700000| Untracked 
|  72|0x0000000084800000, 0x0000000084800000, 0x0000000084900000|  0%| F|  |TAMS 0x0000000084800000| PB 0x0000000084800000| Untracked 
|  73|0x0000000084900000, 0x0000000084900000, 0x0000000084a00000|  0%| F|  |TAMS 0x0000000084900000| PB 0x0000000084900000| Untracked 
|  74|0x0000000084a00000, 0x0000000084a00000, 0x0000000084b00000|  0%| F|  |TAMS 0x0000000084a00000| PB 0x0000000084a00000| Untracked 
|  75|0x0000000084b00000, 0x0000000084b00000, 0x0000000084c00000|  0%| F|  |TAMS 0x0000000084b00000| PB 0x0000000084b00000| Untracked 
|  76|0x0000000084c00000, 0x0000000084c00000, 0x0000000084d00000|  0%| F|  |TAMS 0x0000000084c00000| PB 0x0000000084c00000| Untracked 
|  77|0x0000000084d00000, 0x0000000084d00000, 0x0000000084e00000|  0%| F|  |TAMS 0x0000000084d00000| PB 0x0000000084d00000| Untracked 
|  78|0x0000000084e00000, 0x0000000084e00000, 0x0000000084f00000|  0%| F|  |TAMS 0x0000000084e00000| PB 0x0000000084e00000| Untracked 
|  79|0x0000000084f00000, 0x0000000084f00000, 0x0000000085000000|  0%| F|  |TAMS 0x0000000084f00000| PB 0x0000000084f00000| Untracked 
|  80|0x0000000085000000, 0x0000000085000000, 0x0000000085100000|  0%| F|  |TAMS 0x0000000085000000| PB 0x0000000085000000| Untracked 
|  81|0x0000000085100000, 0x0000000085100000, 0x0000000085200000|  0%| F|  |TAMS 0x0000000085100000| PB 0x0000000085100000| Untracked 
|  82|0x0000000085200000, 0x0000000085200000, 0x0000000085300000|  0%| F|  |TAMS 0x0000000085200000| PB 0x0000000085200000| Untracked 
|  83|0x0000000085300000, 0x0000000085300000, 0x0000000085400000|  0%| F|  |TAMS 0x0000000085300000| PB 0x0000000085300000| Untracked 
|  84|0x0000000085400000, 0x0000000085400000, 0x0000000085500000|  0%| F|  |TAMS 0x0000000085400000| PB 0x0000000085400000| Untracked 
|  85|0x0000000085500000, 0x0000000085500000, 0x0000000085600000|  0%| F|  |TAMS 0x0000000085500000| PB 0x0000000085500000| Untracked 
|  86|0x0000000085600000, 0x0000000085600000, 0x0000000085700000|  0%| F|  |TAMS 0x0000000085600000| PB 0x0000000085600000| Untracked 
|  87|0x0000000085700000, 0x0000000085700000, 0x0000000085800000|  0%| F|  |TAMS 0x0000000085700000| PB 0x0000000085700000| Untracked 
|  88|0x0000000085800000, 0x0000000085800000, 0x0000000085900000|  0%| F|  |TAMS 0x0000000085800000| PB 0x0000000085800000| Untracked 
|  89|0x0000000085900000, 0x0000000085900000, 0x0000000085a00000|  0%| F|  |TAMS 0x0000000085900000| PB 0x0000000085900000| Untracked 
|  90|0x0000000085a00000, 0x0000000085a00000, 0x0000000085b00000|  0%| F|  |TAMS 0x0000000085a00000| PB 0x0000000085a00000| Untracked 
|  91|0x0000000085b00000, 0x0000000085b00000, 0x0000000085c00000|  0%| F|  |TAMS 0x0000000085b00000| PB 0x0000000085b00000| Untracked 
|  92|0x0000000085c00000, 0x0000000085c00000, 0x0000000085d00000|  0%| F|  |TAMS 0x0000000085c00000| PB 0x0000000085c00000| Untracked 
|  93|0x0000000085d00000, 0x0000000085d00000, 0x0000000085e00000|  0%| F|  |TAMS 0x0000000085d00000| PB 0x0000000085d00000| Untracked 
|  94|0x0000000085e00000, 0x0000000085e00000, 0x0000000085f00000|  0%| F|  |TAMS 0x0000000085e00000| PB 0x0000000085e00000| Untracked 
|  95|0x0000000085f00000, 0x0000000085f00000, 0x0000000086000000|  0%| F|  |TAMS 0x0000000085f00000| PB 0x0000000085f00000| Untracked 
|  96|0x0000000086000000, 0x0000000086000000, 0x0000000086100000|  0%| F|  |TAMS 0x0000000086000000| PB 0x0000000086000000| Untracked 
|  97|0x0000000086100000, 0x0000000086100000, 0x0000000086200000|  0%| F|  |TAMS 0x0000000086100000| PB 0x0000000086100000| Untracked 
|  98|0x0000000086200000, 0x0000000086200000, 0x0000000086300000|  0%| F|  |TAMS 0x0000000086200000| PB 0x0000000086200000| Untracked 
|  99|0x0000000086300000, 0x0000000086300000, 0x0000000086400000|  0%| F|  |TAMS 0x0000000086300000| PB 0x0000000086300000| Untracked 
| 100|0x0000000086400000, 0x0000000086400000, 0x0000000086500000|  0%| F|  |TAMS 0x0000000086400000| PB 0x0000000086400000| Untracked 
| 101|0x0000000086500000, 0x0000000086500000, 0x0000000086600000|  0%| F|  |TAMS 0x0000000086500000| PB 0x0000000086500000| Untracked 
| 102|0x0000000086600000, 0x0000000086600000, 0x0000000086700000|  0%| F|  |TAMS 0x0000000086600000| PB 0x0000000086600000| Untracked 
| 103|0x0000000086700000, 0x0000000086700000, 0x0000000086800000|  0%| F|  |TAMS 0x0000000086700000| PB 0x0000000086700000| Untracked 
| 104|0x0000000086800000, 0x0000000086800000, 0x0000000086900000|  0%| F|  |TAMS 0x0000000086800000| PB 0x0000000086800000| Untracked 
| 105|0x0000000086900000, 0x0000000086a00000, 0x0000000086a00000|100%| S|CS|TAMS 0x0000000086900000| PB 0x0000000086900000| Complete 
| 106|0x0000000086a00000, 0x0000000086b00000, 0x0000000086b00000|100%| S|CS|TAMS 0x0000000086a00000| PB 0x0000000086a00000| Complete 
| 107|0x0000000086b00000, 0x0000000086c00000, 0x0000000086c00000|100%| S|CS|TAMS 0x0000000086b00000| PB 0x0000000086b00000| Complete 
| 108|0x0000000086c00000, 0x0000000086d00000, 0x0000000086d00000|100%| S|CS|TAMS 0x0000000086c00000| PB 0x0000000086c00000| Complete 
| 109|0x0000000086d00000, 0x0000000086e00000, 0x0000000086e00000|100%| S|CS|TAMS 0x0000000086d00000| PB 0x0000000086d00000| Complete 
| 110|0x0000000086e00000, 0x0000000086f00000, 0x0000000086f00000|100%| S|CS|TAMS 0x0000000086e00000| PB 0x0000000086e00000| Complete 
| 111|0x0000000086f00000, 0x0000000086f00000, 0x0000000087000000|  0%| F|  |TAMS 0x0000000086f00000| PB 0x0000000086f00000| Untracked 
| 112|0x0000000087000000, 0x0000000087000000, 0x0000000087100000|  0%| F|  |TAMS 0x0000000087000000| PB 0x0000000087000000| Untracked 
| 113|0x0000000087100000, 0x0000000087100000, 0x0000000087200000|  0%| F|  |TAMS 0x0000000087100000| PB 0x0000000087100000| Untracked 
| 114|0x0000000087200000, 0x0000000087200000, 0x0000000087300000|  0%| F|  |TAMS 0x0000000087200000| PB 0x0000000087200000| Untracked 
| 115|0x0000000087300000, 0x0000000087300000, 0x0000000087400000|  0%| F|  |TAMS 0x0000000087300000| PB 0x0000000087300000| Untracked 
| 116|0x0000000087400000, 0x0000000087500000, 0x0000000087500000|100%| E|CS|TAMS 0x0000000087400000| PB 0x0000000087400000| Complete 
| 117|0x0000000087500000, 0x0000000087600000, 0x0000000087600000|100%| E|CS|TAMS 0x0000000087500000| PB 0x0000000087500000| Complete 
| 118|0x0000000087600000, 0x0000000087700000, 0x0000000087700000|100%| E|CS|TAMS 0x0000000087600000| PB 0x0000000087600000| Complete 
| 119|0x0000000087700000, 0x0000000087800000, 0x0000000087800000|100%| E|CS|TAMS 0x0000000087700000| PB 0x0000000087700000| Complete 
| 120|0x0000000087800000, 0x0000000087900000, 0x0000000087900000|100%| E|CS|TAMS 0x0000000087800000| PB 0x0000000087800000| Complete 
| 121|0x0000000087900000, 0x0000000087a00000, 0x0000000087a00000|100%| E|CS|TAMS 0x0000000087900000| PB 0x0000000087900000| Complete 
| 122|0x0000000087a00000, 0x0000000087b00000, 0x0000000087b00000|100%| E|CS|TAMS 0x0000000087a00000| PB 0x0000000087a00000| Complete 
| 123|0x0000000087b00000, 0x0000000087c00000, 0x0000000087c00000|100%| E|CS|TAMS 0x0000000087b00000| PB 0x0000000087b00000| Complete 
| 124|0x0000000087c00000, 0x0000000087d00000, 0x0000000087d00000|100%| E|CS|TAMS 0x0000000087c00000| PB 0x0000000087c00000| Complete 
| 125|0x0000000087d00000, 0x0000000087e00000, 0x0000000087e00000|100%| E|CS|TAMS 0x0000000087d00000| PB 0x0000000087d00000| Complete 
| 126|0x0000000087e00000, 0x0000000087f00000, 0x0000000087f00000|100%| E|CS|TAMS 0x0000000087e00000| PB 0x0000000087e00000| Complete 
| 127|0x0000000087f00000, 0x0000000088000000, 0x0000000088000000|100%| E|CS|TAMS 0x0000000087f00000| PB 0x0000000087f00000| Complete 
| 128|0x0000000088000000, 0x0000000088100000, 0x0000000088100000|100%| E|CS|TAMS 0x0000000088000000| PB 0x0000000088000000| Complete 
| 129|0x0000000088100000, 0x0000000088200000, 0x0000000088200000|100%| E|CS|TAMS 0x0000000088100000| PB 0x0000000088100000| Complete 
| 130|0x0000000088200000, 0x0000000088300000, 0x0000000088300000|100%| E|CS|TAMS 0x0000000088200000| PB 0x0000000088200000| Complete 
| 131|0x0000000088300000, 0x0000000088400000, 0x0000000088400000|100%| E|CS|TAMS 0x0000000088300000| PB 0x0000000088300000| Complete 
| 132|0x0000000088400000, 0x0000000088500000, 0x0000000088500000|100%| E|CS|TAMS 0x0000000088400000| PB 0x0000000088400000| Complete 
| 133|0x0000000088500000, 0x0000000088600000, 0x0000000088600000|100%| E|CS|TAMS 0x0000000088500000| PB 0x0000000088500000| Complete 
| 134|0x0000000088600000, 0x0000000088700000, 0x0000000088700000|100%| E|CS|TAMS 0x0000000088600000| PB 0x0000000088600000| Complete 
| 135|0x0000000088700000, 0x0000000088800000, 0x0000000088800000|100%| E|CS|TAMS 0x0000000088700000| PB 0x0000000088700000| Complete 
| 220|0x000000008dc00000, 0x000000008dd00000, 0x000000008dd00000|100%| E|CS|TAMS 0x000000008dc00000| PB 0x000000008dc00000| Complete 
| 221|0x000000008dd00000, 0x000000008de00000, 0x000000008de00000|100%| E|CS|TAMS 0x000000008dd00000| PB 0x000000008dd00000| Complete 
| 222|0x000000008de00000, 0x000000008df00000, 0x000000008df00000|100%| E|CS|TAMS 0x000000008de00000| PB 0x000000008de00000| Complete 
| 223|0x000000008df00000, 0x000000008e000000, 0x000000008e000000|100%| E|CS|TAMS 0x000000008df00000| PB 0x000000008df00000| Complete 
| 224|0x000000008e000000, 0x000000008e100000, 0x000000008e100000|100%| E|CS|TAMS 0x000000008e000000| PB 0x000000008e000000| Complete 
| 225|0x000000008e100000, 0x000000008e200000, 0x000000008e200000|100%| E|CS|TAMS 0x000000008e100000| PB 0x000000008e100000| Complete 
| 226|0x000000008e200000, 0x000000008e300000, 0x000000008e300000|100%| E|CS|TAMS 0x000000008e200000| PB 0x000000008e200000| Complete 
| 227|0x000000008e300000, 0x000000008e400000, 0x000000008e400000|100%| E|CS|TAMS 0x000000008e300000| PB 0x000000008e300000| Complete 
| 228|0x000000008e400000, 0x000000008e500000, 0x000000008e500000|100%| E|CS|TAMS 0x000000008e400000| PB 0x000000008e400000| Complete 
| 251|0x000000008fb00000, 0x000000008fc00000, 0x000000008fc00000|100%| E|CS|TAMS 0x000000008fb00000| PB 0x000000008fb00000| Complete 
|2045|0x00000000ffd00000, 0x00000000ffd94dc0, 0x00000000ffe00000| 58%| O|  |TAMS 0x00000000ffd00000| PB 0x00000000ffd00000| Untracked 
|2046|0x00000000ffe00000, 0x00000000fff00000, 0x00000000fff00000|100%| O|  |TAMS 0x00000000ffe00000| PB 0x00000000ffe00000| Untracked 
|2047|0x00000000fff00000, 0x0000000100000000, 0x0000000100000000|100%| O|  |TAMS 0x00000000fff00000| PB 0x00000000fff00000| Untracked 

Card table byte_map: [0x000001ffa67d0000,0x000001ffa6bd0000] _byte_map_base: 0x000001ffa63d0000

Marking Bits: (CMBitMap*) 0x000001ff920466e0
 Bits: [0x000001ffa6bd0000, 0x000001ffa8bd0000)

Polling page: 0x000001ff91d80000

Metaspace:

Usage:
  Non-class:     52.01 MB used.
      Class:      8.19 MB used.
       Both:     60.20 MB used.

Virtual space:
  Non-class space:       64.00 MB reserved,      52.81 MB ( 83%) committed,  1 nodes.
      Class space:        1.00 GB reserved,       8.94 MB ( <1%) committed,  1 nodes.
             Both:        1.06 GB reserved,      61.75 MB (  6%) committed. 

Chunk freelists:
   Non-Class:  10.39 MB
       Class:  6.88 MB
        Both:  17.27 MB

MaxMetaspaceSize: unlimited
CompressedClassSpaceSize: 1.00 GB
Initial GC threshold: 21.00 MB
Current GC threshold: 94.38 MB
CDS: off
 - commit_granule_bytes: 65536.
 - commit_granule_words: 8192.
 - virtual_space_node_default_size: 8388608.
 - enlarge_chunks_in_place: 1.
 - use_allocation_guard: 0.


Internal statistics:

num_allocs_failed_limit: 6.
num_arena_births: 2880.
num_arena_deaths: 0.
num_vsnodes_births: 2.
num_vsnodes_deaths: 0.
num_space_committed: 988.
num_space_uncommitted: 0.
num_chunks_returned_to_freelist: 6.
num_chunks_taken_from_freelist: 5313.
num_chunk_merges: 6.
num_chunk_splits: 3456.
num_chunks_enlarged: 2152.
num_inconsistent_stats: 0.

CodeHeap 'non-profiled nmethods': size=120000Kb used=3108Kb max_used=3112Kb free=116892Kb
 bounds [0x000001ff9e220000, 0x000001ff9e530000, 0x000001ffa5750000]
CodeHeap 'profiled nmethods': size=120000Kb used=10251Kb max_used=10251Kb free=109748Kb
 bounds [0x000001ff96750000, 0x000001ff97160000, 0x000001ff9dc80000]
CodeHeap 'non-nmethods': size=5760Kb used=2945Kb max_used=2956Kb free=2814Kb
 bounds [0x000001ff9dc80000, 0x000001ff9df70000, 0x000001ff9e220000]
 total_blobs=6200 nmethods=5339 adapters=765
 compilation: enabled
              stopped_count=0, restarted_count=0
 full_count=0

Compilation events (20 events):
Event: 4.694 Thread 0x000001ffb02059f0 5917       4       java.util.concurrent.locks.ReentrantLock$NonfairSync::initialTryLock (58 bytes)
Event: 4.694 Thread 0x000001ffaba414d0 5933       2       sun.instrument.InstrumentationImpl::transform (73 bytes)
Event: 4.694 Thread 0x000001ffaba414d0 nmethod 5933 0x000001ff9714b890 code [0x000001ff9714ba40, 0x000001ff9714bc10]
Event: 4.695 Thread 0x000001ffb02059f0 nmethod 5917 0x000001ff9e3e4b90 code [0x000001ff9e3e4d20, 0x000001ff9e3e4ee8]
Event: 4.695 Thread 0x000001ffb02059f0 5931       4       java.util.concurrent.atomic.AtomicReferenceArray::get (12 bytes)
Event: 4.695 Thread 0x000001ffb02059f0 nmethod 5931 0x000001ff9e3e4790 code [0x000001ff9e3e4920, 0x000001ff9e3e49f0]
Event: 4.696 Thread 0x000001ffaba3ee90 nmethod 5900 0x000001ff9e3e1290 code [0x000001ff9e3e1660, 0x000001ff9e3e3af8]
Event: 4.706 Thread 0x000001ffaba414d0 5935       3       java.lang.invoke.LambdaForm$MH/0x0000000100211000::invoke (64 bytes)
Event: 4.706 Thread 0x000001ffaba414d0 nmethod 5935 0x000001ff9714bd90 code [0x000001ff9714c040, 0x000001ff9714ce90]
Event: 4.713 Thread 0x000001ffb02059f0 5936   !   4       java.net.URLClassLoader::findClass (47 bytes)
Event: 4.718 Thread 0x000001ffaba414d0 5938       3       java.lang.StringUTF16::checkIndex (9 bytes)
Event: 4.718 Thread 0x000001ffaba414d0 nmethod 5938 0x000001ff9714d310 code [0x000001ff9714d4c0, 0x000001ff9714d6b8]
Event: 4.718 Thread 0x000001ffaba414d0 5937       3       java.lang.StringUTF16::length (5 bytes)
Event: 4.718 Thread 0x000001ffaba414d0 nmethod 5937 0x000001ff9714d810 code [0x000001ff9714d9a0, 0x000001ff9714da98]
Event: 4.718 Thread 0x000001ffaba414d0 5939       3       java.lang.StringUTF16::charAt (11 bytes)
Event: 4.718 Thread 0x000001ffaba414d0 nmethod 5939 0x000001ff9714db90 code [0x000001ff9714dd40, 0x000001ff9714dfa8]
Event: 4.760 Thread 0x000001ffaba414d0 5940       1       org.jetbrains.kotlin.com.intellij.psi.tree.IElementType::getIndex (5 bytes)
Event: 4.760 Thread 0x000001ffaba414d0 nmethod 5940 0x000001ff9e3e0c90 code [0x000001ff9e3e0e20, 0x000001ff9e3e0ef0]
Event: 4.774 Thread 0x000001ffaba3ee90 5941       4       java.net.URLClassLoader$1::run (5 bytes)
Event: 5.351 Thread 0x000001ffaba414d0 5943       3       java.util.Optional::get (22 bytes)

GC Heap History (20 events):
Event: 1.613 GC heap before
{Heap before GC invocations=3 (full 0):
 garbage-first heap   total 258048K, used 40689K [0x0000000080000000, 0x0000000100000000)
  region size 1024K, 29 young (29696K), 6 survivors (6144K)
 Metaspace       used 21237K, committed 21504K, reserved 1114112K
  class space    used 2440K, committed 2560K, reserved 1048576K
}
Event: 1.616 GC heap after
{Heap after GC invocations=4 (full 0):
 garbage-first heap   total 258048K, used 20690K [0x0000000080000000, 0x0000000100000000)
  region size 1024K, 9 young (9216K), 9 survivors (9216K)
 Metaspace       used 21237K, committed 21504K, reserved 1114112K
  class space    used 2440K, committed 2560K, reserved 1048576K
}
Event: 2.220 GC heap before
{Heap before GC invocations=5 (full 0):
 garbage-first heap   total 71680K, used 69842K [0x0000000080000000, 0x0000000100000000)
  region size 1024K, 58 young (59392K), 9 survivors (9216K)
 Metaspace       used 29488K, committed 30080K, reserved 1114112K
  class space    used 3753K, committed 4032K, reserved 1048576K
}
Event: 2.225 GC heap after
{Heap after GC invocations=6 (full 0):
 garbage-first heap   total 83968K, used 23613K [0x0000000080000000, 0x0000000100000000)
  region size 1024K, 12 young (12288K), 12 survivors (12288K)
 Metaspace       used 29488K, committed 30080K, reserved 1114112K
  class space    used 3753K, committed 4032K, reserved 1048576K
}
Event: 2.639 GC heap before
{Heap before GC invocations=6 (full 0):
 garbage-first heap   total 83968K, used 61501K [0x0000000080000000, 0x0000000100000000)
  region size 1024K, 49 young (50176K), 12 survivors (12288K)
 Metaspace       used 34444K, committed 35264K, reserved 1114112K
  class space    used 4614K, committed 4992K, reserved 1048576K
}
Event: 2.644 GC heap after
{Heap after GC invocations=7 (full 0):
 garbage-first heap   total 83968K, used 25783K [0x0000000080000000, 0x0000000100000000)
  region size 1024K, 6 young (6144K), 6 survivors (6144K)
 Metaspace       used 34444K, committed 35264K, reserved 1114112K
  class space    used 4614K, committed 4992K, reserved 1048576K
}
Event: 2.756 GC heap before
{Heap before GC invocations=7 (full 0):
 garbage-first heap   total 83968K, used 46263K [0x0000000080000000, 0x0000000100000000)
  region size 1024K, 15 young (15360K), 6 survivors (6144K)
 Metaspace       used 35108K, committed 35968K, reserved 1114112K
  class space    used 4722K, committed 5120K, reserved 1048576K
}
Event: 2.759 GC heap after
{Heap after GC invocations=8 (full 0):
 garbage-first heap   total 83968K, used 41398K [0x0000000080000000, 0x0000000100000000)
  region size 1024K, 6 young (6144K), 6 survivors (6144K)
 Metaspace       used 35108K, committed 35968K, reserved 1114112K
  class space    used 4722K, committed 5120K, reserved 1048576K
}
Event: 3.063 GC heap before
{Heap before GC invocations=9 (full 0):
 garbage-first heap   total 83968K, used 71094K [0x0000000080000000, 0x0000000100000000)
  region size 1024K, 35 young (35840K), 6 survivors (6144K)
 Metaspace       used 38649K, committed 39680K, reserved 1114112K
  class space    used 5276K, committed 5824K, reserved 1048576K
}
Event: 3.066 GC heap after
{Heap after GC invocations=10 (full 0):
 garbage-first heap   total 83968K, used 45043K [0x0000000080000000, 0x0000000100000000)
  region size 1024K, 3 young (3072K), 3 survivors (3072K)
 Metaspace       used 38649K, committed 39680K, reserved 1114112K
  class space    used 5276K, committed 5824K, reserved 1048576K
}
Event: 3.289 GC heap before
{Heap before GC invocations=10 (full 0):
 garbage-first heap   total 83968K, used 71667K [0x0000000080000000, 0x0000000100000000)
  region size 1024K, 30 young (30720K), 3 survivors (3072K)
 Metaspace       used 42402K, committed 43712K, reserved 1114112K
  class space    used 5883K, committed 6528K, reserved 1048576K
}
Event: 3.294 GC heap after
{Heap after GC invocations=11 (full 0):
 garbage-first heap   total 116736K, used 46125K [0x0000000080000000, 0x0000000100000000)
  region size 1024K, 4 young (4096K), 4 survivors (4096K)
 Metaspace       used 42402K, committed 43712K, reserved 1114112K
  class space    used 5883K, committed 6528K, reserved 1048576K
}
Event: 3.695 GC heap before
{Heap before GC invocations=11 (full 0):
 garbage-first heap   total 116736K, used 98349K [0x0000000080000000, 0x0000000100000000)
  region size 1024K, 56 young (57344K), 4 survivors (4096K)
 Metaspace       used 49307K, committed 50688K, reserved 1114112K
  class space    used 6662K, committed 7360K, reserved 1048576K
}
Event: 3.700 GC heap after
{Heap after GC invocations=12 (full 0):
 garbage-first heap   total 116736K, used 51672K [0x0000000080000000, 0x0000000100000000)
  region size 1024K, 7 young (7168K), 7 survivors (7168K)
 Metaspace       used 49307K, committed 50688K, reserved 1114112K
  class space    used 6662K, committed 7360K, reserved 1048576K
}
Event: 4.146 GC heap before
{Heap before GC invocations=12 (full 0):
 garbage-first heap   total 116736K, used 104920K [0x0000000080000000, 0x0000000100000000)
  region size 1024K, 55 young (56320K), 7 survivors (7168K)
 Metaspace       used 55673K, committed 57216K, reserved 1114112K
  class space    used 7542K, committed 8320K, reserved 1048576K
}
Event: 4.151 GC heap after
{Heap after GC invocations=13 (full 0):
 garbage-first heap   total 118784K, used 57040K [0x0000000080000000, 0x0000000100000000)
  region size 1024K, 5 young (5120K), 5 survivors (5120K)
 Metaspace       used 55673K, committed 57216K, reserved 1114112K
  class space    used 7542K, committed 8320K, reserved 1048576K
}
Event: 4.257 GC heap before
{Heap before GC invocations=13 (full 0):
 garbage-first heap   total 118784K, used 65232K [0x0000000080000000, 0x0000000100000000)
  region size 1024K, 14 young (14336K), 5 survivors (5120K)
 Metaspace       used 56323K, committed 57856K, reserved 1114112K
  class space    used 7660K, committed 8384K, reserved 1048576K
}
Event: 4.260 GC heap after
{Heap after GC invocations=14 (full 0):
 garbage-first heap   total 118784K, used 59167K [0x0000000080000000, 0x0000000100000000)
  region size 1024K, 3 young (3072K), 3 survivors (3072K)
 Metaspace       used 56323K, committed 57856K, reserved 1114112K
  class space    used 7660K, committed 8384K, reserved 1048576K
}
Event: 4.643 GC heap before
{Heap before GC invocations=15 (full 0):
 garbage-first heap   total 118784K, used 116511K [0x0000000080000000, 0x0000000100000000)
  region size 1024K, 44 young (45056K), 3 survivors (3072K)
 Metaspace       used 58985K, committed 60544K, reserved 1114112K
  class space    used 7889K, committed 8640K, reserved 1048576K
}
Event: 4.646 GC heap after
{Heap after GC invocations=16 (full 0):
 garbage-first heap   total 152576K, used 79443K [0x0000000080000000, 0x0000000100000000)
  region size 1024K, 6 young (6144K), 6 survivors (6144K)
 Metaspace       used 58985K, committed 60544K, reserved 1114112K
  class space    used 7889K, committed 8640K, reserved 1048576K
}

Dll operation events (3 events):
Event: 0.007 Loaded shared library C:\Program Files\Android\Android Studio\jbr\bin\java.dll
Event: 0.013 Loaded shared library C:\Program Files\Android\Android Studio\jbr\bin\zip.dll
Event: 0.447 Loaded shared library C:\Program Files\Android\Android Studio\jbr\bin\verify.dll

Deoptimization events (20 events):
Event: 4.602 Thread 0x000001ffb1da9060 DEOPT PACKING pc=0x000001ff9e3be110 sp=0x00000042dadf9060
Event: 4.602 Thread 0x000001ffb1da9060 DEOPT UNPACKING pc=0x000001ff9dcd7da2 sp=0x00000042dadf8ff8 mode 2
Event: 4.623 Thread 0x000001ffb1da9060 Uncommon trap: trap_request=0xffffff45 fr.pc=0x000001ff9e424480 relative=0x0000000000001440
Event: 4.623 Thread 0x000001ffb1da9060 Uncommon trap: reason=unstable_if action=reinterpret pc=0x000001ff9e424480 method=sun.nio.fs.WindowsPath.initOffsets()V @ 99 c2
Event: 4.623 Thread 0x000001ffb1da9060 DEOPT PACKING pc=0x000001ff9e424480 sp=0x00000042dadf9750
Event: 4.623 Thread 0x000001ffb1da9060 DEOPT UNPACKING pc=0x000001ff9dcd7da2 sp=0x00000042dadf9730 mode 2
Event: 4.636 Thread 0x000001ffb1da9060 DEOPT PACKING pc=0x000001ff96e4e3de sp=0x00000042dadf7df0
Event: 4.636 Thread 0x000001ffb1da9060 DEOPT UNPACKING pc=0x000001ff9dcd88e2 sp=0x00000042dadf72d8 mode 0
Event: 4.638 Thread 0x000001ffb1da9060 DEOPT PACKING pc=0x000001ff96e4e3de sp=0x00000042dadf7df0
Event: 4.638 Thread 0x000001ffb1da9060 DEOPT UNPACKING pc=0x000001ff9dcd88e2 sp=0x00000042dadf72d8 mode 0
Event: 4.650 Thread 0x000001ffb1da9060 DEOPT PACKING pc=0x000001ff969c26dd sp=0x00000042dadf8200
Event: 4.650 Thread 0x000001ffb1da9060 DEOPT UNPACKING pc=0x000001ff9dcd88e2 sp=0x00000042dadf7678 mode 0
Event: 4.692 Thread 0x000001ffb1da9060 Uncommon trap: trap_request=0xffffff45 fr.pc=0x000001ff9e248ad4 relative=0x0000000000000774
Event: 4.692 Thread 0x000001ffb1da9060 Uncommon trap: reason=unstable_if action=reinterpret pc=0x000001ff9e248ad4 method=org.gradle.internal.snapshot.VfsRelativePath.isPrefix(Ljava/lang/String;ILjava/lang/String;ILorg/gradle/internal/snapshot/CaseSensitivity;)Z @ 101 c2
Event: 4.692 Thread 0x000001ffb1da9060 DEOPT PACKING pc=0x000001ff9e248ad4 sp=0x00000042dadf7050
Event: 4.692 Thread 0x000001ffb1da9060 DEOPT UNPACKING pc=0x000001ff9dcd7da2 sp=0x00000042dadf6fd8 mode 2
Event: 4.810 Thread 0x000001ffb1da9060 Uncommon trap: trap_request=0xfffffff4 fr.pc=0x000001ff9e4dbac0 relative=0x00000000000001a0
Event: 4.810 Thread 0x000001ffb1da9060 Uncommon trap: reason=null_check action=make_not_entrant pc=0x000001ff9e4dbac0 method=java.lang.reflect.Array.newInstance(Ljava/lang/Class;I)Ljava/lang/Object; @ 2 c2
Event: 4.810 Thread 0x000001ffb1da9060 DEOPT PACKING pc=0x000001ff9e4dbac0 sp=0x00000042dadf4330
Event: 4.810 Thread 0x000001ffb1da9060 DEOPT UNPACKING pc=0x000001ff9dcd7da2 sp=0x00000042dadf42c8 mode 2

Classes loaded (20 events):
Event: 4.461 Loading class java/lang/ClassBeanInfo
Event: 4.461 Loading class java/lang/ClassBeanInfo done
Event: 4.461 Loading class java/lang/ClassCustomizer
Event: 4.461 Loading class java/lang/ClassCustomizer done
Event: 4.461 Loading class java/lang/ClassCustomizer
Event: 4.461 Loading class java/lang/ClassCustomizer done
Event: 4.462 Loading class sun/reflect/generics/tree/BooleanSignature
Event: 4.462 Loading class sun/reflect/generics/tree/BooleanSignature done
Event: 4.462 Loading class sun/reflect/generics/reflectiveObjects/GenericArrayTypeImpl
Event: 4.462 Loading class sun/reflect/generics/reflectiveObjects/GenericArrayTypeImpl done
Event: 4.464 Loading class jdk/internal/vm/annotation/ForceInline
Event: 4.464 Loading class jdk/internal/vm/annotation/ForceInline done
Event: 4.602 Loading class java/util/BitSet$1BitSetSpliterator
Event: 4.602 Loading class java/util/BitSet$1BitSetSpliterator done
Event: 4.613 Loading class java/util/Collections$SynchronizedRandomAccessList
Event: 4.613 Loading class java/util/Collections$SynchronizedList
Event: 4.613 Loading class java/util/Collections$SynchronizedList done
Event: 4.613 Loading class java/util/Collections$SynchronizedRandomAccessList done
Event: 4.720 Loading class java/util/EmptyStackException
Event: 4.720 Loading class java/util/EmptyStackException done

Classes unloaded (0 events):
No events

Classes redefined (0 events):
No events

Internal exceptions (20 events):
Event: 4.472 Thread 0x000001ffb1da9060 Exception <a 'java/lang/ClassNotFoundException'{0x0000000085c82508}: org/gradle/internal/service/ScopedServiceRegistryBeanInfo> (0x0000000085c82508) 
thrown [s\src\hotspot\share\classfile\systemDictionary.cpp, line 312]
Event: 4.472 Thread 0x000001ffb1da9060 Exception <a 'java/lang/ClassNotFoundException'{0x0000000085c96900}: org/gradle/internal/service/DefaultServiceRegistryBeanInfo> (0x0000000085c96900) 
thrown [s\src\hotspot\share\classfile\systemDictionary.cpp, line 312]
Event: 4.473 Thread 0x000001ffb1da9060 Exception <a 'java/lang/ClassNotFoundException'{0x0000000085caad18}: org/gradle/internal/service/DefaultServiceRegistryCustomizer> (0x0000000085caad18) 
thrown [s\src\hotspot\share\classfile\systemDictionary.cpp, line 312]
Event: 4.473 Thread 0x000001ffb1da9060 Exception <a 'java/lang/ClassNotFoundException'{0x0000000085ccd778}: org/gradle/internal/service/ScopedServiceRegistryCustomizer> (0x0000000085ccd778) 
thrown [s\src\hotspot\share\classfile\systemDictionary.cpp, line 312]
Event: 4.477 Thread 0x000001ffb1da9060 Exception <a 'java/lang/ClassNotFoundException'{0x0000000085b17dc8}: org/gradle/internal/extensibility/DefaultConventionBeanInfo> (0x0000000085b17dc8) 
thrown [s\src\hotspot\share\classfile\systemDictionary.cpp, line 312]
Event: 4.477 Thread 0x000001ffb1da9060 Exception <a 'java/lang/ClassNotFoundException'{0x0000000085b2c1f8}: org/gradle/internal/extensibility/DefaultConventionCustomizer> (0x0000000085b2c1f8) 
thrown [s\src\hotspot\share\classfile\systemDictionary.cpp, line 312]
Event: 4.486 Thread 0x000001ffb1da9060 Exception <a 'java/lang/ClassNotFoundException'{0x0000000085bc2e60}: com/intellij/gradle/toolingExtension/impl/modelBuilder/ExtraModelBuilderBeanInfo> (0x0000000085bc2e60) 
thrown [s\src\hotspot\share\classfile\systemDictionary.cpp, line 312]
Event: 4.486 Thread 0x000001ffb1da9060 Exception <a 'java/lang/ClassNotFoundException'{0x0000000085bce8e0}: com/intellij/gradle/toolingExtension/impl/modelBuilder/ExtraModelBuilderCustomizer> (0x0000000085bce8e0) 
thrown [s\src\hotspot\share\classfile\systemDictionary.cpp, line 312]
Event: 4.605 Thread 0x000001ffb1da9060 Exception <a 'java/lang/IncompatibleClassChangeError'{0x00000000850824c8}: Found class java.lang.Object, but interface was expected> (0x00000000850824c8) 
thrown [s\src\hotspot\share\interpreter\linkResolver.cpp, line 851]
Event: 4.608 Thread 0x000001ffb1da9060 Exception <a 'sun/nio/fs/WindowsException'{0x00000000850ab028}> (0x00000000850ab028) 
thrown [s\src\hotspot\share\prims\jni.cpp, line 535]
Event: 4.608 Thread 0x000001ffb1da9060 Exception <a 'sun/nio/fs/WindowsException'{0x00000000850ac7e8}> (0x00000000850ac7e8) 
thrown [s\src\hotspot\share\prims\jni.cpp, line 535]
Event: 4.608 Thread 0x000001ffb1da9060 Exception <a 'sun/nio/fs/WindowsException'{0x00000000850adf68}> (0x00000000850adf68) 
thrown [s\src\hotspot\share\prims\jni.cpp, line 535]
Event: 4.608 Thread 0x000001ffb1da9060 Exception <a 'sun/nio/fs/WindowsException'{0x00000000850af6f8}> (0x00000000850af6f8) 
thrown [s\src\hotspot\share\prims\jni.cpp, line 535]
Event: 4.609 Thread 0x000001ffb1da9060 Exception <a 'java/lang/NoSuchMethodError'{0x00000000850c0490}: 'java.lang.Object java.lang.invoke.Invokers$Holder.invoker(java.lang.Object, java.lang.Object, java.lang.Object, java.lang.Object, java.lang.Object, java.lang.Object)'> (0x00000000850c0490) 
thrown [s\src\hotspot\share\interpreter\linkResolver.cpp, line 784]
Event: 4.620 Thread 0x000001ffb1da9060 Exception <a 'java/lang/NoSuchMethodError'{0x0000000084fbba08}: 'java.lang.Object java.lang.invoke.Invokers$Holder.invoker(java.lang.Object, java.lang.Object, java.lang.Object, java.lang.Object, java.lang.Object, java.lang.Object, java.lang.Object, java.lang.Object, java.lang.Object, java.lang.Object, java.lang.Object, java.lang.Object, java.lang.Object, java.lang.Object, java.lang.Object, java.lang.Object, java.lang.Object, java.lang.Object, java.lang.Object, java.lang.Object, java.lang.Object, java.lang.
Event: 4.620 Thread 0x000001ffb1da9060 Exception <a 'java/lang/NoSuchMethodError'{0x0000000084fc25d0}: 'java.lang.Object java.lang.invoke.DelegatingMethodHandle$Holder.delegate(java.lang.Object, java.lang.Object, java.lang.Object, java.lang.Object, java.lang.Object, java.lang.Object, java.lang.Object, java.lang.Object, java.lang.Object, java.lang.Object, java.lang.Object, java.lang.Object, java.lang.Object, java.lang.Object, java.lang.Object, java.lang.Object, java.lang.Object, java.lang.Object, java.lang.Object, java.lang.Object, java.lang.Obj
Event: 4.696 Thread 0x000001ffb1da9060 Exception <a 'java/lang/IncompatibleClassChangeError'{0x0000000087f56208}: Found class java.lang.Object, but interface was expected> (0x0000000087f56208) 
thrown [s\src\hotspot\share\interpreter\linkResolver.cpp, line 851]
Event: 4.704 Thread 0x000001ffb1da9060 Exception <a 'java/lang/NoSuchMethodError'{0x0000000087e10ca0}: 'void java.lang.invoke.DirectMethodHandle$Holder.invokeVirtual(java.lang.Object, java.lang.Object)'> (0x0000000087e10ca0) 
thrown [s\src\hotspot\share\interpreter\linkResolver.cpp, line 784]
Event: 4.726 Thread 0x000001ffb1da9060 Exception <a 'java/lang/NoSuchMethodError'{0x0000000087df6680}: 'java.lang.Object java.lang.invoke.DirectMethodHandle$Holder.invokeStaticInit(java.lang.Object, int)'> (0x0000000087df6680) 
thrown [s\src\hotspot\share\interpreter\linkResolver.cpp, line 784]
Event: 4.810 Thread 0x000001ffb1da9060 Implicit null exception at 0x000001ff9e4db941 to 0x000001ff9e4dbaac

ZGC Phase Switch (0 events):
No events

VM Operations (20 events):
Event: 4.257 Executing VM operation: G1TryInitiateConcMark (G1 Humongous Allocation)
Event: 4.260 Executing VM operation: G1TryInitiateConcMark (G1 Humongous Allocation) done
Event: 4.274 Executing VM operation: G1PauseRemark
Event: 4.277 Executing VM operation: G1PauseRemark done
Event: 4.287 Executing VM operation: G1PauseCleanup
Event: 4.287 Executing VM operation: G1PauseCleanup done
Event: 4.470 Executing VM operation: HandshakeAllThreads (Deoptimize)
Event: 4.470 Executing VM operation: HandshakeAllThreads (Deoptimize) done
Event: 4.475 Executing VM operation: ICBufferFull
Event: 4.475 Executing VM operation: ICBufferFull done
Event: 4.643 Executing VM operation: G1CollectForAllocation (G1 Evacuation Pause)
Event: 4.647 Executing VM operation: G1CollectForAllocation (G1 Evacuation Pause) done
Event: 4.693 Executing VM operation: HandshakeAllThreads (Deoptimize)
Event: 4.694 Executing VM operation: HandshakeAllThreads (Deoptimize) done
Event: 4.719 Executing VM operation: HandshakeAllThreads (Deoptimize)
Event: 4.720 Executing VM operation: HandshakeAllThreads (Deoptimize) done
Event: 4.725 Executing VM operation: HandshakeAllThreads (Deoptimize)
Event: 4.725 Executing VM operation: HandshakeAllThreads (Deoptimize) done
Event: 5.734 Executing VM operation: Cleanup
Event: 5.734 Executing VM operation: Cleanup done

Memory protections (0 events):
No events

Nmethod flushes (20 events):
Event: 4.276 Thread 0x000001ffab9b4cc0 flushing  nmethod 0x000001ff9683bd90
Event: 4.276 Thread 0x000001ffab9b4cc0 flushing  nmethod 0x000001ff968aae90
Event: 4.276 Thread 0x000001ffab9b4cc0 flushing  nmethod 0x000001ff968b5610
Event: 4.276 Thread 0x000001ffab9b4cc0 flushing  nmethod 0x000001ff968b5a10
Event: 4.276 Thread 0x000001ffab9b4cc0 flushing  nmethod 0x000001ff968b5d90
Event: 4.276 Thread 0x000001ffab9b4cc0 flushing  nmethod 0x000001ff968b7410
Event: 4.276 Thread 0x000001ffab9b4cc0 flushing  nmethod 0x000001ff9692ae10
Event: 4.276 Thread 0x000001ffab9b4cc0 flushing  nmethod 0x000001ff9692b810
Event: 4.276 Thread 0x000001ffab9b4cc0 flushing  nmethod 0x000001ff9692c510
Event: 4.276 Thread 0x000001ffab9b4cc0 flushing  nmethod 0x000001ff9692cc90
Event: 4.276 Thread 0x000001ffab9b4cc0 flushing  nmethod 0x000001ff96a5aa90
Event: 4.276 Thread 0x000001ffab9b4cc0 flushing  nmethod 0x000001ff96a5e410
Event: 4.276 Thread 0x000001ffab9b4cc0 flushing  nmethod 0x000001ff96af0f90
Event: 4.276 Thread 0x000001ffab9b4cc0 flushing  nmethod 0x000001ff96af1690
Event: 4.276 Thread 0x000001ffab9b4cc0 flushing  nmethod 0x000001ff96af9d10
Event: 4.276 Thread 0x000001ffab9b4cc0 flushing  nmethod 0x000001ff96afae10
Event: 4.276 Thread 0x000001ffab9b4cc0 flushing  nmethod 0x000001ff96b66b90
Event: 4.276 Thread 0x000001ffab9b4cc0 flushing  nmethod 0x000001ff96bb6b10
Event: 4.276 Thread 0x000001ffab9b4cc0 flushing  nmethod 0x000001ff96bb7010
Event: 4.276 Thread 0x000001ffab9b4cc0 flushing  nmethod 0x000001ff96c26090

Events (20 events):
Event: 4.167 Thread 0x000001ffb1da9060 Thread added: 0x000001ffb3f4a290
Event: 4.168 Thread 0x000001ffb1da9060 Thread added: 0x000001ffb3f4a920
Event: 4.194 Thread 0x000001ffb1da9060 Thread added: 0x000001ffb3f4b640
Event: 4.195 Thread 0x000001ffb1da9060 Thread added: 0x000001ffb3f4bcd0
Event: 4.320 Thread 0x000001ffb1da9060 Thread added: 0x000001ffb3f4d080
Event: 4.320 Thread 0x000001ffb1da9060 Thread added: 0x000001ffb3f4c9f0
Event: 4.321 Thread 0x000001ffb1da9060 Thread added: 0x000001ffb5a9d820
Event: 4.321 Thread 0x000001ffb1da9060 Thread added: 0x000001ffb5a9bde0
Event: 4.322 Thread 0x000001ffb1da9060 Thread added: 0x000001ffb5a9aa30
Event: 4.322 Thread 0x000001ffb1da9060 Thread added: 0x000001ffb5a9cb00
Event: 4.322 Thread 0x000001ffb1da9060 Thread added: 0x000001ffb5a9d190
Event: 4.339 Thread 0x000001ffb1da9060 Thread added: 0x000001ffb5a9b0c0
Event: 4.340 Thread 0x000001ffb1da9060 Thread added: 0x000001ffb5a9a3a0
Event: 4.340 Thread 0x000001ffb1da9060 Thread added: 0x000001ffb5a9deb0
Event: 4.341 Thread 0x000001ffb1da9060 Thread added: 0x000001ffb5a9ebd0
Event: 4.341 Thread 0x000001ffb1da9060 Thread added: 0x000001ffb5a9c470
Event: 4.341 Thread 0x000001ffb1da9060 Thread added: 0x000001ffb5a9e540
Event: 4.341 Thread 0x000001ffb1da9060 Thread added: 0x000001ffb5a9b750
Event: 4.342 Thread 0x000001ffb1da9060 Thread added: 0x000001ffb5aa0610
Event: 4.571 Thread 0x000001ffb02060c0 Thread exited: 0x000001ffb02060c0


Dynamic libraries:
0x00007ff755270000 - 0x00007ff75527a000 	C:\Program Files\Android\Android Studio\jbr\bin\java.exe
0x00007fff1bda0000 - 0x00007fff1c007000 	C:\WINDOWS\SYSTEM32\ntdll.dll
0x00007fff1a6b0000 - 0x00007fff1a779000 	C:\WINDOWS\System32\KERNEL32.DLL
0x00007fff19390000 - 0x00007fff19780000 	C:\WINDOWS\System32\KERNELBASE.dll
0x00007fff190f0000 - 0x00007fff1923b000 	C:\WINDOWS\System32\ucrtbase.dll
0x00007fff00d30000 - 0x00007fff00d4b000 	C:\Program Files\Android\Android Studio\jbr\bin\VCRUNTIME140.dll
0x00007fff12360000 - 0x00007fff12378000 	C:\Program Files\Android\Android Studio\jbr\bin\jli.dll
0x00007fff1b780000 - 0x00007fff1b945000 	C:\WINDOWS\System32\USER32.dll
0x00007fff02070000 - 0x00007fff0230a000 	C:\WINDOWS\WinSxS\amd64_microsoft.windows.common-controls_6595b64144ccf1df_6.0.26100.4768_none_3e0c112ce331287c\COMCTL32.dll
0x00007fff18ed0000 - 0x00007fff18ef7000 	C:\WINDOWS\System32\win32u.dll
0x00007fff1a8f0000 - 0x00007fff1a999000 	C:\WINDOWS\System32\msvcrt.dll
0x00007fff1a9a0000 - 0x00007fff1a9cb000 	C:\WINDOWS\System32\GDI32.dll
0x00007fff18fb0000 - 0x00007fff190e8000 	C:\WINDOWS\System32\gdi32full.dll
0x00007fff18f00000 - 0x00007fff18fa3000 	C:\WINDOWS\System32\msvcp_win.dll
0x00007fff19bb0000 - 0x00007fff19bdf000 	C:\WINDOWS\System32\IMM32.DLL
0x00007fff15860000 - 0x00007fff1586c000 	C:\Program Files\Android\Android Studio\jbr\bin\vcruntime140_1.dll
0x00007ffecba40000 - 0x00007ffecbacd000 	C:\Program Files\Android\Android Studio\jbr\bin\msvcp140.dll
0x00007ffe7d350000 - 0x00007ffe7dfdb000 	C:\Program Files\Android\Android Studio\jbr\bin\server\jvm.dll
0x00007fff19c70000 - 0x00007fff19d24000 	C:\WINDOWS\System32\ADVAPI32.dll
0x00007fff1b660000 - 0x00007fff1b706000 	C:\WINDOWS\System32\sechost.dll
0x00007fff1b3b0000 - 0x00007fff1b4c8000 	C:\WINDOWS\System32\RPCRT4.dll
0x00007fff19bf0000 - 0x00007fff19c64000 	C:\WINDOWS\System32\WS2_32.dll
0x00007fff18d30000 - 0x00007fff18d8e000 	C:\WINDOWS\SYSTEM32\POWRPROF.dll
0x00007fff0cea0000 - 0x00007fff0ced5000 	C:\WINDOWS\SYSTEM32\WINMM.dll
0x00007fff13210000 - 0x00007fff1321b000 	C:\WINDOWS\SYSTEM32\VERSION.dll
0x00007fff18d10000 - 0x00007fff18d24000 	C:\WINDOWS\SYSTEM32\UMPDC.dll
0x00007fff17c50000 - 0x00007fff17c6b000 	C:\WINDOWS\SYSTEM32\kernel.appcore.dll
0x00007fff157f0000 - 0x00007fff157fa000 	C:\Program Files\Android\Android Studio\jbr\bin\jimage.dll
0x00007fff16440000 - 0x00007fff16681000 	C:\WINDOWS\SYSTEM32\DBGHELP.DLL
0x00007fff1b950000 - 0x00007fff1bcd5000 	C:\WINDOWS\System32\combase.dll
0x00007fff19d30000 - 0x00007fff19e10000 	C:\WINDOWS\System32\OLEAUT32.dll
0x00007ffee3a90000 - 0x00007ffee3ad3000 	C:\WINDOWS\SYSTEM32\dbgcore.DLL
0x00007fff19a90000 - 0x00007fff19b29000 	C:\WINDOWS\System32\bcryptPrimitives.dll
0x00007fff12290000 - 0x00007fff1229e000 	C:\Program Files\Android\Android Studio\jbr\bin\instrument.dll
0x00007ffeec790000 - 0x00007ffeec7b0000 	C:\Program Files\Android\Android Studio\jbr\bin\java.dll
0x00007ffeec750000 - 0x00007ffeec768000 	C:\Program Files\Android\Android Studio\jbr\bin\zip.dll
0x00007fff1a9d0000 - 0x00007fff1b11d000 	C:\WINDOWS\System32\SHELL32.dll
0x00007fff19910000 - 0x00007fff19a83000 	C:\WINDOWS\System32\wintypes.dll
0x00007fff16aa0000 - 0x00007fff172ff000 	C:\WINDOWS\SYSTEM32\windows.storage.dll
0x00007fff1b280000 - 0x00007fff1b375000 	C:\WINDOWS\System32\SHCORE.dll
0x00007fff1b710000 - 0x00007fff1b77a000 	C:\WINDOWS\System32\shlwapi.dll
0x00007fff18df0000 - 0x00007fff18e19000 	C:\WINDOWS\SYSTEM32\profapi.dll
0x00007fff122c0000 - 0x00007fff122d0000 	C:\Program Files\Android\Android Studio\jbr\bin\net.dll
0x00007fff12ca0000 - 0x00007fff12dbe000 	C:\WINDOWS\SYSTEM32\WINHTTP.dll
0x00007fff181e0000 - 0x00007fff1824b000 	C:\WINDOWS\system32\mswsock.dll
0x00007ffeec730000 - 0x00007ffeec746000 	C:\Program Files\Android\Android Studio\jbr\bin\nio.dll
0x00007ffeec780000 - 0x00007ffeec790000 	C:\Program Files\Android\Android Studio\jbr\bin\verify.dll
0x00007ffeec550000 - 0x00007ffeec577000 	C:\Users\asish\.gradle\native\c067742578af261105cb4f569cf0c3c89f3d7b1fecec35dd04571415982c5e48\windows-amd64\native-platform.dll
0x00007ffec7670000 - 0x00007ffec77b4000 	C:\Users\asish\.gradle\native\100fb08df4bc3b14c8652ba06237920a3bd2aa13389f12d3474272988ae205f9\windows-amd64\native-platform-file-events.dll
0x00007ffefceb0000 - 0x00007ffefceb9000 	C:\Program Files\Android\Android Studio\jbr\bin\management.dll
0x00007ffeec8f0000 - 0x00007ffeec8fb000 	C:\Program Files\Android\Android Studio\jbr\bin\management_ext.dll
0x00007fff1b380000 - 0x00007fff1b388000 	C:\WINDOWS\System32\PSAPI.DLL
0x00007fff184a0000 - 0x00007fff184bb000 	C:\WINDOWS\SYSTEM32\CRYPTSP.dll
0x00007fff17bb0000 - 0x00007fff17beb000 	C:\WINDOWS\system32\rsaenh.dll
0x00007fff18280000 - 0x00007fff182ab000 	C:\WINDOWS\SYSTEM32\USERENV.dll
0x00007fff18dc0000 - 0x00007fff18de6000 	C:\WINDOWS\SYSTEM32\bcrypt.dll
0x00007fff184c0000 - 0x00007fff184cc000 	C:\WINDOWS\SYSTEM32\CRYPTBASE.dll
0x00007fff17660000 - 0x00007fff17693000 	C:\WINDOWS\SYSTEM32\IPHLPAPI.DLL
0x00007fff1b3a0000 - 0x00007fff1b3aa000 	C:\WINDOWS\System32\NSI.dll
0x00007fff12250000 - 0x00007fff12259000 	C:\Program Files\Android\Android Studio\jbr\bin\extnet.dll
0x00007ffe81db0000 - 0x00007ffe81db8000 	C:\WINDOWS\system32\wshunix.dll

dbghelp: loaded successfully - version: 4.0.5 - missing functions: none
symbol engine: initialized successfully - sym options: 0x614 - pdb path: .;C:\Program Files\Android\Android Studio\jbr\bin;C:\WINDOWS\SYSTEM32;C:\WINDOWS\WinSxS\amd64_microsoft.windows.common-controls_6595b64144ccf1df_6.0.26100.4768_none_3e0c112ce331287c;C:\Program Files\Android\Android Studio\jbr\bin\server;C:\Users\asish\.gradle\native\c067742578af261105cb4f569cf0c3c89f3d7b1fecec35dd04571415982c5e48\windows-amd64;C:\Users\asish\.gradle\native\100fb08df4bc3b14c8652ba06237920a3bd2aa13389f12d3474272988ae205f9\windows-amd64

VM Arguments:
jvm_args: --add-opens=java.base/java.lang=ALL-UNNAMED --add-opens=java.base/java.lang.invoke=ALL-UNNAMED --add-opens=java.base/java.util=ALL-UNNAMED --add-opens=java.prefs/java.util.prefs=ALL-UNNAMED --add-exports=jdk.compiler/com.sun.tools.javac.api=ALL-UNNAMED --add-exports=jdk.compiler/com.sun.tools.javac.util=ALL-UNNAMED --add-opens=java.base/java.util=ALL-UNNAMED --add-opens=java.prefs/java.util.prefs=ALL-UNNAMED --add-opens=java.base/java.nio.charset=ALL-UNNAMED --add-opens=java.base/java.net=ALL-UNNAMED --add-opens=java.base/java.util.concurrent.atomic=ALL-UNNAMED --add-opens=java.xml/javax.xml.namespace=ALL-UNNAMED -Xmx2048m -Dfile.encoding=UTF-8 -Duser.country=IN -Duser.language=en -Duser.variant -javaagent:C:\Users\asish\.gradle\wrapper\dists\gradle-8.11.1-bin\bpt9gzteqjrbo1mjrsomdt32c\gradle-8.11.1\lib\agents\gradle-instrumentation-agent-8.11.1.jar 
java_command: org.gradle.launcher.daemon.bootstrap.GradleDaemon 8.11.1
java_class_path (initial): C:\Users\asish\.gradle\wrapper\dists\gradle-8.11.1-bin\bpt9gzteqjrbo1mjrsomdt32c\gradle-8.11.1\lib\gradle-daemon-main-8.11.1.jar
Launcher Type: SUN_STANDARD

[Global flags]
     intx CICompilerCount                          = 4                                         {product} {ergonomic}
     uint ConcGCThreads                            = 3                                         {product} {ergonomic}
     uint G1ConcRefinementThreads                  = 10                                        {product} {ergonomic}
   size_t G1HeapRegionSize                         = 1048576                                   {product} {ergonomic}
    uintx GCDrainStackTargetSize                   = 64                                        {product} {ergonomic}
   size_t InitialHeapSize                          = 264241152                                 {product} {ergonomic}
   size_t MarkStackSize                            = 4194304                                   {product} {ergonomic}
   size_t MaxHeapSize                              = 2147483648                                {product} {command line}
   size_t MaxNewSize                               = 1287651328                                {product} {ergonomic}
   size_t MinHeapDeltaBytes                        = 1048576                                   {product} {ergonomic}
   size_t MinHeapSize                              = 8388608                                   {product} {ergonomic}
    uintx NonNMethodCodeHeapSize                   = 5839372                                {pd product} {ergonomic}
    uintx NonProfiledCodeHeapSize                  = 122909434                              {pd product} {ergonomic}
    uintx ProfiledCodeHeapSize                     = 122909434                              {pd product} {ergonomic}
    uintx ReservedCodeCacheSize                    = 251658240                              {pd product} {ergonomic}
     bool SegmentedCodeCache                       = true                                      {product} {ergonomic}
   size_t SoftMaxHeapSize                          = 2147483648                             {manageable} {ergonomic}
     bool UseCompressedOops                        = true                           {product lp64_product} {ergonomic}
     bool UseG1GC                                  = true                                      {product} {ergonomic}
     bool UseLargePagesIndividualAllocation        = false                                  {pd product} {ergonomic}

Logging:
Log output configuration:
 #0: stdout all=warning uptime,level,tags foldmultilines=false
 #1: stderr all=off uptime,level,tags foldmultilines=false

Environment Variables:
JAVA_HOME=C:\Users\asish\AppData\Local\Programs\Eclipse Adoptium\jdk-17.0.10.7-hotspot\
PATH=C:\Program Files\Python312\Scripts\;C:\Program Files\Python312\;C:\Windows\system32;C:\Windows;C:\Windows\System32\Wbem;C:\Windows\System32\WindowsPowerShell\v1.0\;C:\Windows\System32\OpenSSH\;C:\Program Files (x86)\NVIDIA Corporation\PhysX\Common;C:\WINDOWS\system32;C:\WINDOWS;C:\WINDOWS\System32\Wbem;C:\WINDOWS\System32\WindowsPowerShell\v1.0\;C:\WINDOWS\System32\OpenSSH\;C:\Program Files\dotnet\;C:\Program Files\Git\cmd;C:\Program Files\php-8.4.1;;C:\Program Files\NVIDIA Corporation\NVIDIA app\NvDLISR;c:\Users\asish\AppData\Local\Programs\cursor\resources\app\bin;C:\Users\asish\AppData\Local\Programs\Eclipse Adoptium\jdk-17.0.10.7-hotspot\bin;C:\Users\asish\AppData\Local\Microsoft\WindowsApps;C:\Users\asish\AppData\Local\Programs\Microsoft VS Code\bin;C:\Users\asish\AppData\Local\GitHubDesktop\bin;C:\FlutterDev\sdk\flutter\bin;C:\Users\asish\AppData\Local\Programs\cursor\resources\app\bin
USERNAME=asish
OS=Windows_NT
PROCESSOR_IDENTIFIER=Intel64 Family 6 Model 141 Stepping 1, GenuineIntel
TMP=C:\Users\asish\AppData\Local\Temp
TEMP=C:\Users\asish\AppData\Local\Temp




Periodic native trim disabled

JNI global refs:
JNI global refs: 26, weak refs: 0

JNI global refs memory usage: 835, weak refs: 201

Process memory usage:
Resident Set Size: 346524K (2% of 16471724K total physical memory with 1403004K free physical memory)

OOME stack traces (most recent first):
Classloader memory used:
Loader org.gradle.internal.classloader.VisitableURLClassLoader                         : 30594K
Loader bootstrap                                                                       : 22364K
Loader org.gradle.initialization.MixInLegacyTypesClassLoader                           : 6443K
Loader org.gradle.internal.classloader.VisitableURLClassLoader                         : 695K
Loader org.gradle.internal.classloader.VisitableURLClassLoader$InstrumentingVisitableURLClassLoader: 565K
Loader jdk.internal.loader.ClassLoaders$PlatformClassLoader                            : 515K
Loader jdk.internal.loader.ClassLoaders$AppClassLoader                                 : 234K
Loader jdk.internal.reflect.DelegatingClassLoader                                      : 158K
Loader org.gradle.groovy.scripts.internal.DefaultScriptCompilationHandler$ScriptClassLoader: 89816B
Loader org.codehaus.groovy.runtime.callsite.CallSiteClassLoader                        : 48680B

Classes loaded by more than one classloader:
Class org.gradle.api.GradleException                                                  : loaded 3 times (x 78B)
Class org.gradle.internal.classloader.FilteringClassLoader                            : loaded 2 times (x 101B)
Class org.gradle.internal.classloader.ClassLoaderHierarchy                            : loaded 2 times (x 66B)
Class org.gradle.api.internal.classpath.ManifestUtil                                  : loaded 2 times (x 67B)
Class org.gradle.internal.operations.MultipleBuildOperationFailures                   : loaded 2 times (x 91B)
Class org.gradle.internal.classloader.DefaultClassLoaderFactory                       : loaded 2 times (x 78B)
Class kotlin.collections.AbstractList$Companion                                       : loaded 2 times (x 67B)
Class org.gradle.internal.classloader.ClassLoaderVisitor                              : loaded 2 times (x 72B)
Class org.gradle.api.internal.classpath.EffectiveClassPath                            : loaded 2 times (x 86B)
Class org.gradle.api.internal.DefaultClassPathProvider                                : loaded 2 times (x 72B)
Class [Lorg.gradle.api.internal.ClassPathProvider;                                    : loaded 2 times (x 65B)
Class org.gradle.api.internal.ClassPathProvider                                       : loaded 2 times (x 66B)
Class org.gradle.internal.service.UnknownServiceException                             : loaded 2 times (x 79B)
Class org.gradle.internal.classpath.TransformedClassPath                              : loaded 2 times (x 92B)
Class org.gradle.internal.classloader.InstrumentingClassLoader                        : loaded 2 times (x 66B)
Class kotlin.enums.EnumEntriesList                                                    : loaded 2 times (x 219B)
Class org.gradle.internal.service.ServiceLocator                                      : loaded 2 times (x 66B)
Class org.gradle.internal.InternalTransformer                                         : loaded 2 times (x 66B)
Class org.gradle.internal.time.DefaultTimer                                           : loaded 2 times (x 76B)
Class org.gradle.internal.classloader.ClasspathUtil$1                                 : loaded 2 times (x 72B)
Class org.gradle.api.internal.classpath.DefaultModuleRegistry$DefaultModule           : loaded 2 times (x 82B)
Class org.gradle.internal.time.DefaultCountdownTimer                                  : loaded 2 times (x 84B)
Class kotlin.Function                                                                 : loaded 2 times (x 66B)
Class org.gradle.api.internal.classpath.Module                                        : loaded 2 times (x 66B)
Class org.gradle.api.internal.classpath.UnknownModuleException                        : loaded 2 times (x 78B)
Class org.gradle.api.internal.DefaultClassPathRegistry                                : loaded 2 times (x 72B)
Class org.gradle.api.internal.ClassPathRegistry                                       : loaded 2 times (x 66B)
Class org.gradle.internal.classpath.DefaultClassPath$ImmutableUniqueList              : loaded 2 times (x 195B)
Class org.gradle.internal.classpath.ClassPath                                         : loaded 2 times (x 66B)
Class org.gradle.api.UncheckedIOException                                             : loaded 2 times (x 78B)
Class kotlin.UninitializedPropertyAccessException                                     : loaded 2 times (x 78B)
Class sync_studio_tooling6_erbiy1rwgz9h70qwgvll68zay                                  : loaded 2 times (x 175B)
Class org.gradle.internal.installation.GradleInstallation$1                           : loaded 2 times (x 71B)
Class org.gradle.api.internal.classpath.ModuleRegistry                                : loaded 2 times (x 66B)
Class org.gradle.api.internal.classpath.DefaultModuleRegistry                         : loaded 2 times (x 82B)
Class org.gradle.internal.time.MonotonicClock                                         : loaded 2 times (x 73B)
Class org.gradle.internal.service.ServiceLookupException                              : loaded 2 times (x 78B)
Class org.gradle.internal.classloader.ClassLoaderFactory                              : loaded 2 times (x 66B)
Class org.gradle.internal.service.CachingServiceLocator                               : loaded 2 times (x 78B)
Class org.gradle.internal.time.TimeSource                                             : loaded 2 times (x 66B)
Class kotlin.enums.EnumEntries                                                        : loaded 2 times (x 66B)
Class org.gradle.internal.exceptions.ResolutionProvider                               : loaded 2 times (x 66B)
Class org.gradle.internal.classloader.ClasspathUtil                                   : loaded 2 times (x 67B)
Class org.gradle.internal.time.TimeSource$1                                           : loaded 2 times (x 73B)
Class org.gradle.api.specs.Spec                                                       : loaded 2 times (x 66B)
Class org.gradle.internal.time.Clock                                                  : loaded 2 times (x 66B)
Class kotlin.collections.AbstractList                                                 : loaded 2 times (x 193B)
Class kotlin.collections.AbstractCollection                                           : loaded 2 times (x 113B)
Class org.gradle.internal.classloader.VisitableURLClassLoader$InstrumentingVisitableURLClassLoader: loaded 2 times (x 119B)
Class org.gradle.internal.classloader.VisitableURLClassLoader$Spec                    : loaded 2 times (x 70B)
Class org.gradle.internal.classpath.DefaultClassPath                                  : loaded 2 times (x 86B)
Class org.gradle.internal.classloader.ClassLoaderSpec                                 : loaded 2 times (x 67B)
Class org.gradle.internal.classloader.VisitableURLClassLoader                         : loaded 2 times (x 113B)
Class org.gradle.internal.Cast                                                        : loaded 2 times (x 67B)
Class org.gradle.api.Action                                                           : loaded 2 times (x 66B)
Class kotlin.jvm.functions.Function1                                                  : loaded 2 times (x 66B)
Class org.gradle.internal.classpath.DefaultClassPath$ImmutableUniqueList$Builder      : loaded 2 times (x 71B)
Class kotlin.NotImplementedError                                                      : loaded 2 times (x 78B)
Class org.gradle.internal.exceptions.NonGradleCauseExceptionsHolder                   : loaded 2 times (x 66B)
Class org.jetbrains.plugins.gradle.tooling.ModelBuilderService$Parameter              : loaded 2 times (x 66B)
Class kotlin.enums.EnumEntriesKt                                                      : loaded 2 times (x 67B)
Class org.gradle.internal.IoActions                                                   : loaded 2 times (x 67B)
Class org.gradle.internal.classloader.SystemClassLoaderSpec                           : loaded 2 times (x 67B)
Class org.gradle.internal.exceptions.MultiCauseException                              : loaded 2 times (x 66B)
Class org.gradle.internal.time.CountdownTimer                                         : loaded 2 times (x 66B)
Class kotlin.jvm.internal.Intrinsics                                                  : loaded 2 times (x 67B)
Class org.gradle.tooling.model.ProjectModel                                           : loaded 2 times (x 66B)
Class kotlin.KotlinNullPointerException                                               : loaded 2 times (x 79B)
Class org.gradle.internal.exceptions.DefaultMultiCauseException                       : loaded 2 times (x 91B)
Class org.gradle.internal.time.Time                                                   : loaded 2 times (x 67B)
Class org.gradle.api.internal.classpath.GlobalCacheRootsProvider                      : loaded 2 times (x 66B)
Class org.gradle.internal.time.Timer                                                  : loaded 2 times (x 66B)
Class kotlin.jvm.internal.markers.KMappedMarker                                       : loaded 2 times (x 66B)
Class org.gradle.internal.installation.CurrentGradleInstallationLocator               : loaded 2 times (x 67B)
Class org.gradle.internal.service.DefaultServiceLocator                               : loaded 2 times (x 79B)
Class org.gradle.util.GradleVersion                                                   : loaded 2 times (x 79B)
Class org.gradle.internal.installation.CurrentGradleInstallation                      : loaded 2 times (x 69B)
Class org.gradle.util.internal.GUtil                                                  : loaded 2 times (x 67B)
Class ijInit1_7alsz99454vr73czv10yvld9d                                               : loaded 2 times (x 175B)
Class org.gradle.internal.installation.GradleInstallation                             : loaded 2 times (x 71B)

---------------  S Y S T E M  ---------------

OS:
 Windows 11 , 64 bit Build 26100 (10.0.26100.4768)
OS uptime: 1 days 19:27 hours
Hyper-V role detected

CPU: total 12 (initial active 12) (6 cores per cpu, 2 threads per core) family 6 model 141 stepping 1 microcode 0x34, cx8, cmov, fxsr, ht, mmx, 3dnowpref, sse, sse2, sse3, ssse3, sse4.1, sse4.2, popcnt, lzcnt, tsc, tscinvbit, avx, avx2, aes, erms, clmul, bmi1, bmi2, adx, avx512f, avx512dq, avx512cd, avx512bw, avx512vl, sha, fma, vzeroupper, avx512_vpopcntdq, avx512_vpclmulqdq, avx512_vaes, avx512_vnni, clflush, clflushopt, clwb, avx512_vbmi2, avx512_vbmi, hv, rdtscp, rdpid, fsrm, gfni, avx512_bitalg, f16c, cet_ibt, cet_ss, avx512_ifma
Processor Information for processor 0
  Max Mhz: 2611, Current Mhz: 301, Mhz Limit: 2611
Processor Information for processor 1
  Max Mhz: 2611, Current Mhz: 301, Mhz Limit: 2611
Processor Information for processor 2
  Max Mhz: 2611, Current Mhz: 301, Mhz Limit: 2611
Processor Information for processor 3
  Max Mhz: 2611, Current Mhz: 2611, Mhz Limit: 2611
Processor Information for processor 4
  Max Mhz: 2611, Current Mhz: 2611, Mhz Limit: 2611
Processor Information for processor 5
  Max Mhz: 2611, Current Mhz: 301, Mhz Limit: 2611
Processor Information for processor 6
  Max Mhz: 2611, Current Mhz: 2611, Mhz Limit: 2611
Processor Information for processor 7
  Max Mhz: 2611, Current Mhz: 301, Mhz Limit: 2611
Processor Information for processor 8
  Max Mhz: 2611, Current Mhz: 301, Mhz Limit: 2611
Processor Information for processor 9
  Max Mhz: 2611, Current Mhz: 702, Mhz Limit: 2611
Processor Information for processor 10
  Max Mhz: 2611, Current Mhz: 1807, Mhz Limit: 2611
Processor Information for processor 11
  Max Mhz: 2611, Current Mhz: 2611, Mhz Limit: 2611

Memory: 4k page, system-wide physical 16085M (1366M free)
TotalPageFile size 20181M (AvailPageFile size 29M)
current process WorkingSet (physical memory assigned to process): 347M, peak: 363M
current process commit charge ("private bytes"): 393M, peak: 412M

vm_info: OpenJDK 64-Bit Server VM (21.0.6+-13355223-b631.42) for windows-amd64 JRE (21.0.6+-13355223-b631.42), built on 2025-04-14T18:21:23Z by "builder" with MS VC++ 16.10 / 16.11 (VS2019)

END.
